Read Time:           0.22793
Build Time:          0.16855
Graph has 124736033 nodes and 1442970 directed edges for degree: 0
Trial Time:          0.39482
Trial Time:          0.41884
Trial Time:          0.41533
Trial Time:          0.41720
Trial Time:          0.40294
Trial Time:          0.39335
Trial Time:          0.39690
Trial Time:          0.39490
Trial Time:          0.39411
Trial Time:          0.39203
Trial Time:          0.39483
Trial Time:          0.39467
Trial Time:          0.39447
Trial Time:          0.39719
Trial Time:          0.39562
Trial Time:          0.39492
Average Time:        0.39951
