Read Time:           0.23764
Build Time:          0.33048
Graph has 124736033 nodes and 1442970 directed edges for degree: 0
Trial Time:          0.29620
Trial Time:          0.29571
Trial Time:          0.29666
Trial Time:          0.29790
Trial Time:          0.29694
Trial Time:          0.29659
Trial Time:          0.29746
Trial Time:          0.29669
Trial Time:          0.29697
Trial Time:          0.29590
Trial Time:          0.29650
Trial Time:          0.29464
Trial Time:          0.29693
Trial Time:          0.29722
Trial Time:          0.29646
Trial Time:          0.29746
Average Time:        0.29664
