Read Time:           0.63332
Build Time:          0.03393
Graph has 916428 nodes and 5105039 directed edges for degree: 5
Trial Time:          0.03893
Trial Time:          0.03871
Trial Time:          0.03832
Trial Time:          0.03831
Trial Time:          0.03845
Trial Time:          0.03835
Trial Time:          0.03806
Trial Time:          0.03840
Trial Time:          0.03953
Trial Time:          0.03839
Trial Time:          0.03833
Trial Time:          0.03863
Trial Time:          0.03881
Trial Time:          0.03842
Trial Time:          0.03873
Trial Time:          0.03873
Average Time:        0.03857
