Read Time:           0.28841
Build Time:          0.01905
Graph has 281904 nodes and 2312497 directed edges for degree: 8
Trial Time:          0.02772
Trial Time:          0.02533
Trial Time:          0.02513
Trial Time:          0.02515
Trial Time:          0.02465
Trial Time:          0.02425
Trial Time:          0.02528
Trial Time:          0.02556
Trial Time:          0.02506
Trial Time:          0.02477
Trial Time:          0.02606
Trial Time:          0.02412
Trial Time:          0.02534
Trial Time:          0.02433
Trial Time:          0.02593
Trial Time:          0.02507
Average Time:        0.02523
