Read Time:           0.08920
Build Time:          0.03048
Graph has 4036179 nodes and 530872 directed edges for degree: 0
Trial Time:          0.01570
Trial Time:          0.01505
Trial Time:          0.01495
Trial Time:          0.01516
Trial Time:          0.01514
Trial Time:          0.01508
Trial Time:          0.01500
Trial Time:          0.01491
Trial Time:          0.01490
Trial Time:          0.01502
Trial Time:          0.01503
Trial Time:          0.01457
Trial Time:          0.01464
Trial Time:          0.01476
Trial Time:          0.01447
Trial Time:          0.01464
Average Time:        0.01494
