Read Time:           0.10092
Build Time:          0.02583
Graph has 4036179 nodes and 530872 directed edges for degree: 0
Trial Time:          0.01039
Trial Time:          0.00835
Trial Time:          0.00796
Trial Time:          0.00814
Trial Time:          0.00793
Trial Time:          0.00779
Trial Time:          0.00801
Trial Time:          0.00806
Trial Time:          0.00790
Trial Time:          0.00794
Trial Time:          0.00800
Trial Time:          0.00798
Trial Time:          0.00788
Trial Time:          0.00807
Trial Time:          0.00822
Trial Time:          0.00799
Average Time:        0.00816
