Read Time:           0.28947
Build Time:          0.10296
Graph has 281904 nodes and 2312497 directed edges for degree: 8
Trial Time:          0.17753
Trial Time:          0.17756
Trial Time:          0.17747
Trial Time:          0.17732
Trial Time:          0.17737
Trial Time:          0.17745
Trial Time:          0.17747
Trial Time:          0.17765
Trial Time:          0.17819
Trial Time:          0.17730
Trial Time:          0.17733
Trial Time:          0.17740
Trial Time:          0.17740
Trial Time:          0.17731
Trial Time:          0.17742
Trial Time:          0.17734
Average Time:        0.17747
