Read Time:           0.90114
Build Time:          0.04406
Graph has 685231 nodes and 7600595 directed edges for degree: 11
Trial Time:          0.04199
Trial Time:          0.03769
Trial Time:          0.03763
Trial Time:          0.03767
Trial Time:          0.03758
Trial Time:          0.03768
Trial Time:          0.03756
Trial Time:          0.03764
Trial Time:          0.03747
Trial Time:          0.03726
Trial Time:          0.03756
Trial Time:          0.03753
Trial Time:          0.03746
Trial Time:          0.03722
Trial Time:          0.03748
Trial Time:          0.03736
Average Time:        0.03780
