Read Time:           1.93625
Build Time:          0.51043
Graph has 2599558 nodes and 8861320 directed edges for degree: 3
Trial Time:          0.10066
Trial Time:          0.08367
Trial Time:          0.08333
Trial Time:          0.08265
Trial Time:          0.08287
Trial Time:          0.08711
Trial Time:          0.07079
Trial Time:          0.07082
Trial Time:          0.07091
Trial Time:          0.07082
Trial Time:          0.07070
Trial Time:          0.07113
Trial Time:          0.07069
Trial Time:          0.07098
Trial Time:          0.07084
Trial Time:          0.07081
Average Time:        0.07680
