Read Time:           0.29986
Build Time:          0.01666
Graph has 281904 nodes and 2312497 directed edges for degree: 8
Trial Time:          0.02529
Trial Time:          0.02529
Trial Time:          0.02524
Trial Time:          0.02498
Trial Time:          0.02495
Trial Time:          0.02490
Trial Time:          0.02553
Trial Time:          0.02519
Trial Time:          0.02526
Trial Time:          0.02506
Trial Time:          0.02522
Trial Time:          0.02554
Trial Time:          0.02518
Trial Time:          0.02532
Trial Time:          0.02525
Trial Time:          0.02522
Average Time:        0.02521
