Read Time:           0.90646
Build Time:          0.07273
Graph has 685231 nodes and 7600595 directed edges for degree: 11
Trial Time:          0.09439
Trial Time:          0.09226
Trial Time:          0.09263
Trial Time:          0.09254
Trial Time:          0.09253
Trial Time:          0.09248
Trial Time:          0.09115
Trial Time:          0.08848
Trial Time:          0.09166
Trial Time:          0.08909
Trial Time:          0.08915
Trial Time:          0.08921
Trial Time:          0.08900
Trial Time:          0.08924
Trial Time:          0.08950
Trial Time:          0.08922
Average Time:        0.09078
