Read Time:           0.30563
Build Time:          0.01921
Graph has 281904 nodes and 2312497 directed edges for degree: 8
Trial Time:          0.03016
Trial Time:          0.02926
Trial Time:          0.02923
Trial Time:          0.02928
Trial Time:          0.02946
Trial Time:          0.02941
Trial Time:          0.02941
Trial Time:          0.02928
Trial Time:          0.02935
Trial Time:          0.02954
Trial Time:          0.02913
Trial Time:          0.02919
Trial Time:          0.02963
Trial Time:          0.02863
Trial Time:          0.02942
Trial Time:          0.02940
Average Time:        0.02936
