Read Time:           0.09100
Build Time:          0.01920
Graph has 4036179 nodes and 530872 directed edges for degree: 0
Trial Time:          0.01019
Trial Time:          0.00883
Trial Time:          0.00858
Trial Time:          0.00866
Trial Time:          0.00819
Trial Time:          0.00848
Trial Time:          0.00844
Trial Time:          0.00847
Trial Time:          0.00824
Trial Time:          0.00833
Trial Time:          0.00864
Trial Time:          0.00839
Trial Time:          0.00849
Trial Time:          0.00824
Trial Time:          0.00825
Trial Time:          0.00832
Average Time:        0.00855
