Read Time:           0.64285
Build Time:          0.03737
Graph has 916428 nodes and 5105039 directed edges for degree: 5
Trial Time:          0.03912
Trial Time:          0.03420
Trial Time:          0.03397
Trial Time:          0.03419
Trial Time:          0.03458
Trial Time:          0.03422
Trial Time:          0.03422
Trial Time:          0.03415
Trial Time:          0.03965
Trial Time:          0.03460
Trial Time:          0.03440
Trial Time:          0.03427
Trial Time:          0.03419
Trial Time:          0.03449
Trial Time:          0.03316
Trial Time:          0.03398
Average Time:        0.03484
