Read Time:           1.94717
Build Time:          0.27966
Graph has 2599558 nodes and 8861320 directed edges for degree: 3
Trial Time:          0.04334
Trial Time:          0.04306
Trial Time:          0.04300
Trial Time:          0.04295
Trial Time:          0.04297
Trial Time:          0.04294
Trial Time:          0.04293
Trial Time:          0.04303
Trial Time:          0.04301
Trial Time:          0.04296
Trial Time:          0.04286
Trial Time:          0.04298
Trial Time:          0.04308
Trial Time:          0.04289
Trial Time:          0.04297
Trial Time:          0.04292
Average Time:        0.04299
