Read Time:           0.28612
Build Time:          0.10343
Graph has 281904 nodes and 2312497 directed edges for degree: 8
Trial Time:          0.17783
Trial Time:          0.17756
Trial Time:          0.17773
Trial Time:          0.17759
Trial Time:          0.17830
Trial Time:          0.17781
Trial Time:          0.17762
Trial Time:          0.17770
Trial Time:          0.17833
Trial Time:          0.17764
Trial Time:          0.17758
Trial Time:          0.17772
Trial Time:          0.17754
Trial Time:          0.17767
Trial Time:          0.17751
Trial Time:          0.17785
Average Time:        0.17775
