Read Time:           1.97422
Build Time:          1.59033
Graph has 2599558 nodes and 8861320 directed edges for degree: 3
Trial Time:          0.08274
Trial Time:          0.08128
Trial Time:          0.08099
Trial Time:          0.08091
Trial Time:          0.08107
Trial Time:          0.08099
Trial Time:          0.08084
Trial Time:          0.08110
Trial Time:          0.08150
Trial Time:          0.08084
Trial Time:          0.08086
Trial Time:          0.08092
Trial Time:          0.08095
Trial Time:          0.08085
Trial Time:          0.08080
Trial Time:          0.08082
Average Time:        0.08109
