Read Time:           0.09827
Build Time:          0.02379
Graph has 4036179 nodes and 530872 directed edges for degree: 0
Trial Time:          0.01281
Trial Time:          0.01234
Trial Time:          0.01244
Trial Time:          0.01246
Trial Time:          0.01247
Trial Time:          0.01244
Trial Time:          0.01248
Trial Time:          0.01247
Trial Time:          0.01249
Trial Time:          0.01251
Trial Time:          0.01250
Trial Time:          0.01253
Trial Time:          0.01248
Trial Time:          0.01250
Trial Time:          0.01250
Trial Time:          0.01249
Average Time:        0.01249
