Read Time:           0.90214
Build Time:          0.07281
Graph has 685231 nodes and 7600595 directed edges for degree: 11
Trial Time:          0.09606
Trial Time:          0.09158
Trial Time:          0.09019
Trial Time:          0.09017
Trial Time:          0.09002
Trial Time:          0.08998
Trial Time:          0.09010
Trial Time:          0.09025
Trial Time:          0.09039
Trial Time:          0.09001
Trial Time:          0.09016
Trial Time:          0.09024
Trial Time:          0.09018
Trial Time:          0.09012
Trial Time:          0.09076
Trial Time:          0.08910
Average Time:        0.09058
