Read Time:           0.91020
Build Time:          0.23663
Graph has 685231 nodes and 7600595 directed edges for degree: 11
Trial Time:          0.31041
Trial Time:          0.30967
Trial Time:          0.30973
Trial Time:          0.30947
Trial Time:          0.30965
Trial Time:          0.30953
Trial Time:          0.30976
Trial Time:          0.30995
Trial Time:          0.30986
Trial Time:          0.31011
Trial Time:          0.30945
Trial Time:          0.30961
Trial Time:          0.30953
Trial Time:          0.31000
Trial Time:          0.30947
Trial Time:          0.30938
Average Time:        0.30972
