Read Time:           0.23597
Build Time:          0.28488
Graph has 124736033 nodes and 1442970 directed edges for degree: 0
Trial Time:          0.25984
Trial Time:          0.25868
Trial Time:          0.25971
Trial Time:          0.25954
Trial Time:          0.25944
Trial Time:          0.25924
Trial Time:          0.25925
Trial Time:          0.26031
Trial Time:          0.25928
Trial Time:          0.25936
Trial Time:          0.25934
Trial Time:          0.26119
Trial Time:          0.25966
Trial Time:          0.25920
Trial Time:          0.25893
Trial Time:          0.25976
Average Time:        0.25954
