Read Time:           0.61399
Build Time:          0.16827
Graph has 916428 nodes and 5105039 directed edges for degree: 5
Trial Time:          0.17555
Trial Time:          0.15985
Trial Time:          0.15314
Trial Time:          0.15294
Trial Time:          0.15339
Trial Time:          0.15220
Trial Time:          0.14745
Trial Time:          0.14839
Trial Time:          0.14711
Trial Time:          0.14710
Trial Time:          0.14712
Trial Time:          0.14692
Trial Time:          0.14705
Trial Time:          0.14691
Trial Time:          0.14853
Trial Time:          0.14689
Average Time:        0.15128
