Read Time:           0.62253
Build Time:          0.07045
Graph has 916428 nodes and 5105039 directed edges for degree: 5
Trial Time:          0.07065
Trial Time:          0.06399
Trial Time:          0.06384
Trial Time:          0.06370
Trial Time:          0.06658
Trial Time:          0.06280
Trial Time:          0.06301
Trial Time:          0.06274
Trial Time:          0.06249
Trial Time:          0.06239
Trial Time:          0.06248
Trial Time:          0.06259
Trial Time:          0.06250
Trial Time:          0.06225
Trial Time:          0.06041
Trial Time:          0.06059
Average Time:        0.06331
