Read Time:           0.62564
Build Time:          0.03131
Graph has 916428 nodes and 5105039 directed edges for degree: 5
Trial Time:          0.04035
Trial Time:          0.03819
Trial Time:          0.03731
Trial Time:          0.03767
Trial Time:          0.03761
Trial Time:          0.03756
Trial Time:          0.03851
Trial Time:          0.03665
Trial Time:          0.03809
Trial Time:          0.03744
Trial Time:          0.03788
Trial Time:          0.03791
Trial Time:          0.03721
Trial Time:          0.03784
Trial Time:          0.03691
Trial Time:          0.03767
Average Time:        0.03780
