Read Time:           0.61380
Build Time:          0.03273
Graph has 916428 nodes and 5105039 directed edges for degree: 5
Trial Time:          0.03821
Trial Time:          0.03489
Trial Time:          0.03445
Trial Time:          0.03465
Trial Time:          0.03413
Trial Time:          0.03558
Trial Time:          0.03444
Trial Time:          0.03438
Trial Time:          0.03466
Trial Time:          0.04304
Trial Time:          0.03470
Trial Time:          0.03442
Trial Time:          0.03454
Trial Time:          0.03442
Trial Time:          0.03470
Trial Time:          0.03454
Average Time:        0.03536
