Read Time:           0.09360
Build Time:          0.02454
Graph has 4036179 nodes and 530872 directed edges for degree: 0
Trial Time:          0.01068
Trial Time:          0.00948
Trial Time:          0.00935
Trial Time:          0.00916
Trial Time:          0.00956
Trial Time:          0.00951
Trial Time:          0.00981
Trial Time:          0.00945
Trial Time:          0.00984
Trial Time:          0.00926
Trial Time:          0.00945
Trial Time:          0.00946
Trial Time:          0.00906
Trial Time:          0.00875
Trial Time:          0.00921
Trial Time:          0.00941
Average Time:        0.00946
