Read Time:           0.62249
Build Time:          0.03148
Graph has 916428 nodes and 5105039 directed edges for degree: 5
Trial Time:          0.04147
Trial Time:          0.03708
Trial Time:          0.03703
Trial Time:          0.03659
Trial Time:          0.03687
Trial Time:          0.03713
Trial Time:          0.03693
Trial Time:          0.03732
Trial Time:          0.03611
Trial Time:          0.03742
Trial Time:          0.03708
Trial Time:          0.03661
Trial Time:          0.03645
Trial Time:          0.03566
Trial Time:          0.03676
Trial Time:          0.03715
Average Time:        0.03710
