Read Time:           0.18833
Build Time:          0.00917
Graph has 325729 nodes and 1469679 directed edges for degree: 4
Trial Time:          0.01862
Trial Time:          0.01678
Trial Time:          0.01627
Trial Time:          0.01732
Trial Time:          0.01666
Trial Time:          0.01603
Trial Time:          0.01663
Trial Time:          0.01632
Trial Time:          0.01705
Trial Time:          0.01680
Trial Time:          0.01654
Trial Time:          0.01627
Trial Time:          0.01624
Trial Time:          0.01671
Trial Time:          0.01655
Trial Time:          0.01640
Average Time:        0.01670
