Read Time:           0.61617
Build Time:          0.04670
Graph has 916428 nodes and 5105039 directed edges for degree: 5
Trial Time:          0.05897
Trial Time:          0.05778
Trial Time:          0.05776
Trial Time:          0.05758
Trial Time:          0.05750
Trial Time:          0.05782
Trial Time:          0.05736
Trial Time:          0.05709
Trial Time:          0.05728
Trial Time:          0.05740
Trial Time:          0.05758
Trial Time:          0.05750
Trial Time:          0.05771
Trial Time:          0.05775
Trial Time:          0.05784
Trial Time:          0.05760
Average Time:        0.05766
