Read Time:           0.09265
Build Time:          0.04984
Graph has 4036179 nodes and 530872 directed edges for degree: 0
Trial Time:          0.03264
Trial Time:          0.03217
Trial Time:          0.03216
Trial Time:          0.03968
Trial Time:          0.03202
Trial Time:          0.03927
Trial Time:          0.03941
Trial Time:          0.03929
Trial Time:          0.03185
Trial Time:          0.03179
Trial Time:          0.03186
Trial Time:          0.03191
Trial Time:          0.03185
Trial Time:          0.03190
Trial Time:          0.03188
Trial Time:          0.03190
Average Time:        0.03385
