Read Time:           0.22757
Build Time:          0.22081
Graph has 124736033 nodes and 1442970 directed edges for degree: 0
Trial Time:          0.30595
Trial Time:          0.41633
Trial Time:          0.39968
Trial Time:          0.39623
Trial Time:          0.39744
Trial Time:          0.44810
Trial Time:          0.30582
Trial Time:          0.39203
Trial Time:          0.39353
Trial Time:          0.30514
Trial Time:          0.30545
Trial Time:          0.30723
Trial Time:          0.39381
Trial Time:          0.39497
Trial Time:          0.30442
Trial Time:          0.30518
Average Time:        0.36071
