Read Time:           1.95443
Build Time:          0.13478
Graph has 2599558 nodes and 8861320 directed edges for degree: 3
Trial Time:          0.02090
Trial Time:          0.02040
Trial Time:          0.02047
Trial Time:          0.02044
Trial Time:          0.02041
Trial Time:          0.02038
Trial Time:          0.02048
Trial Time:          0.02044
Trial Time:          0.02034
Trial Time:          0.02048
Trial Time:          0.02036
Trial Time:          0.02045
Trial Time:          0.02039
Trial Time:          0.02041
Trial Time:          0.02045
Trial Time:          0.02045
Average Time:        0.02045
