Read Time:           0.62974
Build Time:          0.03798
Graph has 916428 nodes and 5105039 directed edges for degree: 5
Trial Time:          0.04097
Trial Time:          0.04170
Trial Time:          0.04014
Trial Time:          0.04151
Trial Time:          0.04006
Trial Time:          0.04152
Trial Time:          0.04005
Trial Time:          0.04124
Trial Time:          0.03986
Trial Time:          0.03997
Trial Time:          0.03993
Trial Time:          0.04024
Trial Time:          0.04019
Trial Time:          0.04114
Trial Time:          0.04011
Trial Time:          0.04032
Average Time:        0.04056
