Read Time:           0.09043
Build Time:          0.02086
Graph has 4036179 nodes and 530872 directed edges for degree: 0
Trial Time:          0.01132
Trial Time:          0.01011
Trial Time:          0.00977
Trial Time:          0.00971
Trial Time:          0.00981
Trial Time:          0.00973
Trial Time:          0.00988
Trial Time:          0.00982
Trial Time:          0.00983
Trial Time:          0.00988
Trial Time:          0.00976
Trial Time:          0.00975
Trial Time:          0.00984
Trial Time:          0.00998
Trial Time:          0.00973
Trial Time:          0.00969
Average Time:        0.00991
