Read Time:           0.90432
Build Time:          0.04057
Graph has 685231 nodes and 7600595 directed edges for degree: 11
Trial Time:          0.03910
Trial Time:          0.03497
Trial Time:          0.03484
Trial Time:          0.03500
Trial Time:          0.03471
Trial Time:          0.03462
Trial Time:          0.03449
Trial Time:          0.03439
Trial Time:          0.03476
Trial Time:          0.03452
Trial Time:          0.03461
Trial Time:          0.03430
Trial Time:          0.03463
Trial Time:          0.03457
Trial Time:          0.03447
Trial Time:          0.03436
Average Time:        0.03490
