Read Time:           0.22919
Build Time:          0.15385
Graph has 124736033 nodes and 1442970 directed edges for degree: 0
Trial Time:          0.30387
Trial Time:          0.43091
Trial Time:          0.32986
Trial Time:          0.32478
Trial Time:          0.33500
Trial Time:          0.30340
Trial Time:          0.30319
Trial Time:          0.30417
Trial Time:          0.30410
Trial Time:          0.30324
Trial Time:          0.30197
Trial Time:          0.30339
Trial Time:          0.30414
Trial Time:          0.30602
Trial Time:          0.30370
Trial Time:          0.30183
Average Time:        0.31647
