Read Time:           0.08641
Build Time:          0.12073
Graph has 4036179 nodes and 530872 directed edges for degree: 0
Trial Time:          0.06305
Trial Time:          0.06195
Trial Time:          0.06219
Trial Time:          0.06191
Trial Time:          0.06200
Trial Time:          0.06176
Trial Time:          0.06181
Trial Time:          0.06190
Trial Time:          0.06204
Trial Time:          0.06174
Trial Time:          0.05514
Trial Time:          0.03769
Trial Time:          0.03725
Trial Time:          0.03786
Trial Time:          0.03737
Trial Time:          0.03725
Average Time:        0.05393
