Read Time:           0.18590
Build Time:          0.00696
Graph has 325729 nodes and 1469679 directed edges for degree: 4
Trial Time:          0.01206
Trial Time:          0.01137
Trial Time:          0.01137
Trial Time:          0.01177
Trial Time:          0.01178
Trial Time:          0.01129
Trial Time:          0.01171
Trial Time:          0.01173
Trial Time:          0.01135
Trial Time:          0.01136
Trial Time:          0.01131
Trial Time:          0.01130
Trial Time:          0.01131
Trial Time:          0.01130
Trial Time:          0.01130
Trial Time:          0.01129
Average Time:        0.01148
