Read Time:           0.62932
Build Time:          0.03207
Graph has 916428 nodes and 5105039 directed edges for degree: 5
Trial Time:          0.03552
Trial Time:          0.03211
Trial Time:          0.03193
Trial Time:          0.03187
Trial Time:          0.03299
Trial Time:          0.03302
Trial Time:          0.03292
Trial Time:          0.03175
Trial Time:          0.03183
Trial Time:          0.03285
Trial Time:          0.03459
Trial Time:          0.03126
Trial Time:          0.03152
Trial Time:          0.03143
Trial Time:          0.03229
Trial Time:          0.03247
Average Time:        0.03252
