Read Time:           1.94715
Build Time:          0.18189
Graph has 2599558 nodes and 8861320 directed edges for degree: 3
Trial Time:          0.02627
Trial Time:          0.02581
Trial Time:          0.02591
Trial Time:          0.02594
Trial Time:          0.02602
Trial Time:          0.02604
Trial Time:          0.02631
Trial Time:          0.02611
Trial Time:          0.02613
Trial Time:          0.02610
Trial Time:          0.02608
Trial Time:          0.02608
Trial Time:          0.02619
Trial Time:          0.02603
Trial Time:          0.02609
Trial Time:          0.02609
Average Time:        0.02608
