Read Time:           0.18649
Build Time:          0.00667
Graph has 325729 nodes and 1469679 directed edges for degree: 4
Trial Time:          0.01226
Trial Time:          0.01136
Trial Time:          0.01129
Trial Time:          0.01133
Trial Time:          0.01137
Trial Time:          0.01131
Trial Time:          0.01130
Trial Time:          0.01134
Trial Time:          0.01123
Trial Time:          0.01131
Trial Time:          0.01171
Trial Time:          0.01120
Trial Time:          0.01118
Trial Time:          0.01171
Trial Time:          0.01166
Trial Time:          0.01159
Average Time:        0.01145
