Read Time:           0.09372
Build Time:          0.02395
Graph has 4036179 nodes and 530872 directed edges for degree: 0
Trial Time:          0.01155
Trial Time:          0.00939
Trial Time:          0.00959
Trial Time:          0.00924
Trial Time:          0.00923
Trial Time:          0.00937
Trial Time:          0.00920
Trial Time:          0.00907
Trial Time:          0.00910
Trial Time:          0.00968
Trial Time:          0.00942
Trial Time:          0.00901
Trial Time:          0.00901
Trial Time:          0.00899
Trial Time:          0.00920
Trial Time:          0.00970
Average Time:        0.00942
