Read Time:           0.62428
Build Time:          0.27240
Graph has 916428 nodes and 5105039 directed edges for degree: 5
Trial Time:          0.44435
Trial Time:          0.44052
Trial Time:          0.44006
Trial Time:          0.44121
Trial Time:          0.44039
Trial Time:          0.43993
Trial Time:          0.44015
Trial Time:          0.44044
Trial Time:          0.44015
Trial Time:          0.44000
Trial Time:          0.44009
Trial Time:          0.44099
Trial Time:          0.44149
Trial Time:          0.44037
Trial Time:          0.43979
Trial Time:          0.44015
Average Time:        0.44063
