Read Time:           0.22944
Build Time:          0.58662
Graph has 124736033 nodes and 1442970 directed edges for degree: 0
Trial Time:          0.59613
Trial Time:          0.50800
Trial Time:          0.55568
Trial Time:          0.54265
Trial Time:          0.57571
Trial Time:          0.63022
Trial Time:          0.61187
Trial Time:          0.55716
Trial Time:          0.50358
Trial Time:          0.55291
Trial Time:          0.55347
Trial Time:          0.54324
Trial Time:          0.54529
Trial Time:          0.53788
Trial Time:          0.54032
Trial Time:          0.53872
Average Time:        0.55580
