Read Time:           0.23157
Build Time:          0.85625
Graph has 124736033 nodes and 1442970 directed edges for degree: 0
Trial Time:          0.63130
Trial Time:          0.63055
Trial Time:          0.62989
Trial Time:          0.63012
Trial Time:          0.63071
Trial Time:          0.63056
Trial Time:          0.63115
Trial Time:          0.62951
Trial Time:          0.62988
Trial Time:          0.62913
Trial Time:          0.62945
Trial Time:          0.63072
Trial Time:          0.63080
Trial Time:          0.63350
Trial Time:          0.62998
Trial Time:          0.62969
Average Time:        0.63043
