Read Time:           1.96525
Build Time:          0.10994
Graph has 2599558 nodes and 8861320 directed edges for degree: 3
Trial Time:          0.01942
Trial Time:          0.01824
Trial Time:          0.01820
Trial Time:          0.01826
Trial Time:          0.01846
Trial Time:          0.01806
Trial Time:          0.01838
Trial Time:          0.01817
Trial Time:          0.01828
Trial Time:          0.01847
Trial Time:          0.01809
Trial Time:          0.01817
Trial Time:          0.01848
Trial Time:          0.01830
Trial Time:          0.01810
Trial Time:          0.01807
Average Time:        0.01832
