Read Time:           1.93742
Build Time:          0.15348
Graph has 2599558 nodes and 8861320 directed edges for degree: 3
Trial Time:          0.02987
Trial Time:          0.02845
Trial Time:          0.02849
Trial Time:          0.02815
Trial Time:          0.02703
Trial Time:          0.02673
Trial Time:          0.02638
Trial Time:          0.02675
Trial Time:          0.02651
Trial Time:          0.02669
Trial Time:          0.02682
Trial Time:          0.02668
Trial Time:          0.02674
Trial Time:          0.02618
Trial Time:          0.02610
Trial Time:          0.02639
Average Time:        0.02712
