Read Time:           0.23337
Build Time:          0.17019
Graph has 124736033 nodes and 1442970 directed edges for degree: 0
Trial Time:          0.39768
Trial Time:          0.41555
Trial Time:          0.41467
Trial Time:          0.41798
Trial Time:          0.40886
Trial Time:          0.39818
Trial Time:          0.39972
Trial Time:          0.39904
Trial Time:          0.39915
Trial Time:          0.40104
Trial Time:          0.39987
Trial Time:          0.39939
Trial Time:          0.40069
Trial Time:          0.39759
Trial Time:          0.39998
Trial Time:          0.39809
Average Time:        0.40297
