Read Time:           0.23624
Build Time:          0.14511
Graph has 124736033 nodes and 1442970 directed edges for degree: 0
Trial Time:          0.29941
Trial Time:          0.41332
Trial Time:          0.41534
Trial Time:          0.40737
Trial Time:          0.40047
Trial Time:          0.29885
Trial Time:          0.29785
Trial Time:          0.30019
Trial Time:          0.29848
Trial Time:          0.29834
Trial Time:          0.29922
Trial Time:          0.38821
Trial Time:          0.29927
Trial Time:          0.29829
Trial Time:          0.29970
Trial Time:          0.38920
Average Time:        0.33772
