Read Time:           0.29589
Build Time:          0.01753
Graph has 281904 nodes and 2312497 directed edges for degree: 8
Trial Time:          0.02968
Trial Time:          0.02773
Trial Time:          0.02872
Trial Time:          0.02892
Trial Time:          0.02878
Trial Time:          0.02795
Trial Time:          0.02783
Trial Time:          0.02821
Trial Time:          0.02805
Trial Time:          0.02885
Trial Time:          0.02815
Trial Time:          0.02786
Trial Time:          0.02810
Trial Time:          0.02874
Trial Time:          0.02865
Trial Time:          0.02891
Average Time:        0.02845
