Read Time:           0.29315
Build Time:          0.02939
Graph has 281904 nodes and 2312497 directed edges for degree: 8
Trial Time:          0.04120
Trial Time:          0.04063
Trial Time:          0.04015
Trial Time:          0.04043
Trial Time:          0.04050
Trial Time:          0.04116
Trial Time:          0.04071
Trial Time:          0.04085
Trial Time:          0.04142
Trial Time:          0.04044
Trial Time:          0.04053
Trial Time:          0.04059
Trial Time:          0.04043
Trial Time:          0.04115
Trial Time:          0.04147
Trial Time:          0.04101
Average Time:        0.04079
