Read Time:           0.08995
Build Time:          0.02231
Graph has 4036179 nodes and 530872 directed edges for degree: 0
Trial Time:          0.01249
Trial Time:          0.01123
Trial Time:          0.01124
Trial Time:          0.01134
Trial Time:          0.01119
Trial Time:          0.01090
Trial Time:          0.00926
Trial Time:          0.00944
Trial Time:          0.00918
Trial Time:          0.00917
Trial Time:          0.00916
Trial Time:          0.00923
Trial Time:          0.00928
Trial Time:          0.00905
Trial Time:          0.00933
Trial Time:          0.00917
Average Time:        0.01004
