Read Time:           0.09022
Build Time:          0.02265
Graph has 4036179 nodes and 530872 directed edges for degree: 0
Trial Time:          0.01220
Trial Time:          0.01107
Trial Time:          0.01085
Trial Time:          0.01110
Trial Time:          0.01105
Trial Time:          0.01120
Trial Time:          0.01101
Trial Time:          0.01108
Trial Time:          0.01097
Trial Time:          0.01117
Trial Time:          0.01105
Trial Time:          0.01107
Trial Time:          0.01096
Trial Time:          0.01103
Trial Time:          0.01112
Trial Time:          0.01103
Average Time:        0.01112
