Read Time:           0.28619
Build Time:          0.03539
Graph has 281904 nodes and 2312497 directed edges for degree: 8
Trial Time:          0.03555
Trial Time:          0.03292
Trial Time:          0.03266
Trial Time:          0.03288
Trial Time:          0.03234
Trial Time:          0.03245
Trial Time:          0.03238
Trial Time:          0.03243
Trial Time:          0.03262
Trial Time:          0.03243
Trial Time:          0.03242
Trial Time:          0.03216
Trial Time:          0.03203
Trial Time:          0.03205
Trial Time:          0.03211
Trial Time:          0.03225
Average Time:        0.03261
