Read Time:           0.28936
Build Time:          0.01857
Graph has 281904 nodes and 2312497 directed edges for degree: 8
Trial Time:          0.02432
Trial Time:          0.02055
Trial Time:          0.02016
Trial Time:          0.02078
Trial Time:          0.02002
Trial Time:          0.02009
Trial Time:          0.02075
Trial Time:          0.02000
Trial Time:          0.02050
Trial Time:          0.02058
Trial Time:          0.02071
Trial Time:          0.02077
Trial Time:          0.02077
Trial Time:          0.02057
Trial Time:          0.01993
Trial Time:          0.02000
Average Time:        0.02066
