Read Time:           0.61826
Build Time:          0.03098
Graph has 916428 nodes and 5105039 directed edges for degree: 5
Trial Time:          0.04268
Trial Time:          0.03904
Trial Time:          0.03711
Trial Time:          0.03774
Trial Time:          0.03870
Trial Time:          0.03726
Trial Time:          0.03786
Trial Time:          0.03743
Trial Time:          0.03787
Trial Time:          0.03832
Trial Time:          0.03815
Trial Time:          0.03831
Trial Time:          0.03831
Trial Time:          0.03733
Trial Time:          0.03751
Trial Time:          0.03713
Average Time:        0.03817
