Read Time:           0.22966
Build Time:          0.15523
Graph has 124736033 nodes and 1442970 directed edges for degree: 0
Trial Time:          0.38716
Trial Time:          0.40226
Trial Time:          0.40211
Trial Time:          0.39015
Trial Time:          0.39903
Trial Time:          0.38517
Trial Time:          0.38888
Trial Time:          0.38568
Trial Time:          0.38518
Trial Time:          0.39840
Trial Time:          0.38476
Trial Time:          0.38741
Trial Time:          0.38853
Trial Time:          0.38570
Trial Time:          0.38571
Trial Time:          0.38662
Average Time:        0.39017
