Read Time:           0.09051
Build Time:          0.02266
Graph has 4036179 nodes and 530872 directed edges for degree: 0
Trial Time:          0.01249
Trial Time:          0.01128
Trial Time:          0.01135
Trial Time:          0.01131
Trial Time:          0.01131
Trial Time:          0.01119
Trial Time:          0.01130
Trial Time:          0.01124
Trial Time:          0.01152
Trial Time:          0.01140
Trial Time:          0.01124
Trial Time:          0.01129
Trial Time:          0.01151
Trial Time:          0.01139
Trial Time:          0.01120
Trial Time:          0.01114
Average Time:        0.01138
