Read Time:           0.61622
Build Time:          0.09831
Graph has 916428 nodes and 5105039 directed edges for degree: 5
Trial Time:          0.14766
Trial Time:          0.14022
Trial Time:          0.12573
Trial Time:          0.12601
Trial Time:          0.12537
Trial Time:          0.12531
Trial Time:          0.12535
Trial Time:          0.12527
Trial Time:          0.12532
Trial Time:          0.12519
Trial Time:          0.12535
Trial Time:          0.12563
Trial Time:          0.12531
Trial Time:          0.12517
Trial Time:          0.12548
Trial Time:          0.12531
Average Time:        0.12773
