Read Time:           1.97365
Build Time:          0.18399
Graph has 2599558 nodes and 8861320 directed edges for degree: 3
Trial Time:          0.02683
Trial Time:          0.02635
Trial Time:          0.02624
Trial Time:          0.02615
Trial Time:          0.02603
Trial Time:          0.02600
Trial Time:          0.02582
Trial Time:          0.02602
Trial Time:          0.02602
Trial Time:          0.02597
Trial Time:          0.02586
Trial Time:          0.02598
Trial Time:          0.02590
Trial Time:          0.02592
Trial Time:          0.02605
Trial Time:          0.02586
Average Time:        0.02606
