Read Time:           0.09141
Build Time:          0.02216
Graph has 4036179 nodes and 530872 directed edges for degree: 0
Trial Time:          0.01248
Trial Time:          0.01067
Trial Time:          0.01023
Trial Time:          0.00994
Trial Time:          0.01045
Trial Time:          0.01050
Trial Time:          0.01080
Trial Time:          0.01050
Trial Time:          0.01067
Trial Time:          0.01046
Trial Time:          0.00997
Trial Time:          0.01035
Trial Time:          0.01008
Trial Time:          0.01092
Trial Time:          0.01029
Trial Time:          0.01019
Average Time:        0.01053
