Read Time:           0.18543
Build Time:          0.00743
Graph has 325729 nodes and 1469679 directed edges for degree: 4
Trial Time:          0.01235
Trial Time:          0.01128
Trial Time:          0.01119
Trial Time:          0.01165
Trial Time:          0.01119
Trial Time:          0.01125
Trial Time:          0.01123
Trial Time:          0.01121
Trial Time:          0.01162
Trial Time:          0.01121
Trial Time:          0.01113
Trial Time:          0.01162
Trial Time:          0.01117
Trial Time:          0.01153
Trial Time:          0.01118
Trial Time:          0.01152
Average Time:        0.01140
