Read Time:           0.63290
Build Time:          0.26949
Graph has 916428 nodes and 5105039 directed edges for degree: 5
Trial Time:          0.44392
Trial Time:          0.44014
Trial Time:          0.43966
Trial Time:          0.44019
Trial Time:          0.43944
Trial Time:          0.44011
Trial Time:          0.43976
Trial Time:          0.43969
Trial Time:          0.43939
Trial Time:          0.43982
Trial Time:          0.44012
Trial Time:          0.43959
Trial Time:          0.44043
Trial Time:          0.43958
Trial Time:          0.43991
Trial Time:          0.43968
Average Time:        0.44009
