Read Time:           1.96322
Build Time:          0.13320
Graph has 2599558 nodes and 8861320 directed edges for degree: 3
Trial Time:          0.02067
Trial Time:          0.02011
Trial Time:          0.02036
Trial Time:          0.02027
Trial Time:          0.02024
Trial Time:          0.02014
Trial Time:          0.02026
Trial Time:          0.02031
Trial Time:          0.02025
Trial Time:          0.02017
Trial Time:          0.02027
Trial Time:          0.02033
Trial Time:          0.02038
Trial Time:          0.02034
Trial Time:          0.02031
Trial Time:          0.02027
Average Time:        0.02029
