Read Time:           0.09777
Build Time:          0.02688
Graph has 4036179 nodes and 530872 directed edges for degree: 0
Trial Time:          0.01670
Trial Time:          0.01630
Trial Time:          0.01626
Trial Time:          0.01630
Trial Time:          0.01624
Trial Time:          0.01630
Trial Time:          0.01627
Trial Time:          0.01631
Trial Time:          0.01632
Trial Time:          0.01627
Trial Time:          0.01626
Trial Time:          0.01624
Trial Time:          0.01624
Trial Time:          0.01629
Trial Time:          0.01632
Trial Time:          0.01628
Average Time:        0.01631
