Read Time:           0.90056
Build Time:          0.04005
Graph has 685231 nodes and 7600595 directed edges for degree: 11
Trial Time:          0.05038
Trial Time:          0.04573
Trial Time:          0.04595
Trial Time:          0.04537
Trial Time:          0.04498
Trial Time:          0.04483
Trial Time:          0.04488
Trial Time:          0.04501
Trial Time:          0.04480
Trial Time:          0.04488
Trial Time:          0.04494
Trial Time:          0.04472
Trial Time:          0.04471
Trial Time:          0.04487
Trial Time:          0.04487
Trial Time:          0.04488
Average Time:        0.04536
