Read Time:           0.90313
Build Time:          0.03769
Graph has 685231 nodes and 7600595 directed edges for degree: 11
Trial Time:          0.02938
Trial Time:          0.03206
Trial Time:          0.02907
Trial Time:          0.02909
Trial Time:          0.02900
Trial Time:          0.02891
Trial Time:          0.02890
Trial Time:          0.02895
Trial Time:          0.02884
Trial Time:          0.02896
Trial Time:          0.02886
Trial Time:          0.02886
Trial Time:          0.02900
Trial Time:          0.02889
Trial Time:          0.02892
Trial Time:          0.02898
Average Time:        0.02917
