Read Time:           1.94505
Build Time:          0.12943
Graph has 2599558 nodes and 8861320 directed edges for degree: 3
Trial Time:          0.02325
Trial Time:          0.02191
Trial Time:          0.02288
Trial Time:          0.02535
Trial Time:          0.02256
Trial Time:          0.02583
Trial Time:          0.02605
Trial Time:          0.02500
Trial Time:          0.02551
Trial Time:          0.02468
Trial Time:          0.02482
Trial Time:          0.02485
Trial Time:          0.02465
Trial Time:          0.02459
Trial Time:          0.02472
Trial Time:          0.02466
Average Time:        0.02446
