Read Time:           0.62140
Build Time:          0.03301
Graph has 916428 nodes and 5105039 directed edges for degree: 5
Trial Time:          0.03788
Trial Time:          0.03697
Trial Time:          0.03721
Trial Time:          0.03693
Trial Time:          0.03685
Trial Time:          0.03694
Trial Time:          0.03652
Trial Time:          0.03642
Trial Time:          0.03659
Trial Time:          0.03697
Trial Time:          0.03644
Trial Time:          0.03626
Trial Time:          0.03595
Trial Time:          0.03594
Trial Time:          0.03598
Trial Time:          0.03510
Average Time:        0.03656
