Read Time:           0.18626
Build Time:          0.00696
Graph has 325729 nodes and 1469679 directed edges for degree: 4
Trial Time:          0.01178
Trial Time:          0.01115
Trial Time:          0.01156
Trial Time:          0.01119
Trial Time:          0.01151
Trial Time:          0.01117
Trial Time:          0.01118
Trial Time:          0.01117
Trial Time:          0.01125
Trial Time:          0.01117
Trial Time:          0.01119
Trial Time:          0.01119
Trial Time:          0.01152
Trial Time:          0.01118
Trial Time:          0.01153
Trial Time:          0.01117
Average Time:        0.01131
