Read Time:           1.94252
Build Time:          0.14433
Graph has 2599558 nodes and 8861320 directed edges for degree: 3
Trial Time:          0.02522
Trial Time:          0.02412
Trial Time:          0.02446
Trial Time:          0.02451
Trial Time:          0.02469
Trial Time:          0.02454
Trial Time:          0.02429
Trial Time:          0.02468
Trial Time:          0.02479
Trial Time:          0.02452
Trial Time:          0.02497
Trial Time:          0.02478
Trial Time:          0.02453
Trial Time:          0.02489
Trial Time:          0.02464
Trial Time:          0.02443
Average Time:        0.02463
