Read Time:           0.18704
Build Time:          0.00972
Graph has 325729 nodes and 1469679 directed edges for degree: 4
Trial Time:          0.01883
Trial Time:          0.01706
Trial Time:          0.01723
Trial Time:          0.01628
Trial Time:          0.01629
Trial Time:          0.01705
Trial Time:          0.01618
Trial Time:          0.01614
Trial Time:          0.01634
Trial Time:          0.01675
Trial Time:          0.01629
Trial Time:          0.01608
Trial Time:          0.01658
Trial Time:          0.01646
Trial Time:          0.01638
Trial Time:          0.01618
Average Time:        0.01663
