Read Time:           0.90206
Build Time:          0.04054
Graph has 685231 nodes and 7600595 directed edges for degree: 11
Trial Time:          0.04205
Trial Time:          0.03686
Trial Time:          0.03647
Trial Time:          0.03591
Trial Time:          0.03613
Trial Time:          0.03604
Trial Time:          0.03602
Trial Time:          0.03586
Trial Time:          0.03610
Trial Time:          0.03594
Trial Time:          0.03600
Trial Time:          0.03585
Trial Time:          0.03604
Trial Time:          0.03603
Trial Time:          0.03583
Trial Time:          0.03604
Average Time:        0.03645
