Read Time:           1.93232
Build Time:          0.14377
Graph has 2599558 nodes and 8861320 directed edges for degree: 3
Trial Time:          0.03073
Trial Time:          0.02932
Trial Time:          0.02850
Trial Time:          0.02823
Trial Time:          0.02468
Trial Time:          0.01930
Trial Time:          0.02182
Trial Time:          0.02163
Trial Time:          0.02234
Trial Time:          0.02164
Trial Time:          0.02205
Trial Time:          0.02186
Trial Time:          0.02202
Trial Time:          0.02183
Trial Time:          0.02201
Trial Time:          0.02187
Average Time:        0.02374
