Read Time:           0.29019
Build Time:          0.02149
Graph has 281904 nodes and 2312497 directed edges for degree: 8
Trial Time:          0.02474
Trial Time:          0.01998
Trial Time:          0.01993
Trial Time:          0.01992
Trial Time:          0.01931
Trial Time:          0.01991
Trial Time:          0.01949
Trial Time:          0.02000
Trial Time:          0.01983
Trial Time:          0.01991
Trial Time:          0.01986
Trial Time:          0.01998
Trial Time:          0.01978
Trial Time:          0.01982
Trial Time:          0.01991
Trial Time:          0.01968
Average Time:        0.02013
