Read Time:           0.28795
Build Time:          0.01937
Graph has 281904 nodes and 2312497 directed edges for degree: 8
Trial Time:          0.02826
Trial Time:          0.02509
Trial Time:          0.02581
Trial Time:          0.02449
Trial Time:          0.02542
Trial Time:          0.02424
Trial Time:          0.02529
Trial Time:          0.02503
Trial Time:          0.02492
Trial Time:          0.02512
Trial Time:          0.02537
Trial Time:          0.02430
Trial Time:          0.02559
Trial Time:          0.02555
Trial Time:          0.02428
Trial Time:          0.02549
Average Time:        0.02527
