Read Time:           0.23139
Build Time:          0.15528
Graph has 124736033 nodes and 1442970 directed edges for degree: 0
Trial Time:          0.38557
Trial Time:          0.40008
Trial Time:          0.39721
Trial Time:          0.39617
Trial Time:          0.39965
Trial Time:          0.38492
Trial Time:          0.38398
Trial Time:          0.38438
Trial Time:          0.38553
Trial Time:          0.38410
Trial Time:          0.38571
Trial Time:          0.38624
Trial Time:          0.38719
Trial Time:          0.38672
Trial Time:          0.38544
Trial Time:          0.38516
Average Time:        0.38863
