Read Time:           0.90610
Build Time:          0.07094
Graph has 685231 nodes and 7600595 directed edges for degree: 11
Trial Time:          0.09650
Trial Time:          0.09493
Trial Time:          0.09466
Trial Time:          0.09462
Trial Time:          0.09254
Trial Time:          0.09074
Trial Time:          0.09066
Trial Time:          0.09063
Trial Time:          0.09067
Trial Time:          0.09047
Trial Time:          0.09085
Trial Time:          0.09072
Trial Time:          0.09079
Trial Time:          0.09062
Trial Time:          0.09044
Trial Time:          0.09083
Average Time:        0.09192
