Read Time:           0.23159
Build Time:          0.15343
Graph has 124736033 nodes and 1442970 directed edges for degree: 0
Trial Time:          0.38433
Trial Time:          0.40337
Trial Time:          0.39666
Trial Time:          0.39548
Trial Time:          0.40241
Trial Time:          0.38159
Trial Time:          0.38448
Trial Time:          0.38392
Trial Time:          0.38356
Trial Time:          0.38818
Trial Time:          0.38520
Trial Time:          0.38157
Trial Time:          0.38232
Trial Time:          0.38199
Trial Time:          0.38304
Trial Time:          0.38301
Average Time:        0.38757
