Read Time:           0.08660
Build Time:          0.03789
Graph has 4036179 nodes and 530872 directed edges for degree: 0
Trial Time:          0.03436
Trial Time:          0.03383
Trial Time:          0.03184
Trial Time:          0.02910
Trial Time:          0.02896
Trial Time:          0.03566
Trial Time:          0.03587
Trial Time:          0.03493
Trial Time:          0.03155
Trial Time:          0.03162
Trial Time:          0.03179
Trial Time:          0.03172
Trial Time:          0.03158
Trial Time:          0.02564
Trial Time:          0.03162
Trial Time:          0.03173
Average Time:        0.03199
