Read Time:           0.09382
Build Time:          0.02070
Graph has 4036179 nodes and 530872 directed edges for degree: 0
Trial Time:          0.01023
Trial Time:          0.00816
Trial Time:          0.00817
Trial Time:          0.00820
Trial Time:          0.00809
Trial Time:          0.00803
Trial Time:          0.00809
Trial Time:          0.00805
Trial Time:          0.00813
Trial Time:          0.00816
Trial Time:          0.00824
Trial Time:          0.00815
Trial Time:          0.00805
Trial Time:          0.00801
Trial Time:          0.00819
Trial Time:          0.00815
Average Time:        0.00826
