Read Time:           0.22598
Build Time:          2.05786
Graph has 124736033 nodes and 1442970 directed edges for degree: 0
Trial Time:          1.11332
Trial Time:          1.10865
Trial Time:          1.10674
Trial Time:          1.10791
Trial Time:          1.10654
Trial Time:          1.10759
Trial Time:          1.10765
Trial Time:          1.10651
Trial Time:          1.10621
Trial Time:          1.10615
Trial Time:          1.10691
Trial Time:          1.10586
Trial Time:          1.10659
Trial Time:          1.10513
Trial Time:          1.10607
Trial Time:          1.10605
Average Time:        1.10712
