Read Time:           0.09042
Build Time:          0.03017
Graph has 4036179 nodes and 530872 directed edges for degree: 0
Trial Time:          0.01537
Trial Time:          0.01446
Trial Time:          0.01427
Trial Time:          0.01448
Trial Time:          0.01377
Trial Time:          0.01219
Trial Time:          0.01239
Trial Time:          0.01234
Trial Time:          0.01221
Trial Time:          0.01225
Trial Time:          0.01232
Trial Time:          0.01231
Trial Time:          0.01230
Trial Time:          0.01221
Trial Time:          0.01225
Trial Time:          0.01265
Average Time:        0.01299
