Read Time:           0.23114
Build Time:          0.17050
Graph has 124736033 nodes and 1442970 directed edges for degree: 0
Trial Time:          0.38704
Trial Time:          0.39279
Trial Time:          0.39392
Trial Time:          0.39444
Trial Time:          0.39249
Trial Time:          0.38906
Trial Time:          0.39185
Trial Time:          0.39205
Trial Time:          0.38987
Trial Time:          0.39377
Trial Time:          0.38730
Trial Time:          0.38651
Trial Time:          0.38948
Trial Time:          0.39379
Trial Time:          0.38855
Trial Time:          0.38485
Average Time:        0.39048
