Read Time:           0.28472
Build Time:          0.04481
Graph has 281904 nodes and 2312497 directed edges for degree: 8
Trial Time:          0.05545
Trial Time:          0.05517
Trial Time:          0.05512
Trial Time:          0.05564
Trial Time:          0.05559
Trial Time:          0.05558
Trial Time:          0.05552
Trial Time:          0.05565
Trial Time:          0.05559
Trial Time:          0.05557
Trial Time:          0.05551
Trial Time:          0.05617
Trial Time:          0.05557
Trial Time:          0.05550
Trial Time:          0.05543
Trial Time:          0.05552
Average Time:        0.05554
