Read Time:           0.23906
Build Time:          0.32222
Graph has 124736033 nodes and 1442970 directed edges for degree: 0
Trial Time:          0.33311
Trial Time:          0.33343
Trial Time:          0.33347
Trial Time:          0.33353
Trial Time:          0.33265
Trial Time:          0.33263
Trial Time:          0.33263
Trial Time:          0.33156
Trial Time:          0.33287
Trial Time:          0.33105
Trial Time:          0.33252
Trial Time:          0.33226
Trial Time:          0.33297
Trial Time:          0.33347
Trial Time:          0.33119
Trial Time:          0.33144
Average Time:        0.33255
