Read Time:           0.09448
Build Time:          0.05074
Graph has 4036179 nodes and 530872 directed edges for degree: 0
Trial Time:          0.03967
Trial Time:          0.03956
Trial Time:          0.03949
Trial Time:          0.03950
Trial Time:          0.03962
Trial Time:          0.03971
Trial Time:          0.03966
Trial Time:          0.03977
Trial Time:          0.03993
Trial Time:          0.03971
Trial Time:          0.03975
Trial Time:          0.03989
Trial Time:          0.03973
Trial Time:          0.03975
Trial Time:          0.03973
Trial Time:          0.03970
Average Time:        0.03970
