Read Time:           1.94431
Build Time:          0.93204
Graph has 2599558 nodes and 8861320 directed edges for degree: 3
Trial Time:          0.09643
Trial Time:          0.07277
Trial Time:          0.06317
Trial Time:          0.06437
Trial Time:          0.06463
Trial Time:          0.06389
Trial Time:          0.06333
Trial Time:          0.06357
Trial Time:          0.06449
Trial Time:          0.06521
Trial Time:          0.06345
Trial Time:          0.06272
Trial Time:          0.06416
Trial Time:          0.06554
Trial Time:          0.06495
Trial Time:          0.06445
Average Time:        0.06670
