Read Time:           0.88277
Build Time:          0.07480
Graph has 685231 nodes and 7600595 directed edges for degree: 11
Trial Time:          0.09516
Trial Time:          0.09325
Trial Time:          0.09075
Trial Time:          0.09053
Trial Time:          0.09069
Trial Time:          0.09048
Trial Time:          0.09052
Trial Time:          0.09055
Trial Time:          0.09052
Trial Time:          0.09046
Trial Time:          0.09054
Trial Time:          0.09043
Trial Time:          0.09057
Trial Time:          0.09052
Trial Time:          0.09040
Trial Time:          0.09103
Average Time:        0.09103
