Read Time:           0.62250
Build Time:          0.03176
Graph has 916428 nodes and 5105039 directed edges for degree: 5
Trial Time:          0.03597
Trial Time:          0.03399
Trial Time:          0.03394
Trial Time:          0.03296
Trial Time:          0.03409
Trial Time:          0.03378
Trial Time:          0.03267
Trial Time:          0.03367
Trial Time:          0.03257
Trial Time:          0.03848
Trial Time:          0.03478
Trial Time:          0.03351
Trial Time:          0.03356
Trial Time:          0.03233
Trial Time:          0.03346
Trial Time:          0.03293
Average Time:        0.03392
