Read Time:           0.62780
Build Time:          0.03871
Graph has 916428 nodes and 5105039 directed edges for degree: 5
Trial Time:          0.03874
Trial Time:          0.03455
Trial Time:          0.03470
Trial Time:          0.03467
Trial Time:          0.03476
Trial Time:          0.03473
Trial Time:          0.03474
Trial Time:          0.03469
Trial Time:          0.03463
Trial Time:          0.03780
Trial Time:          0.03360
Trial Time:          0.03459
Trial Time:          0.03454
Trial Time:          0.03464
Trial Time:          0.03467
Trial Time:          0.03477
Average Time:        0.03505
