Read Time:           0.90170
Build Time:          0.04271
Graph has 685231 nodes and 7600595 directed edges for degree: 11
Trial Time:          0.04996
Trial Time:          0.04540
Trial Time:          0.04531
Trial Time:          0.04558
Trial Time:          0.04552
Trial Time:          0.04528
Trial Time:          0.04528
Trial Time:          0.04568
Trial Time:          0.04539
Trial Time:          0.04531
Trial Time:          0.04530
Trial Time:          0.04504
Trial Time:          0.04535
Trial Time:          0.04530
Trial Time:          0.04513
Trial Time:          0.04525
Average Time:        0.04563
