Read Time:           0.90300
Build Time:          0.07131
Graph has 685231 nodes and 7600595 directed edges for degree: 11
Trial Time:          0.09527
Trial Time:          0.09220
Trial Time:          0.09163
Trial Time:          0.09221
Trial Time:          0.09133
Trial Time:          0.09194
Trial Time:          0.09202
Trial Time:          0.09170
Trial Time:          0.09198
Trial Time:          0.09148
Trial Time:          0.09111
Trial Time:          0.09101
Trial Time:          0.09084
Trial Time:          0.09112
Trial Time:          0.09131
Trial Time:          0.09078
Average Time:        0.09174
