Read Time:           0.22502
Build Time:          0.58591
Graph has 124736033 nodes and 1442970 directed edges for degree: 0
Trial Time:          0.52900
Trial Time:          0.55566
Trial Time:          0.53097
Trial Time:          0.55603
Trial Time:          0.64162
Trial Time:          0.59328
Trial Time:          0.56691
Trial Time:          0.50712
Trial Time:          0.55425
Trial Time:          0.53725
Trial Time:          0.54997
Trial Time:          0.52579
Trial Time:          0.54416
Trial Time:          0.54138
Trial Time:          0.53490
Trial Time:          0.56124
Average Time:        0.55184
