Read Time:           0.62302
Build Time:          0.04084
Graph has 916428 nodes and 5105039 directed edges for degree: 5
Trial Time:          0.03875
Trial Time:          0.03542
Trial Time:          0.03464
Trial Time:          0.03512
Trial Time:          0.03480
Trial Time:          0.03303
Trial Time:          0.03312
Trial Time:          0.03306
Trial Time:          0.03332
Trial Time:          0.03704
Trial Time:          0.03311
Trial Time:          0.03324
Trial Time:          0.03296
Trial Time:          0.03265
Trial Time:          0.03285
Trial Time:          0.03232
Average Time:        0.03409
