Read Time:           1.95462
Build Time:          0.28210
Graph has 2599558 nodes and 8861320 directed edges for degree: 3
Trial Time:          0.04364
Trial Time:          0.04327
Trial Time:          0.04311
Trial Time:          0.04305
Trial Time:          0.04289
Trial Time:          0.04313
Trial Time:          0.04313
Trial Time:          0.04292
Trial Time:          0.04301
Trial Time:          0.04298
Trial Time:          0.04294
Trial Time:          0.04302
Trial Time:          0.04320
Trial Time:          0.04295
Trial Time:          0.04294
Trial Time:          0.04311
Average Time:        0.04308
