Read Time:           0.18622
Build Time:          0.00699
Graph has 325729 nodes and 1469679 directed edges for degree: 4
Trial Time:          0.01227
Trial Time:          0.01160
Trial Time:          0.01112
Trial Time:          0.01158
Trial Time:          0.01157
Trial Time:          0.01116
Trial Time:          0.01158
Trial Time:          0.01118
Trial Time:          0.01113
Trial Time:          0.01160
Trial Time:          0.01156
Trial Time:          0.01122
Trial Time:          0.01110
Trial Time:          0.01117
Trial Time:          0.01167
Trial Time:          0.01148
Average Time:        0.01144
