Read Time:           0.08652
Build Time:          0.11955
Graph has 4036179 nodes and 530872 directed edges for degree: 0
Trial Time:          0.03802
Trial Time:          0.03706
Trial Time:          0.03702
Trial Time:          0.03704
Trial Time:          0.03699
Trial Time:          0.03695
Trial Time:          0.03693
Trial Time:          0.03709
Trial Time:          0.03691
Trial Time:          0.03691
Trial Time:          0.03688
Trial Time:          0.03694
Trial Time:          0.03692
Trial Time:          0.03704
Trial Time:          0.03693
Trial Time:          0.03691
Average Time:        0.03703
