Read Time:           0.29003
Build Time:          0.01989
Graph has 281904 nodes and 2312497 directed edges for degree: 8
Trial Time:          0.02692
Trial Time:          0.02592
Trial Time:          0.02477
Trial Time:          0.02409
Trial Time:          0.02579
Trial Time:          0.02516
Trial Time:          0.02536
Trial Time:          0.02458
Trial Time:          0.02484
Trial Time:          0.02515
Trial Time:          0.02543
Trial Time:          0.02447
Trial Time:          0.02459
Trial Time:          0.02515
Trial Time:          0.02466
Trial Time:          0.02509
Average Time:        0.02512
