Read Time:           0.09092
Build Time:          0.02284
Graph has 4036179 nodes and 530872 directed edges for degree: 0
Trial Time:          0.01295
Trial Time:          0.01137
Trial Time:          0.01131
Trial Time:          0.01136
Trial Time:          0.01129
Trial Time:          0.01127
Trial Time:          0.01146
Trial Time:          0.01119
Trial Time:          0.01131
Trial Time:          0.01133
Trial Time:          0.01130
Trial Time:          0.01131
Trial Time:          0.01132
Trial Time:          0.01136
Trial Time:          0.01129
Trial Time:          0.01139
Average Time:        0.01143
