Read Time:           0.19348
Build Time:          0.00682
Graph has 325729 nodes and 1469679 directed edges for degree: 4
Trial Time:          0.01196
Trial Time:          0.01131
Trial Time:          0.01170
Trial Time:          0.01126
Trial Time:          0.01130
Trial Time:          0.01126
Trial Time:          0.01173
Trial Time:          0.01167
Trial Time:          0.01168
Trial Time:          0.01124
Trial Time:          0.01161
Trial Time:          0.01172
Trial Time:          0.01165
Trial Time:          0.01124
Trial Time:          0.01165
Trial Time:          0.01125
Average Time:        0.01151
