Read Time:           0.09372
Build Time:          0.02480
Graph has 4036179 nodes and 530872 directed edges for degree: 0
Trial Time:          0.01248
Trial Time:          0.00940
Trial Time:          0.00905
Trial Time:          0.00942
Trial Time:          0.00977
Trial Time:          0.00929
Trial Time:          0.00925
Trial Time:          0.00891
Trial Time:          0.01082
Trial Time:          0.01000
Trial Time:          0.00990
Trial Time:          0.00940
Trial Time:          0.01131
Trial Time:          0.00934
Trial Time:          0.00928
Trial Time:          0.00924
Average Time:        0.00980
