Read Time:           0.18459
Build Time:          0.00851
Graph has 325729 nodes and 1469679 directed edges for degree: 4
Trial Time:          0.01352
Trial Time:          0.01350
Trial Time:          0.01353
Trial Time:          0.01351
Trial Time:          0.01349
Trial Time:          0.01350
Trial Time:          0.01350
Trial Time:          0.01347
Trial Time:          0.01349
Trial Time:          0.01353
Trial Time:          0.01349
Trial Time:          0.01356
Trial Time:          0.01346
Trial Time:          0.01349
Trial Time:          0.01348
Trial Time:          0.01348
Average Time:        0.01350
