Read Time:           0.29588
Build Time:          0.02186
Graph has 281904 nodes and 2312497 directed edges for degree: 8
Trial Time:          0.02570
Trial Time:          0.02573
Trial Time:          0.02570
Trial Time:          0.02586
Trial Time:          0.02582
Trial Time:          0.02576
Trial Time:          0.02575
Trial Time:          0.02487
Trial Time:          0.02575
Trial Time:          0.02566
Trial Time:          0.02558
Trial Time:          0.02567
Trial Time:          0.02481
Trial Time:          0.02570
Trial Time:          0.02577
Trial Time:          0.02573
Average Time:        0.02562
