Read Time:           0.22387
Build Time:          2.05639
Graph has 124736033 nodes and 1442970 directed edges for degree: 0
Trial Time:          1.11177
Trial Time:          1.10783
Trial Time:          1.10715
Trial Time:          1.10787
Trial Time:          1.10635
Trial Time:          1.10657
Trial Time:          1.10647
Trial Time:          1.10604
Trial Time:          1.10655
Trial Time:          1.10634
Trial Time:          1.10692
Trial Time:          1.10587
Trial Time:          1.10501
Trial Time:          1.10629
Trial Time:          1.10686
Trial Time:          1.10563
Average Time:        1.10684
