Read Time:           0.22654
Build Time:          0.15374
Graph has 124736033 nodes and 1442970 directed edges for degree: 0
Trial Time:          0.30684
Trial Time:          0.32797
Trial Time:          0.32581
Trial Time:          0.32951
Trial Time:          0.33807
Trial Time:          0.30684
Trial Time:          0.30290
Trial Time:          0.30374
Trial Time:          0.30416
Trial Time:          0.30266
Trial Time:          0.30379
Trial Time:          0.30196
Trial Time:          0.30447
Trial Time:          0.30065
Trial Time:          0.30323
Trial Time:          0.30183
Average Time:        0.31028
