Read Time:           0.91624
Build Time:          0.04036
Graph has 685231 nodes and 7600595 directed edges for degree: 11
Trial Time:          0.04151
Trial Time:          0.03632
Trial Time:          0.03632
Trial Time:          0.03645
Trial Time:          0.03638
Trial Time:          0.03620
Trial Time:          0.03622
Trial Time:          0.03615
Trial Time:          0.03629
Trial Time:          0.03630
Trial Time:          0.03651
Trial Time:          0.03595
Trial Time:          0.03583
Trial Time:          0.03571
Trial Time:          0.03566
Trial Time:          0.03573
Average Time:        0.03647
