Read Time:           0.65070
Build Time:          0.02945
Graph has 916428 nodes and 5105039 directed edges for degree: 5
Trial Time:          0.02904
Trial Time:          0.02847
Trial Time:          0.02791
Trial Time:          0.02845
Trial Time:          0.02812
Trial Time:          0.02891
Trial Time:          0.02814
Trial Time:          0.02861
Trial Time:          0.02831
Trial Time:          0.02846
Trial Time:          0.03814
Trial Time:          0.02786
Trial Time:          0.02756
Trial Time:          0.02772
Trial Time:          0.02809
Trial Time:          0.02795
Average Time:        0.02886
