Read Time:           0.09764
Build Time:          0.02378
Graph has 4036179 nodes and 530872 directed edges for degree: 0
Trial Time:          0.01218
Trial Time:          0.01180
Trial Time:          0.01192
Trial Time:          0.01217
Trial Time:          0.01207
Trial Time:          0.01207
Trial Time:          0.01208
Trial Time:          0.01208
Trial Time:          0.01210
Trial Time:          0.01211
Trial Time:          0.01210
Trial Time:          0.01213
Trial Time:          0.01212
Trial Time:          0.01211
Trial Time:          0.01214
Trial Time:          0.01215
Average Time:        0.01208
