Read Time:           0.29248
Build Time:          0.01907
Graph has 281904 nodes and 2312497 directed edges for degree: 8
Trial Time:          0.02886
Trial Time:          0.02501
Trial Time:          0.02488
Trial Time:          0.02449
Trial Time:          0.02447
Trial Time:          0.02564
Trial Time:          0.02454
Trial Time:          0.02524
Trial Time:          0.02432
Trial Time:          0.02472
Trial Time:          0.02526
Trial Time:          0.02551
Trial Time:          0.02644
Trial Time:          0.02548
Trial Time:          0.02480
Trial Time:          0.02491
Average Time:        0.02529
