Read Time:           0.20521
Build Time:          0.00909
Graph has 325729 nodes and 1469679 directed edges for degree: 4
Trial Time:          0.01513
Trial Time:          0.01487
Trial Time:          0.01484
Trial Time:          0.01506
Trial Time:          0.01488
Trial Time:          0.01505
Trial Time:          0.01490
Trial Time:          0.01503
Trial Time:          0.01501
Trial Time:          0.01486
Trial Time:          0.01489
Trial Time:          0.01486
Trial Time:          0.01498
Trial Time:          0.01490
Trial Time:          0.01495
Trial Time:          0.01489
Average Time:        0.01494
