Read Time:           1.93769
Build Time:          0.14792
Graph has 2599558 nodes and 8861320 directed edges for degree: 3
Trial Time:          0.02426
Trial Time:          0.02335
Trial Time:          0.02360
Trial Time:          0.02370
Trial Time:          0.02318
Trial Time:          0.02321
Trial Time:          0.02335
Trial Time:          0.02389
Trial Time:          0.02357
Trial Time:          0.02352
Trial Time:          0.02371
Trial Time:          0.02341
Trial Time:          0.02310
Trial Time:          0.02334
Trial Time:          0.02305
Trial Time:          0.02127
Average Time:        0.02334
