Read Time:           0.09073
Build Time:          0.02071
Graph has 4036179 nodes and 530872 directed edges for degree: 0
Trial Time:          0.01103
Trial Time:          0.00950
Trial Time:          0.00966
Trial Time:          0.00968
Trial Time:          0.00946
Trial Time:          0.00962
Trial Time:          0.00944
Trial Time:          0.00970
Trial Time:          0.00951
Trial Time:          0.00954
Trial Time:          0.00960
Trial Time:          0.00954
Trial Time:          0.00953
Trial Time:          0.00936
Trial Time:          0.00961
Trial Time:          0.00958
Average Time:        0.00965
