Read Time:           0.23350
Build Time:          0.17117
Graph has 124736033 nodes and 1442970 directed edges for degree: 0
Trial Time:          0.38425
Trial Time:          0.39027
Trial Time:          0.39248
Trial Time:          0.39327
Trial Time:          0.39104
Trial Time:          0.38905
Trial Time:          0.38851
Trial Time:          0.39075
Trial Time:          0.38926
Trial Time:          0.39222
Trial Time:          0.38847
Trial Time:          0.38776
Trial Time:          0.39761
Trial Time:          0.39624
Trial Time:          0.38939
Trial Time:          0.38596
Average Time:        0.39041
