Read Time:           0.92337
Build Time:          0.03682
Graph has 685231 nodes and 7600595 directed edges for degree: 11
Trial Time:          0.04071
Trial Time:          0.03439
Trial Time:          0.03411
Trial Time:          0.03415
Trial Time:          0.03397
Trial Time:          0.03442
Trial Time:          0.03409
Trial Time:          0.03413
Trial Time:          0.03415
Trial Time:          0.03393
Trial Time:          0.03414
Trial Time:          0.03417
Trial Time:          0.03413
Trial Time:          0.03406
Trial Time:          0.03415
Trial Time:          0.03411
Average Time:        0.03455
