Read Time:           0.89030
Build Time:          0.04428
Graph has 685231 nodes and 7600595 directed edges for degree: 11
Trial Time:          0.03705
Trial Time:          0.03719
Trial Time:          0.03673
Trial Time:          0.03677
Trial Time:          0.03663
Trial Time:          0.03655
Trial Time:          0.03671
Trial Time:          0.03670
Trial Time:          0.03665
Trial Time:          0.03673
Trial Time:          0.03668
Trial Time:          0.03673
Trial Time:          0.03670
Trial Time:          0.03655
Trial Time:          0.03666
Trial Time:          0.03640
Average Time:        0.03671
