Read Time:           0.23935
Build Time:          0.23988
Graph has 124736033 nodes and 1442970 directed edges for degree: 0
Trial Time:          0.40130
Trial Time:          0.40689
Trial Time:          0.40342
Trial Time:          0.40564
Trial Time:          0.40495
Trial Time:          0.40372
Trial Time:          0.40864
Trial Time:          0.40281
Trial Time:          0.40478
Trial Time:          0.40158
Trial Time:          0.40239
Trial Time:          0.40276
Trial Time:          0.40051
Trial Time:          0.40466
Trial Time:          0.40201
Trial Time:          0.40012
Average Time:        0.40351
