Read Time:           0.22614
Build Time:          0.16150
Graph has 124736033 nodes and 1442970 directed edges for degree: 0
Trial Time:          0.39984
Trial Time:          0.42543
Trial Time:          0.42683
Trial Time:          0.41723
Trial Time:          0.39920
Trial Time:          0.39922
Trial Time:          0.39858
Trial Time:          0.39844
Trial Time:          0.39746
Trial Time:          0.39854
Trial Time:          0.39701
Trial Time:          0.39686
Trial Time:          0.39714
Trial Time:          0.39524
Trial Time:          0.39782
Trial Time:          0.39778
Average Time:        0.40266
