Read Time:           0.62749
Build Time:          0.12741
Graph has 916428 nodes and 5105039 directed edges for degree: 5
Trial Time:          0.21164
Trial Time:          0.20913
Trial Time:          0.20958
Trial Time:          0.20944
Trial Time:          0.20918
Trial Time:          0.20910
Trial Time:          0.20917
Trial Time:          0.20972
Trial Time:          0.20900
Trial Time:          0.20948
Trial Time:          0.20989
Trial Time:          0.20944
Trial Time:          0.20920
Trial Time:          0.20903
Trial Time:          0.20916
Trial Time:          0.20923
Average Time:        0.20946
