Read Time:           0.09062
Build Time:          0.01834
Graph has 4036179 nodes and 530872 directed edges for degree: 0
Trial Time:          0.01375
Trial Time:          0.01325
Trial Time:          0.01327
Trial Time:          0.01330
Trial Time:          0.01330
Trial Time:          0.01329
Trial Time:          0.01333
Trial Time:          0.01331
Trial Time:          0.01330
Trial Time:          0.01333
Trial Time:          0.01333
Trial Time:          0.01331
Trial Time:          0.01333
Trial Time:          0.01331
Trial Time:          0.01329
Trial Time:          0.01330
Average Time:        0.01333
