Read Time:           0.09228
Build Time:          0.01855
Graph has 4036179 nodes and 530872 directed edges for degree: 0
Trial Time:          0.00930
Trial Time:          0.00813
Trial Time:          0.00793
Trial Time:          0.00790
Trial Time:          0.00785
Trial Time:          0.00786
Trial Time:          0.00782
Trial Time:          0.00786
Trial Time:          0.00792
Trial Time:          0.00791
Trial Time:          0.00790
Trial Time:          0.00781
Trial Time:          0.00788
Trial Time:          0.00781
Trial Time:          0.00797
Trial Time:          0.00786
Average Time:        0.00798
