Read Time:           0.62596
Build Time:          0.03236
Graph has 916428 nodes and 5105039 directed edges for degree: 5
Trial Time:          0.03510
Trial Time:          0.03237
Trial Time:          0.03234
Trial Time:          0.03246
Trial Time:          0.03235
Trial Time:          0.03218
Trial Time:          0.03250
Trial Time:          0.03250
Trial Time:          0.03229
Trial Time:          0.03211
Trial Time:          0.03752
Trial Time:          0.03221
Trial Time:          0.03219
Trial Time:          0.03217
Trial Time:          0.03125
Trial Time:          0.03206
Average Time:        0.03272
