Read Time:           0.22790
Build Time:          0.19275
Graph has 124736033 nodes and 1442970 directed edges for degree: 0
Trial Time:          0.39348
Trial Time:          0.39984
Trial Time:          0.40185
Trial Time:          0.40057
Trial Time:          0.40095
Trial Time:          0.39990
Trial Time:          0.39856
Trial Time:          0.40144
Trial Time:          0.39895
Trial Time:          0.39813
Trial Time:          0.39850
Trial Time:          0.39899
Trial Time:          0.39816
Trial Time:          0.40536
Trial Time:          0.39527
Trial Time:          0.39480
Average Time:        0.39905
