Read Time:           0.17834
Build Time:          0.04564
Graph has 325729 nodes and 1469679 directed edges for degree: 4
Trial Time:          0.06704
Trial Time:          0.06691
Trial Time:          0.06690
Trial Time:          0.06685
Trial Time:          0.06687
Trial Time:          0.06690
Trial Time:          0.06688
Trial Time:          0.06701
Trial Time:          0.06688
Trial Time:          0.06688
Trial Time:          0.06688
Trial Time:          0.06690
Trial Time:          0.06272
Trial Time:          0.06298
Trial Time:          0.06268
Trial Time:          0.06262
Average Time:        0.06587
