Read Time:           0.91142
Build Time:          0.04626
Graph has 685231 nodes and 7600595 directed edges for degree: 11
Trial Time:          0.04268
Trial Time:          0.04216
Trial Time:          0.04224
Trial Time:          0.04223
Trial Time:          0.04222
Trial Time:          0.04225
Trial Time:          0.04225
Trial Time:          0.04223
Trial Time:          0.04225
Trial Time:          0.04229
Trial Time:          0.04223
Trial Time:          0.04229
Trial Time:          0.04223
Trial Time:          0.04220
Trial Time:          0.04225
Trial Time:          0.04217
Average Time:        0.04226
