Read Time:           0.23188
Build Time:          0.19452
Graph has 124736033 nodes and 1442970 directed edges for degree: 0
Trial Time:          0.39248
Trial Time:          0.39860
Trial Time:          0.40138
Trial Time:          0.39609
Trial Time:          0.39896
Trial Time:          0.39523
Trial Time:          0.39596
Trial Time:          0.40003
Trial Time:          0.39575
Trial Time:          0.39591
Trial Time:          0.39884
Trial Time:          0.39554
Trial Time:          0.39485
Trial Time:          0.39417
Trial Time:          0.39654
Trial Time:          0.39457
Average Time:        0.39656
