Read Time:           1.95298
Build Time:          0.63246
Graph has 2599558 nodes and 8861320 directed edges for degree: 3
Trial Time:          0.08492
Trial Time:          0.08390
Trial Time:          0.08389
Trial Time:          0.08450
Trial Time:          0.08405
Trial Time:          0.08376
Trial Time:          0.08405
Trial Time:          0.08376
Trial Time:          0.08390
Trial Time:          0.08377
Trial Time:          0.08400
Trial Time:          0.08374
Trial Time:          0.08377
Trial Time:          0.08390
Trial Time:          0.08384
Trial Time:          0.08384
Average Time:        0.08398
