Read Time:           0.63684
Build Time:          0.02941
Graph has 916428 nodes and 5105039 directed edges for degree: 5
Trial Time:          0.03547
Trial Time:          0.03182
Trial Time:          0.03190
Trial Time:          0.03169
Trial Time:          0.03156
Trial Time:          0.03157
Trial Time:          0.03186
Trial Time:          0.03164
Trial Time:          0.03164
Trial Time:          0.03181
Trial Time:          0.04105
Trial Time:          0.03107
Trial Time:          0.03139
Trial Time:          0.03129
Trial Time:          0.03125
Trial Time:          0.03134
Average Time:        0.03240
