Read Time:           1.92767
Build Time:          0.14367
Graph has 2599558 nodes and 8861320 directed edges for degree: 3
Trial Time:          0.02562
Trial Time:          0.02479
Trial Time:          0.02495
Trial Time:          0.02519
Trial Time:          0.02469
Trial Time:          0.02449
Trial Time:          0.02458
Trial Time:          0.02452
Trial Time:          0.02385
Trial Time:          0.02440
Trial Time:          0.02421
Trial Time:          0.02399
Trial Time:          0.02423
Trial Time:          0.02427
Trial Time:          0.02420
Trial Time:          0.02423
Average Time:        0.02451
