Read Time:           0.92159
Build Time:          0.03610
Graph has 685231 nodes and 7600595 directed edges for degree: 11
Trial Time:          0.04289
Trial Time:          0.03413
Trial Time:          0.03412
Trial Time:          0.03403
Trial Time:          0.03407
Trial Time:          0.03410
Trial Time:          0.03392
Trial Time:          0.03398
Trial Time:          0.03408
Trial Time:          0.03412
Trial Time:          0.03401
Trial Time:          0.03411
Trial Time:          0.03406
Trial Time:          0.03430
Trial Time:          0.03406
Trial Time:          0.03425
Average Time:        0.03464
