Read Time:           0.23443
Build Time:          0.32998
Graph has 124736033 nodes and 1442970 directed edges for degree: 0
Trial Time:          0.29814
Trial Time:          0.29575
Trial Time:          0.29628
Trial Time:          0.29602
Trial Time:          0.29729
Trial Time:          0.29651
Trial Time:          0.29608
Trial Time:          0.29796
Trial Time:          0.29632
Trial Time:          0.29698
Trial Time:          0.29602
Trial Time:          0.29648
Trial Time:          0.29614
Trial Time:          0.29693
Trial Time:          0.29675
Trial Time:          0.29855
Average Time:        0.29676
