Read Time:           0.10403
Build Time:          0.02581
Graph has 4036179 nodes and 530872 directed edges for degree: 0
Trial Time:          0.01046
Trial Time:          0.00835
Trial Time:          0.00811
Trial Time:          0.00792
Trial Time:          0.00815
Trial Time:          0.00785
Trial Time:          0.00823
Trial Time:          0.00828
Trial Time:          0.00801
Trial Time:          0.00809
Trial Time:          0.00793
Trial Time:          0.00786
Trial Time:          0.00801
Trial Time:          0.00783
Trial Time:          0.00784
Trial Time:          0.00806
Average Time:        0.00819
