Read Time:           0.63459
Build Time:          0.04426
Graph has 916428 nodes and 5105039 directed edges for degree: 5
Trial Time:          0.05433
Trial Time:          0.05364
Trial Time:          0.05411
Trial Time:          0.05409
Trial Time:          0.05344
Trial Time:          0.05378
Trial Time:          0.05349
Trial Time:          0.05394
Trial Time:          0.05382
Trial Time:          0.05377
Trial Time:          0.05369
Trial Time:          0.05407
Trial Time:          0.05340
Trial Time:          0.05367
Trial Time:          0.05424
Trial Time:          0.05377
Average Time:        0.05383
