Read Time:           1.93447
Build Time:          0.13910
Graph has 2599558 nodes and 8861320 directed edges for degree: 3
Trial Time:          0.03175
Trial Time:          0.03078
Trial Time:          0.02987
Trial Time:          0.02987
Trial Time:          0.02986
Trial Time:          0.02979
Trial Time:          0.02827
Trial Time:          0.02833
Trial Time:          0.02777
Trial Time:          0.02752
Trial Time:          0.02761
Trial Time:          0.02772
Trial Time:          0.02760
Trial Time:          0.02625
Trial Time:          0.02641
Trial Time:          0.02643
Average Time:        0.02849
