Read Time:           0.29476
Build Time:          0.01911
Graph has 281904 nodes and 2312497 directed edges for degree: 8
Trial Time:          0.02938
Trial Time:          0.02642
Trial Time:          0.02645
Trial Time:          0.02632
Trial Time:          0.02607
Trial Time:          0.02598
Trial Time:          0.02614
Trial Time:          0.02739
Trial Time:          0.02577
Trial Time:          0.02668
Trial Time:          0.02614
Trial Time:          0.02626
Trial Time:          0.02632
Trial Time:          0.02672
Trial Time:          0.02566
Trial Time:          0.02658
Average Time:        0.02652
