Read Time:           0.28631
Build Time:          0.02297
Graph has 281904 nodes and 2312497 directed edges for degree: 8
Trial Time:          0.02989
Trial Time:          0.02931
Trial Time:          0.02937
Trial Time:          0.02933
Trial Time:          0.02946
Trial Time:          0.02916
Trial Time:          0.02922
Trial Time:          0.02924
Trial Time:          0.02928
Trial Time:          0.02923
Trial Time:          0.02917
Trial Time:          0.02899
Trial Time:          0.02898
Trial Time:          0.02934
Trial Time:          0.02922
Trial Time:          0.02927
Average Time:        0.02928
