Read Time:           0.22919
Build Time:          0.19258
Graph has 124736033 nodes and 1442970 directed edges for degree: 0
Trial Time:          0.39239
Trial Time:          0.39820
Trial Time:          0.39964
Trial Time:          0.39938
Trial Time:          0.39962
Trial Time:          0.39681
Trial Time:          0.39725
Trial Time:          0.39822
Trial Time:          0.39792
Trial Time:          0.39751
Trial Time:          0.40123
Trial Time:          0.39496
Trial Time:          0.39398
Trial Time:          0.40116
Trial Time:          0.39373
Trial Time:          0.39362
Average Time:        0.39723
