Read Time:           1.96774
Build Time:          1.57456
Graph has 2599558 nodes and 8861320 directed edges for degree: 3
Trial Time:          0.08269
Trial Time:          0.08121
Trial Time:          0.08114
Trial Time:          0.08092
Trial Time:          0.08085
Trial Time:          0.08093
Trial Time:          0.08082
Trial Time:          0.08110
Trial Time:          0.08111
Trial Time:          0.08118
Trial Time:          0.08090
Trial Time:          0.08143
Trial Time:          0.08098
Trial Time:          0.08113
Trial Time:          0.08115
Trial Time:          0.08156
Average Time:        0.08119
