Read Time:           0.62093
Build Time:          0.27055
Graph has 916428 nodes and 5105039 directed edges for degree: 5
Trial Time:          0.44570
Trial Time:          0.44067
Trial Time:          0.44119
Trial Time:          0.44128
Trial Time:          0.44091
Trial Time:          0.44176
Trial Time:          0.44165
Trial Time:          0.44085
Trial Time:          0.44115
Trial Time:          0.44125
Trial Time:          0.45826
Trial Time:          0.44123
Trial Time:          0.44156
Trial Time:          0.44087
Trial Time:          0.44144
Trial Time:          0.44084
Average Time:        0.44254
