Read Time:           1.94295
Build Time:          0.12818
Graph has 2599558 nodes and 8861320 directed edges for degree: 3
Trial Time:          0.02296
Trial Time:          0.02481
Trial Time:          0.02155
Trial Time:          0.02446
Trial Time:          0.02481
Trial Time:          0.02427
Trial Time:          0.02478
Trial Time:          0.02456
Trial Time:          0.02435
Trial Time:          0.02456
Trial Time:          0.02457
Trial Time:          0.02460
Trial Time:          0.02503
Trial Time:          0.02464
Trial Time:          0.02418
Trial Time:          0.02425
Average Time:        0.02427
