Read Time:           0.09196
Build Time:          0.01860
Graph has 4036179 nodes and 530872 directed edges for degree: 0
Trial Time:          0.00990
Trial Time:          0.00860
Trial Time:          0.00831
Trial Time:          0.00819
Trial Time:          0.00821
Trial Time:          0.00828
Trial Time:          0.00814
Trial Time:          0.00817
Trial Time:          0.00823
Trial Time:          0.00828
Trial Time:          0.00841
Trial Time:          0.00824
Trial Time:          0.00834
Trial Time:          0.00809
Trial Time:          0.00837
Trial Time:          0.00840
Average Time:        0.00838
