Read Time:           1.94524
Build Time:          0.94740
Graph has 2599558 nodes and 8861320 directed edges for degree: 3
Trial Time:          0.08273
Trial Time:          0.08872
Trial Time:          0.08124
Trial Time:          0.08197
Trial Time:          0.08086
Trial Time:          0.08040
Trial Time:          0.08203
Trial Time:          0.08079
Trial Time:          0.08177
Trial Time:          0.08205
Trial Time:          0.09757
Trial Time:          0.09724
Trial Time:          0.08104
Trial Time:          0.08104
Trial Time:          0.09563
Trial Time:          0.08074
Average Time:        0.08474
