Read Time:           0.10148
Build Time:          0.02643
Graph has 4036179 nodes and 530872 directed edges for degree: 0
Trial Time:          0.01181
Trial Time:          0.00928
Trial Time:          0.00931
Trial Time:          0.00916
Trial Time:          0.00918
Trial Time:          0.00926
Trial Time:          0.00920
Trial Time:          0.00918
Trial Time:          0.00926
Trial Time:          0.00901
Trial Time:          0.00931
Trial Time:          0.00928
Trial Time:          0.00907
Trial Time:          0.00912
Trial Time:          0.00948
Trial Time:          0.00816
Average Time:        0.00932
