Read Time:           0.09158
Build Time:          0.01887
Graph has 4036179 nodes and 530872 directed edges for degree: 0
Trial Time:          0.00947
Trial Time:          0.00768
Trial Time:          0.00770
Trial Time:          0.00776
Trial Time:          0.00769
Trial Time:          0.00774
Trial Time:          0.00783
Trial Time:          0.00772
Trial Time:          0.00791
Trial Time:          0.00780
Trial Time:          0.00783
Trial Time:          0.00769
Trial Time:          0.00767
Trial Time:          0.00751
Trial Time:          0.00782
Trial Time:          0.00780
Average Time:        0.00785
