Read Time:           0.22812
Build Time:          0.17816
Graph has 124736033 nodes and 1442970 directed edges for degree: 0
Trial Time:          0.39211
Trial Time:          0.40580
Trial Time:          0.39569
Trial Time:          0.39763
Trial Time:          0.40263
Trial Time:          0.39632
Trial Time:          0.40201
Trial Time:          0.39497
Trial Time:          0.39480
Trial Time:          0.39812
Trial Time:          0.39205
Trial Time:          0.39428
Trial Time:          0.39397
Trial Time:          0.39268
Trial Time:          0.40119
Trial Time:          0.39267
Average Time:        0.39668
