Read Time:           0.91080
Build Time:          0.23620
Graph has 685231 nodes and 7600595 directed edges for degree: 11
Trial Time:          0.30576
Trial Time:          0.30516
Trial Time:          0.30630
Trial Time:          0.30536
Trial Time:          0.30546
Trial Time:          0.30500
Trial Time:          0.30524
Trial Time:          0.30512
Trial Time:          0.30549
Trial Time:          0.30555
Trial Time:          0.30562
Trial Time:          0.30554
Trial Time:          0.30536
Trial Time:          0.30513
Trial Time:          0.30542
Trial Time:          0.30594
Average Time:        0.30547
