Read Time:           0.62101
Build Time:          0.04534
Graph has 916428 nodes and 5105039 directed edges for degree: 5
Trial Time:          0.04745
Trial Time:          0.04320
Trial Time:          0.04320
Trial Time:          0.04288
Trial Time:          0.04287
Trial Time:          0.04300
Trial Time:          0.04299
Trial Time:          0.05046
Trial Time:          0.04325
Trial Time:          0.04290
Trial Time:          0.04272
Trial Time:          0.04281
Trial Time:          0.04284
Trial Time:          0.04283
Trial Time:          0.04264
Trial Time:          0.04104
Average Time:        0.04357
