Read Time:           0.61625
Build Time:          0.09832
Graph has 916428 nodes and 5105039 directed edges for degree: 5
Trial Time:          0.14656
Trial Time:          0.14037
Trial Time:          0.13848
Trial Time:          0.13825
Trial Time:          0.13798
Trial Time:          0.13842
Trial Time:          0.13803
Trial Time:          0.13473
Trial Time:          0.12735
Trial Time:          0.12718
Trial Time:          0.12671
Trial Time:          0.12743
Trial Time:          0.12787
Trial Time:          0.12770
Trial Time:          0.12772
Trial Time:          0.12760
Average Time:        0.13327
