Read Time:           1.95196
Build Time:          0.13562
Graph has 2599558 nodes and 8861320 directed edges for degree: 3
Trial Time:          0.02468
Trial Time:          0.02473
Trial Time:          0.02473
Trial Time:          0.02769
Trial Time:          0.02830
Trial Time:          0.02749
Trial Time:          0.02556
Trial Time:          0.02797
Trial Time:          0.02871
Trial Time:          0.02545
Trial Time:          0.02478
Trial Time:          0.02771
Trial Time:          0.02725
Trial Time:          0.02491
Trial Time:          0.02475
Trial Time:          0.02514
Average Time:        0.02624
