Read Time:           0.92546
Build Time:          0.03766
Graph has 685231 nodes and 7600595 directed edges for degree: 11
Trial Time:          0.04220
Trial Time:          0.03416
Trial Time:          0.03414
Trial Time:          0.03420
Trial Time:          0.03417
Trial Time:          0.03408
Trial Time:          0.03418
Trial Time:          0.03412
Trial Time:          0.03407
Trial Time:          0.03414
Trial Time:          0.03414
Trial Time:          0.03432
Trial Time:          0.03435
Trial Time:          0.03400
Trial Time:          0.03423
Trial Time:          0.03432
Average Time:        0.03468
