Read Time:           0.29041
Build Time:          0.01787
Graph has 281904 nodes and 2312497 directed edges for degree: 8
Trial Time:          0.02497
Trial Time:          0.02072
Trial Time:          0.02069
Trial Time:          0.01997
Trial Time:          0.02013
Trial Time:          0.02077
Trial Time:          0.02077
Trial Time:          0.02064
Trial Time:          0.02071
Trial Time:          0.02052
Trial Time:          0.02039
Trial Time:          0.02022
Trial Time:          0.01970
Trial Time:          0.02045
Trial Time:          0.02043
Trial Time:          0.02008
Average Time:        0.02070
