Read Time:           0.28813
Build Time:          0.02120
Graph has 281904 nodes and 2312497 directed edges for degree: 8
Trial Time:          0.02295
Trial Time:          0.02058
Trial Time:          0.02043
Trial Time:          0.02047
Trial Time:          0.02058
Trial Time:          0.02028
Trial Time:          0.02024
Trial Time:          0.01938
Trial Time:          0.02000
Trial Time:          0.02003
Trial Time:          0.02015
Trial Time:          0.02012
Trial Time:          0.02007
Trial Time:          0.02001
Trial Time:          0.02010
Trial Time:          0.02010
Average Time:        0.02034
