Read Time:           0.08886
Build Time:          0.03064
Graph has 4036179 nodes and 530872 directed edges for degree: 0
Trial Time:          0.01552
Trial Time:          0.01481
Trial Time:          0.01491
Trial Time:          0.01478
Trial Time:          0.01509
Trial Time:          0.01476
Trial Time:          0.01471
Trial Time:          0.01492
Trial Time:          0.01487
Trial Time:          0.01484
Trial Time:          0.01485
Trial Time:          0.01501
Trial Time:          0.01488
Trial Time:          0.01498
Trial Time:          0.01493
Trial Time:          0.01490
Average Time:        0.01492
