Read Time:           0.63383
Build Time:          0.03248
Graph has 916428 nodes and 5105039 directed edges for degree: 5
Trial Time:          0.03739
Trial Time:          0.03692
Trial Time:          0.03678
Trial Time:          0.03768
Trial Time:          0.03744
Trial Time:          0.03730
Trial Time:          0.03728
Trial Time:          0.03654
Trial Time:          0.03792
Trial Time:          0.03731
Trial Time:          0.03690
Trial Time:          0.03715
Trial Time:          0.03717
Trial Time:          0.03646
Trial Time:          0.03714
Trial Time:          0.03747
Average Time:        0.03718
