Read Time:           1.94125
Build Time:          0.93725
Graph has 2599558 nodes and 8861320 directed edges for degree: 3
Trial Time:          0.09850
Trial Time:          0.07134
Trial Time:          0.06301
Trial Time:          0.06245
Trial Time:          0.06311
Trial Time:          0.06206
Trial Time:          0.06276
Trial Time:          0.06341
Trial Time:          0.06402
Trial Time:          0.06445
Trial Time:          0.06327
Trial Time:          0.06336
Trial Time:          0.06222
Trial Time:          0.06246
Trial Time:          0.06451
Trial Time:          0.06287
Average Time:        0.06586
