Read Time:           0.18947
Build Time:          0.01169
Graph has 325729 nodes and 1469679 directed edges for degree: 4
Trial Time:          0.01698
Trial Time:          0.01693
Trial Time:          0.01690
Trial Time:          0.01685
Trial Time:          0.01687
Trial Time:          0.01683
Trial Time:          0.01688
Trial Time:          0.01689
Trial Time:          0.01678
Trial Time:          0.01701
Trial Time:          0.01678
Trial Time:          0.01683
Trial Time:          0.01680
Trial Time:          0.01682
Trial Time:          0.01683
Trial Time:          0.01682
Average Time:        0.01686
