Read Time:           0.91002
Build Time:          0.23986
Graph has 685231 nodes and 7600595 directed edges for degree: 11
Trial Time:          0.30770
Trial Time:          0.30703
Trial Time:          0.30700
Trial Time:          0.30716
Trial Time:          0.30718
Trial Time:          0.30762
Trial Time:          0.30662
Trial Time:          0.30694
Trial Time:          0.30704
Trial Time:          0.30725
Trial Time:          0.30700
Trial Time:          0.30733
Trial Time:          0.30705
Trial Time:          0.30660
Trial Time:          0.30688
Trial Time:          0.30701
Average Time:        0.30709
