Read Time:           0.29083
Build Time:          0.01971
Graph has 281904 nodes and 2312497 directed edges for degree: 8
Trial Time:          0.02304
Trial Time:          0.02026
Trial Time:          0.02031
Trial Time:          0.01961
Trial Time:          0.02037
Trial Time:          0.02016
Trial Time:          0.02024
Trial Time:          0.02027
Trial Time:          0.02027
Trial Time:          0.01965
Trial Time:          0.02025
Trial Time:          0.02034
Trial Time:          0.02028
Trial Time:          0.01960
Trial Time:          0.02021
Trial Time:          0.02030
Average Time:        0.02032
