Read Time:           0.10154
Build Time:          0.02356
Graph has 4036179 nodes and 530872 directed edges for degree: 0
Trial Time:          0.01249
Trial Time:          0.01204
Trial Time:          0.01210
Trial Time:          0.01210
Trial Time:          0.01212
Trial Time:          0.01207
Trial Time:          0.01206
Trial Time:          0.01206
Trial Time:          0.01211
Trial Time:          0.01212
Trial Time:          0.01208
Trial Time:          0.01212
Trial Time:          0.01210
Trial Time:          0.01244
Trial Time:          0.01212
Trial Time:          0.01212
Average Time:        0.01214
