Read Time:           0.90536
Build Time:          0.07346
Graph has 685231 nodes and 7600595 directed edges for degree: 11
Trial Time:          0.09591
Trial Time:          0.09462
Trial Time:          0.09480
Trial Time:          0.09515
Trial Time:          0.09506
Trial Time:          0.09506
Trial Time:          0.09435
Trial Time:          0.09192
Trial Time:          0.09120
Trial Time:          0.09335
Trial Time:          0.09313
Trial Time:          0.09224
Trial Time:          0.09053
Trial Time:          0.09033
Trial Time:          0.09080
Trial Time:          0.09062
Average Time:        0.09307
