Read Time:           0.09256
Build Time:          0.01931
Graph has 4036179 nodes and 530872 directed edges for degree: 0
Trial Time:          0.01025
Trial Time:          0.00862
Trial Time:          0.00867
Trial Time:          0.00872
Trial Time:          0.00856
Trial Time:          0.00868
Trial Time:          0.00852
Trial Time:          0.00836
Trial Time:          0.00852
Trial Time:          0.00850
Trial Time:          0.00842
Trial Time:          0.00851
Trial Time:          0.00850
Trial Time:          0.00847
Trial Time:          0.00860
Trial Time:          0.00842
Average Time:        0.00865
