Read Time:           0.28737
Build Time:          0.10314
Graph has 281904 nodes and 2312497 directed edges for degree: 8
Trial Time:          0.17776
Trial Time:          0.17760
Trial Time:          0.17766
Trial Time:          0.17753
Trial Time:          0.17747
Trial Time:          0.17764
Trial Time:          0.17749
Trial Time:          0.17767
Trial Time:          0.17759
Trial Time:          0.17749
Trial Time:          0.17749
Trial Time:          0.17787
Trial Time:          0.17745
Trial Time:          0.17820
Trial Time:          0.17744
Trial Time:          0.17750
Average Time:        0.17762
