Read Time:           0.29945
Build Time:          0.01746
Graph has 281904 nodes and 2312497 directed edges for degree: 8
Trial Time:          0.02537
Trial Time:          0.02518
Trial Time:          0.02526
Trial Time:          0.02521
Trial Time:          0.02520
Trial Time:          0.02515
Trial Time:          0.02509
Trial Time:          0.02529
Trial Time:          0.02518
Trial Time:          0.02496
Trial Time:          0.02493
Trial Time:          0.02513
Trial Time:          0.02502
Trial Time:          0.02517
Trial Time:          0.02507
Trial Time:          0.02526
Average Time:        0.02515
