Read Time:           0.62663
Build Time:          0.03177
Graph has 916428 nodes and 5105039 directed edges for degree: 5
Trial Time:          0.04285
Trial Time:          0.03871
Trial Time:          0.03883
Trial Time:          0.03839
Trial Time:          0.03834
Trial Time:          0.03810
Trial Time:          0.03897
Trial Time:          0.03813
Trial Time:          0.03842
Trial Time:          0.03813
Trial Time:          0.03680
Trial Time:          0.03900
Trial Time:          0.03865
Trial Time:          0.03824
Trial Time:          0.03819
Trial Time:          0.03728
Average Time:        0.03856
