Read Time:           1.94912
Build Time:          0.12791
Graph has 2599558 nodes and 8861320 directed edges for degree: 3
Trial Time:          0.02259
Trial Time:          0.02416
Trial Time:          0.02468
Trial Time:          0.02470
Trial Time:          0.02444
Trial Time:          0.02377
Trial Time:          0.02403
Trial Time:          0.02411
Trial Time:          0.02344
Trial Time:          0.02433
Trial Time:          0.02367
Trial Time:          0.02427
Trial Time:          0.02410
Trial Time:          0.02345
Trial Time:          0.02430
Trial Time:          0.02344
Average Time:        0.02397
