Read Time:           0.89366
Build Time:          0.03535
Graph has 685231 nodes and 7600595 directed edges for degree: 11
Trial Time:          0.02978
Trial Time:          0.03574
Trial Time:          0.02934
Trial Time:          0.02932
Trial Time:          0.02930
Trial Time:          0.02926
Trial Time:          0.02903
Trial Time:          0.02859
Trial Time:          0.02899
Trial Time:          0.02884
Trial Time:          0.02881
Trial Time:          0.02891
Trial Time:          0.02893
Trial Time:          0.02878
Trial Time:          0.02884
Trial Time:          0.02883
Average Time:        0.02945
