Read Time:           0.09429
Build Time:          0.02552
Graph has 4036179 nodes and 530872 directed edges for degree: 0
Trial Time:          0.01153
Trial Time:          0.00991
Trial Time:          0.01054
Trial Time:          0.00957
Trial Time:          0.00992
Trial Time:          0.01007
Trial Time:          0.00974
Trial Time:          0.00924
Trial Time:          0.01143
Trial Time:          0.00993
Trial Time:          0.00980
Trial Time:          0.01183
Trial Time:          0.00976
Trial Time:          0.00986
Trial Time:          0.00992
Trial Time:          0.01002
Average Time:        0.01019
