Read Time:           1.90872
Build Time:          0.49838
Graph has 2599558 nodes and 8861320 directed edges for degree: 3
Trial Time:          0.10140
Trial Time:          0.10076
Trial Time:          0.10063
Trial Time:          0.10065
Trial Time:          0.10127
Trial Time:          0.09583
Trial Time:          0.08250
Trial Time:          0.08266
Trial Time:          0.08253
Trial Time:          0.07331
Trial Time:          0.05603
Trial Time:          0.05538
Trial Time:          0.05517
Trial Time:          0.05520
Trial Time:          0.05513
Trial Time:          0.05515
Average Time:        0.07835
