Read Time:           0.63242
Build Time:          0.04252
Graph has 916428 nodes and 5105039 directed edges for degree: 5
Trial Time:          0.05326
Trial Time:          0.05338
Trial Time:          0.05278
Trial Time:          0.05356
Trial Time:          0.05298
Trial Time:          0.05399
Trial Time:          0.05377
Trial Time:          0.05302
Trial Time:          0.05310
Trial Time:          0.05370
Trial Time:          0.05347
Trial Time:          0.05385
Trial Time:          0.05342
Trial Time:          0.05377
Trial Time:          0.05281
Trial Time:          0.05314
Average Time:        0.05338
