Read Time:           0.22626
Build Time:          0.58634
Graph has 124736033 nodes and 1442970 directed edges for degree: 0
Trial Time:          0.61227
Trial Time:          0.55630
Trial Time:          0.54284
Trial Time:          0.55072
Trial Time:          0.58623
Trial Time:          0.59834
Trial Time:          0.59594
Trial Time:          0.57264
Trial Time:          0.55332
Trial Time:          0.53817
Trial Time:          0.54888
Trial Time:          0.52674
Trial Time:          0.54231
Trial Time:          0.48618
Trial Time:          0.53874
Trial Time:          0.55247
Average Time:        0.55638
