Read Time:           0.22495
Build Time:          0.56451
Graph has 124736033 nodes and 1442970 directed edges for degree: 0
Trial Time:          0.50122
Trial Time:          0.51243
Trial Time:          0.49484
Trial Time:          0.45244
Trial Time:          0.49993
Trial Time:          0.42786
Trial Time:          0.50370
Trial Time:          0.47692
Trial Time:          0.50657
Trial Time:          0.51814
Trial Time:          0.50562
Trial Time:          0.47719
Trial Time:          0.50602
Trial Time:          0.44124
Trial Time:          0.50945
Trial Time:          0.49121
Average Time:        0.48905
