Read Time:           0.19856
Build Time:          0.00901
Graph has 325729 nodes and 1469679 directed edges for degree: 4
Trial Time:          0.01492
Trial Time:          0.01457
Trial Time:          0.01468
Trial Time:          0.01464
Trial Time:          0.01462
Trial Time:          0.01470
Trial Time:          0.01460
Trial Time:          0.01462
Trial Time:          0.01472
Trial Time:          0.01480
Trial Time:          0.01468
Trial Time:          0.01469
Trial Time:          0.01472
Trial Time:          0.01461
Trial Time:          0.01468
Trial Time:          0.01466
Average Time:        0.01468
