Read Time:           0.09095
Build Time:          0.02200
Graph has 4036179 nodes and 530872 directed edges for degree: 0
Trial Time:          0.01278
Trial Time:          0.01130
Trial Time:          0.01135
Trial Time:          0.01145
Trial Time:          0.01109
Trial Time:          0.01102
Trial Time:          0.01130
Trial Time:          0.01115
Trial Time:          0.01114
Trial Time:          0.01114
Trial Time:          0.01126
Trial Time:          0.01120
Trial Time:          0.01129
Trial Time:          0.01124
Trial Time:          0.01131
Trial Time:          0.01127
Average Time:        0.01133
