Read Time:           0.62963
Build Time:          0.27443
Graph has 916428 nodes and 5105039 directed edges for degree: 5
Trial Time:          0.45216
Trial Time:          0.45284
Trial Time:          0.45342
Trial Time:          0.44599
Trial Time:          0.44571
Trial Time:          0.44565
Trial Time:          0.44655
Trial Time:          0.44693
Trial Time:          0.44669
Trial Time:          0.44705
Trial Time:          0.45220
Trial Time:          0.44646
Trial Time:          0.44625
Trial Time:          0.44576
Trial Time:          0.44563
Trial Time:          0.44617
Average Time:        0.44784
