Read Time:           1.92934
Build Time:          0.37486
Graph has 2599558 nodes and 8861320 directed edges for degree: 3
Trial Time:          0.04710
Trial Time:          0.04562
Trial Time:          0.04634
Trial Time:          0.04589
Trial Time:          0.04636
Trial Time:          0.04576
Trial Time:          0.04566
Trial Time:          0.04634
Trial Time:          0.04540
Trial Time:          0.04638
Trial Time:          0.04536
Trial Time:          0.04614
Trial Time:          0.04536
Trial Time:          0.04282
Trial Time:          0.04275
Trial Time:          0.04193
Average Time:        0.04532
