Read Time:           0.23677
Build Time:          0.28876
Graph has 124736033 nodes and 1442970 directed edges for degree: 0
Trial Time:          0.26193
Trial Time:          0.26341
Trial Time:          0.26165
Trial Time:          0.26202
Trial Time:          0.26153
Trial Time:          0.26195
Trial Time:          0.26147
Trial Time:          0.26155
Trial Time:          0.26269
Trial Time:          0.26173
Trial Time:          0.26210
Trial Time:          0.26212
Trial Time:          0.26148
Trial Time:          0.26105
Trial Time:          0.26042
Trial Time:          0.26179
Average Time:        0.26181
