Read Time:           0.61859
Build Time:          0.03216
Graph has 916428 nodes and 5105039 directed edges for degree: 5
Trial Time:          0.04519
Trial Time:          0.04274
Trial Time:          0.04186
Trial Time:          0.04239
Trial Time:          0.04220
Trial Time:          0.04165
Trial Time:          0.04225
Trial Time:          0.04257
Trial Time:          0.04301
Trial Time:          0.04143
Trial Time:          0.04220
Trial Time:          0.04297
Trial Time:          0.04135
Trial Time:          0.04095
Trial Time:          0.04293
Trial Time:          0.04143
Average Time:        0.04232
