Read Time:           0.63916
Build Time:          0.03225
Graph has 916428 nodes and 5105039 directed edges for degree: 5
Trial Time:          0.03612
Trial Time:          0.03244
Trial Time:          0.03263
Trial Time:          0.03242
Trial Time:          0.03148
Trial Time:          0.03136
Trial Time:          0.03241
Trial Time:          0.03133
Trial Time:          0.03151
Trial Time:          0.03779
Trial Time:          0.03209
Trial Time:          0.03215
Trial Time:          0.03029
Trial Time:          0.03033
Trial Time:          0.02945
Trial Time:          0.03043
Average Time:        0.03214
