Read Time:           0.28526
Build Time:          0.01916
Graph has 281904 nodes and 2312497 directed edges for degree: 8
Trial Time:          0.02466
Trial Time:          0.02057
Trial Time:          0.02047
Trial Time:          0.02030
Trial Time:          0.02060
Trial Time:          0.02039
Trial Time:          0.02047
Trial Time:          0.01992
Trial Time:          0.02054
Trial Time:          0.02053
Trial Time:          0.02059
Trial Time:          0.02030
Trial Time:          0.02053
Trial Time:          0.02046
Trial Time:          0.02047
Trial Time:          0.02061
Average Time:        0.02071
