Read Time:           0.09216
Build Time:          0.02115
Graph has 4036179 nodes and 530872 directed edges for degree: 0
Trial Time:          0.01181
Trial Time:          0.00986
Trial Time:          0.00975
Trial Time:          0.00971
Trial Time:          0.01002
Trial Time:          0.00987
Trial Time:          0.00977
Trial Time:          0.00968
Trial Time:          0.00974
Trial Time:          0.00972
Trial Time:          0.00974
Trial Time:          0.01000
Trial Time:          0.00984
Trial Time:          0.01003
Trial Time:          0.00985
Trial Time:          0.00925
Average Time:        0.00991
