Read Time:           0.18041
Build Time:          0.04491
Graph has 325729 nodes and 1469679 directed edges for degree: 4
Trial Time:          0.06272
Trial Time:          0.06249
Trial Time:          0.06251
Trial Time:          0.06238
Trial Time:          0.06252
Trial Time:          0.06251
Trial Time:          0.06251
Trial Time:          0.06238
Trial Time:          0.06245
Trial Time:          0.06234
Trial Time:          0.06247
Trial Time:          0.06241
Trial Time:          0.06283
Trial Time:          0.06247
Trial Time:          0.06264
Trial Time:          0.06252
Average Time:        0.06251
