Read Time:           0.91663
Build Time:          0.04036
Graph has 685231 nodes and 7600595 directed edges for degree: 11
Trial Time:          0.03427
Trial Time:          0.03296
Trial Time:          0.03303
Trial Time:          0.03307
Trial Time:          0.03310
Trial Time:          0.03301
Trial Time:          0.03313
Trial Time:          0.03305
Trial Time:          0.03301
Trial Time:          0.03299
Trial Time:          0.03304
Trial Time:          0.03307
Trial Time:          0.03304
Trial Time:          0.03299
Trial Time:          0.03294
Trial Time:          0.03303
Average Time:        0.03311
