Read Time:           0.29012
Build Time:          0.01678
Graph has 281904 nodes and 2312497 directed edges for degree: 8
Trial Time:          0.02452
Trial Time:          0.02066
Trial Time:          0.02078
Trial Time:          0.02077
Trial Time:          0.02066
Trial Time:          0.02053
Trial Time:          0.02078
Trial Time:          0.02078
Trial Time:          0.02076
Trial Time:          0.02071
Trial Time:          0.02064
Trial Time:          0.02077
Trial Time:          0.02066
Trial Time:          0.02054
Trial Time:          0.02072
Trial Time:          0.02087
Average Time:        0.02095
