Read Time:           0.23026
Build Time:          0.24619
Graph has 124736033 nodes and 1442970 directed edges for degree: 0
Trial Time:          0.27730
Trial Time:          0.27770
Trial Time:          0.27791
Trial Time:          0.27626
Trial Time:          0.26618
Trial Time:          0.27621
Trial Time:          0.27706
Trial Time:          0.27557
Trial Time:          0.26466
Trial Time:          0.27742
Trial Time:          0.27600
Trial Time:          0.26943
Trial Time:          0.27613
Trial Time:          0.27710
Trial Time:          0.27595
Trial Time:          0.27663
Average Time:        0.27484
