Read Time:           0.23303
Build Time:          0.22039
Graph has 124736033 nodes and 1442970 directed edges for degree: 0
Trial Time:          0.39899
Trial Time:          0.40803
Trial Time:          0.40301
Trial Time:          0.40695
Trial Time:          0.40531
Trial Time:          0.40299
Trial Time:          0.40506
Trial Time:          0.40158
Trial Time:          0.40091
Trial Time:          0.40545
Trial Time:          0.40223
Trial Time:          0.40198
Trial Time:          0.40311
Trial Time:          0.40231
Trial Time:          0.40252
Trial Time:          0.41032
Average Time:        0.40380
