Read Time:           0.28864
Build Time:          0.01920
Graph has 281904 nodes and 2312497 directed edges for degree: 8
Trial Time:          0.02938
Trial Time:          0.02593
Trial Time:          0.02548
Trial Time:          0.02634
Trial Time:          0.02540
Trial Time:          0.02599
Trial Time:          0.02587
Trial Time:          0.02596
Trial Time:          0.02637
Trial Time:          0.02634
Trial Time:          0.02622
Trial Time:          0.02617
Trial Time:          0.02551
Trial Time:          0.02575
Trial Time:          0.02644
Trial Time:          0.02579
Average Time:        0.02618
