Read Time:           0.08910
Build Time:          0.01771
Graph has 4036179 nodes and 530872 directed edges for degree: 0
Trial Time:          0.01408
Trial Time:          0.01369
Trial Time:          0.01395
Trial Time:          0.01400
Trial Time:          0.01394
Trial Time:          0.01386
Trial Time:          0.01388
Trial Time:          0.01391
Trial Time:          0.01387
Trial Time:          0.01385
Trial Time:          0.01385
Trial Time:          0.01387
Trial Time:          0.01385
Trial Time:          0.01384
Trial Time:          0.01385
Trial Time:          0.01385
Average Time:        0.01388
