Read Time:           0.09177
Build Time:          0.01906
Graph has 4036179 nodes and 530872 directed edges for degree: 0
Trial Time:          0.00948
Trial Time:          0.00836
Trial Time:          0.00789
Trial Time:          0.00773
Trial Time:          0.00774
Trial Time:          0.00776
Trial Time:          0.00788
Trial Time:          0.00777
Trial Time:          0.00786
Trial Time:          0.00773
Trial Time:          0.00786
Trial Time:          0.00795
Trial Time:          0.00794
Trial Time:          0.00789
Trial Time:          0.00788
Trial Time:          0.00769
Average Time:        0.00796
