Read Time:           0.21625
Build Time:          0.00858
Graph has 325729 nodes and 1469679 directed edges for degree: 4
Trial Time:          0.01477
Trial Time:          0.01399
Trial Time:          0.01445
Trial Time:          0.01349
Trial Time:          0.01426
Trial Time:          0.01412
Trial Time:          0.01324
Trial Time:          0.01414
Trial Time:          0.01481
Trial Time:          0.01438
Trial Time:          0.01382
Trial Time:          0.01386
Trial Time:          0.01342
Trial Time:          0.01400
Trial Time:          0.01398
Trial Time:          0.01439
Average Time:        0.01407
