Read Time:           1.92929
Build Time:          0.21695
Graph has 2599558 nodes and 8861320 directed edges for degree: 3
Trial Time:          0.03503
Trial Time:          0.03523
Trial Time:          0.03519
Trial Time:          0.03520
Trial Time:          0.03488
Trial Time:          0.03458
Trial Time:          0.03490
Trial Time:          0.03453
Trial Time:          0.03354
Trial Time:          0.03377
Trial Time:          0.03333
Trial Time:          0.03360
Trial Time:          0.03296
Trial Time:          0.03294
Trial Time:          0.03180
Trial Time:          0.03133
Average Time:        0.03393
