Read Time:           0.19281
Build Time:          0.01021
Graph has 325729 nodes and 1469679 directed edges for degree: 4
Trial Time:          0.01404
Trial Time:          0.01397
Trial Time:          0.01404
Trial Time:          0.01400
Trial Time:          0.01394
Trial Time:          0.01399
Trial Time:          0.01402
Trial Time:          0.01400
Trial Time:          0.01398
Trial Time:          0.01402
Trial Time:          0.01400
Trial Time:          0.01400
Trial Time:          0.01401
Trial Time:          0.01397
Trial Time:          0.01400
Trial Time:          0.01404
Average Time:        0.01400
