Read Time:           1.98884
Build Time:          0.63322
Graph has 2599558 nodes and 8861320 directed edges for degree: 3
Trial Time:          0.08503
Trial Time:          0.08368
Trial Time:          0.08417
Trial Time:          0.08404
Trial Time:          0.08360
Trial Time:          0.08362
Trial Time:          0.08352
Trial Time:          0.08360
Trial Time:          0.08352
Trial Time:          0.08357
Trial Time:          0.08351
Trial Time:          0.08352
Trial Time:          0.08358
Trial Time:          0.08350
Trial Time:          0.08381
Trial Time:          0.08360
Average Time:        0.08374
