Read Time:           0.18842
Build Time:          0.00664
Graph has 325729 nodes and 1469679 directed edges for degree: 4
Trial Time:          0.01192
Trial Time:          0.01149
Trial Time:          0.01154
Trial Time:          0.01146
Trial Time:          0.01143
Trial Time:          0.01151
Trial Time:          0.01189
Trial Time:          0.01189
Trial Time:          0.01160
Trial Time:          0.01142
Trial Time:          0.01148
Trial Time:          0.01147
Trial Time:          0.01147
Trial Time:          0.01187
Trial Time:          0.01185
Trial Time:          0.01192
Average Time:        0.01164
