Read Time:           0.62140
Build Time:          0.06890
Graph has 916428 nodes and 5105039 directed edges for degree: 5
Trial Time:          0.07170
Trial Time:          0.06259
Trial Time:          0.06245
Trial Time:          0.06235
Trial Time:          0.06910
Trial Time:          0.06365
Trial Time:          0.06395
Trial Time:          0.06380
Trial Time:          0.06396
Trial Time:          0.06366
Trial Time:          0.06369
Trial Time:          0.06347
Trial Time:          0.06388
Trial Time:          0.06389
Trial Time:          0.06328
Trial Time:          0.06315
Average Time:        0.06428
