Read Time:           0.18874
Build Time:          0.02443
Graph has 325729 nodes and 1469679 directed edges for degree: 4
Trial Time:          0.02622
Trial Time:          0.02516
Trial Time:          0.02504
Trial Time:          0.02507
Trial Time:          0.02502
Trial Time:          0.02497
Trial Time:          0.02527
Trial Time:          0.02527
Trial Time:          0.02502
Trial Time:          0.02502
Trial Time:          0.02521
Trial Time:          0.02518
Trial Time:          0.02496
Trial Time:          0.02512
Trial Time:          0.02509
Trial Time:          0.02506
Average Time:        0.02517
