Read Time:           0.62424
Build Time:          0.03168
Graph has 916428 nodes and 5105039 directed edges for degree: 5
Trial Time:          0.03702
Trial Time:          0.03409
Trial Time:          0.03311
Trial Time:          0.03430
Trial Time:          0.03346
Trial Time:          0.03311
Trial Time:          0.03273
Trial Time:          0.03413
Trial Time:          0.03281
Trial Time:          0.03891
Trial Time:          0.03308
Trial Time:          0.03226
Trial Time:          0.03299
Trial Time:          0.03142
Trial Time:          0.03119
Trial Time:          0.03220
Average Time:        0.03355
