Read Time:           0.91784
Build Time:          0.03678
Graph has 685231 nodes and 7600595 directed edges for degree: 11
Trial Time:          0.04386
Trial Time:          0.03400
Trial Time:          0.03393
Trial Time:          0.03405
Trial Time:          0.03399
Trial Time:          0.03394
Trial Time:          0.03391
Trial Time:          0.03403
Trial Time:          0.03402
Trial Time:          0.03403
Trial Time:          0.03408
Trial Time:          0.03400
Trial Time:          0.03397
Trial Time:          0.03410
Trial Time:          0.03404
Trial Time:          0.03390
Average Time:        0.03462
