Read Time:           0.22649
Build Time:          0.22209
Graph has 124736033 nodes and 1442970 directed edges for degree: 0
Trial Time:          0.30212
Trial Time:          0.41182
Trial Time:          0.40419
Trial Time:          0.35441
Trial Time:          0.30698
Trial Time:          0.30503
Trial Time:          0.30459
Trial Time:          0.30630
Trial Time:          0.30538
Trial Time:          0.30464
Trial Time:          0.30438
Trial Time:          0.30748
Trial Time:          0.39245
Trial Time:          0.30485
Trial Time:          0.30652
Trial Time:          0.30417
Average Time:        0.32658
