Read Time:           0.29781
Build Time:          0.01928
Graph has 281904 nodes and 2312497 directed edges for degree: 8
Trial Time:          0.02532
Trial Time:          0.02535
Trial Time:          0.02440
Trial Time:          0.02521
Trial Time:          0.02447
Trial Time:          0.02516
Trial Time:          0.02456
Trial Time:          0.02522
Trial Time:          0.02524
Trial Time:          0.02512
Trial Time:          0.02517
Trial Time:          0.02515
Trial Time:          0.02530
Trial Time:          0.02511
Trial Time:          0.02513
Trial Time:          0.02516
Average Time:        0.02506
