Read Time:           0.23650
Build Time:          0.16157
Graph has 124736033 nodes and 1442970 directed edges for degree: 0
Trial Time:          0.39373
Trial Time:          0.41502
Trial Time:          0.40984
Trial Time:          0.41492
Trial Time:          0.40336
Trial Time:          0.39240
Trial Time:          0.39227
Trial Time:          0.39518
Trial Time:          0.39371
Trial Time:          0.39531
Trial Time:          0.39328
Trial Time:          0.39425
Trial Time:          0.39172
Trial Time:          0.39497
Trial Time:          0.39436
Trial Time:          0.39127
Average Time:        0.39785
