Read Time:           1.94187
Build Time:          0.12898
Graph has 2599558 nodes and 8861320 directed edges for degree: 3
Trial Time:          0.02187
Trial Time:          0.02418
Trial Time:          0.02466
Trial Time:          0.02169
Trial Time:          0.02457
Trial Time:          0.02512
Trial Time:          0.02387
Trial Time:          0.02419
Trial Time:          0.02376
Trial Time:          0.02353
Trial Time:          0.02367
Trial Time:          0.02364
Trial Time:          0.02414
Trial Time:          0.02336
Trial Time:          0.02341
Trial Time:          0.02362
Average Time:        0.02370
