Read Time:           0.10022
Build Time:          0.02481
Graph has 4036179 nodes and 530872 directed edges for degree: 0
Trial Time:          0.01307
Trial Time:          0.01246
Trial Time:          0.01229
Trial Time:          0.01223
Trial Time:          0.01217
Trial Time:          0.01217
Trial Time:          0.01218
Trial Time:          0.01217
Trial Time:          0.01221
Trial Time:          0.01221
Trial Time:          0.01220
Trial Time:          0.01220
Trial Time:          0.01221
Trial Time:          0.01218
Trial Time:          0.01225
Trial Time:          0.01221
Average Time:        0.01228
