Read Time:           0.19001
Build Time:          0.00841
Graph has 325729 nodes and 1469679 directed edges for degree: 4
Trial Time:          0.01418
Trial Time:          0.01411
Trial Time:          0.01369
Trial Time:          0.01326
Trial Time:          0.01382
Trial Time:          0.01365
Trial Time:          0.01370
Trial Time:          0.01341
Trial Time:          0.01407
Trial Time:          0.01350
Trial Time:          0.01374
Trial Time:          0.01330
Trial Time:          0.01360
Trial Time:          0.01345
Trial Time:          0.01362
Trial Time:          0.01427
Average Time:        0.01371
