Read Time:           0.18355
Build Time:          0.00949
Graph has 325729 nodes and 1469679 directed edges for degree: 4
Trial Time:          0.01464
Trial Time:          0.01412
Trial Time:          0.01408
Trial Time:          0.01354
Trial Time:          0.01365
Trial Time:          0.01389
Trial Time:          0.01342
Trial Time:          0.01400
Trial Time:          0.01400
Trial Time:          0.01386
Trial Time:          0.01338
Trial Time:          0.01344
Trial Time:          0.01338
Trial Time:          0.01394
Trial Time:          0.01346
Trial Time:          0.01391
Average Time:        0.01379
