Read Time:           0.28718
Build Time:          0.01877
Graph has 281904 nodes and 2312497 directed edges for degree: 8
Trial Time:          0.02921
Trial Time:          0.02568
Trial Time:          0.02678
Trial Time:          0.02597
Trial Time:          0.02605
Trial Time:          0.02563
Trial Time:          0.02640
Trial Time:          0.02608
Trial Time:          0.02630
Trial Time:          0.02601
Trial Time:          0.02623
Trial Time:          0.02564
Trial Time:          0.02610
Trial Time:          0.02637
Trial Time:          0.02608
Trial Time:          0.02655
Average Time:        0.02632
