Read Time:           0.23625
Build Time:          0.31406
Graph has 124736033 nodes and 1442970 directed edges for degree: 0
Trial Time:          0.33234
Trial Time:          0.33146
Trial Time:          0.33033
Trial Time:          0.33031
Trial Time:          0.33272
Trial Time:          0.33062
Trial Time:          0.33067
Trial Time:          0.33016
Trial Time:          0.33234
Trial Time:          0.33009
Trial Time:          0.33054
Trial Time:          0.33075
Trial Time:          0.33029
Trial Time:          0.33127
Trial Time:          0.33184
Trial Time:          0.33175
Average Time:        0.33109
