Read Time:           0.22421
Build Time:          0.22427
Graph has 124736033 nodes and 1442970 directed edges for degree: 0
Trial Time:          0.35831
Trial Time:          0.40019
Trial Time:          0.37532
Trial Time:          0.38484
Trial Time:          0.34397
Trial Time:          0.34041
Trial Time:          0.34105
Trial Time:          0.34072
Trial Time:          0.33500
Trial Time:          0.34031
Trial Time:          0.33848
Trial Time:          0.33980
Trial Time:          0.34061
Trial Time:          0.33904
Trial Time:          0.34081
Trial Time:          0.33965
Average Time:        0.34991
