Read Time:           0.28626
Build Time:          0.10362
Graph has 281904 nodes and 2312497 directed edges for degree: 8
Trial Time:          0.17757
Trial Time:          0.17756
Trial Time:          0.17765
Trial Time:          0.17763
Trial Time:          0.17747
Trial Time:          0.17738
Trial Time:          0.17740
Trial Time:          0.17755
Trial Time:          0.17771
Trial Time:          0.17755
Trial Time:          0.17745
Trial Time:          0.17748
Trial Time:          0.17754
Trial Time:          0.17744
Trial Time:          0.17825
Trial Time:          0.17762
Average Time:        0.17758
