Read Time:           0.18660
Build Time:          0.00854
Graph has 325729 nodes and 1469679 directed edges for degree: 4
Trial Time:          0.01750
Trial Time:          0.01652
Trial Time:          0.01555
Trial Time:          0.01602
Trial Time:          0.01684
Trial Time:          0.01564
Trial Time:          0.01565
Trial Time:          0.01556
Trial Time:          0.01555
Trial Time:          0.01546
Trial Time:          0.01574
Trial Time:          0.01563
Trial Time:          0.01569
Trial Time:          0.01553
Trial Time:          0.01546
Trial Time:          0.01603
Average Time:        0.01590
