Read Time:           0.23641
Build Time:          0.29958
Graph has 124736033 nodes and 1442970 directed edges for degree: 0
Trial Time:          0.26062
Trial Time:          0.25988
Trial Time:          0.26067
Trial Time:          0.25998
Trial Time:          0.26073
Trial Time:          0.26095
Trial Time:          0.32664
Trial Time:          0.26057
Trial Time:          0.25950
Trial Time:          0.25986
Trial Time:          0.26017
Trial Time:          0.26015
Trial Time:          0.26031
Trial Time:          0.26050
Trial Time:          0.26065
Trial Time:          0.26105
Average Time:        0.26451
