Read Time:           0.90700
Build Time:          0.06029
Graph has 685231 nodes and 7600595 directed edges for degree: 11
Trial Time:          0.05505
Trial Time:          0.05419
Trial Time:          0.05475
Trial Time:          0.05427
Trial Time:          0.05432
Trial Time:          0.05439
Trial Time:          0.05433
Trial Time:          0.05442
Trial Time:          0.05433
Trial Time:          0.05453
Trial Time:          0.05431
Trial Time:          0.05449
Trial Time:          0.05467
Trial Time:          0.05444
Trial Time:          0.05446
Trial Time:          0.05448
Average Time:        0.05446
