Read Time:           0.91238
Build Time:          0.04277
Graph has 685231 nodes and 7600595 directed edges for degree: 11
Trial Time:          0.03394
Trial Time:          0.03328
Trial Time:          0.03328
Trial Time:          0.03332
Trial Time:          0.03326
Trial Time:          0.03329
Trial Time:          0.03334
Trial Time:          0.03328
Trial Time:          0.03319
Trial Time:          0.03330
Trial Time:          0.03330
Trial Time:          0.03325
Trial Time:          0.03322
Trial Time:          0.03332
Trial Time:          0.03324
Trial Time:          0.03324
Average Time:        0.03332
