Read Time:           0.18583
Build Time:          0.00649
Graph has 325729 nodes and 1469679 directed edges for degree: 4
Trial Time:          0.01193
Trial Time:          0.01131
Trial Time:          0.01125
Trial Time:          0.01128
Trial Time:          0.01121
Trial Time:          0.01123
Trial Time:          0.01171
Trial Time:          0.01123
Trial Time:          0.01128
Trial Time:          0.01165
Trial Time:          0.01129
Trial Time:          0.01124
Trial Time:          0.01128
Trial Time:          0.01170
Trial Time:          0.01172
Trial Time:          0.01164
Average Time:        0.01143
