Read Time:           0.29023
Build Time:          0.01849
Graph has 281904 nodes and 2312497 directed edges for degree: 8
Trial Time:          0.02361
Trial Time:          0.02069
Trial Time:          0.02055
Trial Time:          0.02069
Trial Time:          0.02063
Trial Time:          0.02088
Trial Time:          0.02079
Trial Time:          0.02067
Trial Time:          0.02008
Trial Time:          0.02078
Trial Time:          0.02076
Trial Time:          0.02072
Trial Time:          0.02026
Trial Time:          0.02045
Trial Time:          0.02057
Trial Time:          0.02087
Average Time:        0.02081
