Read Time:           0.09930
Build Time:          0.02577
Graph has 4036179 nodes and 530872 directed edges for degree: 0
Trial Time:          0.01202
Trial Time:          0.00965
Trial Time:          0.00929
Trial Time:          0.00962
Trial Time:          0.00968
Trial Time:          0.00951
Trial Time:          0.00950
Trial Time:          0.00913
Trial Time:          0.00941
Trial Time:          0.00946
Trial Time:          0.00892
Trial Time:          0.00818
Trial Time:          0.00939
Trial Time:          0.00928
Trial Time:          0.00920
Trial Time:          0.00938
Average Time:        0.00947
