Read Time:           0.28772
Build Time:          0.03528
Graph has 281904 nodes and 2312497 directed edges for degree: 8
Trial Time:          0.03604
Trial Time:          0.03273
Trial Time:          0.03234
Trial Time:          0.03253
Trial Time:          0.03250
Trial Time:          0.03241
Trial Time:          0.03260
Trial Time:          0.03286
Trial Time:          0.03255
Trial Time:          0.03249
Trial Time:          0.03269
Trial Time:          0.03267
Trial Time:          0.03255
Trial Time:          0.03239
Trial Time:          0.03232
Trial Time:          0.03195
Average Time:        0.03273
