Read Time:           0.62939
Build Time:          0.27047
Graph has 916428 nodes and 5105039 directed edges for degree: 5
Trial Time:          0.44487
Trial Time:          0.43978
Trial Time:          0.43987
Trial Time:          0.44008
Trial Time:          0.43988
Trial Time:          0.44162
Trial Time:          0.44105
Trial Time:          0.43971
Trial Time:          0.44016
Trial Time:          0.44087
Trial Time:          0.45046
Trial Time:          0.44004
Trial Time:          0.44057
Trial Time:          0.44078
Trial Time:          0.43959
Trial Time:          0.44015
Average Time:        0.44122
