Read Time:           0.29003
Build Time:          0.02057
Graph has 281904 nodes and 2312497 directed edges for degree: 8
Trial Time:          0.02384
Trial Time:          0.02022
Trial Time:          0.02041
Trial Time:          0.02040
Trial Time:          0.01982
Trial Time:          0.01970
Trial Time:          0.02044
Trial Time:          0.02035
Trial Time:          0.02048
Trial Time:          0.02031
Trial Time:          0.02035
Trial Time:          0.02034
Trial Time:          0.02040
Trial Time:          0.02042
Trial Time:          0.02049
Trial Time:          0.02035
Average Time:        0.02052
