Read Time:           1.95341
Build Time:          0.21794
Graph has 2599558 nodes and 8861320 directed edges for degree: 3
Trial Time:          0.03467
Trial Time:          0.03470
Trial Time:          0.03485
Trial Time:          0.03453
Trial Time:          0.03391
Trial Time:          0.03272
Trial Time:          0.03222
Trial Time:          0.03268
Trial Time:          0.03185
Trial Time:          0.03135
Trial Time:          0.03160
Trial Time:          0.03086
Trial Time:          0.03103
Trial Time:          0.03177
Trial Time:          0.03088
Trial Time:          0.03154
Average Time:        0.03257
