Read Time:           0.18218
Build Time:          0.04505
Graph has 325729 nodes and 1469679 directed edges for degree: 4
Trial Time:          0.06243
Trial Time:          0.06245
Trial Time:          0.06249
Trial Time:          0.06233
Trial Time:          0.06225
Trial Time:          0.06224
Trial Time:          0.06248
Trial Time:          0.06249
Trial Time:          0.06250
Trial Time:          0.06241
Trial Time:          0.06248
Trial Time:          0.06261
Trial Time:          0.06243
Trial Time:          0.06245
Trial Time:          0.06251
Trial Time:          0.06252
Average Time:        0.06244
