Read Time:           0.62088
Build Time:          0.07060
Graph has 916428 nodes and 5105039 directed edges for degree: 5
Trial Time:          0.06993
Trial Time:          0.06422
Trial Time:          0.06407
Trial Time:          0.06411
Trial Time:          0.07003
Trial Time:          0.06423
Trial Time:          0.06414
Trial Time:          0.06416
Trial Time:          0.06381
Trial Time:          0.06411
Trial Time:          0.06416
Trial Time:          0.06413
Trial Time:          0.06412
Trial Time:          0.06379
Trial Time:          0.06373
Trial Time:          0.06368
Average Time:        0.06478
