Read Time:           0.90598
Build Time:          0.03360
Graph has 685231 nodes and 7600595 directed edges for degree: 11
Trial Time:          0.03018
Trial Time:          0.03591
Trial Time:          0.02992
Trial Time:          0.03011
Trial Time:          0.03019
Trial Time:          0.02994
Trial Time:          0.03012
Trial Time:          0.03007
Trial Time:          0.03012
Trial Time:          0.03007
Trial Time:          0.02992
Trial Time:          0.02999
Trial Time:          0.02997
Trial Time:          0.02982
Trial Time:          0.03005
Trial Time:          0.03008
Average Time:        0.03040
