Read Time:           0.92379
Build Time:          0.03602
Graph has 685231 nodes and 7600595 directed edges for degree: 11
Trial Time:          0.03995
Trial Time:          0.03382
Trial Time:          0.03380
Trial Time:          0.03391
Trial Time:          0.03386
Trial Time:          0.03386
Trial Time:          0.03387
Trial Time:          0.03378
Trial Time:          0.03379
Trial Time:          0.03383
Trial Time:          0.03394
Trial Time:          0.03377
Trial Time:          0.03394
Trial Time:          0.03383
Trial Time:          0.03375
Trial Time:          0.03382
Average Time:        0.03422
