Read Time:           0.09625
Build Time:          0.02601
Graph has 4036179 nodes and 530872 directed edges for degree: 0
Trial Time:          0.01659
Trial Time:          0.01620
Trial Time:          0.01613
Trial Time:          0.01627
Trial Time:          0.01628
Trial Time:          0.01633
Trial Time:          0.01631
Trial Time:          0.01632
Trial Time:          0.01648
Trial Time:          0.01635
Trial Time:          0.01636
Trial Time:          0.01634
Trial Time:          0.01645
Trial Time:          0.01643
Trial Time:          0.01637
Trial Time:          0.01633
Average Time:        0.01635
