Read Time:           0.18461
Build Time:          0.00819
Graph has 325729 nodes and 1469679 directed edges for degree: 4
Trial Time:          0.01184
Trial Time:          0.01116
Trial Time:          0.01154
Trial Time:          0.01152
Trial Time:          0.01110
Trial Time:          0.01152
Trial Time:          0.01111
Trial Time:          0.01149
Trial Time:          0.01109
Trial Time:          0.01112
Trial Time:          0.01144
Trial Time:          0.01109
Trial Time:          0.01108
Trial Time:          0.01147
Trial Time:          0.01112
Trial Time:          0.01147
Average Time:        0.01132
