Read Time:           0.64022
Build Time:          0.03405
Graph has 916428 nodes and 5105039 directed edges for degree: 5
Trial Time:          0.02841
Trial Time:          0.02782
Trial Time:          0.02779
Trial Time:          0.02722
Trial Time:          0.02736
Trial Time:          0.02730
Trial Time:          0.02762
Trial Time:          0.02759
Trial Time:          0.02647
Trial Time:          0.02747
Trial Time:          0.02723
Trial Time:          0.03636
Trial Time:          0.02699
Trial Time:          0.02690
Trial Time:          0.02692
Trial Time:          0.02754
Average Time:        0.02794
