Read Time:           0.08598
Build Time:          0.11897
Graph has 4036179 nodes and 530872 directed edges for degree: 0
Trial Time:          0.06320
Trial Time:          0.06215
Trial Time:          0.06201
Trial Time:          0.06204
Trial Time:          0.06002
Trial Time:          0.03765
Trial Time:          0.03717
Trial Time:          0.03717
Trial Time:          0.03733
Trial Time:          0.03721
Trial Time:          0.03714
Trial Time:          0.03713
Trial Time:          0.03724
Trial Time:          0.03710
Trial Time:          0.03727
Trial Time:          0.03713
Average Time:        0.04494
