Read Time:           0.92208
Build Time:          0.03635
Graph has 685231 nodes and 7600595 directed edges for degree: 11
Trial Time:          0.04030
Trial Time:          0.03389
Trial Time:          0.03391
Trial Time:          0.03397
Trial Time:          0.03390
Trial Time:          0.03383
Trial Time:          0.03379
Trial Time:          0.03394
Trial Time:          0.03389
Trial Time:          0.03382
Trial Time:          0.03376
Trial Time:          0.03379
Trial Time:          0.03381
Trial Time:          0.03382
Trial Time:          0.03390
Trial Time:          0.03389
Average Time:        0.03426
