Read Time:           0.18931
Build Time:          0.00846
Graph has 325729 nodes and 1469679 directed edges for degree: 4
Trial Time:          0.01426
Trial Time:          0.01386
Trial Time:          0.01367
Trial Time:          0.01421
Trial Time:          0.01335
Trial Time:          0.01337
Trial Time:          0.01478
Trial Time:          0.01349
Trial Time:          0.01397
Trial Time:          0.01432
Trial Time:          0.01393
Trial Time:          0.01371
Trial Time:          0.01372
Trial Time:          0.01382
Trial Time:          0.01305
Trial Time:          0.01305
Average Time:        0.01378
