Read Time:           0.91105
Build Time:          0.23709
Graph has 685231 nodes and 7600595 directed edges for degree: 11
Trial Time:          0.30760
Trial Time:          0.30793
Trial Time:          0.30681
Trial Time:          0.30647
Trial Time:          0.30694
Trial Time:          0.30685
Trial Time:          0.30677
Trial Time:          0.30694
Trial Time:          0.30703
Trial Time:          0.30695
Trial Time:          0.30649
Trial Time:          0.30757
Trial Time:          0.30662
Trial Time:          0.30673
Trial Time:          0.30790
Trial Time:          0.30668
Average Time:        0.30702
