Read Time:           0.22637
Build Time:          0.16100
Graph has 124736033 nodes and 1442970 directed edges for degree: 0
Trial Time:          0.39276
Trial Time:          0.41519
Trial Time:          0.41484
Trial Time:          0.40692
Trial Time:          0.40056
Trial Time:          0.38923
Trial Time:          0.38845
Trial Time:          0.39129
Trial Time:          0.39060
Trial Time:          0.39013
Trial Time:          0.38892
Trial Time:          0.39105
Trial Time:          0.38881
Trial Time:          0.38687
Trial Time:          0.38716
Trial Time:          0.38902
Average Time:        0.39449
