Read Time:           1.92023
Build Time:          0.13762
Graph has 2599558 nodes and 8861320 directed edges for degree: 3
Trial Time:          0.03105
Trial Time:          0.02935
Trial Time:          0.02783
Trial Time:          0.02746
Trial Time:          0.02753
Trial Time:          0.02625
Trial Time:          0.02625
Trial Time:          0.02655
Trial Time:          0.02656
Trial Time:          0.02638
Trial Time:          0.02653
Trial Time:          0.02662
Trial Time:          0.02645
Trial Time:          0.02610
Trial Time:          0.02587
Trial Time:          0.02397
Average Time:        0.02692
