Read Time:           0.19699
Build Time:          0.00899
Graph has 325729 nodes and 1469679 directed edges for degree: 4
Trial Time:          0.01527
Trial Time:          0.01499
Trial Time:          0.01487
Trial Time:          0.01507
Trial Time:          0.01511
Trial Time:          0.01508
Trial Time:          0.01507
Trial Time:          0.01502
Trial Time:          0.01495
Trial Time:          0.01485
Trial Time:          0.01487
Trial Time:          0.01495
Trial Time:          0.01487
Trial Time:          0.01481
Trial Time:          0.01490
Trial Time:          0.01489
Average Time:        0.01497
