Read Time:           0.60819
Build Time:          0.04627
Graph has 916428 nodes and 5105039 directed edges for degree: 5
Trial Time:          0.05900
Trial Time:          0.05767
Trial Time:          0.05802
Trial Time:          0.05805
Trial Time:          0.05796
Trial Time:          0.05879
Trial Time:          0.05800
Trial Time:          0.05805
Trial Time:          0.05805
Trial Time:          0.05794
Trial Time:          0.05820
Trial Time:          0.05812
Trial Time:          0.05815
Trial Time:          0.05810
Trial Time:          0.05806
Trial Time:          0.05798
Average Time:        0.05813
