Read Time:           1.95049
Build Time:          0.12857
Graph has 2599558 nodes and 8861320 directed edges for degree: 3
Trial Time:          0.02285
Trial Time:          0.02491
Trial Time:          0.02553
Trial Time:          0.02530
Trial Time:          0.02499
Trial Time:          0.02465
Trial Time:          0.02458
Trial Time:          0.02488
Trial Time:          0.02392
Trial Time:          0.02427
Trial Time:          0.02459
Trial Time:          0.02391
Trial Time:          0.02416
Trial Time:          0.02424
Trial Time:          0.02398
Trial Time:          0.02459
Average Time:        0.02446
