Read Time:           0.29127
Build Time:          0.01695
Graph has 281904 nodes and 2312497 directed edges for degree: 8
Trial Time:          0.02331
Trial Time:          0.02050
Trial Time:          0.02060
Trial Time:          0.02075
Trial Time:          0.02071
Trial Time:          0.02069
Trial Time:          0.02061
Trial Time:          0.02064
Trial Time:          0.02060
Trial Time:          0.02054
Trial Time:          0.01992
Trial Time:          0.02056
Trial Time:          0.02042
Trial Time:          0.01997
Trial Time:          0.02063
Trial Time:          0.02039
Average Time:        0.02068
