Read Time:           0.24305
Build Time:          0.19934
Graph has 124736033 nodes and 1442970 directed edges for degree: 0
Trial Time:          0.38550
Trial Time:          0.39497
Trial Time:          0.38840
Trial Time:          0.38873
Trial Time:          0.39132
Trial Time:          0.38641
Trial Time:          0.39189
Trial Time:          0.38762
Trial Time:          0.38800
Trial Time:          0.38896
Trial Time:          0.38842
Trial Time:          0.38794
Trial Time:          0.38783
Trial Time:          0.38601
Trial Time:          0.38948
Trial Time:          0.38466
Average Time:        0.38851
