Read Time:           0.18622
Build Time:          0.00694
Graph has 325729 nodes and 1469679 directed edges for degree: 4
Trial Time:          0.01230
Trial Time:          0.01171
Trial Time:          0.01165
Trial Time:          0.01141
Trial Time:          0.01138
Trial Time:          0.01134
Trial Time:          0.01128
Trial Time:          0.01135
Trial Time:          0.01171
Trial Time:          0.01130
Trial Time:          0.01136
Trial Time:          0.01172
Trial Time:          0.01137
Trial Time:          0.01130
Trial Time:          0.01131
Trial Time:          0.01126
Average Time:        0.01148
