Read Time:           0.61991
Build Time:          0.06942
Graph has 916428 nodes and 5105039 directed edges for degree: 5
Trial Time:          0.06967
Trial Time:          0.06518
Trial Time:          0.06463
Trial Time:          0.06505
Trial Time:          0.06955
Trial Time:          0.06485
Trial Time:          0.06475
Trial Time:          0.06481
Trial Time:          0.06525
Trial Time:          0.06470
Trial Time:          0.06460
Trial Time:          0.06502
Trial Time:          0.06474
Trial Time:          0.06473
Trial Time:          0.06458
Trial Time:          0.06427
Average Time:        0.06540
