Read Time:           0.18247
Build Time:          0.00734
Graph has 325729 nodes and 1469679 directed edges for degree: 4
Trial Time:          0.01189
Trial Time:          0.01167
Trial Time:          0.01152
Trial Time:          0.01110
Trial Time:          0.01118
Trial Time:          0.01108
Trial Time:          0.01148
Trial Time:          0.01107
Trial Time:          0.01107
Trial Time:          0.01107
Trial Time:          0.01149
Trial Time:          0.01108
Trial Time:          0.01148
Trial Time:          0.01108
Trial Time:          0.01149
Trial Time:          0.01111
Average Time:        0.01130
