Read Time:           0.23465
Build Time:          0.21769
Graph has 124736033 nodes and 1442970 directed edges for degree: 0
Trial Time:          0.39862
Trial Time:          0.41227
Trial Time:          0.40418
Trial Time:          0.40742
Trial Time:          0.40366
Trial Time:          0.40190
Trial Time:          0.40412
Trial Time:          0.40486
Trial Time:          0.40273
Trial Time:          0.40320
Trial Time:          0.40002
Trial Time:          0.39890
Trial Time:          0.40278
Trial Time:          0.40882
Trial Time:          0.39967
Trial Time:          0.40663
Average Time:        0.40374
