Read Time:           0.09483
Build Time:          0.02438
Graph has 4036179 nodes and 530872 directed edges for degree: 0
Trial Time:          0.01048
Trial Time:          0.00920
Trial Time:          0.00927
Trial Time:          0.00906
Trial Time:          0.00932
Trial Time:          0.00918
Trial Time:          0.00958
Trial Time:          0.00950
Trial Time:          0.00940
Trial Time:          0.00913
Trial Time:          0.00916
Trial Time:          0.00886
Trial Time:          0.00929
Trial Time:          0.00937
Trial Time:          0.01045
Trial Time:          0.00915
Average Time:        0.00940
