Read Time:           0.92745
Build Time:          0.03811
Graph has 685231 nodes and 7600595 directed edges for degree: 11
Trial Time:          0.04258
Trial Time:          0.03411
Trial Time:          0.03419
Trial Time:          0.03419
Trial Time:          0.03410
Trial Time:          0.03413
Trial Time:          0.03415
Trial Time:          0.03415
Trial Time:          0.03435
Trial Time:          0.03414
Trial Time:          0.03417
Trial Time:          0.03416
Trial Time:          0.03413
Trial Time:          0.03424
Trial Time:          0.03409
Trial Time:          0.03412
Average Time:        0.03469
