Read Time:           0.22831
Build Time:          0.56225
Graph has 124736033 nodes and 1442970 directed edges for degree: 0
Trial Time:          0.47858
Trial Time:          0.50407
Trial Time:          0.50084
Trial Time:          0.44808
Trial Time:          0.45435
Trial Time:          0.50856
Trial Time:          0.51650
Trial Time:          0.42806
Trial Time:          0.51800
Trial Time:          0.50975
Trial Time:          0.52030
Trial Time:          0.43563
Trial Time:          0.45769
Trial Time:          0.47985
Trial Time:          0.51792
Trial Time:          0.45510
Average Time:        0.48333
