Read Time:           0.22599
Build Time:          0.15381
Graph has 124736033 nodes and 1442970 directed edges for degree: 0
Trial Time:          0.30721
Trial Time:          0.43062
Trial Time:          0.32715
Trial Time:          0.32852
Trial Time:          0.33725
Trial Time:          0.30406
Trial Time:          0.30442
Trial Time:          0.30483
Trial Time:          0.30342
Trial Time:          0.30502
Trial Time:          0.30488
Trial Time:          0.30585
Trial Time:          0.30585
Trial Time:          0.30109
Trial Time:          0.30414
Trial Time:          0.30414
Average Time:        0.31740
