Read Time:           0.90324
Build Time:          0.04555
Graph has 685231 nodes and 7600595 directed edges for degree: 11
Trial Time:          0.04180
Trial Time:          0.03779
Trial Time:          0.03788
Trial Time:          0.03713
Trial Time:          0.03708
Trial Time:          0.03705
Trial Time:          0.03721
Trial Time:          0.03725
Trial Time:          0.03703
Trial Time:          0.03712
Trial Time:          0.03716
Trial Time:          0.03715
Trial Time:          0.03694
Trial Time:          0.03711
Trial Time:          0.03723
Trial Time:          0.03714
Average Time:        0.03750
