Read Time:           0.62742
Build Time:          0.03192
Graph has 916428 nodes and 5105039 directed edges for degree: 5
Trial Time:          0.03584
Trial Time:          0.03206
Trial Time:          0.03222
Trial Time:          0.03223
Trial Time:          0.03129
Trial Time:          0.03106
Trial Time:          0.03215
Trial Time:          0.03146
Trial Time:          0.03151
Trial Time:          0.03149
Trial Time:          0.03690
Trial Time:          0.03132
Trial Time:          0.03134
Trial Time:          0.03126
Trial Time:          0.03134
Trial Time:          0.03122
Average Time:        0.03217
