Read Time:           0.62568
Build Time:          0.02922
Graph has 916428 nodes and 5105039 directed edges for degree: 5
Trial Time:          0.03651
Trial Time:          0.03431
Trial Time:          0.03436
Trial Time:          0.03409
Trial Time:          0.03386
Trial Time:          0.03333
Trial Time:          0.03408
Trial Time:          0.03395
Trial Time:          0.03412
Trial Time:          0.04084
Trial Time:          0.03122
Trial Time:          0.03082
Trial Time:          0.03079
Trial Time:          0.03071
Trial Time:          0.03051
Trial Time:          0.03077
Average Time:        0.03339
