Read Time:           0.24295
Build Time:          0.19915
Graph has 124736033 nodes and 1442970 directed edges for degree: 0
Trial Time:          0.38570
Trial Time:          0.39315
Trial Time:          0.38701
Trial Time:          0.38850
Trial Time:          0.39073
Trial Time:          0.38871
Trial Time:          0.38757
Trial Time:          0.38737
Trial Time:          0.38851
Trial Time:          0.39017
Trial Time:          0.38585
Trial Time:          0.38701
Trial Time:          0.38777
Trial Time:          0.38847
Trial Time:          0.38794
Trial Time:          0.38483
Average Time:        0.38808
