Read Time:           0.18553
Build Time:          0.00701
Graph has 325729 nodes and 1469679 directed edges for degree: 4
Trial Time:          0.01226
Trial Time:          0.01118
Trial Time:          0.01158
Trial Time:          0.01152
Trial Time:          0.01119
Trial Time:          0.01117
Trial Time:          0.01127
Trial Time:          0.01117
Trial Time:          0.01159
Trial Time:          0.01125
Trial Time:          0.01154
Trial Time:          0.01121
Trial Time:          0.01154
Trial Time:          0.01152
Trial Time:          0.01158
Trial Time:          0.01117
Average Time:        0.01142
