Read Time:           1.95349
Build Time:          1.59085
Graph has 2599558 nodes and 8861320 directed edges for degree: 3
Trial Time:          0.08297
Trial Time:          0.08131
Trial Time:          0.08104
Trial Time:          0.08099
Trial Time:          0.08096
Trial Time:          0.08090
Trial Time:          0.08096
Trial Time:          0.08143
Trial Time:          0.08117
Trial Time:          0.08089
Trial Time:          0.08088
Trial Time:          0.08099
Trial Time:          0.08099
Trial Time:          0.08088
Trial Time:          0.08088
Trial Time:          0.08084
Average Time:        0.08113
