Read Time:           0.18807
Build Time:          0.00987
Graph has 325729 nodes and 1469679 directed edges for degree: 4
Trial Time:          0.01878
Trial Time:          0.01651
Trial Time:          0.01650
Trial Time:          0.01655
Trial Time:          0.01651
Trial Time:          0.01629
Trial Time:          0.01634
Trial Time:          0.01653
Trial Time:          0.01704
Trial Time:          0.01616
Trial Time:          0.01638
Trial Time:          0.01626
Trial Time:          0.01645
Trial Time:          0.01734
Trial Time:          0.01631
Trial Time:          0.01653
Average Time:        0.01666
