Read Time:           0.22746
Build Time:          0.16976
Graph has 124736033 nodes and 1442970 directed edges for degree: 0
Trial Time:          0.39679
Trial Time:          0.41808
Trial Time:          0.40990
Trial Time:          0.41242
Trial Time:          0.40346
Trial Time:          0.39583
Trial Time:          0.40049
Trial Time:          0.39670
Trial Time:          0.39743
Trial Time:          0.39580
Trial Time:          0.39475
Trial Time:          0.39656
Trial Time:          0.39598
Trial Time:          0.39520
Trial Time:          0.39405
Trial Time:          0.39408
Average Time:        0.39984
