Read Time:           0.24327
Build Time:          0.22015
Graph has 124736033 nodes and 1442970 directed edges for degree: 0
Trial Time:          0.39957
Trial Time:          0.41180
Trial Time:          0.40530
Trial Time:          0.40631
Trial Time:          0.40344
Trial Time:          0.40314
Trial Time:          0.40411
Trial Time:          0.40250
Trial Time:          0.40636
Trial Time:          0.40224
Trial Time:          0.40283
Trial Time:          0.40756
Trial Time:          0.40177
Trial Time:          0.40234
Trial Time:          0.40172
Trial Time:          0.39841
Average Time:        0.40371
