Read Time:           0.23009
Build Time:          0.19178
Graph has 124736033 nodes and 1442970 directed edges for degree: 0
Trial Time:          0.39431
Trial Time:          0.39835
Trial Time:          0.40167
Trial Time:          0.39841
Trial Time:          0.40354
Trial Time:          0.39543
Trial Time:          0.39665
Trial Time:          0.40454
Trial Time:          0.39840
Trial Time:          0.39560
Trial Time:          0.39801
Trial Time:          0.39420
Trial Time:          0.39655
Trial Time:          0.39841
Trial Time:          0.39426
Trial Time:          0.39290
Average Time:        0.39758
