Read Time:           0.30573
Build Time:          0.02106
Graph has 281904 nodes and 2312497 directed edges for degree: 8
Trial Time:          0.02979
Trial Time:          0.02947
Trial Time:          0.02928
Trial Time:          0.02934
Trial Time:          0.02951
Trial Time:          0.02966
Trial Time:          0.02827
Trial Time:          0.02932
Trial Time:          0.02897
Trial Time:          0.02921
Trial Time:          0.02936
Trial Time:          0.02854
Trial Time:          0.02818
Trial Time:          0.02909
Trial Time:          0.02925
Trial Time:          0.02924
Average Time:        0.02916
