Read Time:           0.22566
Build Time:          0.15332
Graph has 124736033 nodes and 1442970 directed edges for degree: 0
Trial Time:          0.30599
Trial Time:          0.32871
Trial Time:          0.32371
Trial Time:          0.32985
Trial Time:          0.33512
Trial Time:          0.30889
Trial Time:          0.30178
Trial Time:          0.30186
Trial Time:          0.30285
Trial Time:          0.30441
Trial Time:          0.30383
Trial Time:          0.30338
Trial Time:          0.30367
Trial Time:          0.30350
Trial Time:          0.30280
Trial Time:          0.30291
Average Time:        0.31020
