Read Time:           0.18202
Build Time:          0.00670
Graph has 325729 nodes and 1469679 directed edges for degree: 4
Trial Time:          0.01070
Trial Time:          0.01056
Trial Time:          0.01057
Trial Time:          0.01055
Trial Time:          0.01056
Trial Time:          0.01059
Trial Time:          0.01056
Trial Time:          0.01055
Trial Time:          0.01055
Trial Time:          0.01054
Trial Time:          0.01059
Trial Time:          0.01055
Trial Time:          0.01055
Trial Time:          0.01055
Trial Time:          0.01053
Trial Time:          0.01056
Average Time:        0.01057
