Read Time:           0.30288
Build Time:          0.01908
Graph has 281904 nodes and 2312497 directed edges for degree: 8
Trial Time:          0.02531
Trial Time:          0.02510
Trial Time:          0.02518
Trial Time:          0.02508
Trial Time:          0.02505
Trial Time:          0.02512
Trial Time:          0.02520
Trial Time:          0.02520
Trial Time:          0.02518
Trial Time:          0.02515
Trial Time:          0.02491
Trial Time:          0.02511
Trial Time:          0.02516
Trial Time:          0.02518
Trial Time:          0.02513
Trial Time:          0.02522
Average Time:        0.02514
