Read Time:           0.90486
Build Time:          0.03224
Graph has 685231 nodes and 7600595 directed edges for degree: 11
Trial Time:          0.03040
Trial Time:          0.03709
Trial Time:          0.02974
Trial Time:          0.02954
Trial Time:          0.02953
Trial Time:          0.02958
Trial Time:          0.02954
Trial Time:          0.02947
Trial Time:          0.02962
Trial Time:          0.02960
Trial Time:          0.02962
Trial Time:          0.02950
Trial Time:          0.02954
Trial Time:          0.02957
Trial Time:          0.02956
Trial Time:          0.02961
Average Time:        0.03009
