Read Time:           0.28914
Build Time:          0.10374
Graph has 281904 nodes and 2312497 directed edges for degree: 8
Trial Time:          0.17748
Trial Time:          0.17736
Trial Time:          0.17728
Trial Time:          0.17724
Trial Time:          0.17717
Trial Time:          0.17717
Trial Time:          0.17716
Trial Time:          0.17758
Trial Time:          0.17791
Trial Time:          0.17727
Trial Time:          0.17711
Trial Time:          0.17712
Trial Time:          0.17745
Trial Time:          0.17712
Trial Time:          0.17711
Trial Time:          0.17728
Average Time:        0.17730
