Read Time:           0.62865
Build Time:          0.13141
Graph has 916428 nodes and 5105039 directed edges for degree: 5
Trial Time:          0.21133
Trial Time:          0.20891
Trial Time:          0.20896
Trial Time:          0.20941
Trial Time:          0.20880
Trial Time:          0.20932
Trial Time:          0.20857
Trial Time:          0.20871
Trial Time:          0.20859
Trial Time:          0.20898
Trial Time:          0.20954
Trial Time:          0.20855
Trial Time:          0.20900
Trial Time:          0.20883
Trial Time:          0.20891
Trial Time:          0.20865
Average Time:        0.20907
