Read Time:           1.93633
Build Time:          0.14600
Graph has 2599558 nodes and 8861320 directed edges for degree: 3
Trial Time:          0.02461
Trial Time:          0.02437
Trial Time:          0.02337
Trial Time:          0.02398
Trial Time:          0.02345
Trial Time:          0.02374
Trial Time:          0.02377
Trial Time:          0.02289
Trial Time:          0.02321
Trial Time:          0.02334
Trial Time:          0.02302
Trial Time:          0.02343
Trial Time:          0.02288
Trial Time:          0.02308
Trial Time:          0.02283
Trial Time:          0.02292
Average Time:        0.02343
