Read Time:           1.95733
Build Time:          0.11708
Graph has 2599558 nodes and 8861320 directed edges for degree: 3
Trial Time:          0.02094
Trial Time:          0.01948
Trial Time:          0.01912
Trial Time:          0.01861
Trial Time:          0.01877
Trial Time:          0.01852
Trial Time:          0.01859
Trial Time:          0.01869
Trial Time:          0.01917
Trial Time:          0.01884
Trial Time:          0.01885
Trial Time:          0.01905
Trial Time:          0.01905
Trial Time:          0.01876
Trial Time:          0.01893
Trial Time:          0.01887
Average Time:        0.01902
