Read Time:           0.18547
Build Time:          0.00841
Graph has 325729 nodes and 1469679 directed edges for degree: 4
Trial Time:          0.01218
Trial Time:          0.01117
Trial Time:          0.01148
Trial Time:          0.01107
Trial Time:          0.01150
Trial Time:          0.01150
Trial Time:          0.01156
Trial Time:          0.01114
Trial Time:          0.01111
Trial Time:          0.01110
Trial Time:          0.01150
Trial Time:          0.01114
Trial Time:          0.01152
Trial Time:          0.01155
Trial Time:          0.01153
Trial Time:          0.01108
Average Time:        0.01138
