Read Time:           0.29385
Build Time:          0.07552
Graph has 281904 nodes and 2312497 directed edges for degree: 8
Trial Time:          0.07401
Trial Time:          0.06932
Trial Time:          0.06912
Trial Time:          0.06958
Trial Time:          0.06905
Trial Time:          0.06920
Trial Time:          0.06966
Trial Time:          0.06906
Trial Time:          0.07147
Trial Time:          0.06923
Trial Time:          0.06935
Trial Time:          0.06902
Trial Time:          0.06892
Trial Time:          0.06898
Trial Time:          0.06770
Trial Time:          0.06653
Average Time:        0.06939
