Read Time:           0.29902
Build Time:          0.01680
Graph has 281904 nodes and 2312497 directed edges for degree: 8
Trial Time:          0.02538
Trial Time:          0.02529
Trial Time:          0.02519
Trial Time:          0.02547
Trial Time:          0.02534
Trial Time:          0.02545
Trial Time:          0.02512
Trial Time:          0.02561
Trial Time:          0.02514
Trial Time:          0.02541
Trial Time:          0.02527
Trial Time:          0.02521
Trial Time:          0.02539
Trial Time:          0.02530
Trial Time:          0.02534
Trial Time:          0.02564
Average Time:        0.02535
