Read Time:           0.29059
Build Time:          0.01857
Graph has 281904 nodes and 2312497 directed edges for degree: 8
Trial Time:          0.02418
Trial Time:          0.02053
Trial Time:          0.01998
Trial Time:          0.02057
Trial Time:          0.02076
Trial Time:          0.02033
Trial Time:          0.02052
Trial Time:          0.02032
Trial Time:          0.02035
Trial Time:          0.01908
Trial Time:          0.01846
Trial Time:          0.01904
Trial Time:          0.01898
Trial Time:          0.01902
Trial Time:          0.01864
Trial Time:          0.01916
Average Time:        0.02000
