Read Time:           0.18960
Build Time:          0.00657
Graph has 325729 nodes and 1469679 directed edges for degree: 4
Trial Time:          0.01205
Trial Time:          0.01128
Trial Time:          0.01171
Trial Time:          0.01177
Trial Time:          0.01131
Trial Time:          0.01133
Trial Time:          0.01128
Trial Time:          0.01127
Trial Time:          0.01122
Trial Time:          0.01136
Trial Time:          0.01132
Trial Time:          0.01127
Trial Time:          0.01168
Trial Time:          0.01131
Trial Time:          0.01169
Trial Time:          0.01134
Average Time:        0.01145
