Read Time:           0.28856
Build Time:          0.01654
Graph has 281904 nodes and 2312497 directed edges for degree: 8
Trial Time:          0.01794
Trial Time:          0.01765
Trial Time:          0.01741
Trial Time:          0.01760
Trial Time:          0.01751
Trial Time:          0.01747
Trial Time:          0.01752
Trial Time:          0.01754
Trial Time:          0.01755
Trial Time:          0.01746
Trial Time:          0.01712
Trial Time:          0.01752
Trial Time:          0.01751
Trial Time:          0.01753
Trial Time:          0.01751
Trial Time:          0.01752
Average Time:        0.01752
