Read Time:           0.89667
Build Time:          0.04255
Graph has 685231 nodes and 7600595 directed edges for degree: 11
Trial Time:          0.04920
Trial Time:          0.04835
Trial Time:          0.04817
Trial Time:          0.04830
Trial Time:          0.04824
Trial Time:          0.04788
Trial Time:          0.04805
Trial Time:          0.04813
Trial Time:          0.04809
Trial Time:          0.04800
Trial Time:          0.04789
Trial Time:          0.04675
Trial Time:          0.04677
Trial Time:          0.04678
Trial Time:          0.04677
Trial Time:          0.04682
Average Time:        0.04776
