Read Time:           0.24291
Build Time:          0.19771
Graph has 124736033 nodes and 1442970 directed edges for degree: 0
Trial Time:          0.38498
Trial Time:          0.39412
Trial Time:          0.38954
Trial Time:          0.38848
Trial Time:          0.39227
Trial Time:          0.38742
Trial Time:          0.39210
Trial Time:          0.38833
Trial Time:          0.38833
Trial Time:          0.39144
Trial Time:          0.38840
Trial Time:          0.38776
Trial Time:          0.38604
Trial Time:          0.38676
Trial Time:          0.38976
Trial Time:          0.38703
Average Time:        0.38892
