Read Time:           1.95395
Build Time:          0.11783
Graph has 2599558 nodes and 8861320 directed edges for degree: 3
Trial Time:          0.01822
Trial Time:          0.01777
Trial Time:          0.01796
Trial Time:          0.01797
Trial Time:          0.01798
Trial Time:          0.01799
Trial Time:          0.01809
Trial Time:          0.01816
Trial Time:          0.01803
Trial Time:          0.01808
Trial Time:          0.01812
Trial Time:          0.01812
Trial Time:          0.01809
Trial Time:          0.01813
Trial Time:          0.01811
Trial Time:          0.01818
Average Time:        0.01806
