Read Time:           0.90635
Build Time:          0.03340
Graph has 685231 nodes and 7600595 directed edges for degree: 11
Trial Time:          0.03015
Trial Time:          0.03304
Trial Time:          0.02939
Trial Time:          0.02918
Trial Time:          0.02929
Trial Time:          0.02940
Trial Time:          0.02935
Trial Time:          0.02934
Trial Time:          0.02923
Trial Time:          0.02923
Trial Time:          0.02932
Trial Time:          0.02923
Trial Time:          0.02921
Trial Time:          0.02910
Trial Time:          0.02915
Trial Time:          0.02917
Average Time:        0.02955
