Read Time:           0.63170
Build Time:          0.03417
Graph has 916428 nodes and 5105039 directed edges for degree: 5
Trial Time:          0.03846
Trial Time:          0.03784
Trial Time:          0.03803
Trial Time:          0.03853
Trial Time:          0.03838
Trial Time:          0.03772
Trial Time:          0.03777
Trial Time:          0.03863
Trial Time:          0.03966
Trial Time:          0.03831
Trial Time:          0.03841
Trial Time:          0.03815
Trial Time:          0.03829
Trial Time:          0.03808
Trial Time:          0.03814
Trial Time:          0.03803
Average Time:        0.03828
