Read Time:           0.10225
Build Time:          0.02575
Graph has 4036179 nodes and 530872 directed edges for degree: 0
Trial Time:          0.01043
Trial Time:          0.00855
Trial Time:          0.00805
Trial Time:          0.00839
Trial Time:          0.00835
Trial Time:          0.00809
Trial Time:          0.00834
Trial Time:          0.00832
Trial Time:          0.00824
Trial Time:          0.00830
Trial Time:          0.00823
Trial Time:          0.00821
Trial Time:          0.00823
Trial Time:          0.00839
Trial Time:          0.00825
Trial Time:          0.00837
Average Time:        0.00842
