Read Time:           0.18504
Build Time:          0.00795
Graph has 325729 nodes and 1469679 directed edges for degree: 4
Trial Time:          0.01194
Trial Time:          0.01144
Trial Time:          0.01146
Trial Time:          0.01095
Trial Time:          0.01140
Trial Time:          0.01098
Trial Time:          0.01096
Trial Time:          0.01095
Trial Time:          0.01131
Trial Time:          0.01096
Trial Time:          0.01135
Trial Time:          0.01145
Trial Time:          0.01098
Trial Time:          0.01129
Trial Time:          0.01131
Trial Time:          0.01135
Average Time:        0.01125
