Read Time:           0.09456
Build Time:          0.02046
Graph has 4036179 nodes and 530872 directed edges for degree: 0
Trial Time:          0.01124
Trial Time:          0.00928
Trial Time:          0.00877
Trial Time:          0.00879
Trial Time:          0.00876
Trial Time:          0.00881
Trial Time:          0.00887
Trial Time:          0.00877
Trial Time:          0.00903
Trial Time:          0.00884
Trial Time:          0.00903
Trial Time:          0.00873
Trial Time:          0.00886
Trial Time:          0.00895
Trial Time:          0.00875
Trial Time:          0.00875
Average Time:        0.00902
