Read Time:           1.92174
Build Time:          0.12953
Graph has 2599558 nodes and 8861320 directed edges for degree: 3
Trial Time:          0.02430
Trial Time:          0.02729
Trial Time:          0.02633
Trial Time:          0.02685
Trial Time:          0.02709
Trial Time:          0.02756
Trial Time:          0.02836
Trial Time:          0.02712
Trial Time:          0.02684
Trial Time:          0.02698
Trial Time:          0.02807
Trial Time:          0.02701
Trial Time:          0.02726
Trial Time:          0.02768
Trial Time:          0.02779
Trial Time:          0.02776
Average Time:        0.02714
