Read Time:           1.95134
Build Time:          0.94610
Graph has 2599558 nodes and 8861320 directed edges for degree: 3
Trial Time:          0.07137
Trial Time:          0.08951
Trial Time:          0.10554
Trial Time:          0.09270
Trial Time:          0.09135
Trial Time:          0.09129
Trial Time:          0.08902
Trial Time:          0.10840
Trial Time:          0.11126
Trial Time:          0.07466
Trial Time:          0.07171
Trial Time:          0.07143
Trial Time:          0.07245
Trial Time:          0.07153
Trial Time:          0.07119
Trial Time:          0.07212
Average Time:        0.08472
