Read Time:           0.62016
Build Time:          0.03163
Graph has 916428 nodes and 5105039 directed edges for degree: 5
Trial Time:          0.04193
Trial Time:          0.03681
Trial Time:          0.03826
Trial Time:          0.03732
Trial Time:          0.03737
Trial Time:          0.03828
Trial Time:          0.03823
Trial Time:          0.03695
Trial Time:          0.03852
Trial Time:          0.03815
Trial Time:          0.03813
Trial Time:          0.03854
Trial Time:          0.03884
Trial Time:          0.03777
Trial Time:          0.03796
Trial Time:          0.03827
Average Time:        0.03821
