Read Time:           0.08608
Build Time:          0.11994
Graph has 4036179 nodes and 530872 directed edges for degree: 0
Trial Time:          0.06296
Trial Time:          0.06178
Trial Time:          0.06181
Trial Time:          0.06203
Trial Time:          0.06157
Trial Time:          0.06180
Trial Time:          0.06168
Trial Time:          0.06166
Trial Time:          0.06162
Trial Time:          0.06171
Trial Time:          0.06159
Trial Time:          0.06162
Trial Time:          0.06152
Trial Time:          0.06152
Trial Time:          0.06151
Trial Time:          0.06172
Average Time:        0.06176
