Read Time:           1.95724
Build Time:          0.11779
Graph has 2599558 nodes and 8861320 directed edges for degree: 3
Trial Time:          0.01786
Trial Time:          0.01759
Trial Time:          0.01775
Trial Time:          0.01781
Trial Time:          0.01787
Trial Time:          0.01814
Trial Time:          0.01792
Trial Time:          0.01805
Trial Time:          0.01795
Trial Time:          0.01787
Trial Time:          0.01799
Trial Time:          0.01804
Trial Time:          0.01806
Trial Time:          0.01809
Trial Time:          0.01798
Trial Time:          0.01790
Average Time:        0.01793
