Read Time:           0.61719
Build Time:          0.03296
Graph has 916428 nodes and 5105039 directed edges for degree: 5
Trial Time:          0.03724
Trial Time:          0.03622
Trial Time:          0.03620
Trial Time:          0.03617
Trial Time:          0.03631
Trial Time:          0.03612
Trial Time:          0.03613
Trial Time:          0.03606
Trial Time:          0.03599
Trial Time:          0.03641
Trial Time:          0.03587
Trial Time:          0.03586
Trial Time:          0.03590
Trial Time:          0.03588
Trial Time:          0.03582
Trial Time:          0.03569
Average Time:        0.03612
