Read Time:           0.63229
Build Time:          0.04536
Graph has 916428 nodes and 5105039 directed edges for degree: 5
Trial Time:          0.04645
Trial Time:          0.04294
Trial Time:          0.04299
Trial Time:          0.04304
Trial Time:          0.04282
Trial Time:          0.04296
Trial Time:          0.04289
Trial Time:          0.04600
Trial Time:          0.04288
Trial Time:          0.04271
Trial Time:          0.04274
Trial Time:          0.04257
Trial Time:          0.04264
Trial Time:          0.04251
Trial Time:          0.04258
Trial Time:          0.04278
Average Time:        0.04322
