Read Time:           0.29380
Build Time:          0.01807
Graph has 281904 nodes and 2312497 directed edges for degree: 8
Trial Time:          0.02444
Trial Time:          0.02063
Trial Time:          0.02047
Trial Time:          0.02072
Trial Time:          0.02010
Trial Time:          0.02062
Trial Time:          0.02068
Trial Time:          0.02060
Trial Time:          0.02065
Trial Time:          0.02056
Trial Time:          0.02084
Trial Time:          0.02083
Trial Time:          0.02065
Trial Time:          0.02088
Trial Time:          0.02076
Trial Time:          0.02069
Average Time:        0.02088
