Read Time:           0.18486
Build Time:          0.00911
Graph has 325729 nodes and 1469679 directed edges for degree: 4
Trial Time:          0.01805
Trial Time:          0.01591
Trial Time:          0.01586
Trial Time:          0.01565
Trial Time:          0.01625
Trial Time:          0.01607
Trial Time:          0.01581
Trial Time:          0.01610
Trial Time:          0.01584
Trial Time:          0.01574
Trial Time:          0.01547
Trial Time:          0.01545
Trial Time:          0.01572
Trial Time:          0.01592
Trial Time:          0.01559
Trial Time:          0.01583
Average Time:        0.01595
