Read Time:           0.18598
Build Time:          0.00708
Graph has 325729 nodes and 1469679 directed edges for degree: 4
Trial Time:          0.01203
Trial Time:          0.01170
Trial Time:          0.01167
Trial Time:          0.01133
Trial Time:          0.01169
Trial Time:          0.01128
Trial Time:          0.01130
Trial Time:          0.01125
Trial Time:          0.01129
Trial Time:          0.01128
Trial Time:          0.01166
Trial Time:          0.01167
Trial Time:          0.01130
Trial Time:          0.01123
Trial Time:          0.01172
Trial Time:          0.01174
Average Time:        0.01151
