Read Time:           0.22427
Build Time:          0.24450
Graph has 124736033 nodes and 1442970 directed edges for degree: 0
Trial Time:          0.27757
Trial Time:          0.27341
Trial Time:          0.27685
Trial Time:          0.26742
Trial Time:          0.27682
Trial Time:          0.27710
Trial Time:          0.26818
Trial Time:          0.27703
Trial Time:          0.27577
Trial Time:          0.27599
Trial Time:          0.27396
Trial Time:          0.27727
Trial Time:          0.27698
Trial Time:          0.26999
Trial Time:          0.26430
Trial Time:          0.27705
Average Time:        0.27411
