Read Time:           0.32000
Build Time:          0.02064
Graph has 281904 nodes and 2312497 directed edges for degree: 8
Trial Time:          0.02500
Trial Time:          0.02005
Trial Time:          0.02010
Trial Time:          0.02025
Trial Time:          0.01933
Trial Time:          0.01986
Trial Time:          0.01987
Trial Time:          0.01989
Trial Time:          0.01985
Trial Time:          0.01997
Trial Time:          0.01992
Trial Time:          0.01996
Trial Time:          0.01993
Trial Time:          0.01931
Trial Time:          0.01993
Trial Time:          0.01978
Average Time:        0.02019
