Read Time:           0.30475
Build Time:          0.02035
Graph has 281904 nodes and 2312497 directed edges for degree: 8
Trial Time:          0.02991
Trial Time:          0.02917
Trial Time:          0.02850
Trial Time:          0.02938
Trial Time:          0.02924
Trial Time:          0.02937
Trial Time:          0.02930
Trial Time:          0.02910
Trial Time:          0.02852
Trial Time:          0.02859
Trial Time:          0.02946
Trial Time:          0.02875
Trial Time:          0.02835
Trial Time:          0.02924
Trial Time:          0.02965
Trial Time:          0.02840
Average Time:        0.02906
