Read Time:           0.09799
Build Time:          0.02097
Graph has 4036179 nodes and 530872 directed edges for degree: 0
Trial Time:          0.01353
Trial Time:          0.01306
Trial Time:          0.01299
Trial Time:          0.01291
Trial Time:          0.01286
Trial Time:          0.01282
Trial Time:          0.01284
Trial Time:          0.01284
Trial Time:          0.01285
Trial Time:          0.01280
Trial Time:          0.01277
Trial Time:          0.01281
Trial Time:          0.01281
Trial Time:          0.01278
Trial Time:          0.01281
Trial Time:          0.01280
Average Time:        0.01289
