Read Time:           0.62767
Build Time:          0.06015
Graph has 916428 nodes and 5105039 directed edges for degree: 5
Trial Time:          0.08191
Trial Time:          0.08088
Trial Time:          0.08078
Trial Time:          0.08117
Trial Time:          0.08126
Trial Time:          0.08140
Trial Time:          0.08181
Trial Time:          0.08145
Trial Time:          0.08088
Trial Time:          0.08126
Trial Time:          0.08089
Trial Time:          0.08123
Trial Time:          0.08129
Trial Time:          0.08101
Trial Time:          0.08140
Trial Time:          0.08114
Average Time:        0.08124
