Read Time:           0.63199
Build Time:          0.09934
Graph has 916428 nodes and 5105039 directed edges for degree: 5
Trial Time:          0.14206
Trial Time:          0.12539
Trial Time:          0.12477
Trial Time:          0.12526
Trial Time:          0.12533
Trial Time:          0.12516
Trial Time:          0.12473
Trial Time:          0.12488
Trial Time:          0.12480
Trial Time:          0.12473
Trial Time:          0.12480
Trial Time:          0.12484
Trial Time:          0.12499
Trial Time:          0.12456
Trial Time:          0.12478
Trial Time:          0.12471
Average Time:        0.12599
