Read Time:           0.65508
Build Time:          0.02927
Graph has 916428 nodes and 5105039 directed edges for degree: 5
Trial Time:          0.02955
Trial Time:          0.02856
Trial Time:          0.02810
Trial Time:          0.02906
Trial Time:          0.02881
Trial Time:          0.02860
Trial Time:          0.02859
Trial Time:          0.02842
Trial Time:          0.02861
Trial Time:          0.02913
Trial Time:          0.03229
Trial Time:          0.02890
Trial Time:          0.02862
Trial Time:          0.02933
Trial Time:          0.02830
Trial Time:          0.02849
Average Time:        0.02896
