Read Time:           0.90633
Build Time:          0.03406
Graph has 685231 nodes and 7600595 directed edges for degree: 11
Trial Time:          0.02982
Trial Time:          0.03326
Trial Time:          0.02912
Trial Time:          0.02917
Trial Time:          0.02907
Trial Time:          0.02913
Trial Time:          0.02914
Trial Time:          0.02910
Trial Time:          0.02917
Trial Time:          0.02911
Trial Time:          0.02900
Trial Time:          0.02914
Trial Time:          0.02918
Trial Time:          0.02923
Trial Time:          0.02902
Trial Time:          0.02887
Average Time:        0.02941
