Read Time:           0.24447
Build Time:          0.19891
Graph has 124736033 nodes and 1442970 directed edges for degree: 0
Trial Time:          0.38671
Trial Time:          0.39339
Trial Time:          0.38977
Trial Time:          0.38802
Trial Time:          0.39166
Trial Time:          0.39009
Trial Time:          0.39493
Trial Time:          0.38767
Trial Time:          0.38997
Trial Time:          0.39002
Trial Time:          0.38814
Trial Time:          0.38701
Trial Time:          0.38701
Trial Time:          0.38645
Trial Time:          0.38700
Trial Time:          0.38852
Average Time:        0.38915
