Read Time:           1.96101
Build Time:          0.11394
Graph has 2599558 nodes and 8861320 directed edges for degree: 3
Trial Time:          0.02035
Trial Time:          0.01847
Trial Time:          0.01843
Trial Time:          0.01873
Trial Time:          0.01863
Trial Time:          0.01877
Trial Time:          0.01871
Trial Time:          0.01876
Trial Time:          0.01862
Trial Time:          0.01868
Trial Time:          0.01868
Trial Time:          0.01874
Trial Time:          0.01872
Trial Time:          0.01867
Trial Time:          0.01864
Trial Time:          0.01864
Average Time:        0.01877
