Read Time:           0.09030
Build Time:          0.01981
Graph has 4036179 nodes and 530872 directed edges for degree: 0
Trial Time:          0.01048
Trial Time:          0.00887
Trial Time:          0.00903
Trial Time:          0.00891
Trial Time:          0.00900
Trial Time:          0.00900
Trial Time:          0.00907
Trial Time:          0.00896
Trial Time:          0.00897
Trial Time:          0.00891
Trial Time:          0.00893
Trial Time:          0.00877
Trial Time:          0.00889
Trial Time:          0.00897
Trial Time:          0.00889
Trial Time:          0.00883
Average Time:        0.00903
