Read Time:           0.09337
Build Time:          0.04989
Graph has 4036179 nodes and 530872 directed edges for degree: 0
Trial Time:          0.03986
Trial Time:          0.03998
Trial Time:          0.03985
Trial Time:          0.03962
Trial Time:          0.03964
Trial Time:          0.03957
Trial Time:          0.03950
Trial Time:          0.03957
Trial Time:          0.03946
Trial Time:          0.03972
Trial Time:          0.03952
Trial Time:          0.03990
Trial Time:          0.03966
Trial Time:          0.03977
Trial Time:          0.03992
Trial Time:          0.03986
Average Time:        0.03971
