Read Time:           0.90504
Build Time:          0.07257
Graph has 685231 nodes and 7600595 directed edges for degree: 11
Trial Time:          0.09480
Trial Time:          0.09310
Trial Time:          0.09294
Trial Time:          0.09281
Trial Time:          0.09219
Trial Time:          0.09128
Trial Time:          0.09026
Trial Time:          0.08996
Trial Time:          0.08946
Trial Time:          0.08996
Trial Time:          0.08963
Trial Time:          0.08962
Trial Time:          0.08985
Trial Time:          0.08947
Trial Time:          0.08929
Trial Time:          0.08973
Average Time:        0.09090
