Read Time:           0.28707
Build Time:          0.10300
Graph has 281904 nodes and 2312497 directed edges for degree: 8
Trial Time:          0.17779
Trial Time:          0.17752
Trial Time:          0.17799
Trial Time:          0.17742
Trial Time:          0.17741
Trial Time:          0.17750
Trial Time:          0.17754
Trial Time:          0.17736
Trial Time:          0.17754
Trial Time:          0.17729
Trial Time:          0.17733
Trial Time:          0.17783
Trial Time:          0.17744
Trial Time:          0.17732
Trial Time:          0.17738
Trial Time:          0.17733
Average Time:        0.17750
