Read Time:           0.90220
Build Time:          0.04635
Graph has 685231 nodes and 7600595 directed edges for degree: 11
Trial Time:          0.04184
Trial Time:          0.03738
Trial Time:          0.03742
Trial Time:          0.03736
Trial Time:          0.03734
Trial Time:          0.03748
Trial Time:          0.03750
Trial Time:          0.03721
Trial Time:          0.03742
Trial Time:          0.03732
Trial Time:          0.03723
Trial Time:          0.03745
Trial Time:          0.03721
Trial Time:          0.03741
Trial Time:          0.03729
Trial Time:          0.03737
Average Time:        0.03764
