Read Time:           0.28646
Build Time:          0.07631
Graph has 281904 nodes and 2312497 directed edges for degree: 8
Trial Time:          0.06976
Trial Time:          0.06342
Trial Time:          0.06327
Trial Time:          0.06321
Trial Time:          0.06305
Trial Time:          0.06315
Trial Time:          0.06264
Trial Time:          0.06200
Trial Time:          0.06211
Trial Time:          0.06522
Trial Time:          0.06186
Trial Time:          0.06204
Trial Time:          0.06201
Trial Time:          0.06206
Trial Time:          0.06180
Trial Time:          0.06202
Average Time:        0.06310
