Read Time:           0.19265
Build Time:          0.00695
Graph has 325729 nodes and 1469679 directed edges for degree: 4
Trial Time:          0.01258
Trial Time:          0.01180
Trial Time:          0.01143
Trial Time:          0.01143
Trial Time:          0.01145
Trial Time:          0.01142
Trial Time:          0.01145
Trial Time:          0.01137
Trial Time:          0.01189
Trial Time:          0.01143
Trial Time:          0.01140
Trial Time:          0.01185
Trial Time:          0.01140
Trial Time:          0.01143
Trial Time:          0.01130
Trial Time:          0.01125
Average Time:        0.01155
