Read Time:           0.91549
Build Time:          0.03714
Graph has 685231 nodes and 7600595 directed edges for degree: 11
Trial Time:          0.03333
Trial Time:          0.02929
Trial Time:          0.02935
Trial Time:          0.02933
Trial Time:          0.02931
Trial Time:          0.02936
Trial Time:          0.02911
Trial Time:          0.02921
Trial Time:          0.02932
Trial Time:          0.02937
Trial Time:          0.02938
Trial Time:          0.02935
Trial Time:          0.02931
Trial Time:          0.02924
Trial Time:          0.02924
Trial Time:          0.02924
Average Time:        0.02954
