Read Time:           0.90794
Build Time:          0.07105
Graph has 685231 nodes and 7600595 directed edges for degree: 11
Trial Time:          0.09358
Trial Time:          0.09357
Trial Time:          0.09312
Trial Time:          0.09126
Trial Time:          0.08984
Trial Time:          0.09007
Trial Time:          0.09002
Trial Time:          0.08973
Trial Time:          0.08991
Trial Time:          0.09037
Trial Time:          0.09081
Trial Time:          0.09041
Trial Time:          0.08999
Trial Time:          0.08969
Trial Time:          0.08990
Trial Time:          0.09010
Average Time:        0.09077
