Read Time:           0.90926
Build Time:          0.03443
Graph has 685231 nodes and 7600595 directed edges for degree: 11
Trial Time:          0.03013
Trial Time:          0.03469
Trial Time:          0.02934
Trial Time:          0.02940
Trial Time:          0.02936
Trial Time:          0.02919
Trial Time:          0.02938
Trial Time:          0.02925
Trial Time:          0.02937
Trial Time:          0.02932
Trial Time:          0.02929
Trial Time:          0.02926
Trial Time:          0.02931
Trial Time:          0.02937
Trial Time:          0.02934
Trial Time:          0.02936
Average Time:        0.02971
