Read Time:           0.28887
Build Time:          0.10347
Graph has 281904 nodes and 2312497 directed edges for degree: 8
Trial Time:          0.17811
Trial Time:          0.17759
Trial Time:          0.17755
Trial Time:          0.17752
Trial Time:          0.17755
Trial Time:          0.17765
Trial Time:          0.17768
Trial Time:          0.17753
Trial Time:          0.17771
Trial Time:          0.17750
Trial Time:          0.17756
Trial Time:          0.17783
Trial Time:          0.17790
Trial Time:          0.17807
Trial Time:          0.17756
Trial Time:          0.17760
Average Time:        0.17768
