Read Time:           0.22423
Build Time:          0.58622
Graph has 124736033 nodes and 1442970 directed edges for degree: 0
Trial Time:          0.61811
Trial Time:          0.60517
Trial Time:          0.61075
Trial Time:          0.61655
Trial Time:          0.59151
Trial Time:          0.55096
Trial Time:          0.55390
Trial Time:          0.49991
Trial Time:          0.54386
Trial Time:          0.56066
Trial Time:          0.54362
Trial Time:          0.56332
Trial Time:          0.51677
Trial Time:          0.55798
Trial Time:          0.55213
Trial Time:          0.56900
Average Time:        0.56589
