Read Time:           0.09010
Build Time:          0.02127
Graph has 4036179 nodes and 530872 directed edges for degree: 0
Trial Time:          0.01077
Trial Time:          0.00919
Trial Time:          0.00906
Trial Time:          0.00883
Trial Time:          0.00901
Trial Time:          0.00896
Trial Time:          0.00915
Trial Time:          0.00900
Trial Time:          0.00891
Trial Time:          0.00894
Trial Time:          0.00883
Trial Time:          0.00894
Trial Time:          0.00901
Trial Time:          0.00876
Trial Time:          0.00890
Trial Time:          0.00890
Average Time:        0.00907
