Read Time:           0.61662
Build Time:          0.03178
Graph has 916428 nodes and 5105039 directed edges for degree: 5
Trial Time:          0.04137
Trial Time:          0.03731
Trial Time:          0.03704
Trial Time:          0.03657
Trial Time:          0.03768
Trial Time:          0.03620
Trial Time:          0.03707
Trial Time:          0.03798
Trial Time:          0.03638
Trial Time:          0.03697
Trial Time:          0.03768
Trial Time:          0.03742
Trial Time:          0.03672
Trial Time:          0.03723
Trial Time:          0.03749
Trial Time:          0.03656
Average Time:        0.03736
