Read Time:           0.09973
Build Time:          0.02597
Graph has 4036179 nodes and 530872 directed edges for degree: 0
Trial Time:          0.01187
Trial Time:          0.00960
Trial Time:          0.00946
Trial Time:          0.00928
Trial Time:          0.00951
Trial Time:          0.00947
Trial Time:          0.00928
Trial Time:          0.00913
Trial Time:          0.00942
Trial Time:          0.00938
Trial Time:          0.00953
Trial Time:          0.00919
Trial Time:          0.00941
Trial Time:          0.00926
Trial Time:          0.00949
Trial Time:          0.00929
Average Time:        0.00954
