Read Time:           1.94513
Build Time:          0.94786
Graph has 2599558 nodes and 8861320 directed edges for degree: 3
Trial Time:          0.08839
Trial Time:          0.11214
Trial Time:          0.10495
Trial Time:          0.09575
Trial Time:          0.09206
Trial Time:          0.09111
Trial Time:          0.08970
Trial Time:          0.08973
Trial Time:          0.09607
Trial Time:          0.07771
Trial Time:          0.07081
Trial Time:          0.07068
Trial Time:          0.07216
Trial Time:          0.07187
Trial Time:          0.08532
Trial Time:          0.07105
Average Time:        0.08622
