Read Time:           0.62328
Build Time:          0.04542
Graph has 916428 nodes and 5105039 directed edges for degree: 5
Trial Time:          0.04760
Trial Time:          0.04293
Trial Time:          0.04235
Trial Time:          0.04244
Trial Time:          0.04235
Trial Time:          0.04240
Trial Time:          0.04239
Trial Time:          0.04645
Trial Time:          0.04194
Trial Time:          0.04178
Trial Time:          0.04198
Trial Time:          0.04180
Trial Time:          0.04192
Trial Time:          0.04191
Trial Time:          0.04188
Trial Time:          0.04187
Average Time:        0.04275
