Read Time:           0.09021
Build Time:          0.02155
Graph has 4036179 nodes and 530872 directed edges for degree: 0
Trial Time:          0.01163
Trial Time:          0.01042
Trial Time:          0.01011
Trial Time:          0.01025
Trial Time:          0.01018
Trial Time:          0.01030
Trial Time:          0.01013
Trial Time:          0.01024
Trial Time:          0.01017
Trial Time:          0.01018
Trial Time:          0.01032
Trial Time:          0.01024
Trial Time:          0.01027
Trial Time:          0.01016
Trial Time:          0.01022
Trial Time:          0.01012
Average Time:        0.01031
