Read Time:           0.22401
Build Time:          2.06274
Graph has 124736033 nodes and 1442970 directed edges for degree: 0
Trial Time:          1.11182
Trial Time:          1.10798
Trial Time:          1.10637
Trial Time:          1.10834
Trial Time:          1.10717
Trial Time:          1.10590
Trial Time:          1.10689
Trial Time:          1.10778
Trial Time:          1.10551
Trial Time:          1.10564
Trial Time:          1.10650
Trial Time:          1.10717
Trial Time:          1.10599
Trial Time:          1.10502
Trial Time:          1.10689
Trial Time:          1.10573
Average Time:        1.10692
