Read Time:           0.62206
Build Time:          0.04547
Graph has 916428 nodes and 5105039 directed edges for degree: 5
Trial Time:          0.04642
Trial Time:          0.04327
Trial Time:          0.04312
Trial Time:          0.04319
Trial Time:          0.04332
Trial Time:          0.04306
Trial Time:          0.04293
Trial Time:          0.04732
Trial Time:          0.04271
Trial Time:          0.04277
Trial Time:          0.04262
Trial Time:          0.04278
Trial Time:          0.04262
Trial Time:          0.04260
Trial Time:          0.04248
Trial Time:          0.04255
Average Time:        0.04336
