Read Time:           0.17991
Build Time:          0.01532
Graph has 325729 nodes and 1469679 directed edges for degree: 4
Trial Time:          0.01979
Trial Time:          0.02027
Trial Time:          0.02012
Trial Time:          0.01849
Trial Time:          0.01918
Trial Time:          0.01849
Trial Time:          0.01851
Trial Time:          0.01852
Trial Time:          0.01854
Trial Time:          0.01846
Trial Time:          0.01851
Trial Time:          0.01846
Trial Time:          0.01851
Trial Time:          0.01918
Trial Time:          0.01854
Trial Time:          0.01850
Average Time:        0.01888
