Read Time:           0.09078
Build Time:          0.01882
Graph has 4036179 nodes and 530872 directed edges for degree: 0
Trial Time:          0.01036
Trial Time:          0.00838
Trial Time:          0.00854
Trial Time:          0.00846
Trial Time:          0.00841
Trial Time:          0.00836
Trial Time:          0.00840
Trial Time:          0.00831
Trial Time:          0.00864
Trial Time:          0.00862
Trial Time:          0.00860
Trial Time:          0.00875
Trial Time:          0.00839
Trial Time:          0.00846
Trial Time:          0.00816
Trial Time:          0.00846
Average Time:        0.00858
