Read Time:           0.30278
Build Time:          0.01732
Graph has 281904 nodes and 2312497 directed edges for degree: 8
Trial Time:          0.02566
Trial Time:          0.02535
Trial Time:          0.02535
Trial Time:          0.02533
Trial Time:          0.02523
Trial Time:          0.02516
Trial Time:          0.02534
Trial Time:          0.02525
Trial Time:          0.02520
Trial Time:          0.02536
Trial Time:          0.02522
Trial Time:          0.02528
Trial Time:          0.02530
Trial Time:          0.02542
Trial Time:          0.02526
Trial Time:          0.02513
Average Time:        0.02530
