Read Time:           0.91775
Build Time:          0.04655
Graph has 685231 nodes and 7600595 directed edges for degree: 11
Trial Time:          0.04229
Trial Time:          0.03783
Trial Time:          0.03772
Trial Time:          0.03775
Trial Time:          0.03801
Trial Time:          0.03764
Trial Time:          0.03774
Trial Time:          0.03730
Trial Time:          0.03675
Trial Time:          0.03678
Trial Time:          0.03676
Trial Time:          0.03680
Trial Time:          0.03681
Trial Time:          0.03688
Trial Time:          0.03689
Trial Time:          0.03677
Average Time:        0.03754
