Read Time:           0.62050
Build Time:          0.03357
Graph has 916428 nodes and 5105039 directed edges for degree: 5
Trial Time:          0.03536
Trial Time:          0.03178
Trial Time:          0.03313
Trial Time:          0.03218
Trial Time:          0.03184
Trial Time:          0.03195
Trial Time:          0.03298
Trial Time:          0.03198
Trial Time:          0.03203
Trial Time:          0.03293
Trial Time:          0.03644
Trial Time:          0.03290
Trial Time:          0.03279
Trial Time:          0.03282
Trial Time:          0.03170
Trial Time:          0.03281
Average Time:        0.03285
