Read Time:           0.92551
Build Time:          0.03709
Graph has 685231 nodes and 7600595 directed edges for degree: 11
Trial Time:          0.04044
Trial Time:          0.03384
Trial Time:          0.03392
Trial Time:          0.03397
Trial Time:          0.03391
Trial Time:          0.03392
Trial Time:          0.03391
Trial Time:          0.03401
Trial Time:          0.03386
Trial Time:          0.03374
Trial Time:          0.03381
Trial Time:          0.03385
Trial Time:          0.03380
Trial Time:          0.03390
Trial Time:          0.03367
Trial Time:          0.03396
Average Time:        0.03428
