Read Time:           0.08607
Build Time:          0.11816
Graph has 4036179 nodes and 530872 directed edges for degree: 0
Trial Time:          0.06275
Trial Time:          0.06179
Trial Time:          0.04903
Trial Time:          0.03710
Trial Time:          0.03703
Trial Time:          0.03714
Trial Time:          0.03701
Trial Time:          0.03702
Trial Time:          0.03699
Trial Time:          0.03699
Trial Time:          0.03711
Trial Time:          0.03729
Trial Time:          0.03695
Trial Time:          0.03698
Trial Time:          0.03699
Trial Time:          0.03704
Average Time:        0.04095
