Read Time:           1.95778
Build Time:          0.11595
Graph has 2599558 nodes and 8861320 directed edges for degree: 3
Trial Time:          0.02061
Trial Time:          0.01902
Trial Time:          0.01904
Trial Time:          0.01914
Trial Time:          0.01925
Trial Time:          0.01904
Trial Time:          0.01920
Trial Time:          0.01918
Trial Time:          0.01912
Trial Time:          0.01903
Trial Time:          0.01943
Trial Time:          0.01932
Trial Time:          0.01939
Trial Time:          0.01920
Trial Time:          0.01944
Trial Time:          0.01945
Average Time:        0.01930
