Read Time:           0.08596
Build Time:          0.11955
Graph has 4036179 nodes and 530872 directed edges for degree: 0
Trial Time:          0.06321
Trial Time:          0.06204
Trial Time:          0.06195
Trial Time:          0.06192
Trial Time:          0.06195
Trial Time:          0.03757
Trial Time:          0.03709
Trial Time:          0.03706
Trial Time:          0.03721
Trial Time:          0.03710
Trial Time:          0.03710
Trial Time:          0.03718
Trial Time:          0.03707
Trial Time:          0.03707
Trial Time:          0.03704
Trial Time:          0.03704
Average Time:        0.04497
