Read Time:           0.22464
Build Time:          0.58450
Graph has 124736033 nodes and 1442970 directed edges for degree: 0
Trial Time:          0.59118
Trial Time:          0.52843
Trial Time:          0.55573
Trial Time:          0.53662
Trial Time:          0.57356
Trial Time:          0.61085
Trial Time:          0.59763
Trial Time:          0.54715
Trial Time:          0.54132
Trial Time:          0.56028
Trial Time:          0.54286
Trial Time:          0.55467
Trial Time:          0.52740
Trial Time:          0.54716
Trial Time:          0.56313
Trial Time:          0.53933
Average Time:        0.55733
