Read Time:           0.91503
Build Time:          0.23596
Graph has 685231 nodes and 7600595 directed edges for degree: 11
Trial Time:          0.30788
Trial Time:          0.30678
Trial Time:          0.30735
Trial Time:          0.30694
Trial Time:          0.30758
Trial Time:          0.30740
Trial Time:          0.30680
Trial Time:          0.30669
Trial Time:          0.30711
Trial Time:          0.30664
Trial Time:          0.30679
Trial Time:          0.30716
Trial Time:          0.30704
Trial Time:          0.30651
Trial Time:          0.30688
Trial Time:          0.30675
Average Time:        0.30702
