Read Time:           0.91434
Build Time:          0.04114
Graph has 685231 nodes and 7600595 directed edges for degree: 11
Trial Time:          0.03981
Trial Time:          0.03571
Trial Time:          0.03539
Trial Time:          0.03539
Trial Time:          0.03536
Trial Time:          0.03537
Trial Time:          0.03537
Trial Time:          0.03528
Trial Time:          0.03534
Trial Time:          0.03538
Trial Time:          0.03536
Trial Time:          0.03538
Trial Time:          0.03529
Trial Time:          0.03533
Trial Time:          0.03540
Trial Time:          0.03528
Average Time:        0.03565
