Read Time:           1.95706
Build Time:          1.57552
Graph has 2599558 nodes and 8861320 directed edges for degree: 3
Trial Time:          0.08021
Trial Time:          0.07867
Trial Time:          0.07855
Trial Time:          0.07854
Trial Time:          0.07843
Trial Time:          0.07879
Trial Time:          0.07879
Trial Time:          0.07849
Trial Time:          0.07841
Trial Time:          0.07856
Trial Time:          0.07933
Trial Time:          0.07863
Trial Time:          0.07841
Trial Time:          0.07854
Trial Time:          0.07842
Trial Time:          0.07847
Average Time:        0.07870
