Read Time:           0.18554
Build Time:          0.00946
Graph has 325729 nodes and 1469679 directed edges for degree: 4
Trial Time:          0.01782
Trial Time:          0.01574
Trial Time:          0.01602
Trial Time:          0.01618
Trial Time:          0.01583
Trial Time:          0.01599
Trial Time:          0.01591
Trial Time:          0.01597
Trial Time:          0.01574
Trial Time:          0.01547
Trial Time:          0.01539
Trial Time:          0.01552
Trial Time:          0.01546
Trial Time:          0.01543
Trial Time:          0.01593
Trial Time:          0.01593
Average Time:        0.01590
