Read Time:           0.29215
Build Time:          0.05689
Graph has 281904 nodes and 2312497 directed edges for degree: 8
Trial Time:          0.08910
Trial Time:          0.08840
Trial Time:          0.08816
Trial Time:          0.08808
Trial Time:          0.08806
Trial Time:          0.08822
Trial Time:          0.08804
Trial Time:          0.08893
Trial Time:          0.08818
Trial Time:          0.08805
Trial Time:          0.08810
Trial Time:          0.08823
Trial Time:          0.08809
Trial Time:          0.08825
Trial Time:          0.08816
Trial Time:          0.08806
Average Time:        0.08826
