Read Time:           0.10441
Build Time:          0.02613
Graph has 4036179 nodes and 530872 directed edges for degree: 0
Trial Time:          0.01019
Trial Time:          0.00808
Trial Time:          0.00787
Trial Time:          0.00808
Trial Time:          0.00841
Trial Time:          0.00792
Trial Time:          0.00802
Trial Time:          0.00779
Trial Time:          0.00800
Trial Time:          0.00799
Trial Time:          0.00790
Trial Time:          0.00790
Trial Time:          0.00799
Trial Time:          0.00794
Trial Time:          0.00819
Trial Time:          0.00802
Average Time:        0.00814
