Read Time:           0.61537
Build Time:          0.03253
Graph has 916428 nodes and 5105039 directed edges for degree: 5
Trial Time:          0.03847
Trial Time:          0.03779
Trial Time:          0.03774
Trial Time:          0.03775
Trial Time:          0.03786
Trial Time:          0.03777
Trial Time:          0.03770
Trial Time:          0.03803
Trial Time:          0.03775
Trial Time:          0.03898
Trial Time:          0.03775
Trial Time:          0.03786
Trial Time:          0.03767
Trial Time:          0.03787
Trial Time:          0.03784
Trial Time:          0.03762
Average Time:        0.03790
