Read Time:           0.30535
Build Time:          0.01883
Graph has 281904 nodes and 2312497 directed edges for degree: 8
Trial Time:          0.02982
Trial Time:          0.02925
Trial Time:          0.02961
Trial Time:          0.02941
Trial Time:          0.02934
Trial Time:          0.02943
Trial Time:          0.02933
Trial Time:          0.02947
Trial Time:          0.02937
Trial Time:          0.02943
Trial Time:          0.02927
Trial Time:          0.02925
Trial Time:          0.02924
Trial Time:          0.02942
Trial Time:          0.02938
Trial Time:          0.02933
Average Time:        0.02940
