Read Time:           0.18470
Build Time:          0.00717
Graph has 325729 nodes and 1469679 directed edges for degree: 4
Trial Time:          0.01232
Trial Time:          0.01175
Trial Time:          0.01169
Trial Time:          0.01136
Trial Time:          0.01172
Trial Time:          0.01128
Trial Time:          0.01166
Trial Time:          0.01130
Trial Time:          0.01167
Trial Time:          0.01134
Trial Time:          0.01126
Trial Time:          0.01169
Trial Time:          0.01167
Trial Time:          0.01161
Trial Time:          0.01173
Trial Time:          0.01128
Average Time:        0.01158
