Read Time:           1.97298
Build Time:          1.57268
Graph has 2599558 nodes and 8861320 directed edges for degree: 3
Trial Time:          0.08318
Trial Time:          0.08157
Trial Time:          0.08148
Trial Time:          0.08138
Trial Time:          0.08145
Trial Time:          0.08137
Trial Time:          0.08124
Trial Time:          0.08121
Trial Time:          0.08124
Trial Time:          0.08125
Trial Time:          0.08132
Trial Time:          0.08152
Trial Time:          0.08146
Trial Time:          0.08151
Trial Time:          0.08137
Trial Time:          0.08124
Average Time:        0.08149
