Read Time:           0.18536
Build Time:          0.00720
Graph has 325729 nodes and 1469679 directed edges for degree: 4
Trial Time:          0.01192
Trial Time:          0.01136
Trial Time:          0.01127
Trial Time:          0.01175
Trial Time:          0.01128
Trial Time:          0.01131
Trial Time:          0.01167
Trial Time:          0.01127
Trial Time:          0.01126
Trial Time:          0.01126
Trial Time:          0.01167
Trial Time:          0.01168
Trial Time:          0.01131
Trial Time:          0.01165
Trial Time:          0.01169
Trial Time:          0.01125
Average Time:        0.01148
