Read Time:           0.08699
Build Time:          0.06141
Graph has 4036179 nodes and 530872 directed edges for degree: 0
Trial Time:          0.03367
Trial Time:          0.03371
Trial Time:          0.03376
Trial Time:          0.03362
Trial Time:          0.03354
Trial Time:          0.03319
Trial Time:          0.04234
Trial Time:          0.03057
Trial Time:          0.03683
Trial Time:          0.03754
Trial Time:          0.03067
Trial Time:          0.03475
Trial Time:          0.03198
Trial Time:          0.03197
Trial Time:          0.03190
Trial Time:          0.03190
Average Time:        0.03387
