Read Time:           0.22735
Build Time:          0.22494
Graph has 124736033 nodes and 1442970 directed edges for degree: 0
Trial Time:          0.35223
Trial Time:          0.39262
Trial Time:          0.38520
Trial Time:          0.40329
Trial Time:          0.34160
Trial Time:          0.34047
Trial Time:          0.33961
Trial Time:          0.33349
Trial Time:          0.34054
Trial Time:          0.34074
Trial Time:          0.33424
Trial Time:          0.33885
Trial Time:          0.33824
Trial Time:          0.34108
Trial Time:          0.34256
Trial Time:          0.36007
Average Time:        0.35155
