Read Time:           0.22832
Build Time:          0.22179
Graph has 124736033 nodes and 1442970 directed edges for degree: 0
Trial Time:          0.30292
Trial Time:          0.41624
Trial Time:          0.39748
Trial Time:          0.39367
Trial Time:          0.40002
Trial Time:          0.43057
Trial Time:          0.39805
Trial Time:          0.39079
Trial Time:          0.30495
Trial Time:          0.39474
Trial Time:          0.30305
Trial Time:          0.39059
Trial Time:          0.39327
Trial Time:          0.39261
Trial Time:          0.39271
Trial Time:          0.39366
Average Time:        0.38096
