Read Time:           0.90142
Build Time:          0.07281
Graph has 685231 nodes and 7600595 directed edges for degree: 11
Trial Time:          0.09509
Trial Time:          0.09349
Trial Time:          0.09352
Trial Time:          0.09361
Trial Time:          0.09338
Trial Time:          0.09315
Trial Time:          0.09350
Trial Time:          0.09401
Trial Time:          0.09406
Trial Time:          0.09416
Trial Time:          0.09300
Trial Time:          0.08821
Trial Time:          0.09118
Trial Time:          0.09093
Trial Time:          0.09108
Trial Time:          0.09087
Average Time:        0.09270
