Read Time:           0.30470
Build Time:          0.01981
Graph has 281904 nodes and 2312497 directed edges for degree: 8
Trial Time:          0.03004
Trial Time:          0.02971
Trial Time:          0.02834
Trial Time:          0.02934
Trial Time:          0.02941
Trial Time:          0.02958
Trial Time:          0.02920
Trial Time:          0.02913
Trial Time:          0.02948
Trial Time:          0.02833
Trial Time:          0.02941
Trial Time:          0.02918
Trial Time:          0.02945
Trial Time:          0.02967
Trial Time:          0.02924
Trial Time:          0.02948
Average Time:        0.02931
