Read Time:           0.28771
Build Time:          0.10390
Graph has 281904 nodes and 2312497 directed edges for degree: 8
Trial Time:          0.17849
Trial Time:          0.17721
Trial Time:          0.17727
Trial Time:          0.17771
Trial Time:          0.17728
Trial Time:          0.17730
Trial Time:          0.17734
Trial Time:          0.17719
Trial Time:          0.17749
Trial Time:          0.17718
Trial Time:          0.17738
Trial Time:          0.17717
Trial Time:          0.17740
Trial Time:          0.17776
Trial Time:          0.17747
Trial Time:          0.17748
Average Time:        0.17745
