Read Time:           0.18119
Build Time:          0.01480
Graph has 325729 nodes and 1469679 directed edges for degree: 4
Trial Time:          0.01982
Trial Time:          0.02024
Trial Time:          0.02024
Trial Time:          0.02023
Trial Time:          0.02026
Trial Time:          0.02029
Trial Time:          0.02034
Trial Time:          0.02030
Trial Time:          0.02024
Trial Time:          0.02020
Trial Time:          0.01953
Trial Time:          0.02023
Trial Time:          0.02033
Trial Time:          0.01938
Trial Time:          0.01941
Trial Time:          0.02004
Average Time:        0.02007
