Read Time:           0.89500
Build Time:          0.24395
Graph has 685231 nodes and 7600595 directed edges for degree: 11
Trial Time:          0.32905
Trial Time:          0.31315
Trial Time:          0.30823
Trial Time:          0.30839
Trial Time:          0.30747
Trial Time:          0.30785
Trial Time:          0.30770
Trial Time:          0.30787
Trial Time:          0.30803
Trial Time:          0.30767
Trial Time:          0.30772
Trial Time:          0.30764
Trial Time:          0.30799
Trial Time:          0.30764
Trial Time:          0.30811
Trial Time:          0.30809
Average Time:        0.30954
