Read Time:           1.95908
Build Time:          1.57537
Graph has 2599558 nodes and 8861320 directed edges for degree: 3
Trial Time:          0.08278
Trial Time:          0.08121
Trial Time:          0.08161
Trial Time:          0.08095
Trial Time:          0.08114
Trial Time:          0.08098
Trial Time:          0.08086
Trial Time:          0.08088
Trial Time:          0.08087
Trial Time:          0.08083
Trial Time:          0.08091
Trial Time:          0.08081
Trial Time:          0.08074
Trial Time:          0.08100
Trial Time:          0.08092
Trial Time:          0.08092
Average Time:        0.08109
