Read Time:           0.29848
Build Time:          0.01738
Graph has 281904 nodes and 2312497 directed edges for degree: 8
Trial Time:          0.02966
Trial Time:          0.02794
Trial Time:          0.02808
Trial Time:          0.02805
Trial Time:          0.02828
Trial Time:          0.02804
Trial Time:          0.02822
Trial Time:          0.02877
Trial Time:          0.02845
Trial Time:          0.02813
Trial Time:          0.02922
Trial Time:          0.02786
Trial Time:          0.02786
Trial Time:          0.02808
Trial Time:          0.02861
Trial Time:          0.02885
Average Time:        0.02838
