Read Time:           1.91093
Build Time:          0.49838
Graph has 2599558 nodes and 8861320 directed edges for degree: 3
Trial Time:          0.10090
Trial Time:          0.10040
Trial Time:          0.10021
Trial Time:          0.10026
Trial Time:          0.10090
Trial Time:          0.10080
Trial Time:          0.09596
Trial Time:          0.08265
Trial Time:          0.07338
Trial Time:          0.05509
Trial Time:          0.05502
Trial Time:          0.05521
Trial Time:          0.05516
Trial Time:          0.05512
Trial Time:          0.05508
Trial Time:          0.05500
Average Time:        0.07757
