Read Time:           0.89806
Build Time:          0.03492
Graph has 685231 nodes and 7600595 directed edges for degree: 11
Trial Time:          0.02970
Trial Time:          0.03277
Trial Time:          0.02905
Trial Time:          0.02927
Trial Time:          0.02919
Trial Time:          0.02892
Trial Time:          0.02913
Trial Time:          0.02866
Trial Time:          0.02861
Trial Time:          0.02860
Trial Time:          0.02859
Trial Time:          0.02867
Trial Time:          0.02866
Trial Time:          0.02857
Trial Time:          0.02878
Trial Time:          0.02865
Average Time:        0.02911
