Read Time:           0.23276
Build Time:          0.17927
Graph has 124736033 nodes and 1442970 directed edges for degree: 0
Trial Time:          0.39351
Trial Time:          0.41747
Trial Time:          0.41165
Trial Time:          0.42210
Trial Time:          0.39294
Trial Time:          0.39224
Trial Time:          0.39412
Trial Time:          0.39276
Trial Time:          0.39226
Trial Time:          0.39140
Trial Time:          0.39189
Trial Time:          0.39463
Trial Time:          0.39679
Trial Time:          0.39235
Trial Time:          0.39524
Trial Time:          0.39260
Average Time:        0.39775
