Read Time:           0.90802
Build Time:          0.23438
Graph has 685231 nodes and 7600595 directed edges for degree: 11
Trial Time:          0.30520
Trial Time:          0.30443
Trial Time:          0.30482
Trial Time:          0.30453
Trial Time:          0.30422
Trial Time:          0.30453
Trial Time:          0.30554
Trial Time:          0.30435
Trial Time:          0.30460
Trial Time:          0.30456
Trial Time:          0.30433
Trial Time:          0.30426
Trial Time:          0.30505
Trial Time:          0.30456
Trial Time:          0.30414
Trial Time:          0.30443
Average Time:        0.30460
