Read Time:           0.90126
Build Time:          0.04823
Graph has 685231 nodes and 7600595 directed edges for degree: 11
Trial Time:          0.04301
Trial Time:          0.03755
Trial Time:          0.03751
Trial Time:          0.03740
Trial Time:          0.03753
Trial Time:          0.03730
Trial Time:          0.03739
Trial Time:          0.03729
Trial Time:          0.03736
Trial Time:          0.03734
Trial Time:          0.03726
Trial Time:          0.03736
Trial Time:          0.03729
Trial Time:          0.03734
Trial Time:          0.03722
Trial Time:          0.03704
Average Time:        0.03770
