Read Time:           0.90276
Build Time:          0.04189
Graph has 685231 nodes and 7600595 directed edges for degree: 11
Trial Time:          0.05099
Trial Time:          0.04516
Trial Time:          0.04541
Trial Time:          0.04517
Trial Time:          0.04481
Trial Time:          0.04508
Trial Time:          0.04496
Trial Time:          0.04502
Trial Time:          0.04483
Trial Time:          0.04519
Trial Time:          0.04498
Trial Time:          0.04493
Trial Time:          0.04499
Trial Time:          0.04491
Trial Time:          0.04494
Trial Time:          0.04531
Average Time:        0.04542
