Read Time:           0.90684
Build Time:          0.06096
Graph has 685231 nodes and 7600595 directed edges for degree: 11
Trial Time:          0.05494
Trial Time:          0.05433
Trial Time:          0.05430
Trial Time:          0.05453
Trial Time:          0.05424
Trial Time:          0.05453
Trial Time:          0.05429
Trial Time:          0.05444
Trial Time:          0.05442
Trial Time:          0.05461
Trial Time:          0.05451
Trial Time:          0.05429
Trial Time:          0.05444
Trial Time:          0.05488
Trial Time:          0.05492
Trial Time:          0.05436
Average Time:        0.05450
