Read Time:           1.91025
Build Time:          0.49716
Graph has 2599558 nodes and 8861320 directed edges for degree: 3
Trial Time:          0.09798
Trial Time:          0.09743
Trial Time:          0.09745
Trial Time:          0.09717
Trial Time:          0.09791
Trial Time:          0.08090
Trial Time:          0.08039
Trial Time:          0.08015
Trial Time:          0.08004
Trial Time:          0.08026
Trial Time:          0.06869
Trial Time:          0.05402
Trial Time:          0.05371
Trial Time:          0.05380
Trial Time:          0.05377
Trial Time:          0.05374
Average Time:        0.07671
