Read Time:           0.61132
Build Time:          0.03254
Graph has 916428 nodes and 5105039 directed edges for degree: 5
Trial Time:          0.03708
Trial Time:          0.03643
Trial Time:          0.03647
Trial Time:          0.03631
Trial Time:          0.03635
Trial Time:          0.03631
Trial Time:          0.03625
Trial Time:          0.03629
Trial Time:          0.03610
Trial Time:          0.03659
Trial Time:          0.03618
Trial Time:          0.03624
Trial Time:          0.03393
Trial Time:          0.03282
Trial Time:          0.03271
Trial Time:          0.03284
Average Time:        0.03556
