Read Time:           0.24202
Build Time:          0.19858
Graph has 124736033 nodes and 1442970 directed edges for degree: 0
Trial Time:          0.38397
Trial Time:          0.39395
Trial Time:          0.39474
Trial Time:          0.38952
Trial Time:          0.39019
Trial Time:          0.38688
Trial Time:          0.39137
Trial Time:          0.38490
Trial Time:          0.38756
Trial Time:          0.38713
Trial Time:          0.38714
Trial Time:          0.38682
Trial Time:          0.38697
Trial Time:          0.38504
Trial Time:          0.38803
Trial Time:          0.38523
Average Time:        0.38809
