Read Time:           0.22313
Build Time:          0.59121
Graph has 124736033 nodes and 1442970 directed edges for degree: 0
Trial Time:          0.59785
Trial Time:          0.55446
Trial Time:          0.55291
Trial Time:          0.54757
Trial Time:          0.56747
Trial Time:          0.57205
Trial Time:          0.59133
Trial Time:          0.48491
Trial Time:          0.54006
Trial Time:          0.54608
Trial Time:          0.55797
Trial Time:          0.56140
Trial Time:          0.54567
Trial Time:          0.54748
Trial Time:          0.56511
Trial Time:          0.53687
Average Time:        0.55432
