Read Time:           0.91848
Build Time:          0.04098
Graph has 685231 nodes and 7600595 directed edges for degree: 11
Trial Time:          0.03395
Trial Time:          0.03312
Trial Time:          0.03305
Trial Time:          0.03303
Trial Time:          0.03298
Trial Time:          0.03303
Trial Time:          0.03300
Trial Time:          0.03307
Trial Time:          0.03293
Trial Time:          0.03311
Trial Time:          0.03309
Trial Time:          0.03303
Trial Time:          0.03307
Trial Time:          0.03297
Trial Time:          0.03303
Trial Time:          0.03302
Average Time:        0.03309
