Read Time:           0.90820
Build Time:          0.23731
Graph has 685231 nodes and 7600595 directed edges for degree: 11
Trial Time:          0.30629
Trial Time:          0.30542
Trial Time:          0.30646
Trial Time:          0.30551
Trial Time:          0.30562
Trial Time:          0.30576
Trial Time:          0.30590
Trial Time:          0.30528
Trial Time:          0.30619
Trial Time:          0.30628
Trial Time:          0.30604
Trial Time:          0.30539
Trial Time:          0.30569
Trial Time:          0.30531
Trial Time:          0.30542
Trial Time:          0.30616
Average Time:        0.30580
