Read Time:           0.29028
Build Time:          0.02077
Graph has 281904 nodes and 2312497 directed edges for degree: 8
Trial Time:          0.03077
Trial Time:          0.02623
Trial Time:          0.02622
Trial Time:          0.02582
Trial Time:          0.02622
Trial Time:          0.02636
Trial Time:          0.02603
Trial Time:          0.02600
Trial Time:          0.02552
Trial Time:          0.02619
Trial Time:          0.02585
Trial Time:          0.02617
Trial Time:          0.02511
Trial Time:          0.02579
Trial Time:          0.02634
Trial Time:          0.02705
Average Time:        0.02635
