Read Time:           0.22567
Build Time:          2.05363
Graph has 124736033 nodes and 1442970 directed edges for degree: 0
Trial Time:          1.11075
Trial Time:          1.10704
Trial Time:          1.10521
Trial Time:          1.10685
Trial Time:          1.10507
Trial Time:          1.10539
Trial Time:          1.10514
Trial Time:          1.10539
Trial Time:          1.10506
Trial Time:          1.10490
Trial Time:          1.10549
Trial Time:          1.10464
Trial Time:          1.10353
Trial Time:          1.10451
Trial Time:          1.10418
Trial Time:          1.10565
Average Time:        1.10555
