Read Time:           0.09764
Build Time:          0.02498
Graph has 4036179 nodes and 530872 directed edges for degree: 0
Trial Time:          0.01229
Trial Time:          0.01191
Trial Time:          0.01203
Trial Time:          0.01212
Trial Time:          0.01213
Trial Time:          0.01219
Trial Time:          0.01218
Trial Time:          0.01221
Trial Time:          0.01223
Trial Time:          0.01222
Trial Time:          0.01223
Trial Time:          0.01222
Trial Time:          0.01222
Trial Time:          0.01224
Trial Time:          0.01223
Trial Time:          0.01221
Average Time:        0.01218
