Read Time:           0.08737
Build Time:          0.06225
Graph has 4036179 nodes and 530872 directed edges for degree: 0
Trial Time:          0.03429
Trial Time:          0.04223
Trial Time:          0.03487
Trial Time:          0.03419
Trial Time:          0.03470
Trial Time:          0.03431
Trial Time:          0.03443
Trial Time:          0.04239
Trial Time:          0.03500
Trial Time:          0.03400
Trial Time:          0.03453
Trial Time:          0.03417
Trial Time:          0.03456
Trial Time:          0.03469
Trial Time:          0.03456
Trial Time:          0.03477
Average Time:        0.03548
