Read Time:           0.89165
Build Time:          0.04229
Graph has 685231 nodes and 7600595 directed edges for degree: 11
Trial Time:          0.03721
Trial Time:          0.03736
Trial Time:          0.03678
Trial Time:          0.03704
Trial Time:          0.03697
Trial Time:          0.03683
Trial Time:          0.03671
Trial Time:          0.03670
Trial Time:          0.03671
Trial Time:          0.03670
Trial Time:          0.03673
Trial Time:          0.03673
Trial Time:          0.03663
Trial Time:          0.03675
Trial Time:          0.03679
Trial Time:          0.03664
Average Time:        0.03683
