Read Time:           1.96059
Build Time:          0.18556
Graph has 2599558 nodes and 8861320 directed edges for degree: 3
Trial Time:          0.02668
Trial Time:          0.02622
Trial Time:          0.02617
Trial Time:          0.02623
Trial Time:          0.02616
Trial Time:          0.02622
Trial Time:          0.02621
Trial Time:          0.02610
Trial Time:          0.02610
Trial Time:          0.02631
Trial Time:          0.02607
Trial Time:          0.02606
Trial Time:          0.02599
Trial Time:          0.02595
Trial Time:          0.02592
Trial Time:          0.02591
Average Time:        0.02614
