Read Time:           0.29060
Build Time:          0.01802
Graph has 281904 nodes and 2312497 directed edges for degree: 8
Trial Time:          0.02371
Trial Time:          0.02093
Trial Time:          0.02083
Trial Time:          0.02078
Trial Time:          0.02075
Trial Time:          0.02065
Trial Time:          0.02068
Trial Time:          0.02071
Trial Time:          0.02070
Trial Time:          0.02069
Trial Time:          0.02067
Trial Time:          0.02092
Trial Time:          0.02068
Trial Time:          0.02056
Trial Time:          0.02067
Trial Time:          0.02076
Average Time:        0.02092
