Read Time:           0.18356
Build Time:          0.00701
Graph has 325729 nodes and 1469679 directed edges for degree: 4
Trial Time:          0.01066
Trial Time:          0.01057
Trial Time:          0.01057
Trial Time:          0.01054
Trial Time:          0.01052
Trial Time:          0.01050
Trial Time:          0.01054
Trial Time:          0.01055
Trial Time:          0.01056
Trial Time:          0.01052
Trial Time:          0.01051
Trial Time:          0.01058
Trial Time:          0.01054
Trial Time:          0.01054
Trial Time:          0.01054
Trial Time:          0.01053
Average Time:        0.01055
