Read Time:           0.30648
Build Time:          0.01813
Graph has 281904 nodes and 2312497 directed edges for degree: 8
Trial Time:          0.03014
Trial Time:          0.02927
Trial Time:          0.02850
Trial Time:          0.02835
Trial Time:          0.02850
Trial Time:          0.02947
Trial Time:          0.02940
Trial Time:          0.02826
Trial Time:          0.02927
Trial Time:          0.02948
Trial Time:          0.02929
Trial Time:          0.02946
Trial Time:          0.02936
Trial Time:          0.02980
Trial Time:          0.02943
Trial Time:          0.02930
Average Time:        0.02920
