Read Time:           0.28712
Build Time:          0.10391
Graph has 281904 nodes and 2312497 directed edges for degree: 8
Trial Time:          0.17793
Trial Time:          0.17750
Trial Time:          0.17744
Trial Time:          0.17758
Trial Time:          0.17780
Trial Time:          0.17746
Trial Time:          0.17777
Trial Time:          0.17763
Trial Time:          0.17766
Trial Time:          0.17752
Trial Time:          0.17746
Trial Time:          0.17755
Trial Time:          0.17746
Trial Time:          0.17793
Trial Time:          0.17843
Trial Time:          0.17747
Average Time:        0.17766
