Read Time:           0.30458
Build Time:          0.01862
Graph has 281904 nodes and 2312497 directed edges for degree: 8
Trial Time:          0.02985
Trial Time:          0.02947
Trial Time:          0.02967
Trial Time:          0.02937
Trial Time:          0.02950
Trial Time:          0.02924
Trial Time:          0.02948
Trial Time:          0.02939
Trial Time:          0.02948
Trial Time:          0.02928
Trial Time:          0.02938
Trial Time:          0.02959
Trial Time:          0.02861
Trial Time:          0.02949
Trial Time:          0.02916
Trial Time:          0.02941
Average Time:        0.02940
