Read Time:           1.95378
Build Time:          0.27530
Graph has 2599558 nodes and 8861320 directed edges for degree: 3
Trial Time:          0.04274
Trial Time:          0.04245
Trial Time:          0.04240
Trial Time:          0.04243
Trial Time:          0.04238
Trial Time:          0.04237
Trial Time:          0.04241
Trial Time:          0.04240
Trial Time:          0.04240
Trial Time:          0.04250
Trial Time:          0.04228
Trial Time:          0.04240
Trial Time:          0.04234
Trial Time:          0.04220
Trial Time:          0.04225
Trial Time:          0.04230
Average Time:        0.04239
