Read Time:           0.62967
Build Time:          0.27094
Graph has 916428 nodes and 5105039 directed edges for degree: 5
Trial Time:          0.45315
Trial Time:          0.44737
Trial Time:          0.44238
Trial Time:          0.44164
Trial Time:          0.44193
Trial Time:          0.44163
Trial Time:          0.44195
Trial Time:          0.44150
Trial Time:          0.44239
Trial Time:          0.44203
Trial Time:          0.44169
Trial Time:          0.44134
Trial Time:          0.44218
Trial Time:          0.44201
Trial Time:          0.44181
Trial Time:          0.44170
Average Time:        0.44292
