Read Time:           0.89268
Build Time:          0.03631
Graph has 685231 nodes and 7600595 directed edges for degree: 11
Trial Time:          0.03818
Trial Time:          0.03740
Trial Time:          0.03733
Trial Time:          0.03752
Trial Time:          0.03709
Trial Time:          0.03733
Trial Time:          0.03723
Trial Time:          0.03720
Trial Time:          0.03667
Trial Time:          0.03737
Trial Time:          0.03732
Trial Time:          0.03738
Trial Time:          0.03684
Trial Time:          0.03721
Trial Time:          0.03744
Trial Time:          0.04134
Average Time:        0.03755
