Read Time:           0.18591
Build Time:          0.00632
Graph has 325729 nodes and 1469679 directed edges for degree: 4
Trial Time:          0.01196
Trial Time:          0.01135
Trial Time:          0.01179
Trial Time:          0.01136
Trial Time:          0.01136
Trial Time:          0.01182
Trial Time:          0.01141
Trial Time:          0.01144
Trial Time:          0.01136
Trial Time:          0.01188
Trial Time:          0.01136
Trial Time:          0.01184
Trial Time:          0.01179
Trial Time:          0.01175
Trial Time:          0.01128
Trial Time:          0.01173
Average Time:        0.01159
