Read Time:           0.28815
Build Time:          0.07666
Graph has 281904 nodes and 2312497 directed edges for degree: 8
Trial Time:          0.07398
Trial Time:          0.06467
Trial Time:          0.06312
Trial Time:          0.06311
Trial Time:          0.06306
Trial Time:          0.06329
Trial Time:          0.06316
Trial Time:          0.06322
Trial Time:          0.06217
Trial Time:          0.06535
Trial Time:          0.06214
Trial Time:          0.06222
Trial Time:          0.06216
Trial Time:          0.06230
Trial Time:          0.06238
Trial Time:          0.06218
Average Time:        0.06366
