Read Time:           0.18911
Build Time:          0.04503
Graph has 325729 nodes and 1469679 directed edges for degree: 4
Trial Time:          0.06263
Trial Time:          0.06257
Trial Time:          0.06257
Trial Time:          0.06262
Trial Time:          0.06258
Trial Time:          0.06240
Trial Time:          0.06240
Trial Time:          0.06260
Trial Time:          0.06256
Trial Time:          0.06255
Trial Time:          0.06267
Trial Time:          0.06275
Trial Time:          0.06259
Trial Time:          0.06240
Trial Time:          0.06310
Trial Time:          0.06259
Average Time:        0.06260
