Read Time:           0.65217
Build Time:          0.02947
Graph has 916428 nodes and 5105039 directed edges for degree: 5
Trial Time:          0.02913
Trial Time:          0.02851
Trial Time:          0.06247
Trial Time:          0.02788
Trial Time:          0.02787
Trial Time:          0.02823
Trial Time:          0.02827
Trial Time:          0.02770
Trial Time:          0.02806
Trial Time:          0.02792
Trial Time:          0.03533
Trial Time:          0.02784
Trial Time:          0.02748
Trial Time:          0.02829
Trial Time:          0.02835
Trial Time:          0.02817
Average Time:        0.03072
