Read Time:           0.62099
Build Time:          0.03172
Graph has 916428 nodes and 5105039 directed edges for degree: 5
Trial Time:          0.04006
Trial Time:          0.03626
Trial Time:          0.03646
Trial Time:          0.03635
Trial Time:          0.03652
Trial Time:          0.03850
Trial Time:          0.03739
Trial Time:          0.03826
Trial Time:          0.03657
Trial Time:          0.03760
Trial Time:          0.03689
Trial Time:          0.03583
Trial Time:          0.03662
Trial Time:          0.03761
Trial Time:          0.03662
Trial Time:          0.03602
Average Time:        0.03710
