Read Time:           0.19501
Build Time:          0.00892
Graph has 325729 nodes and 1469679 directed edges for degree: 4
Trial Time:          0.01410
Trial Time:          0.01400
Trial Time:          0.01400
Trial Time:          0.01400
Trial Time:          0.01399
Trial Time:          0.01400
Trial Time:          0.01400
Trial Time:          0.01401
Trial Time:          0.01399
Trial Time:          0.01398
Trial Time:          0.01402
Trial Time:          0.01397
Trial Time:          0.01399
Trial Time:          0.01399
Trial Time:          0.01395
Trial Time:          0.01398
Average Time:        0.01400
