Read Time:           1.93700
Build Time:          0.22356
Graph has 2599558 nodes and 8861320 directed edges for degree: 3
Trial Time:          0.03430
Trial Time:          0.03350
Trial Time:          0.03335
Trial Time:          0.03275
Trial Time:          0.03376
Trial Time:          0.03324
Trial Time:          0.03344
Trial Time:          0.03300
Trial Time:          0.03314
Trial Time:          0.03317
Trial Time:          0.03348
Trial Time:          0.03355
Trial Time:          0.03305
Trial Time:          0.03301
Trial Time:          0.03340
Trial Time:          0.03295
Average Time:        0.03332
