Read Time:           1.94269
Build Time:          0.94276
Graph has 2599558 nodes and 8861320 directed edges for degree: 3
Trial Time:          0.09776
Trial Time:          0.07974
Trial Time:          0.08498
Trial Time:          0.06455
Trial Time:          0.06451
Trial Time:          0.06395
Trial Time:          0.06422
Trial Time:          0.06413
Trial Time:          0.06479
Trial Time:          0.06551
Trial Time:          0.06437
Trial Time:          0.06461
Trial Time:          0.06330
Trial Time:          0.06464
Trial Time:          0.06360
Trial Time:          0.06468
Average Time:        0.06871
