Read Time:           0.08650
Build Time:          0.11869
Graph has 4036179 nodes and 530872 directed edges for degree: 0
Trial Time:          0.06309
Trial Time:          0.04492
Trial Time:          0.03728
Trial Time:          0.03717
Trial Time:          0.03715
Trial Time:          0.03713
Trial Time:          0.03709
Trial Time:          0.03711
Trial Time:          0.03712
Trial Time:          0.03708
Trial Time:          0.03712
Trial Time:          0.03711
Trial Time:          0.03736
Trial Time:          0.03711
Trial Time:          0.03706
Trial Time:          0.03708
Average Time:        0.03925
