Read Time:           0.18704
Build Time:          0.00729
Graph has 325729 nodes and 1469679 directed edges for degree: 4
Trial Time:          0.01189
Trial Time:          0.01181
Trial Time:          0.01143
Trial Time:          0.01176
Trial Time:          0.01133
Trial Time:          0.01177
Trial Time:          0.01132
Trial Time:          0.01137
Trial Time:          0.01137
Trial Time:          0.01179
Trial Time:          0.01138
Trial Time:          0.01140
Trial Time:          0.01128
Trial Time:          0.01133
Trial Time:          0.01128
Trial Time:          0.01192
Average Time:        0.01153
