Read Time:           0.18499
Build Time:          0.00783
Graph has 325729 nodes and 1469679 directed edges for degree: 4
Trial Time:          0.01221
Trial Time:          0.01157
Trial Time:          0.01121
Trial Time:          0.01119
Trial Time:          0.01120
Trial Time:          0.01117
Trial Time:          0.01118
Trial Time:          0.01124
Trial Time:          0.01158
Trial Time:          0.01112
Trial Time:          0.01121
Trial Time:          0.01120
Trial Time:          0.01155
Trial Time:          0.01123
Trial Time:          0.01119
Trial Time:          0.01118
Average Time:        0.01133
