Read Time:           0.09395
Build Time:          0.02543
Graph has 4036179 nodes and 530872 directed edges for degree: 0
Trial Time:          0.01133
Trial Time:          0.00961
Trial Time:          0.00936
Trial Time:          0.00959
Trial Time:          0.00952
Trial Time:          0.00926
Trial Time:          0.00938
Trial Time:          0.00914
Trial Time:          0.00920
Trial Time:          0.00913
Trial Time:          0.00969
Trial Time:          0.00919
Trial Time:          0.00972
Trial Time:          0.00934
Trial Time:          0.01004
Trial Time:          0.00970
Average Time:        0.00957
