Read Time:           0.91792
Build Time:          0.23596
Graph has 685231 nodes and 7600595 directed edges for degree: 11
Trial Time:          0.30576
Trial Time:          0.30498
Trial Time:          0.30521
Trial Time:          0.30526
Trial Time:          0.30529
Trial Time:          0.30555
Trial Time:          0.30492
Trial Time:          0.30502
Trial Time:          0.30512
Trial Time:          0.30487
Trial Time:          0.30496
Trial Time:          0.30508
Trial Time:          0.30590
Trial Time:          0.30482
Trial Time:          0.30502
Trial Time:          0.30541
Average Time:        0.30520
