Read Time:           0.28886
Build Time:          0.10361
Graph has 281904 nodes and 2312497 directed edges for degree: 8
Trial Time:          0.17757
Trial Time:          0.17763
Trial Time:          0.17760
Trial Time:          0.17752
Trial Time:          0.17758
Trial Time:          0.17750
Trial Time:          0.17831
Trial Time:          0.17799
Trial Time:          0.17760
Trial Time:          0.17745
Trial Time:          0.17757
Trial Time:          0.17742
Trial Time:          0.17756
Trial Time:          0.17759
Trial Time:          0.17748
Trial Time:          0.17746
Average Time:        0.17761
