Read Time:           0.62611
Build Time:          0.16790
Graph has 916428 nodes and 5105039 directed edges for degree: 5
Trial Time:          0.17397
Trial Time:          0.16861
Trial Time:          0.16168
Trial Time:          0.16169
Trial Time:          0.16142
Trial Time:          0.16193
Trial Time:          0.15454
Trial Time:          0.15244
Trial Time:          0.15254
Trial Time:          0.15251
Trial Time:          0.15246
Trial Time:          0.15252
Trial Time:          0.15233
Trial Time:          0.15413
Trial Time:          0.15252
Trial Time:          0.15263
Average Time:        0.15737
