Read Time:           0.91821
Build Time:          0.03553
Graph has 685231 nodes and 7600595 directed edges for degree: 11
Trial Time:          0.03376
Trial Time:          0.02903
Trial Time:          0.02907
Trial Time:          0.02906
Trial Time:          0.02905
Trial Time:          0.02892
Trial Time:          0.02909
Trial Time:          0.02903
Trial Time:          0.02912
Trial Time:          0.02900
Trial Time:          0.02913
Trial Time:          0.02903
Trial Time:          0.02892
Trial Time:          0.02912
Trial Time:          0.02899
Trial Time:          0.02890
Average Time:        0.02933
