Read Time:           0.63334
Build Time:          0.03255
Graph has 916428 nodes and 5105039 directed edges for degree: 5
Trial Time:          0.03830
Trial Time:          0.03784
Trial Time:          0.03799
Trial Time:          0.03794
Trial Time:          0.03747
Trial Time:          0.03818
Trial Time:          0.03795
Trial Time:          0.03838
Trial Time:          0.03892
Trial Time:          0.03802
Trial Time:          0.03766
Trial Time:          0.03772
Trial Time:          0.03775
Trial Time:          0.03795
Trial Time:          0.03773
Trial Time:          0.03788
Average Time:        0.03798
