Read Time:           1.94214
Build Time:          0.21699
Graph has 2599558 nodes and 8861320 directed edges for degree: 3
Trial Time:          0.03448
Trial Time:          0.03421
Trial Time:          0.03368
Trial Time:          0.03359
Trial Time:          0.03331
Trial Time:          0.03335
Trial Time:          0.03403
Trial Time:          0.03410
Trial Time:          0.03382
Trial Time:          0.03354
Trial Time:          0.03233
Trial Time:          0.03176
Trial Time:          0.03249
Trial Time:          0.03229
Trial Time:          0.03240
Trial Time:          0.02184
Average Time:        0.03258
