Read Time:           0.28419
Build Time:          0.02435
Graph has 281904 nodes and 2312497 directed edges for degree: 8
Trial Time:          0.02373
Trial Time:          0.02045
Trial Time:          0.02028
Trial Time:          0.02031
Trial Time:          0.01961
Trial Time:          0.02044
Trial Time:          0.02033
Trial Time:          0.02015
Trial Time:          0.02008
Trial Time:          0.01995
Trial Time:          0.01941
Trial Time:          0.02004
Trial Time:          0.01989
Trial Time:          0.01934
Trial Time:          0.01935
Trial Time:          0.01983
Average Time:        0.02020
