Read Time:           0.90333
Build Time:          0.23581
Graph has 685231 nodes and 7600595 directed edges for degree: 11
Trial Time:          0.30747
Trial Time:          0.30597
Trial Time:          0.30604
Trial Time:          0.30683
Trial Time:          0.30613
Trial Time:          0.30656
Trial Time:          0.30616
Trial Time:          0.30602
Trial Time:          0.30636
Trial Time:          0.30642
Trial Time:          0.30642
Trial Time:          0.30574
Trial Time:          0.30601
Trial Time:          0.30635
Trial Time:          0.30595
Trial Time:          0.30575
Average Time:        0.30626
