Read Time:           0.64707
Build Time:          0.03148
Graph has 916428 nodes and 5105039 directed edges for degree: 5
Trial Time:          0.03003
Trial Time:          0.02757
Trial Time:          0.02770
Trial Time:          0.02716
Trial Time:          0.02797
Trial Time:          0.02741
Trial Time:          0.02755
Trial Time:          0.02845
Trial Time:          0.02736
Trial Time:          0.02784
Trial Time:          0.02792
Trial Time:          0.03696
Trial Time:          0.02703
Trial Time:          0.02702
Trial Time:          0.02737
Trial Time:          0.02729
Average Time:        0.02829
