Read Time:           1.95555
Build Time:          0.27933
Graph has 2599558 nodes and 8861320 directed edges for degree: 3
Trial Time:          0.04334
Trial Time:          0.04267
Trial Time:          0.04251
Trial Time:          0.04234
Trial Time:          0.04212
Trial Time:          0.04208
Trial Time:          0.04206
Trial Time:          0.04215
Trial Time:          0.04202
Trial Time:          0.04227
Trial Time:          0.04223
Trial Time:          0.04202
Trial Time:          0.04221
Trial Time:          0.04204
Trial Time:          0.04217
Trial Time:          0.04214
Average Time:        0.04227
