Read Time:           0.08910
Build Time:          0.01840
Graph has 4036179 nodes and 530872 directed edges for degree: 0
Trial Time:          0.01332
Trial Time:          0.01267
Trial Time:          0.01262
Trial Time:          0.01249
Trial Time:          0.01250
Trial Time:          0.01257
Trial Time:          0.01253
Trial Time:          0.01250
Trial Time:          0.01250
Trial Time:          0.01251
Trial Time:          0.01253
Trial Time:          0.01249
Trial Time:          0.01240
Trial Time:          0.01222
Trial Time:          0.01224
Trial Time:          0.01222
Average Time:        0.01252
