Read Time:           0.89265
Build Time:          0.07400
Graph has 685231 nodes and 7600595 directed edges for degree: 11
Trial Time:          0.09471
Trial Time:          0.09399
Trial Time:          0.09388
Trial Time:          0.09390
Trial Time:          0.09371
Trial Time:          0.09312
Trial Time:          0.09311
Trial Time:          0.09304
Trial Time:          0.09315
Trial Time:          0.09308
Trial Time:          0.09299
Trial Time:          0.09150
Trial Time:          0.09024
Trial Time:          0.09031
Trial Time:          0.09019
Trial Time:          0.09030
Average Time:        0.09258
