Read Time:           1.93623
Build Time:          0.21723
Graph has 2599558 nodes and 8861320 directed edges for degree: 3
Trial Time:          0.03459
Trial Time:          0.03418
Trial Time:          0.03406
Trial Time:          0.03430
Trial Time:          0.03448
Trial Time:          0.03323
Trial Time:          0.03352
Trial Time:          0.03295
Trial Time:          0.03306
Trial Time:          0.03307
Trial Time:          0.03238
Trial Time:          0.03256
Trial Time:          0.03239
Trial Time:          0.03199
Trial Time:          0.03182
Trial Time:          0.03071
Average Time:        0.03308
