Read Time:           1.95171
Build Time:          0.63613
Graph has 2599558 nodes and 8861320 directed edges for degree: 3
Trial Time:          0.08446
Trial Time:          0.08368
Trial Time:          0.08370
Trial Time:          0.08488
Trial Time:          0.08356
Trial Time:          0.08385
Trial Time:          0.08355
Trial Time:          0.08380
Trial Time:          0.08352
Trial Time:          0.08366
Trial Time:          0.08379
Trial Time:          0.08359
Trial Time:          0.08377
Trial Time:          0.08361
Trial Time:          0.08383
Trial Time:          0.08365
Average Time:        0.08381
