Read Time:           0.09268
Build Time:          0.02199
Graph has 4036179 nodes and 530872 directed edges for degree: 0
Trial Time:          0.01117
Trial Time:          0.00932
Trial Time:          0.00973
Trial Time:          0.00940
Trial Time:          0.00977
Trial Time:          0.00906
Trial Time:          0.00959
Trial Time:          0.00943
Trial Time:          0.00909
Trial Time:          0.00920
Trial Time:          0.00902
Trial Time:          0.00928
Trial Time:          0.00928
Trial Time:          0.00933
Trial Time:          0.00925
Trial Time:          0.00906
Average Time:        0.00944
