Read Time:           0.22701
Build Time:          2.05614
Graph has 124736033 nodes and 1442970 directed edges for degree: 0
Trial Time:          1.10610
Trial Time:          1.10193
Trial Time:          1.10113
Trial Time:          1.10191
Trial Time:          1.10030
Trial Time:          1.10113
Trial Time:          1.10073
Trial Time:          1.10069
Trial Time:          1.10001
Trial Time:          1.10112
Trial Time:          1.09994
Trial Time:          1.09972
Trial Time:          1.09876
Trial Time:          1.10110
Trial Time:          1.09924
Trial Time:          1.09980
Average Time:        1.10085
