Read Time:           0.18962
Build Time:          0.00963
Graph has 325729 nodes and 1469679 directed edges for degree: 4
Trial Time:          0.01893
Trial Time:          0.01698
Trial Time:          0.01629
Trial Time:          0.01659
Trial Time:          0.01617
Trial Time:          0.01630
Trial Time:          0.01617
Trial Time:          0.01635
Trial Time:          0.01607
Trial Time:          0.01642
Trial Time:          0.01601
Trial Time:          0.01692
Trial Time:          0.01618
Trial Time:          0.01642
Trial Time:          0.01611
Trial Time:          0.01661
Average Time:        0.01653
