Read Time:           0.18533
Build Time:          0.00728
Graph has 325729 nodes and 1469679 directed edges for degree: 4
Trial Time:          0.01184
Trial Time:          0.01116
Trial Time:          0.01131
Trial Time:          0.01166
Trial Time:          0.01171
Trial Time:          0.01161
Trial Time:          0.01164
Trial Time:          0.01167
Trial Time:          0.01125
Trial Time:          0.01125
Trial Time:          0.01162
Trial Time:          0.01174
Trial Time:          0.01166
Trial Time:          0.01158
Trial Time:          0.01160
Trial Time:          0.01123
Average Time:        0.01153
