Read Time:           0.23005
Build Time:          0.15539
Graph has 124736033 nodes and 1442970 directed edges for degree: 0
Trial Time:          0.38542
Trial Time:          0.40196
Trial Time:          0.40028
Trial Time:          0.39463
Trial Time:          0.39937
Trial Time:          0.38365
Trial Time:          0.38641
Trial Time:          0.38170
Trial Time:          0.38440
Trial Time:          0.38934
Trial Time:          0.38299
Trial Time:          0.38573
Trial Time:          0.38388
Trial Time:          0.38458
Trial Time:          0.38477
Trial Time:          0.38199
Average Time:        0.38819
