Read Time:           0.19207
Build Time:          0.00850
Graph has 325729 nodes and 1469679 directed edges for degree: 4
Trial Time:          0.01404
Trial Time:          0.01398
Trial Time:          0.01390
Trial Time:          0.01392
Trial Time:          0.01419
Trial Time:          0.01390
Trial Time:          0.01395
Trial Time:          0.01395
Trial Time:          0.01398
Trial Time:          0.01391
Trial Time:          0.01388
Trial Time:          0.01394
Trial Time:          0.01399
Trial Time:          0.01397
Trial Time:          0.01394
Trial Time:          0.01392
Average Time:        0.01396
