Read Time:           0.90710
Build Time:          0.03608
Graph has 685231 nodes and 7600595 directed edges for degree: 11
Trial Time:          0.03810
Trial Time:          0.03724
Trial Time:          0.03759
Trial Time:          0.03683
Trial Time:          0.03750
Trial Time:          0.03730
Trial Time:          0.03763
Trial Time:          0.03735
Trial Time:          0.03742
Trial Time:          0.03706
Trial Time:          0.03684
Trial Time:          0.03769
Trial Time:          0.03758
Trial Time:          0.04105
Trial Time:          0.03741
Trial Time:          0.03695
Average Time:        0.03760
