Read Time:           0.18403
Build Time:          0.00939
Graph has 325729 nodes and 1469679 directed edges for degree: 4
Trial Time:          0.01412
Trial Time:          0.01358
Trial Time:          0.01354
Trial Time:          0.01410
Trial Time:          0.01404
Trial Time:          0.01365
Trial Time:          0.01409
Trial Time:          0.01406
Trial Time:          0.01392
Trial Time:          0.01405
Trial Time:          0.01358
Trial Time:          0.01413
Trial Time:          0.01352
Trial Time:          0.01355
Trial Time:          0.01400
Trial Time:          0.01402
Average Time:        0.01387
