Read Time:           0.28950
Build Time:          0.01914
Graph has 281904 nodes and 2312497 directed edges for degree: 8
Trial Time:          0.02811
Trial Time:          0.02593
Trial Time:          0.02616
Trial Time:          0.02614
Trial Time:          0.02619
Trial Time:          0.02682
Trial Time:          0.02586
Trial Time:          0.02597
Trial Time:          0.02593
Trial Time:          0.02623
Trial Time:          0.02540
Trial Time:          0.02552
Trial Time:          0.02609
Trial Time:          0.02522
Trial Time:          0.02648
Trial Time:          0.02643
Average Time:        0.02616
