Read Time:           1.95272
Build Time:          0.63920
Graph has 2599558 nodes and 8861320 directed edges for degree: 3
Trial Time:          0.08496
Trial Time:          0.08421
Trial Time:          0.08408
Trial Time:          0.08467
Trial Time:          0.08411
Trial Time:          0.08401
Trial Time:          0.08421
Trial Time:          0.08412
Trial Time:          0.08417
Trial Time:          0.08406
Trial Time:          0.08419
Trial Time:          0.08410
Trial Time:          0.08410
Trial Time:          0.08410
Trial Time:          0.08400
Trial Time:          0.08425
Average Time:        0.08421
