Read Time:           0.90685
Build Time:          0.04206
Graph has 685231 nodes and 7600595 directed edges for degree: 11
Trial Time:          0.04326
Trial Time:          0.03638
Trial Time:          0.03629
Trial Time:          0.03631
Trial Time:          0.03619
Trial Time:          0.03634
Trial Time:          0.03623
Trial Time:          0.03621
Trial Time:          0.03626
Trial Time:          0.03614
Trial Time:          0.03622
Trial Time:          0.03604
Trial Time:          0.03612
Trial Time:          0.03601
Trial Time:          0.03604
Trial Time:          0.03612
Average Time:        0.03663
