Read Time:           0.18346
Build Time:          0.00908
Graph has 325729 nodes and 1469679 directed edges for degree: 4
Trial Time:          0.01454
Trial Time:          0.01406
Trial Time:          0.01358
Trial Time:          0.01407
Trial Time:          0.01365
Trial Time:          0.01406
Trial Time:          0.01415
Trial Time:          0.01356
Trial Time:          0.01395
Trial Time:          0.01358
Trial Time:          0.01354
Trial Time:          0.01362
Trial Time:          0.01398
Trial Time:          0.01395
Trial Time:          0.01391
Trial Time:          0.01401
Average Time:        0.01389
