Read Time:           0.92612
Build Time:          0.03771
Graph has 685231 nodes and 7600595 directed edges for degree: 11
Trial Time:          0.04351
Trial Time:          0.03411
Trial Time:          0.03409
Trial Time:          0.03414
Trial Time:          0.03408
Trial Time:          0.03402
Trial Time:          0.03419
Trial Time:          0.03397
Trial Time:          0.03409
Trial Time:          0.03408
Trial Time:          0.03398
Trial Time:          0.03409
Trial Time:          0.03407
Trial Time:          0.03409
Trial Time:          0.03404
Trial Time:          0.03403
Average Time:        0.03466
