Read Time:           0.62892
Build Time:          0.02940
Graph has 916428 nodes and 5105039 directed edges for degree: 5
Trial Time:          0.03451
Trial Time:          0.03199
Trial Time:          0.03179
Trial Time:          0.03187
Trial Time:          0.03175
Trial Time:          0.03185
Trial Time:          0.03169
Trial Time:          0.03143
Trial Time:          0.03150
Trial Time:          0.03178
Trial Time:          0.03916
Trial Time:          0.03181
Trial Time:          0.03164
Trial Time:          0.03198
Trial Time:          0.03162
Trial Time:          0.03177
Average Time:        0.03238
