Read Time:           0.23250
Build Time:          0.15307
Graph has 124736033 nodes and 1442970 directed edges for degree: 0
Trial Time:          0.30663
Trial Time:          0.33124
Trial Time:          0.32835
Trial Time:          0.32740
Trial Time:          0.34391
Trial Time:          0.30658
Trial Time:          0.30433
Trial Time:          0.30367
Trial Time:          0.30283
Trial Time:          0.30242
Trial Time:          0.30291
Trial Time:          0.30361
Trial Time:          0.30345
Trial Time:          0.30440
Trial Time:          0.30417
Trial Time:          0.30301
Average Time:        0.31118
