Read Time:           0.18140
Build Time:          0.04495
Graph has 325729 nodes and 1469679 directed edges for degree: 4
Trial Time:          0.06269
Trial Time:          0.06258
Trial Time:          0.06231
Trial Time:          0.06249
Trial Time:          0.06259
Trial Time:          0.06276
Trial Time:          0.06268
Trial Time:          0.06247
Trial Time:          0.06272
Trial Time:          0.06258
Trial Time:          0.06282
Trial Time:          0.06247
Trial Time:          0.06244
Trial Time:          0.06249
Trial Time:          0.06274
Trial Time:          0.06325
Average Time:        0.06263
