Read Time:           0.90492
Build Time:          0.04494
Graph has 685231 nodes and 7600595 directed edges for degree: 11
Trial Time:          0.04407
Trial Time:          0.03772
Trial Time:          0.03797
Trial Time:          0.03772
Trial Time:          0.03721
Trial Time:          0.03736
Trial Time:          0.03722
Trial Time:          0.03724
Trial Time:          0.03718
Trial Time:          0.03717
Trial Time:          0.03732
Trial Time:          0.03731
Trial Time:          0.03706
Trial Time:          0.03708
Trial Time:          0.03706
Trial Time:          0.03722
Average Time:        0.03774
