Read Time:           1.93754
Build Time:          0.13074
Graph has 2599558 nodes and 8861320 directed edges for degree: 3
Trial Time:          0.02805
Trial Time:          0.02487
Trial Time:          0.02802
Trial Time:          0.02745
Trial Time:          0.02546
Trial Time:          0.02753
Trial Time:          0.02762
Trial Time:          0.02438
Trial Time:          0.02440
Trial Time:          0.02776
Trial Time:          0.02718
Trial Time:          0.02521
Trial Time:          0.02447
Trial Time:          0.02808
Trial Time:          0.02786
Trial Time:          0.02463
Average Time:        0.02643
