Read Time:           0.09222
Build Time:          0.01841
Graph has 4036179 nodes and 530872 directed edges for degree: 0
Trial Time:          0.00934
Trial Time:          0.00795
Trial Time:          0.00788
Trial Time:          0.00796
Trial Time:          0.00796
Trial Time:          0.00767
Trial Time:          0.00785
Trial Time:          0.00761
Trial Time:          0.00773
Trial Time:          0.00772
Trial Time:          0.00771
Trial Time:          0.00778
Trial Time:          0.00785
Trial Time:          0.00777
Trial Time:          0.00765
Trial Time:          0.00764
Average Time:        0.00788
