Read Time:           1.96318
Build Time:          0.10776
Graph has 2599558 nodes and 8861320 directed edges for degree: 3
Trial Time:          0.01891
Trial Time:          0.01798
Trial Time:          0.01757
Trial Time:          0.01793
Trial Time:          0.01785
Trial Time:          0.01802
Trial Time:          0.01795
Trial Time:          0.01785
Trial Time:          0.01800
Trial Time:          0.01753
Trial Time:          0.01743
Trial Time:          0.01753
Trial Time:          0.01779
Trial Time:          0.01763
Trial Time:          0.01799
Trial Time:          0.01764
Average Time:        0.01785
