Read Time:           0.28767
Build Time:          0.01974
Graph has 281904 nodes and 2312497 directed edges for degree: 8
Trial Time:          0.02831
Trial Time:          0.02486
Trial Time:          0.02429
Trial Time:          0.02524
Trial Time:          0.02531
Trial Time:          0.02413
Trial Time:          0.02428
Trial Time:          0.02438
Trial Time:          0.02402
Trial Time:          0.02566
Trial Time:          0.02534
Trial Time:          0.02538
Trial Time:          0.02502
Trial Time:          0.02566
Trial Time:          0.02489
Trial Time:          0.02513
Average Time:        0.02512
