Read Time:           0.18368
Build Time:          0.00838
Graph has 325729 nodes and 1469679 directed edges for degree: 4
Trial Time:          0.01361
Trial Time:          0.01352
Trial Time:          0.01357
Trial Time:          0.01352
Trial Time:          0.01355
Trial Time:          0.01353
Trial Time:          0.01356
Trial Time:          0.01355
Trial Time:          0.01351
Trial Time:          0.01353
Trial Time:          0.01344
Trial Time:          0.01349
Trial Time:          0.01346
Trial Time:          0.01349
Trial Time:          0.01351
Trial Time:          0.01347
Average Time:        0.01352
