Read Time:           0.23457
Build Time:          0.21902
Graph has 124736033 nodes and 1442970 directed edges for degree: 0
Trial Time:          0.40030
Trial Time:          0.41258
Trial Time:          0.40456
Trial Time:          0.41007
Trial Time:          0.40708
Trial Time:          0.40449
Trial Time:          0.40804
Trial Time:          0.41394
Trial Time:          0.40359
Trial Time:          0.40291
Trial Time:          0.39992
Trial Time:          0.42028
Trial Time:          0.39869
Trial Time:          0.39832
Trial Time:          0.40799
Trial Time:          0.39974
Average Time:        0.40578
