Read Time:           0.91107
Build Time:          0.04938
Graph has 685231 nodes and 7600595 directed edges for degree: 11
Trial Time:          0.04406
Trial Time:          0.04337
Trial Time:          0.04346
Trial Time:          0.04336
Trial Time:          0.04342
Trial Time:          0.04338
Trial Time:          0.04340
Trial Time:          0.04334
Trial Time:          0.04349
Trial Time:          0.04348
Trial Time:          0.04341
Trial Time:          0.04346
Trial Time:          0.04340
Trial Time:          0.04340
Trial Time:          0.04336
Trial Time:          0.04343
Average Time:        0.04345
