Read Time:           0.62624
Build Time:          0.03408
Graph has 916428 nodes and 5105039 directed edges for degree: 5
Trial Time:          0.03665
Trial Time:          0.03448
Trial Time:          0.03436
Trial Time:          0.03417
Trial Time:          0.03409
Trial Time:          0.03415
Trial Time:          0.03303
Trial Time:          0.03408
Trial Time:          0.03367
Trial Time:          0.03877
Trial Time:          0.03399
Trial Time:          0.03361
Trial Time:          0.03223
Trial Time:          0.03288
Trial Time:          0.03301
Trial Time:          0.03302
Average Time:        0.03414
