Read Time:           0.61388
Build Time:          0.03189
Graph has 916428 nodes and 5105039 directed edges for degree: 5
Trial Time:          0.04106
Trial Time:          0.03637
Trial Time:          0.03634
Trial Time:          0.03642
Trial Time:          0.03644
Trial Time:          0.03635
Trial Time:          0.03532
Trial Time:          0.03573
Trial Time:          0.03559
Trial Time:          0.03630
Trial Time:          0.03631
Trial Time:          0.03575
Trial Time:          0.03574
Trial Time:          0.03556
Trial Time:          0.03624
Trial Time:          0.03690
Average Time:        0.03640
