Read Time:           0.90918
Build Time:          0.03567
Graph has 685231 nodes and 7600595 directed edges for degree: 11
Trial Time:          0.03003
Trial Time:          0.03512
Trial Time:          0.02959
Trial Time:          0.02998
Trial Time:          0.02963
Trial Time:          0.02970
Trial Time:          0.02954
Trial Time:          0.02980
Trial Time:          0.02973
Trial Time:          0.02958
Trial Time:          0.02995
Trial Time:          0.02921
Trial Time:          0.02971
Trial Time:          0.02952
Trial Time:          0.02969
Trial Time:          0.02955
Average Time:        0.03002
