Read Time:           1.93446
Build Time:          0.36454
Graph has 2599558 nodes and 8861320 directed edges for degree: 3
Trial Time:          0.04467
Trial Time:          0.03535
Trial Time:          0.03559
Trial Time:          0.03486
Trial Time:          0.03512
Trial Time:          0.03536
Trial Time:          0.03589
Trial Time:          0.03558
Trial Time:          0.03595
Trial Time:          0.03547
Trial Time:          0.03545
Trial Time:          0.03530
Trial Time:          0.03590
Trial Time:          0.03552
Trial Time:          0.03553
Trial Time:          0.03549
Average Time:        0.03607
