Read Time:           0.09800
Build Time:          0.02294
Graph has 4036179 nodes and 530872 directed edges for degree: 0
Trial Time:          0.01432
Trial Time:          0.01402
Trial Time:          0.01406
Trial Time:          0.01402
Trial Time:          0.01412
Trial Time:          0.01412
Trial Time:          0.01410
Trial Time:          0.01411
Trial Time:          0.01417
Trial Time:          0.01412
Trial Time:          0.01413
Trial Time:          0.01407
Trial Time:          0.01410
Trial Time:          0.01410
Trial Time:          0.01409
Trial Time:          0.01411
Average Time:        0.01411
