Read Time:           0.08896
Build Time:          0.02062
Graph has 4036179 nodes and 530872 directed edges for degree: 0
Trial Time:          0.01728
Trial Time:          0.01697
Trial Time:          0.01694
Trial Time:          0.01695
Trial Time:          0.01694
Trial Time:          0.01692
Trial Time:          0.01694
Trial Time:          0.01692
Trial Time:          0.01692
Trial Time:          0.01622
Trial Time:          0.01620
Trial Time:          0.01618
Trial Time:          0.01621
Trial Time:          0.01624
Trial Time:          0.01623
Trial Time:          0.01622
Average Time:        0.01664
