Read Time:           0.08692
Build Time:          0.03780
Graph has 4036179 nodes and 530872 directed edges for degree: 0
Trial Time:          0.02210
Trial Time:          0.02121
Trial Time:          0.02089
Trial Time:          0.02070
Trial Time:          0.02064
Trial Time:          0.02062
Trial Time:          0.02058
Trial Time:          0.02072
Trial Time:          0.02070
Trial Time:          0.02064
Trial Time:          0.02062
Trial Time:          0.02059
Trial Time:          0.02057
Trial Time:          0.02064
Trial Time:          0.02067
Trial Time:          0.02059
Average Time:        0.02078
