Read Time:           1.94540
Build Time:          0.13043
Graph has 2599558 nodes and 8861320 directed edges for degree: 3
Trial Time:          0.02174
Trial Time:          0.02419
Trial Time:          0.02444
Trial Time:          0.02220
Trial Time:          0.01866
Trial Time:          0.02089
Trial Time:          0.01853
Trial Time:          0.02071
Trial Time:          0.01895
Trial Time:          0.01868
Trial Time:          0.02121
Trial Time:          0.02079
Trial Time:          0.02134
Trial Time:          0.01871
Trial Time:          0.01897
Trial Time:          0.02117
Average Time:        0.02070
