Read Time:           0.91585
Build Time:          0.04102
Graph has 685231 nodes and 7600595 directed edges for degree: 11
Trial Time:          0.03472
Trial Time:          0.03301
Trial Time:          0.03301
Trial Time:          0.03326
Trial Time:          0.03303
Trial Time:          0.03300
Trial Time:          0.03307
Trial Time:          0.03302
Trial Time:          0.03300
Trial Time:          0.03300
Trial Time:          0.03305
Trial Time:          0.03303
Trial Time:          0.03304
Trial Time:          0.03309
Trial Time:          0.03305
Trial Time:          0.03295
Average Time:        0.03315
