Read Time:           1.95906
Build Time:          0.93452
Graph has 2599558 nodes and 8861320 directed edges for degree: 3
Trial Time:          0.09107
Trial Time:          0.08234
Trial Time:          0.07269
Trial Time:          0.07204
Trial Time:          0.06521
Trial Time:          0.06362
Trial Time:          0.06378
Trial Time:          0.06406
Trial Time:          0.06480
Trial Time:          0.06291
Trial Time:          0.06446
Trial Time:          0.06460
Trial Time:          0.06373
Trial Time:          0.06500
Trial Time:          0.06361
Trial Time:          0.06437
Average Time:        0.06802
