Read Time:           0.89328
Build Time:          0.03785
Graph has 685231 nodes and 7600595 directed edges for degree: 11
Trial Time:          0.03800
Trial Time:          0.03644
Trial Time:          0.03634
Trial Time:          0.03616
Trial Time:          0.03663
Trial Time:          0.03578
Trial Time:          0.03617
Trial Time:          0.03662
Trial Time:          0.03595
Trial Time:          0.03572
Trial Time:          0.03632
Trial Time:          0.03644
Trial Time:          0.03588
Trial Time:          0.03640
Trial Time:          0.03620
Trial Time:          0.03984
Average Time:        0.03656
