Read Time:           0.62581
Build Time:          0.27931
Graph has 916428 nodes and 5105039 directed edges for degree: 5
Trial Time:          0.53262
Trial Time:          0.45399
Trial Time:          0.44302
Trial Time:          0.44334
Trial Time:          0.44301
Trial Time:          0.44353
Trial Time:          0.44385
Trial Time:          0.44378
Trial Time:          0.44336
Trial Time:          0.44341
Trial Time:          0.44436
Trial Time:          0.44343
Trial Time:          0.44321
Trial Time:          0.44287
Trial Time:          0.44296
Trial Time:          0.44377
Average Time:        0.44966
