Read Time:           0.90102
Build Time:          0.04073
Graph has 685231 nodes and 7600595 directed edges for degree: 11
Trial Time:          0.05221
Trial Time:          0.04594
Trial Time:          0.04608
Trial Time:          0.04581
Trial Time:          0.04583
Trial Time:          0.04584
Trial Time:          0.04590
Trial Time:          0.04548
Trial Time:          0.04512
Trial Time:          0.04480
Trial Time:          0.04483
Trial Time:          0.04485
Trial Time:          0.04474
Trial Time:          0.04495
Trial Time:          0.04491
Trial Time:          0.04496
Average Time:        0.04577
