Read Time:           0.91579
Build Time:          0.04057
Graph has 685231 nodes and 7600595 directed edges for degree: 11
Trial Time:          0.03377
Trial Time:          0.03306
Trial Time:          0.03311
Trial Time:          0.03305
Trial Time:          0.03297
Trial Time:          0.03300
Trial Time:          0.03299
Trial Time:          0.03298
Trial Time:          0.03313
Trial Time:          0.03311
Trial Time:          0.03314
Trial Time:          0.03294
Trial Time:          0.03309
Trial Time:          0.03303
Trial Time:          0.03298
Trial Time:          0.03300
Average Time:        0.03308
