Read Time:           0.63311
Build Time:          0.04187
Graph has 916428 nodes and 5105039 directed edges for degree: 5
Trial Time:          0.05326
Trial Time:          0.05254
Trial Time:          0.05285
Trial Time:          0.05269
Trial Time:          0.05299
Trial Time:          0.05282
Trial Time:          0.05300
Trial Time:          0.05274
Trial Time:          0.05208
Trial Time:          0.05244
Trial Time:          0.05286
Trial Time:          0.05284
Trial Time:          0.05301
Trial Time:          0.05296
Trial Time:          0.05255
Trial Time:          0.05278
Average Time:        0.05278
