Read Time:           0.90701
Build Time:          0.12462
Graph has 685231 nodes and 7600595 directed edges for degree: 11
Trial Time:          0.11051
Trial Time:          0.11017
Trial Time:          0.11058
Trial Time:          0.11007
Trial Time:          0.11002
Trial Time:          0.10995
Trial Time:          0.10680
Trial Time:          0.10733
Trial Time:          0.10707
Trial Time:          0.11008
Trial Time:          0.10694
Trial Time:          0.11001
Trial Time:          0.10694
Trial Time:          0.10996
Trial Time:          0.10682
Trial Time:          0.10989
Average Time:        0.10895
