Read Time:           0.62064
Build Time:          0.03226
Graph has 916428 nodes and 5105039 directed edges for degree: 5
Trial Time:          0.04189
Trial Time:          0.03880
Trial Time:          0.03784
Trial Time:          0.03772
Trial Time:          0.04015
Trial Time:          0.03920
Trial Time:          0.03877
Trial Time:          0.03992
Trial Time:          0.03990
Trial Time:          0.03895
Trial Time:          0.03849
Trial Time:          0.03819
Trial Time:          0.03823
Trial Time:          0.03860
Trial Time:          0.03825
Trial Time:          0.03935
Average Time:        0.03902
