Read Time:           0.18558
Build Time:          0.00958
Graph has 325729 nodes and 1469679 directed edges for degree: 4
Trial Time:          0.01723
Trial Time:          0.01638
Trial Time:          0.01573
Trial Time:          0.01560
Trial Time:          0.01636
Trial Time:          0.01553
Trial Time:          0.01572
Trial Time:          0.01539
Trial Time:          0.01544
Trial Time:          0.01558
Trial Time:          0.01561
Trial Time:          0.01572
Trial Time:          0.01562
Trial Time:          0.01580
Trial Time:          0.01562
Trial Time:          0.01557
Average Time:        0.01581
