Read Time:           1.94457
Build Time:          0.14767
Graph has 2599558 nodes and 8861320 directed edges for degree: 3
Trial Time:          0.02528
Trial Time:          0.02479
Trial Time:          0.02454
Trial Time:          0.02503
Trial Time:          0.02491
Trial Time:          0.02470
Trial Time:          0.02484
Trial Time:          0.02438
Trial Time:          0.02450
Trial Time:          0.02427
Trial Time:          0.02481
Trial Time:          0.02422
Trial Time:          0.02395
Trial Time:          0.02399
Trial Time:          0.02491
Trial Time:          0.02377
Average Time:        0.02456
