Read Time:           0.28320
Build Time:          0.02126
Graph has 281904 nodes and 2312497 directed edges for degree: 8
Trial Time:          0.02340
Trial Time:          0.02056
Trial Time:          0.02037
Trial Time:          0.01980
Trial Time:          0.01968
Trial Time:          0.02031
Trial Time:          0.01979
Trial Time:          0.02032
Trial Time:          0.02025
Trial Time:          0.02040
Trial Time:          0.01973
Trial Time:          0.02042
Trial Time:          0.02048
Trial Time:          0.02045
Trial Time:          0.01988
Trial Time:          0.01980
Average Time:        0.02035
