Read Time:           0.64809
Build Time:          0.03160
Graph has 916428 nodes and 5105039 directed edges for degree: 5
Trial Time:          0.03651
Trial Time:          0.03566
Trial Time:          0.03652
Trial Time:          0.03613
Trial Time:          0.03643
Trial Time:          0.03596
Trial Time:          0.03590
Trial Time:          0.03564
Trial Time:          0.03618
Trial Time:          0.03586
Trial Time:          0.03540
Trial Time:          0.03590
Trial Time:          0.03635
Trial Time:          0.03667
Trial Time:          0.03605
Trial Time:          0.03610
Average Time:        0.03608
