Read Time:           0.18640
Build Time:          0.00932
Graph has 325729 nodes and 1469679 directed edges for degree: 4
Trial Time:          0.01756
Trial Time:          0.01613
Trial Time:          0.01552
Trial Time:          0.01575
Trial Time:          0.01585
Trial Time:          0.01580
Trial Time:          0.01566
Trial Time:          0.01562
Trial Time:          0.01579
Trial Time:          0.01576
Trial Time:          0.01585
Trial Time:          0.01575
Trial Time:          0.01583
Trial Time:          0.01570
Trial Time:          0.01570
Trial Time:          0.01548
Average Time:        0.01586
