Read Time:           0.09088
Build Time:          0.02021
Graph has 4036179 nodes and 530872 directed edges for degree: 0
Trial Time:          0.01105
Trial Time:          0.00971
Trial Time:          0.00985
Trial Time:          0.00986
Trial Time:          0.00957
Trial Time:          0.00957
Trial Time:          0.00969
Trial Time:          0.00977
Trial Time:          0.00987
Trial Time:          0.00972
Trial Time:          0.00972
Trial Time:          0.00986
Trial Time:          0.00976
Trial Time:          0.00980
Trial Time:          0.00958
Trial Time:          0.00968
Average Time:        0.00982
