Read Time:           0.89018
Build Time:          0.04112
Graph has 685231 nodes and 7600595 directed edges for degree: 11
Trial Time:          0.03793
Trial Time:          0.03612
Trial Time:          0.03646
Trial Time:          0.03615
Trial Time:          0.03617
Trial Time:          0.03635
Trial Time:          0.03682
Trial Time:          0.03656
Trial Time:          0.03638
Trial Time:          0.03618
Trial Time:          0.03635
Trial Time:          0.03611
Trial Time:          0.03635
Trial Time:          0.03614
Trial Time:          0.03606
Trial Time:          0.03919
Average Time:        0.03658
