Read Time:           0.62821
Build Time:          0.02934
Graph has 916428 nodes and 5105039 directed edges for degree: 5
Trial Time:          0.03558
Trial Time:          0.03250
Trial Time:          0.03265
Trial Time:          0.03242
Trial Time:          0.03233
Trial Time:          0.03242
Trial Time:          0.03238
Trial Time:          0.03253
Trial Time:          0.03233
Trial Time:          0.03204
Trial Time:          0.03857
Trial Time:          0.03163
Trial Time:          0.03175
Trial Time:          0.03157
Trial Time:          0.03150
Trial Time:          0.03148
Average Time:        0.03273
