Read Time:           0.28777
Build Time:          0.01952
Graph has 281904 nodes and 2312497 directed edges for degree: 8
Trial Time:          0.02984
Trial Time:          0.02612
Trial Time:          0.02576
Trial Time:          0.02600
Trial Time:          0.02627
Trial Time:          0.02644
Trial Time:          0.02630
Trial Time:          0.02624
Trial Time:          0.02593
Trial Time:          0.02682
Trial Time:          0.02619
Trial Time:          0.02609
Trial Time:          0.02550
Trial Time:          0.02635
Trial Time:          0.02560
Trial Time:          0.02538
Average Time:        0.02630
