Read Time:           1.93254
Build Time:          0.17947
Graph has 2599558 nodes and 8861320 directed edges for degree: 3
Trial Time:          0.02959
Trial Time:          0.02863
Trial Time:          0.02856
Trial Time:          0.02799
Trial Time:          0.02828
Trial Time:          0.02803
Trial Time:          0.02799
Trial Time:          0.02768
Trial Time:          0.02739
Trial Time:          0.02703
Trial Time:          0.02787
Trial Time:          0.02766
Trial Time:          0.02726
Trial Time:          0.02735
Trial Time:          0.02716
Trial Time:          0.02734
Average Time:        0.02786
