Read Time:           0.18629
Build Time:          0.00735
Graph has 325729 nodes and 1469679 directed edges for degree: 4
Trial Time:          0.01173
Trial Time:          0.01125
Trial Time:          0.01166
Trial Time:          0.01127
Trial Time:          0.01131
Trial Time:          0.01126
Trial Time:          0.01131
Trial Time:          0.01124
Trial Time:          0.01125
Trial Time:          0.01127
Trial Time:          0.01114
Trial Time:          0.01122
Trial Time:          0.01126
Trial Time:          0.01130
Trial Time:          0.01129
Trial Time:          0.01120
Average Time:        0.01131
