Read Time:           0.62128
Build Time:          0.03294
Graph has 916428 nodes and 5105039 directed edges for degree: 5
Trial Time:          0.03746
Trial Time:          0.03369
Trial Time:          0.03353
Trial Time:          0.03356
Trial Time:          0.03367
Trial Time:          0.03335
Trial Time:          0.03324
Trial Time:          0.03328
Trial Time:          0.03329
Trial Time:          0.03303
Trial Time:          0.03755
Trial Time:          0.03242
Trial Time:          0.03254
Trial Time:          0.03250
Trial Time:          0.03305
Trial Time:          0.03340
Average Time:        0.03372
