Read Time:           0.28606
Build Time:          0.01685
Graph has 281904 nodes and 2312497 directed edges for degree: 8
Trial Time:          0.01785
Trial Time:          0.01780
Trial Time:          0.01768
Trial Time:          0.01705
Trial Time:          0.01768
Trial Time:          0.01764
Trial Time:          0.01763
Trial Time:          0.01749
Trial Time:          0.01761
Trial Time:          0.01762
Trial Time:          0.01740
Trial Time:          0.01760
Trial Time:          0.01767
Trial Time:          0.01710
Trial Time:          0.01754
Trial Time:          0.01745
Average Time:        0.01755
