Read Time:           0.91605
Build Time:          0.03581
Graph has 685231 nodes and 7600595 directed edges for degree: 11
Trial Time:          0.04206
Trial Time:          0.03377
Trial Time:          0.03376
Trial Time:          0.03375
Trial Time:          0.03371
Trial Time:          0.03383
Trial Time:          0.03379
Trial Time:          0.03383
Trial Time:          0.03364
Trial Time:          0.03379
Trial Time:          0.03368
Trial Time:          0.03390
Trial Time:          0.03375
Trial Time:          0.03381
Trial Time:          0.03364
Trial Time:          0.03383
Average Time:        0.03428
