Read Time:           1.93923
Build Time:          0.22379
Graph has 2599558 nodes and 8861320 directed edges for degree: 3
Trial Time:          0.03501
Trial Time:          0.03502
Trial Time:          0.03581
Trial Time:          0.03507
Trial Time:          0.03454
Trial Time:          0.03450
Trial Time:          0.03317
Trial Time:          0.03378
Trial Time:          0.03333
Trial Time:          0.03323
Trial Time:          0.03344
Trial Time:          0.03360
Trial Time:          0.03344
Trial Time:          0.03309
Trial Time:          0.03339
Trial Time:          0.03321
Average Time:        0.03398
