Read Time:           0.23363
Build Time:          0.17115
Graph has 124736033 nodes and 1442970 directed edges for degree: 0
Trial Time:          0.38803
Trial Time:          0.39148
Trial Time:          0.39172
Trial Time:          0.39484
Trial Time:          0.39241
Trial Time:          0.39035
Trial Time:          0.38919
Trial Time:          0.39419
Trial Time:          0.39080
Trial Time:          0.39198
Trial Time:          0.38627
Trial Time:          0.38706
Trial Time:          0.39563
Trial Time:          0.39280
Trial Time:          0.38776
Trial Time:          0.38447
Average Time:        0.39056
