Read Time:           0.91129
Build Time:          0.23764
Graph has 685231 nodes and 7600595 directed edges for degree: 11
Trial Time:          0.30479
Trial Time:          0.30366
Trial Time:          0.30400
Trial Time:          0.30404
Trial Time:          0.30422
Trial Time:          0.30448
Trial Time:          0.30398
Trial Time:          0.30397
Trial Time:          0.30402
Trial Time:          0.30455
Trial Time:          0.30395
Trial Time:          0.30420
Trial Time:          0.30386
Trial Time:          0.30416
Trial Time:          0.30393
Trial Time:          0.30399
Average Time:        0.30411
