Read Time:           0.62720
Build Time:          0.27117
Graph has 916428 nodes and 5105039 directed edges for degree: 5
Trial Time:          0.44721
Trial Time:          0.44306
Trial Time:          0.44409
Trial Time:          0.44346
Trial Time:          0.44286
Trial Time:          0.44315
Trial Time:          0.44328
Trial Time:          0.44336
Trial Time:          0.44289
Trial Time:          0.44272
Trial Time:          0.44302
Trial Time:          0.44393
Trial Time:          0.44341
Trial Time:          0.44296
Trial Time:          0.44283
Trial Time:          0.44348
Average Time:        0.44348
