Read Time:           0.62209
Build Time:          0.06957
Graph has 916428 nodes and 5105039 directed edges for degree: 5
Trial Time:          0.07090
Trial Time:          0.06325
Trial Time:          0.05940
Trial Time:          0.05945
Trial Time:          0.06590
Trial Time:          0.06035
Trial Time:          0.06052
Trial Time:          0.06040
Trial Time:          0.06051
Trial Time:          0.06012
Trial Time:          0.06044
Trial Time:          0.06029
Trial Time:          0.06038
Trial Time:          0.06056
Trial Time:          0.06046
Trial Time:          0.06010
Average Time:        0.06144
