Read Time:           1.93925
Build Time:          0.14579
Graph has 2599558 nodes and 8861320 directed edges for degree: 3
Trial Time:          0.02539
Trial Time:          0.02437
Trial Time:          0.02506
Trial Time:          0.02441
Trial Time:          0.02434
Trial Time:          0.02425
Trial Time:          0.02403
Trial Time:          0.02339
Trial Time:          0.02292
Trial Time:          0.02310
Trial Time:          0.02287
Trial Time:          0.02302
Trial Time:          0.02194
Trial Time:          0.02120
Trial Time:          0.02086
Trial Time:          0.02134
Average Time:        0.02328
