Read Time:           0.91085
Build Time:          0.23753
Graph has 685231 nodes and 7600595 directed edges for degree: 11
Trial Time:          0.30378
Trial Time:          0.30322
Trial Time:          0.30322
Trial Time:          0.30352
Trial Time:          0.30336
Trial Time:          0.30337
Trial Time:          0.30356
Trial Time:          0.30310
Trial Time:          0.30376
Trial Time:          0.30333
Trial Time:          0.30352
Trial Time:          0.30345
Trial Time:          0.30340
Trial Time:          0.30274
Trial Time:          0.30283
Trial Time:          0.30337
Average Time:        0.30335
