Read Time:           0.18838
Build Time:          0.00839
Graph has 325729 nodes and 1469679 directed edges for degree: 4
Trial Time:          0.01176
Trial Time:          0.01122
Trial Time:          0.01157
Trial Time:          0.01118
Trial Time:          0.01160
Trial Time:          0.01118
Trial Time:          0.01115
Trial Time:          0.01120
Trial Time:          0.01154
Trial Time:          0.01122
Trial Time:          0.01162
Trial Time:          0.01115
Trial Time:          0.01107
Trial Time:          0.01153
Trial Time:          0.01110
Trial Time:          0.01153
Average Time:        0.01135
