Read Time:           0.09211
Build Time:          0.02200
Graph has 4036179 nodes and 530872 directed edges for degree: 0
Trial Time:          0.01140
Trial Time:          0.01004
Trial Time:          0.00938
Trial Time:          0.00964
Trial Time:          0.00957
Trial Time:          0.00966
Trial Time:          0.00950
Trial Time:          0.00952
Trial Time:          0.01001
Trial Time:          0.00939
Trial Time:          0.00918
Trial Time:          0.00986
Trial Time:          0.00946
Trial Time:          0.00936
Trial Time:          0.00956
Trial Time:          0.00943
Average Time:        0.00969
