Read Time:           0.63360
Build Time:          0.03132
Graph has 916428 nodes and 5105039 directed edges for degree: 5
Trial Time:          0.04277
Trial Time:          0.03755
Trial Time:          0.03691
Trial Time:          0.03666
Trial Time:          0.03704
Trial Time:          0.03720
Trial Time:          0.03697
Trial Time:          0.03805
Trial Time:          0.03632
Trial Time:          0.03786
Trial Time:          0.03810
Trial Time:          0.03806
Trial Time:          0.03796
Trial Time:          0.03792
Trial Time:          0.03693
Trial Time:          0.03669
Average Time:        0.03769
