Read Time:           0.18019
Build Time:          0.04504
Graph has 325729 nodes and 1469679 directed edges for degree: 4
Trial Time:          0.06249
Trial Time:          0.06264
Trial Time:          0.06264
Trial Time:          0.06264
Trial Time:          0.06271
Trial Time:          0.06267
Trial Time:          0.06246
Trial Time:          0.06264
Trial Time:          0.06267
Trial Time:          0.06272
Trial Time:          0.06269
Trial Time:          0.06264
Trial Time:          0.06277
Trial Time:          0.06276
Trial Time:          0.06263
Trial Time:          0.06264
Average Time:        0.06265
