Read Time:           0.61787
Build Time:          0.03279
Graph has 916428 nodes and 5105039 directed edges for degree: 5
Trial Time:          0.04178
Trial Time:          0.03789
Trial Time:          0.03731
Trial Time:          0.03840
Trial Time:          0.03728
Trial Time:          0.03787
Trial Time:          0.03840
Trial Time:          0.03723
Trial Time:          0.03795
Trial Time:          0.03785
Trial Time:          0.03795
Trial Time:          0.03802
Trial Time:          0.03945
Trial Time:          0.03814
Trial Time:          0.03813
Trial Time:          0.03855
Average Time:        0.03826
