Read Time:           0.08631
Build Time:          0.11862
Graph has 4036179 nodes and 530872 directed edges for degree: 0
Trial Time:          0.03783
Trial Time:          0.03701
Trial Time:          0.03689
Trial Time:          0.03689
Trial Time:          0.03686
Trial Time:          0.03687
Trial Time:          0.03683
Trial Time:          0.03687
Trial Time:          0.03683
Trial Time:          0.03695
Trial Time:          0.03682
Trial Time:          0.03703
Trial Time:          0.03681
Trial Time:          0.03680
Trial Time:          0.03694
Trial Time:          0.03681
Average Time:        0.03694
