Read Time:           0.18686
Build Time:          0.00657
Graph has 325729 nodes and 1469679 directed edges for degree: 4
Trial Time:          0.01201
Trial Time:          0.01179
Trial Time:          0.01138
Trial Time:          0.01138
Trial Time:          0.01138
Trial Time:          0.01133
Trial Time:          0.01131
Trial Time:          0.01145
Trial Time:          0.01141
Trial Time:          0.01137
Trial Time:          0.01140
Trial Time:          0.01177
Trial Time:          0.01176
Trial Time:          0.01176
Trial Time:          0.01176
Trial Time:          0.01129
Average Time:        0.01154
