Read Time:           0.92959
Build Time:          0.03833
Graph has 685231 nodes and 7600595 directed edges for degree: 11
Trial Time:          0.03930
Trial Time:          0.03414
Trial Time:          0.03407
Trial Time:          0.03411
Trial Time:          0.03407
Trial Time:          0.03416
Trial Time:          0.03415
Trial Time:          0.03407
Trial Time:          0.03418
Trial Time:          0.03404
Trial Time:          0.03422
Trial Time:          0.03419
Trial Time:          0.03411
Trial Time:          0.03412
Trial Time:          0.03421
Trial Time:          0.03405
Average Time:        0.03445
