Read Time:           0.28515
Build Time:          0.10386
Graph has 281904 nodes and 2312497 directed edges for degree: 8
Trial Time:          0.17765
Trial Time:          0.17752
Trial Time:          0.17764
Trial Time:          0.17749
Trial Time:          0.17763
Trial Time:          0.17755
Trial Time:          0.17830
Trial Time:          0.17764
Trial Time:          0.17771
Trial Time:          0.17755
Trial Time:          0.17745
Trial Time:          0.17754
Trial Time:          0.17743
Trial Time:          0.17757
Trial Time:          0.17746
Trial Time:          0.17758
Average Time:        0.17761
