Read Time:           0.18299
Build Time:          0.04480
Graph has 325729 nodes and 1469679 directed edges for degree: 4
Trial Time:          0.06271
Trial Time:          0.06228
Trial Time:          0.06262
Trial Time:          0.06258
Trial Time:          0.06258
Trial Time:          0.06260
Trial Time:          0.06269
Trial Time:          0.06259
Trial Time:          0.06264
Trial Time:          0.06258
Trial Time:          0.06266
Trial Time:          0.06300
Trial Time:          0.06259
Trial Time:          0.06257
Trial Time:          0.06283
Trial Time:          0.06258
Average Time:        0.06263
