Read Time:           1.95374
Build Time:          1.59718
Graph has 2599558 nodes and 8861320 directed edges for degree: 3
Trial Time:          0.08254
Trial Time:          0.08099
Trial Time:          0.08078
Trial Time:          0.08060
Trial Time:          0.08051
Trial Time:          0.08051
Trial Time:          0.08045
Trial Time:          0.08038
Trial Time:          0.08060
Trial Time:          0.08046
Trial Time:          0.08061
Trial Time:          0.08048
Trial Time:          0.08033
Trial Time:          0.08072
Trial Time:          0.08039
Trial Time:          0.08091
Average Time:        0.08070
