Read Time:           0.18433
Build Time:          0.00934
Graph has 325729 nodes and 1469679 directed edges for degree: 4
Trial Time:          0.01731
Trial Time:          0.01591
Trial Time:          0.01549
Trial Time:          0.01605
Trial Time:          0.01628
Trial Time:          0.01562
Trial Time:          0.01583
Trial Time:          0.01555
Trial Time:          0.01545
Trial Time:          0.01540
Trial Time:          0.01555
Trial Time:          0.01538
Trial Time:          0.01600
Trial Time:          0.01582
Trial Time:          0.01569
Trial Time:          0.01580
Average Time:        0.01582
