Read Time:           0.10118
Build Time:          0.02648
Graph has 4036179 nodes and 530872 directed edges for degree: 0
Trial Time:          0.01094
Trial Time:          0.00869
Trial Time:          0.00829
Trial Time:          0.00847
Trial Time:          0.00867
Trial Time:          0.00830
Trial Time:          0.00824
Trial Time:          0.00862
Trial Time:          0.00847
Trial Time:          0.00842
Trial Time:          0.00808
Trial Time:          0.00848
Trial Time:          0.00887
Trial Time:          0.00867
Trial Time:          0.00833
Trial Time:          0.00846
Average Time:        0.00862
