Read Time:           0.65490
Build Time:          0.02921
Graph has 916428 nodes and 5105039 directed edges for degree: 5
Trial Time:          0.03439
Trial Time:          0.03161
Trial Time:          0.03198
Trial Time:          0.03144
Trial Time:          0.03166
Trial Time:          0.03135
Trial Time:          0.03146
Trial Time:          0.03188
Trial Time:          0.03123
Trial Time:          0.03547
Trial Time:          0.03042
Trial Time:          0.03059
Trial Time:          0.03074
Trial Time:          0.03081
Trial Time:          0.03062
Trial Time:          0.03074
Average Time:        0.03165
