Read Time:           0.62885
Build Time:          0.13162
Graph has 916428 nodes and 5105039 directed edges for degree: 5
Trial Time:          0.21115
Trial Time:          0.20900
Trial Time:          0.20902
Trial Time:          0.20931
Trial Time:          0.20944
Trial Time:          0.20885
Trial Time:          0.20893
Trial Time:          0.20899
Trial Time:          0.20951
Trial Time:          0.20934
Trial Time:          0.20972
Trial Time:          0.20930
Trial Time:          0.21015
Trial Time:          0.20905
Trial Time:          0.20938
Trial Time:          0.20980
Average Time:        0.20943
