Read Time:           0.29112
Build Time:          0.02438
Graph has 281904 nodes and 2312497 directed edges for degree: 8
Trial Time:          0.02331
Trial Time:          0.02022
Trial Time:          0.02038
Trial Time:          0.02013
Trial Time:          0.02041
Trial Time:          0.02033
Trial Time:          0.02041
Trial Time:          0.02024
Trial Time:          0.02039
Trial Time:          0.02021
Trial Time:          0.02012
Trial Time:          0.02019
Trial Time:          0.02013
Trial Time:          0.01984
Trial Time:          0.01980
Trial Time:          0.01991
Average Time:        0.02038
