Read Time:           0.62094
Build Time:          0.03144
Graph has 916428 nodes and 5105039 directed edges for degree: 5
Trial Time:          0.04150
Trial Time:          0.03796
Trial Time:          0.03802
Trial Time:          0.03771
Trial Time:          0.03740
Trial Time:          0.03717
Trial Time:          0.03801
Trial Time:          0.03701
Trial Time:          0.03709
Trial Time:          0.03785
Trial Time:          0.03718
Trial Time:          0.03719
Trial Time:          0.03760
Trial Time:          0.03875
Trial Time:          0.03839
Trial Time:          0.03797
Average Time:        0.03793
