Read Time:           0.09241
Build Time:          0.01942
Graph has 4036179 nodes and 530872 directed edges for degree: 0
Trial Time:          0.01028
Trial Time:          0.00902
Trial Time:          0.00870
Trial Time:          0.00895
Trial Time:          0.00877
Trial Time:          0.00866
Trial Time:          0.00908
Trial Time:          0.00871
Trial Time:          0.00880
Trial Time:          0.00871
Trial Time:          0.00876
Trial Time:          0.00900
Trial Time:          0.00871
Trial Time:          0.00883
Trial Time:          0.00873
Trial Time:          0.00871
Average Time:        0.00890
