Read Time:           0.28954
Build Time:          0.02086
Graph has 281904 nodes and 2312497 directed edges for degree: 8
Trial Time:          0.02767
Trial Time:          0.02500
Trial Time:          0.02457
Trial Time:          0.02558
Trial Time:          0.02434
Trial Time:          0.02480
Trial Time:          0.02482
Trial Time:          0.02423
Trial Time:          0.02538
Trial Time:          0.02499
Trial Time:          0.02510
Trial Time:          0.02546
Trial Time:          0.02517
Trial Time:          0.02510
Trial Time:          0.02499
Trial Time:          0.02447
Average Time:        0.02510
