Read Time:           0.62718
Build Time:          0.13193
Graph has 916428 nodes and 5105039 directed edges for degree: 5
Trial Time:          0.21234
Trial Time:          0.20924
Trial Time:          0.20949
Trial Time:          0.20957
Trial Time:          0.20932
Trial Time:          0.20935
Trial Time:          0.20934
Trial Time:          0.20954
Trial Time:          0.20958
Trial Time:          0.20948
Trial Time:          0.21018
Trial Time:          0.20969
Trial Time:          0.20970
Trial Time:          0.20939
Trial Time:          0.20957
Trial Time:          0.20915
Average Time:        0.20968
