Read Time:           0.28892
Build Time:          0.01853
Graph has 281904 nodes and 2312497 directed edges for degree: 8
Trial Time:          0.03013
Trial Time:          0.02604
Trial Time:          0.02584
Trial Time:          0.02617
Trial Time:          0.02653
Trial Time:          0.02594
Trial Time:          0.02643
Trial Time:          0.02573
Trial Time:          0.02581
Trial Time:          0.02599
Trial Time:          0.02612
Trial Time:          0.02586
Trial Time:          0.02593
Trial Time:          0.02586
Trial Time:          0.02599
Trial Time:          0.02681
Average Time:        0.02632
