Read Time:           0.22543
Build Time:          0.24536
Graph has 124736033 nodes and 1442970 directed edges for degree: 0
Trial Time:          0.27770
Trial Time:          0.27323
Trial Time:          0.26621
Trial Time:          0.27758
Trial Time:          0.27551
Trial Time:          0.27699
Trial Time:          0.27680
Trial Time:          0.27854
Trial Time:          0.27583
Trial Time:          0.26968
Trial Time:          0.27772
Trial Time:          0.27745
Trial Time:          0.27608
Trial Time:          0.27612
Trial Time:          0.27715
Trial Time:          0.27578
Average Time:        0.27552
