Read Time:           0.18878
Build Time:          0.00924
Graph has 325729 nodes and 1469679 directed edges for degree: 4
Trial Time:          0.01890
Trial Time:          0.01655
Trial Time:          0.01627
Trial Time:          0.01654
Trial Time:          0.01626
Trial Time:          0.01606
Trial Time:          0.01611
Trial Time:          0.01633
Trial Time:          0.01626
Trial Time:          0.01620
Trial Time:          0.01625
Trial Time:          0.01659
Trial Time:          0.01659
Trial Time:          0.01605
Trial Time:          0.01643
Trial Time:          0.01606
Average Time:        0.01647
