Read Time:           0.18917
Build Time:          0.00902
Graph has 325729 nodes and 1469679 directed edges for degree: 4
Trial Time:          0.01847
Trial Time:          0.01636
Trial Time:          0.01678
Trial Time:          0.01625
Trial Time:          0.01604
Trial Time:          0.01641
Trial Time:          0.01613
Trial Time:          0.01632
Trial Time:          0.01639
Trial Time:          0.01632
Trial Time:          0.01618
Trial Time:          0.01632
Trial Time:          0.01623
Trial Time:          0.01653
Trial Time:          0.01604
Trial Time:          0.01678
Average Time:        0.01647
