Read Time:           0.19490
Build Time:          0.00841
Graph has 325729 nodes and 1469679 directed edges for degree: 4
Trial Time:          0.01405
Trial Time:          0.01396
Trial Time:          0.01390
Trial Time:          0.01394
Trial Time:          0.01394
Trial Time:          0.01392
Trial Time:          0.01394
Trial Time:          0.01400
Trial Time:          0.01394
Trial Time:          0.01390
Trial Time:          0.01399
Trial Time:          0.01397
Trial Time:          0.01396
Trial Time:          0.01396
Trial Time:          0.01397
Trial Time:          0.01396
Average Time:        0.01396
