Read Time:           0.19012
Build Time:          0.01233
Graph has 325729 nodes and 1469679 directed edges for degree: 4
Trial Time:          0.01708
Trial Time:          0.01677
Trial Time:          0.01685
Trial Time:          0.01685
Trial Time:          0.01683
Trial Time:          0.01685
Trial Time:          0.01688
Trial Time:          0.01690
Trial Time:          0.01684
Trial Time:          0.01695
Trial Time:          0.01689
Trial Time:          0.01689
Trial Time:          0.01693
Trial Time:          0.01687
Trial Time:          0.01683
Trial Time:          0.01685
Average Time:        0.01688
