Read Time:           0.90665
Build Time:          0.03285
Graph has 685231 nodes and 7600595 directed edges for degree: 11
Trial Time:          0.03017
Trial Time:          0.03420
Trial Time:          0.02936
Trial Time:          0.02934
Trial Time:          0.02934
Trial Time:          0.02923
Trial Time:          0.02922
Trial Time:          0.02912
Trial Time:          0.02920
Trial Time:          0.02925
Trial Time:          0.02927
Trial Time:          0.02915
Trial Time:          0.02917
Trial Time:          0.02919
Trial Time:          0.02914
Trial Time:          0.02920
Average Time:        0.02960
