Read Time:           0.89787
Build Time:          0.03796
Graph has 685231 nodes and 7600595 directed edges for degree: 11
Trial Time:          0.03754
Trial Time:          0.03624
Trial Time:          0.03603
Trial Time:          0.03646
Trial Time:          0.03581
Trial Time:          0.03658
Trial Time:          0.03613
Trial Time:          0.03637
Trial Time:          0.03618
Trial Time:          0.03622
Trial Time:          0.03581
Trial Time:          0.03636
Trial Time:          0.03650
Trial Time:          0.03649
Trial Time:          0.03972
Trial Time:          0.03649
Average Time:        0.03656
