Read Time:           0.28828
Build Time:          0.10298
Graph has 281904 nodes and 2312497 directed edges for degree: 8
Trial Time:          0.17758
Trial Time:          0.17763
Trial Time:          0.17747
Trial Time:          0.17742
Trial Time:          0.17745
Trial Time:          0.17744
Trial Time:          0.17751
Trial Time:          0.17843
Trial Time:          0.17780
Trial Time:          0.17734
Trial Time:          0.17831
Trial Time:          0.17754
Trial Time:          0.17741
Trial Time:          0.17750
Trial Time:          0.17746
Trial Time:          0.17740
Average Time:        0.17761
