Read Time:           0.19244
Build Time:          0.00872
Graph has 325729 nodes and 1469679 directed edges for degree: 4
Trial Time:          0.01397
Trial Time:          0.01393
Trial Time:          0.01389
Trial Time:          0.01389
Trial Time:          0.01392
Trial Time:          0.01392
Trial Time:          0.01392
Trial Time:          0.01387
Trial Time:          0.01388
Trial Time:          0.01396
Trial Time:          0.01388
Trial Time:          0.01384
Trial Time:          0.01387
Trial Time:          0.01398
Trial Time:          0.01394
Trial Time:          0.01397
Average Time:        0.01391
