Read Time:           0.23075
Build Time:          0.15498
Graph has 124736033 nodes and 1442970 directed edges for degree: 0
Trial Time:          0.38526
Trial Time:          0.40337
Trial Time:          0.39409
Trial Time:          0.39173
Trial Time:          0.39820
Trial Time:          0.38489
Trial Time:          0.38729
Trial Time:          0.38557
Trial Time:          0.38473
Trial Time:          0.39195
Trial Time:          0.38411
Trial Time:          0.38438
Trial Time:          0.38472
Trial Time:          0.38394
Trial Time:          0.38467
Trial Time:          0.38500
Average Time:        0.38837
