Read Time:           0.88943
Build Time:          0.03824
Graph has 685231 nodes and 7600595 directed edges for degree: 11
Trial Time:          0.03863
Trial Time:          0.03752
Trial Time:          0.03738
Trial Time:          0.03749
Trial Time:          0.03723
Trial Time:          0.03745
Trial Time:          0.03677
Trial Time:          0.03674
Trial Time:          0.03718
Trial Time:          0.03709
Trial Time:          0.03716
Trial Time:          0.03721
Trial Time:          0.03691
Trial Time:          0.03733
Trial Time:          0.03704
Trial Time:          0.03679
Average Time:        0.03725
