Read Time:           1.91095
Build Time:          0.14393
Graph has 2599558 nodes and 8861320 directed edges for degree: 3
Trial Time:          0.02471
Trial Time:          0.02451
Trial Time:          0.02422
Trial Time:          0.02404
Trial Time:          0.02405
Trial Time:          0.02411
Trial Time:          0.02497
Trial Time:          0.02441
Trial Time:          0.02452
Trial Time:          0.02446
Trial Time:          0.02392
Trial Time:          0.02417
Trial Time:          0.02446
Trial Time:          0.02459
Trial Time:          0.02421
Trial Time:          0.02462
Average Time:        0.02437
