Read Time:           1.94952
Build Time:          1.57059
Graph has 2599558 nodes and 8861320 directed edges for degree: 3
Trial Time:          0.07992
Trial Time:          0.07855
Trial Time:          0.07858
Trial Time:          0.07840
Trial Time:          0.07841
Trial Time:          0.07852
Trial Time:          0.07835
Trial Time:          0.07851
Trial Time:          0.07847
Trial Time:          0.07869
Trial Time:          0.07835
Trial Time:          0.07849
Trial Time:          0.07834
Trial Time:          0.07837
Trial Time:          0.07833
Trial Time:          0.07860
Average Time:        0.07855
