Read Time:           0.65747
Build Time:          0.27241
Graph has 916428 nodes and 5105039 directed edges for degree: 5
Trial Time:          0.44364
Trial Time:          0.43939
Trial Time:          0.43991
Trial Time:          0.44075
Trial Time:          0.43922
Trial Time:          0.43992
Trial Time:          0.44029
Trial Time:          0.43916
Trial Time:          0.43976
Trial Time:          0.43941
Trial Time:          0.43898
Trial Time:          0.43938
Trial Time:          0.43947
Trial Time:          0.43960
Trial Time:          0.43917
Trial Time:          0.44009
Average Time:        0.43988
