Read Time:           0.90524
Build Time:          0.04671
Graph has 685231 nodes and 7600595 directed edges for degree: 11
Trial Time:          0.04313
Trial Time:          0.03756
Trial Time:          0.03759
Trial Time:          0.03763
Trial Time:          0.03761
Trial Time:          0.03774
Trial Time:          0.03757
Trial Time:          0.03751
Trial Time:          0.03767
Trial Time:          0.03755
Trial Time:          0.03756
Trial Time:          0.03756
Trial Time:          0.03754
Trial Time:          0.03751
Trial Time:          0.03760
Trial Time:          0.03756
Average Time:        0.03793
