Read Time:           0.22762
Build Time:          0.22148
Graph has 124736033 nodes and 1442970 directed edges for degree: 0
Trial Time:          0.30313
Trial Time:          0.41175
Trial Time:          0.39694
Trial Time:          0.30578
Trial Time:          0.30678
Trial Time:          0.31650
Trial Time:          0.34872
Trial Time:          0.30664
Trial Time:          0.30463
Trial Time:          0.30418
Trial Time:          0.30905
Trial Time:          0.30912
Trial Time:          0.30662
Trial Time:          0.30482
Trial Time:          0.39560
Trial Time:          0.39368
Average Time:        0.33275
