Read Time:           1.94376
Build Time:          0.13166
Graph has 2599558 nodes and 8861320 directed edges for degree: 3
Trial Time:          0.02187
Trial Time:          0.02453
Trial Time:          0.02490
Trial Time:          0.02474
Trial Time:          0.02459
Trial Time:          0.02431
Trial Time:          0.02163
Trial Time:          0.02420
Trial Time:          0.02425
Trial Time:          0.02419
Trial Time:          0.02373
Trial Time:          0.02415
Trial Time:          0.02410
Trial Time:          0.02367
Trial Time:          0.02318
Trial Time:          0.02314
Average Time:        0.02382
