Read Time:           0.23032
Build Time:          0.16342
Graph has 124736033 nodes and 1442970 directed edges for degree: 0
Trial Time:          0.39282
Trial Time:          0.41734
Trial Time:          0.41088
Trial Time:          0.40909
Trial Time:          0.40139
Trial Time:          0.39114
Trial Time:          0.39150
Trial Time:          0.39068
Trial Time:          0.39176
Trial Time:          0.39107
Trial Time:          0.39107
Trial Time:          0.39335
Trial Time:          0.39021
Trial Time:          0.39182
Trial Time:          0.39174
Trial Time:          0.39098
Average Time:        0.39605
