Read Time:           0.90068
Build Time:          0.04297
Graph has 685231 nodes and 7600595 directed edges for degree: 11
Trial Time:          0.05222
Trial Time:          0.04536
Trial Time:          0.04527
Trial Time:          0.04524
Trial Time:          0.04529
Trial Time:          0.04519
Trial Time:          0.04550
Trial Time:          0.04520
Trial Time:          0.04534
Trial Time:          0.04518
Trial Time:          0.04537
Trial Time:          0.04525
Trial Time:          0.04506
Trial Time:          0.04552
Trial Time:          0.04520
Trial Time:          0.04502
Average Time:        0.04570
