Read Time:           0.29761
Build Time:          0.02281
Graph has 281904 nodes and 2312497 directed edges for degree: 8
Trial Time:          0.02548
Trial Time:          0.02551
Trial Time:          0.02560
Trial Time:          0.02550
Trial Time:          0.02559
Trial Time:          0.02562
Trial Time:          0.02558
Trial Time:          0.02548
Trial Time:          0.02539
Trial Time:          0.02541
Trial Time:          0.02476
Trial Time:          0.02557
Trial Time:          0.02544
Trial Time:          0.02471
Trial Time:          0.02575
Trial Time:          0.02560
Average Time:        0.02544
