Read Time:           0.29105
Build Time:          0.02011
Graph has 281904 nodes and 2312497 directed edges for degree: 8
Trial Time:          0.02837
Trial Time:          0.02518
Trial Time:          0.02544
Trial Time:          0.02541
Trial Time:          0.02463
Trial Time:          0.02510
Trial Time:          0.02511
Trial Time:          0.02520
Trial Time:          0.02534
Trial Time:          0.02441
Trial Time:          0.02508
Trial Time:          0.02549
Trial Time:          0.02515
Trial Time:          0.02446
Trial Time:          0.02533
Trial Time:          0.02549
Average Time:        0.02532
