Read Time:           0.91257
Build Time:          0.04114
Graph has 685231 nodes and 7600595 directed edges for degree: 11
Trial Time:          0.04191
Trial Time:          0.03612
Trial Time:          0.03596
Trial Time:          0.03594
Trial Time:          0.03560
Trial Time:          0.03562
Trial Time:          0.03554
Trial Time:          0.03564
Trial Time:          0.03558
Trial Time:          0.03572
Trial Time:          0.03563
Trial Time:          0.03570
Trial Time:          0.03560
Trial Time:          0.03563
Trial Time:          0.03566
Trial Time:          0.03570
Average Time:        0.03610
