Read Time:           0.25285
Build Time:          0.23888
Graph has 124736033 nodes and 1442970 directed edges for degree: 0
Trial Time:          0.39924
Trial Time:          0.40803
Trial Time:          0.40975
Trial Time:          0.40096
Trial Time:          0.40407
Trial Time:          0.40066
Trial Time:          0.40137
Trial Time:          0.40243
Trial Time:          0.40128
Trial Time:          0.40126
Trial Time:          0.40738
Trial Time:          0.40469
Trial Time:          0.40059
Trial Time:          0.40178
Trial Time:          0.40251
Trial Time:          0.39839
Average Time:        0.40277
