Read Time:           0.92099
Build Time:          0.03671
Graph has 685231 nodes and 7600595 directed edges for degree: 11
Trial Time:          0.04091
Trial Time:          0.03383
Trial Time:          0.03371
Trial Time:          0.03385
Trial Time:          0.03377
Trial Time:          0.03381
Trial Time:          0.03367
Trial Time:          0.03365
Trial Time:          0.03384
Trial Time:          0.03381
Trial Time:          0.03372
Trial Time:          0.03378
Trial Time:          0.03388
Trial Time:          0.03377
Trial Time:          0.03373
Trial Time:          0.03374
Average Time:        0.03422
