Read Time:           0.18577
Build Time:          0.00701
Graph has 325729 nodes and 1469679 directed edges for degree: 4
Trial Time:          0.01186
Trial Time:          0.01165
Trial Time:          0.01122
Trial Time:          0.01162
Trial Time:          0.01162
Trial Time:          0.01115
Trial Time:          0.01119
Trial Time:          0.01118
Trial Time:          0.01154
Trial Time:          0.01160
Trial Time:          0.01165
Trial Time:          0.01162
Trial Time:          0.01113
Trial Time:          0.01120
Trial Time:          0.01114
Trial Time:          0.01118
Average Time:        0.01141
