Read Time:           0.18842
Build Time:          0.02487
Graph has 325729 nodes and 1469679 directed edges for degree: 4
Trial Time:          0.02526
Trial Time:          0.02515
Trial Time:          0.02513
Trial Time:          0.02516
Trial Time:          0.02512
Trial Time:          0.02520
Trial Time:          0.02516
Trial Time:          0.02517
Trial Time:          0.02521
Trial Time:          0.02517
Trial Time:          0.02521
Trial Time:          0.02519
Trial Time:          0.02521
Trial Time:          0.02529
Trial Time:          0.02520
Trial Time:          0.02511
Average Time:        0.02518
