Read Time:           1.96566
Build Time:          0.13616
Graph has 2599558 nodes and 8861320 directed edges for degree: 3
Trial Time:          0.02461
Trial Time:          0.02451
Trial Time:          0.02739
Trial Time:          0.02744
Trial Time:          0.02803
Trial Time:          0.02785
Trial Time:          0.02517
Trial Time:          0.02698
Trial Time:          0.02769
Trial Time:          0.02827
Trial Time:          0.02866
Trial Time:          0.02840
Trial Time:          0.02751
Trial Time:          0.02803
Trial Time:          0.02770
Trial Time:          0.02706
Average Time:        0.02721
