Read Time:           0.61895
Build Time:          0.03137
Graph has 916428 nodes and 5105039 directed edges for degree: 5
Trial Time:          0.04094
Trial Time:          0.03774
Trial Time:          0.03752
Trial Time:          0.03782
Trial Time:          0.03740
Trial Time:          0.03801
Trial Time:          0.03735
Trial Time:          0.03759
Trial Time:          0.03580
Trial Time:          0.03674
Trial Time:          0.03727
Trial Time:          0.03809
Trial Time:          0.03654
Trial Time:          0.03655
Trial Time:          0.03683
Trial Time:          0.03667
Average Time:        0.03743
