Read Time:           0.61689
Build Time:          0.03090
Graph has 916428 nodes and 5105039 directed edges for degree: 5
Trial Time:          0.04357
Trial Time:          0.03749
Trial Time:          0.03874
Trial Time:          0.03863
Trial Time:          0.03797
Trial Time:          0.03836
Trial Time:          0.03875
Trial Time:          0.03776
Trial Time:          0.03901
Trial Time:          0.03780
Trial Time:          0.03828
Trial Time:          0.03852
Trial Time:          0.03809
Trial Time:          0.03779
Trial Time:          0.03823
Trial Time:          0.03878
Average Time:        0.03861
