Read Time:           0.19875
Build Time:          0.00911
Graph has 325729 nodes and 1469679 directed edges for degree: 4
Trial Time:          0.01499
Trial Time:          0.01493
Trial Time:          0.01486
Trial Time:          0.01487
Trial Time:          0.01483
Trial Time:          0.01491
Trial Time:          0.01496
Trial Time:          0.01488
Trial Time:          0.01490
Trial Time:          0.01483
Trial Time:          0.01481
Trial Time:          0.01483
Trial Time:          0.01490
Trial Time:          0.01487
Trial Time:          0.01476
Trial Time:          0.01485
Average Time:        0.01487
