Read Time:           1.95752
Build Time:          0.11954
Graph has 2599558 nodes and 8861320 directed edges for degree: 3
Trial Time:          0.01850
Trial Time:          0.01813
Trial Time:          0.01817
Trial Time:          0.01815
Trial Time:          0.01811
Trial Time:          0.01812
Trial Time:          0.01799
Trial Time:          0.01801
Trial Time:          0.01806
Trial Time:          0.01808
Trial Time:          0.01812
Trial Time:          0.01807
Trial Time:          0.01809
Trial Time:          0.01813
Trial Time:          0.01806
Trial Time:          0.01812
Average Time:        0.01812
