Read Time:           1.92802
Build Time:          0.12970
Graph has 2599558 nodes and 8861320 directed edges for degree: 3
Trial Time:          0.02493
Trial Time:          0.02762
Trial Time:          0.02510
Trial Time:          0.02485
Trial Time:          0.02477
Trial Time:          0.02764
Trial Time:          0.02763
Trial Time:          0.02448
Trial Time:          0.02700
Trial Time:          0.02754
Trial Time:          0.02759
Trial Time:          0.02467
Trial Time:          0.02375
Trial Time:          0.02787
Trial Time:          0.02447
Trial Time:          0.02471
Average Time:        0.02591
