Read Time:           0.28705
Build Time:          0.10422
Graph has 281904 nodes and 2312497 directed edges for degree: 8
Trial Time:          0.17777
Trial Time:          0.17765
Trial Time:          0.17820
Trial Time:          0.17806
Trial Time:          0.17758
Trial Time:          0.17750
Trial Time:          0.17764
Trial Time:          0.17770
Trial Time:          0.17759
Trial Time:          0.17766
Trial Time:          0.17759
Trial Time:          0.17786
Trial Time:          0.17758
Trial Time:          0.17754
Trial Time:          0.17784
Trial Time:          0.17764
Average Time:        0.17771
