Read Time:           0.08632
Build Time:          0.11969
Graph has 4036179 nodes and 530872 directed edges for degree: 0
Trial Time:          0.06293
Trial Time:          0.06168
Trial Time:          0.06174
Trial Time:          0.06157
Trial Time:          0.06147
Trial Time:          0.06152
Trial Time:          0.06147
Trial Time:          0.06145
Trial Time:          0.06161
Trial Time:          0.06148
Trial Time:          0.06150
Trial Time:          0.06156
Trial Time:          0.06150
Trial Time:          0.06147
Trial Time:          0.06143
Trial Time:          0.06145
Average Time:        0.06162
