Read Time:           0.91317
Build Time:          0.04014
Graph has 685231 nodes and 7600595 directed edges for degree: 11
Trial Time:          0.03505
Trial Time:          0.03303
Trial Time:          0.03302
Trial Time:          0.03294
Trial Time:          0.03304
Trial Time:          0.03298
Trial Time:          0.03306
Trial Time:          0.03304
Trial Time:          0.03304
Trial Time:          0.03306
Trial Time:          0.03309
Trial Time:          0.03307
Trial Time:          0.03303
Trial Time:          0.03301
Trial Time:          0.03306
Trial Time:          0.03300
Average Time:        0.03316
