Read Time:           0.18470
Build Time:          0.00801
Graph has 325729 nodes and 1469679 directed edges for degree: 4
Trial Time:          0.01187
Trial Time:          0.01147
Trial Time:          0.01147
Trial Time:          0.01109
Trial Time:          0.01104
Trial Time:          0.01155
Trial Time:          0.01110
Trial Time:          0.01108
Trial Time:          0.01151
Trial Time:          0.01107
Trial Time:          0.01101
Trial Time:          0.01106
Trial Time:          0.01106
Trial Time:          0.01103
Trial Time:          0.01137
Trial Time:          0.01141
Average Time:        0.01126
