Read Time:           0.63432
Build Time:          0.03121
Graph has 916428 nodes and 5105039 directed edges for degree: 5
Trial Time:          0.04119
Trial Time:          0.03808
Trial Time:          0.03752
Trial Time:          0.03854
Trial Time:          0.03814
Trial Time:          0.03722
Trial Time:          0.03817
Trial Time:          0.03864
Trial Time:          0.03810
Trial Time:          0.03817
Trial Time:          0.03793
Trial Time:          0.03830
Trial Time:          0.03758
Trial Time:          0.03799
Trial Time:          0.03873
Trial Time:          0.03834
Average Time:        0.03829
