Read Time:           0.22397
Build Time:          2.05456
Graph has 124736033 nodes and 1442970 directed edges for degree: 0
Trial Time:          1.11027
Trial Time:          1.10625
Trial Time:          1.10550
Trial Time:          1.10570
Trial Time:          1.10427
Trial Time:          1.10542
Trial Time:          1.10590
Trial Time:          1.10382
Trial Time:          1.10417
Trial Time:          1.10474
Trial Time:          1.10494
Trial Time:          1.10427
Trial Time:          1.10303
Trial Time:          1.10500
Trial Time:          1.10396
Trial Time:          1.10430
Average Time:        1.10510
