Read Time:           0.91318
Build Time:          0.04073
Graph has 685231 nodes and 7600595 directed edges for degree: 11
Trial Time:          0.03443
Trial Time:          0.03307
Trial Time:          0.03314
Trial Time:          0.03309
Trial Time:          0.03305
Trial Time:          0.03314
Trial Time:          0.03313
Trial Time:          0.03303
Trial Time:          0.03313
Trial Time:          0.03305
Trial Time:          0.03311
Trial Time:          0.03314
Trial Time:          0.03333
Trial Time:          0.03307
Trial Time:          0.03301
Trial Time:          0.03313
Average Time:        0.03319
