Read Time:           0.08965
Build Time:          0.02302
Graph has 4036179 nodes and 530872 directed edges for degree: 0
Trial Time:          0.01259
Trial Time:          0.01135
Trial Time:          0.01138
Trial Time:          0.01136
Trial Time:          0.01115
Trial Time:          0.01130
Trial Time:          0.01112
Trial Time:          0.01120
Trial Time:          0.01114
Trial Time:          0.01117
Trial Time:          0.01118
Trial Time:          0.01123
Trial Time:          0.01121
Trial Time:          0.01119
Trial Time:          0.01124
Trial Time:          0.01097
Average Time:        0.01130
