Read Time:           0.22810
Build Time:          0.15304
Graph has 124736033 nodes and 1442970 directed edges for degree: 0
Trial Time:          0.30493
Trial Time:          0.42617
Trial Time:          0.42570
Trial Time:          0.31883
Trial Time:          0.32720
Trial Time:          0.30366
Trial Time:          0.30258
Trial Time:          0.30337
Trial Time:          0.30445
Trial Time:          0.30214
Trial Time:          0.30323
Trial Time:          0.30233
Trial Time:          0.30358
Trial Time:          0.30291
Trial Time:          0.30319
Trial Time:          0.30280
Average Time:        0.32107
