Read Time:           0.23650
Build Time:          0.32068
Graph has 124736033 nodes and 1442970 directed edges for degree: 0
Trial Time:          0.33317
Trial Time:          0.33345
Trial Time:          0.33123
Trial Time:          0.33160
Trial Time:          0.33103
Trial Time:          0.32920
Trial Time:          0.33203
Trial Time:          0.33340
Trial Time:          0.33124
Trial Time:          0.33219
Trial Time:          0.33162
Trial Time:          0.33105
Trial Time:          0.33010
Trial Time:          0.33088
Trial Time:          0.33108
Trial Time:          0.33080
Average Time:        0.33150
