Read Time:           0.64739
Build Time:          0.03420
Graph has 916428 nodes and 5105039 directed edges for degree: 5
Trial Time:          0.03838
Trial Time:          0.03790
Trial Time:          0.03876
Trial Time:          0.03793
Trial Time:          0.03673
Trial Time:          0.03776
Trial Time:          0.03861
Trial Time:          0.03864
Trial Time:          0.03766
Trial Time:          0.03750
Trial Time:          0.03842
Trial Time:          0.03815
Trial Time:          0.03787
Trial Time:          0.03816
Trial Time:          0.03834
Trial Time:          0.03812
Average Time:        0.03806
