Read Time:           0.09732
Build Time:          0.02229
Graph has 4036179 nodes and 530872 directed edges for degree: 0
Trial Time:          0.01400
Trial Time:          0.01341
Trial Time:          0.01334
Trial Time:          0.01327
Trial Time:          0.01326
Trial Time:          0.01336
Trial Time:          0.01337
Trial Time:          0.01334
Trial Time:          0.01340
Trial Time:          0.01335
Trial Time:          0.01336
Trial Time:          0.01342
Trial Time:          0.01337
Trial Time:          0.01337
Trial Time:          0.01337
Trial Time:          0.01335
Average Time:        0.01340
