Read Time:           0.91440
Build Time:          0.03884
Graph has 685231 nodes and 7600595 directed edges for degree: 11
Trial Time:          0.04074
Trial Time:          0.03461
Trial Time:          0.03415
Trial Time:          0.03423
Trial Time:          0.03443
Trial Time:          0.03433
Trial Time:          0.03420
Trial Time:          0.03413
Trial Time:          0.03422
Trial Time:          0.03415
Trial Time:          0.03368
Trial Time:          0.03379
Trial Time:          0.03433
Trial Time:          0.03429
Trial Time:          0.03410
Trial Time:          0.03399
Average Time:        0.03459
