Read Time:           0.18374
Build Time:          0.01623
Graph has 325729 nodes and 1469679 directed edges for degree: 4
Trial Time:          0.02334
Trial Time:          0.02351
Trial Time:          0.02309
Trial Time:          0.02324
Trial Time:          0.02304
Trial Time:          0.02299
Trial Time:          0.02312
Trial Time:          0.02302
Trial Time:          0.02291
Trial Time:          0.02390
Trial Time:          0.02297
Trial Time:          0.02316
Trial Time:          0.02313
Trial Time:          0.02317
Trial Time:          0.02252
Trial Time:          0.02256
Average Time:        0.02310
