Read Time:           0.62329
Build Time:          0.07040
Graph has 916428 nodes and 5105039 directed edges for degree: 5
Trial Time:          0.07007
Trial Time:          0.06419
Trial Time:          0.06041
Trial Time:          0.05853
Trial Time:          0.06609
Trial Time:          0.06246
Trial Time:          0.05916
Trial Time:          0.05898
Trial Time:          0.05907
Trial Time:          0.05906
Trial Time:          0.05885
Trial Time:          0.05888
Trial Time:          0.05883
Trial Time:          0.05910
Trial Time:          0.05902
Trial Time:          0.05869
Average Time:        0.06071
