Read Time:           0.62537
Build Time:          0.16855
Graph has 916428 nodes and 5105039 directed edges for degree: 5
Trial Time:          0.18014
Trial Time:          0.17176
Trial Time:          0.15560
Trial Time:          0.15254
Trial Time:          0.15245
Trial Time:          0.15292
Trial Time:          0.15265
Trial Time:          0.15232
Trial Time:          0.15243
Trial Time:          0.15227
Trial Time:          0.15241
Trial Time:          0.15227
Trial Time:          0.15247
Trial Time:          0.15226
Trial Time:          0.15669
Trial Time:          0.15458
Average Time:        0.15598
