Read Time:           0.29612
Build Time:          0.01838
Graph has 281904 nodes and 2312497 directed edges for degree: 8
Trial Time:          0.02375
Trial Time:          0.02078
Trial Time:          0.02065
Trial Time:          0.02059
Trial Time:          0.02066
Trial Time:          0.02004
Trial Time:          0.01995
Trial Time:          0.02019
Trial Time:          0.02051
Trial Time:          0.02064
Trial Time:          0.02068
Trial Time:          0.02058
Trial Time:          0.02057
Trial Time:          0.02008
Trial Time:          0.02051
Trial Time:          0.02071
Average Time:        0.02068
