Read Time:           0.28904
Build Time:          0.02434
Graph has 281904 nodes and 2312497 directed edges for degree: 8
Trial Time:          0.02326
Trial Time:          0.01979
Trial Time:          0.02023
Trial Time:          0.02026
Trial Time:          0.02031
Trial Time:          0.02053
Trial Time:          0.02021
Trial Time:          0.02041
Trial Time:          0.02036
Trial Time:          0.02021
Trial Time:          0.02030
Trial Time:          0.02020
Trial Time:          0.02030
Trial Time:          0.01970
Trial Time:          0.02030
Trial Time:          0.01957
Average Time:        0.02037
