Read Time:           1.95746
Build Time:          0.15400
Graph has 2599558 nodes and 8861320 directed edges for degree: 3
Trial Time:          0.02462
Trial Time:          0.02418
Trial Time:          0.02430
Trial Time:          0.02404
Trial Time:          0.02405
Trial Time:          0.02392
Trial Time:          0.02394
Trial Time:          0.02383
Trial Time:          0.02379
Trial Time:          0.02381
Trial Time:          0.02382
Trial Time:          0.02394
Trial Time:          0.02391
Trial Time:          0.02387
Trial Time:          0.02391
Trial Time:          0.02376
Average Time:        0.02398
