Read Time:           0.90307
Build Time:          0.07365
Graph has 685231 nodes and 7600595 directed edges for degree: 11
Trial Time:          0.09669
Trial Time:          0.09503
Trial Time:          0.09530
Trial Time:          0.09142
Trial Time:          0.09136
Trial Time:          0.09107
Trial Time:          0.09036
Trial Time:          0.09066
Trial Time:          0.09069
Trial Time:          0.09085
Trial Time:          0.09065
Trial Time:          0.09054
Trial Time:          0.09074
Trial Time:          0.09079
Trial Time:          0.09062
Trial Time:          0.08803
Average Time:        0.09155
