Read Time:           0.22829
Build Time:          0.22255
Graph has 124736033 nodes and 1442970 directed edges for degree: 0
Trial Time:          0.30297
Trial Time:          0.41201
Trial Time:          0.30925
Trial Time:          0.39263
Trial Time:          0.30777
Trial Time:          0.31884
Trial Time:          0.34879
Trial Time:          0.30841
Trial Time:          0.30587
Trial Time:          0.30406
Trial Time:          0.30487
Trial Time:          0.30581
Trial Time:          0.39304
Trial Time:          0.30696
Trial Time:          0.39743
Trial Time:          0.30437
Average Time:        0.33269
