Read Time:           1.93193
Build Time:          0.13779
Graph has 2599558 nodes and 8861320 directed edges for degree: 3
Trial Time:          0.02524
Trial Time:          0.02450
Trial Time:          0.02808
Trial Time:          0.02793
Trial Time:          0.02785
Trial Time:          0.02693
Trial Time:          0.02825
Trial Time:          0.02760
Trial Time:          0.02729
Trial Time:          0.02799
Trial Time:          0.02791
Trial Time:          0.02485
Trial Time:          0.02798
Trial Time:          0.02829
Trial Time:          0.02779
Trial Time:          0.02733
Average Time:        0.02724
