Read Time:           0.29097
Build Time:          0.05787
Graph has 281904 nodes and 2312497 directed edges for degree: 8
Trial Time:          0.08965
Trial Time:          0.08928
Trial Time:          0.08920
Trial Time:          0.08939
Trial Time:          0.08916
Trial Time:          0.08918
Trial Time:          0.08960
Trial Time:          0.08974
Trial Time:          0.08932
Trial Time:          0.08926
Trial Time:          0.08932
Trial Time:          0.08945
Trial Time:          0.08978
Trial Time:          0.08946
Trial Time:          0.08931
Trial Time:          0.08919
Average Time:        0.08939
