Read Time:           0.19343
Build Time:          0.00868
Graph has 325729 nodes and 1469679 directed edges for degree: 4
Trial Time:          0.01403
Trial Time:          0.01392
Trial Time:          0.01395
Trial Time:          0.01389
Trial Time:          0.01389
Trial Time:          0.01397
Trial Time:          0.01391
Trial Time:          0.01397
Trial Time:          0.01392
Trial Time:          0.01393
Trial Time:          0.01389
Trial Time:          0.01390
Trial Time:          0.01392
Trial Time:          0.01396
Trial Time:          0.01392
Trial Time:          0.01395
Average Time:        0.01393
