Read Time:           0.08896
Build Time:          0.03132
Graph has 4036179 nodes and 530872 directed edges for degree: 0
Trial Time:          0.01561
Trial Time:          0.01493
Trial Time:          0.01503
Trial Time:          0.01476
Trial Time:          0.01479
Trial Time:          0.01506
Trial Time:          0.01491
Trial Time:          0.01493
Trial Time:          0.01486
Trial Time:          0.01486
Trial Time:          0.01455
Trial Time:          0.01477
Trial Time:          0.01491
Trial Time:          0.01481
Trial Time:          0.01475
Trial Time:          0.01482
Average Time:        0.01490
