Read Time:           0.30007
Build Time:          0.01759
Graph has 281904 nodes and 2312497 directed edges for degree: 8
Trial Time:          0.02542
Trial Time:          0.02532
Trial Time:          0.02508
Trial Time:          0.02526
Trial Time:          0.02501
Trial Time:          0.02520
Trial Time:          0.02533
Trial Time:          0.02531
Trial Time:          0.02511
Trial Time:          0.02518
Trial Time:          0.02521
Trial Time:          0.02535
Trial Time:          0.02540
Trial Time:          0.02531
Trial Time:          0.02488
Trial Time:          0.02534
Average Time:        0.02523
