Read Time:           0.18374
Build Time:          0.04560
Graph has 325729 nodes and 1469679 directed edges for degree: 4
Trial Time:          0.06287
Trial Time:          0.06273
Trial Time:          0.06263
Trial Time:          0.06261
Trial Time:          0.06261
Trial Time:          0.06261
Trial Time:          0.06261
Trial Time:          0.06262
Trial Time:          0.06261
Trial Time:          0.06262
Trial Time:          0.06262
Trial Time:          0.06261
Trial Time:          0.06286
Trial Time:          0.06309
Trial Time:          0.06274
Trial Time:          0.06279
Average Time:        0.06270
