Read Time:           0.18387
Build Time:          0.00900
Graph has 325729 nodes and 1469679 directed edges for degree: 4
Trial Time:          0.01411
Trial Time:          0.01398
Trial Time:          0.01402
Trial Time:          0.01403
Trial Time:          0.01402
Trial Time:          0.01398
Trial Time:          0.01403
Trial Time:          0.01396
Trial Time:          0.01402
Trial Time:          0.01345
Trial Time:          0.01351
Trial Time:          0.01406
Trial Time:          0.01400
Trial Time:          0.01407
Trial Time:          0.01405
Trial Time:          0.01355
Average Time:        0.01393
