Read Time:           0.89506
Build Time:          0.24309
Graph has 685231 nodes and 7600595 directed edges for degree: 11
Trial Time:          0.30612
Trial Time:          0.30537
Trial Time:          0.30513
Trial Time:          0.30476
Trial Time:          0.30501
Trial Time:          0.30450
Trial Time:          0.30496
Trial Time:          0.30513
Trial Time:          0.30511
Trial Time:          0.30509
Trial Time:          0.30507
Trial Time:          0.30502
Trial Time:          0.30550
Trial Time:          0.30995
Trial Time:          0.30502
Trial Time:          0.30529
Average Time:        0.30544
