Read Time:           0.08690
Build Time:          0.03706
Graph has 4036179 nodes and 530872 directed edges for degree: 0
Trial Time:          0.03380
Trial Time:          0.03329
Trial Time:          0.03350
Trial Time:          0.03353
Trial Time:          0.03363
Trial Time:          0.03358
Trial Time:          0.03362
Trial Time:          0.03276
Trial Time:          0.03559
Trial Time:          0.02894
Trial Time:          0.02893
Trial Time:          0.03561
Trial Time:          0.02887
Trial Time:          0.02888
Trial Time:          0.03575
Trial Time:          0.03572
Average Time:        0.03288
