Read Time:           0.19579
Build Time:          0.01266
Graph has 325729 nodes and 1469679 directed edges for degree: 4
Trial Time:          0.01705
Trial Time:          0.01686
Trial Time:          0.01685
Trial Time:          0.01684
Trial Time:          0.01702
Trial Time:          0.01682
Trial Time:          0.01685
Trial Time:          0.01682
Trial Time:          0.01694
Trial Time:          0.01686
Trial Time:          0.01685
Trial Time:          0.01681
Trial Time:          0.01687
Trial Time:          0.01691
Trial Time:          0.01699
Trial Time:          0.01700
Average Time:        0.01690
