Read Time:           0.89059
Build Time:          0.03719
Graph has 685231 nodes and 7600595 directed edges for degree: 11
Trial Time:          0.03777
Trial Time:          0.03634
Trial Time:          0.03619
Trial Time:          0.03665
Trial Time:          0.03628
Trial Time:          0.03663
Trial Time:          0.03688
Trial Time:          0.03614
Trial Time:          0.03653
Trial Time:          0.03661
Trial Time:          0.03668
Trial Time:          0.03619
Trial Time:          0.03648
Trial Time:          0.03653
Trial Time:          0.03621
Trial Time:          0.04224
Average Time:        0.03690
