Read Time:           0.28927
Build Time:          0.01992
Graph has 281904 nodes and 2312497 directed edges for degree: 8
Trial Time:          0.02884
Trial Time:          0.02589
Trial Time:          0.02511
Trial Time:          0.02618
Trial Time:          0.02644
Trial Time:          0.02543
Trial Time:          0.02619
Trial Time:          0.02650
Trial Time:          0.02568
Trial Time:          0.02597
Trial Time:          0.02671
Trial Time:          0.02626
Trial Time:          0.02571
Trial Time:          0.02519
Trial Time:          0.02570
Trial Time:          0.02636
Average Time:        0.02613
