Read Time:           1.93006
Build Time:          0.13416
Graph has 2599558 nodes and 8861320 directed edges for degree: 3
Trial Time:          0.02431
Trial Time:          0.02438
Trial Time:          0.02763
Trial Time:          0.02769
Trial Time:          0.02728
Trial Time:          0.02717
Trial Time:          0.02654
Trial Time:          0.02698
Trial Time:          0.02722
Trial Time:          0.02683
Trial Time:          0.02751
Trial Time:          0.02790
Trial Time:          0.02694
Trial Time:          0.02648
Trial Time:          0.02760
Trial Time:          0.02774
Average Time:        0.02689
