Read Time:           0.29342
Build Time:          0.02969
Graph has 281904 nodes and 2312497 directed edges for degree: 8
Trial Time:          0.03987
Trial Time:          0.03931
Trial Time:          0.03948
Trial Time:          0.03933
Trial Time:          0.03916
Trial Time:          0.04018
Trial Time:          0.03956
Trial Time:          0.03946
Trial Time:          0.03992
Trial Time:          0.03958
Trial Time:          0.03958
Trial Time:          0.03933
Trial Time:          0.03947
Trial Time:          0.03959
Trial Time:          0.03957
Trial Time:          0.03970
Average Time:        0.03957
