Read Time:           0.09196
Build Time:          0.02104
Graph has 4036179 nodes and 530872 directed edges for degree: 0
Trial Time:          0.01106
Trial Time:          0.00969
Trial Time:          0.00892
Trial Time:          0.00913
Trial Time:          0.00918
Trial Time:          0.00939
Trial Time:          0.00942
Trial Time:          0.00919
Trial Time:          0.00934
Trial Time:          0.00931
Trial Time:          0.00901
Trial Time:          0.00907
Trial Time:          0.00901
Trial Time:          0.00891
Trial Time:          0.00915
Trial Time:          0.00903
Average Time:        0.00930
