Read Time:           0.61414
Build Time:          0.03156
Graph has 916428 nodes and 5105039 directed edges for degree: 5
Trial Time:          0.04196
Trial Time:          0.03743
Trial Time:          0.03905
Trial Time:          0.03774
Trial Time:          0.03897
Trial Time:          0.03815
Trial Time:          0.03891
Trial Time:          0.04025
Trial Time:          0.03893
Trial Time:          0.03978
Trial Time:          0.03987
Trial Time:          0.03762
Trial Time:          0.03757
Trial Time:          0.03864
Trial Time:          0.03910
Trial Time:          0.03832
Average Time:        0.03889
