Read Time:           0.22679
Build Time:          0.26285
Graph has 124736033 nodes and 1442970 directed edges for degree: 0
Trial Time:          0.25434
Trial Time:          0.25484
Trial Time:          0.25357
Trial Time:          0.25464
Trial Time:          0.25416
Trial Time:          0.25559
Trial Time:          0.25620
Trial Time:          0.25458
Trial Time:          0.25502
Trial Time:          0.25508
Trial Time:          0.25425
Trial Time:          0.25580
Trial Time:          0.25472
Trial Time:          0.25470
Trial Time:          0.25319
Trial Time:          0.25343
Average Time:        0.25463
