Read Time:           1.94214
Build Time:          0.14903
Graph has 2599558 nodes and 8861320 directed edges for degree: 3
Trial Time:          0.02411
Trial Time:          0.02311
Trial Time:          0.02342
Trial Time:          0.02317
Trial Time:          0.02330
Trial Time:          0.02354
Trial Time:          0.02351
Trial Time:          0.02271
Trial Time:          0.02320
Trial Time:          0.02310
Trial Time:          0.02270
Trial Time:          0.02298
Trial Time:          0.02292
Trial Time:          0.02271
Trial Time:          0.02268
Trial Time:          0.02297
Average Time:        0.02313
