Read Time:           0.63518
Build Time:          0.02950
Graph has 916428 nodes and 5105039 directed edges for degree: 5
Trial Time:          0.03589
Trial Time:          0.03339
Trial Time:          0.03303
Trial Time:          0.03438
Trial Time:          0.03423
Trial Time:          0.03310
Trial Time:          0.03335
Trial Time:          0.03324
Trial Time:          0.03363
Trial Time:          0.04065
Trial Time:          0.03274
Trial Time:          0.03373
Trial Time:          0.03259
Trial Time:          0.03277
Trial Time:          0.03403
Trial Time:          0.03355
Average Time:        0.03402
