Read Time:           0.24058
Build Time:          0.20094
Graph has 124736033 nodes and 1442970 directed edges for degree: 0
Trial Time:          0.38531
Trial Time:          0.39254
Trial Time:          0.38917
Trial Time:          0.38783
Trial Time:          0.39021
Trial Time:          0.38759
Trial Time:          0.39011
Trial Time:          0.38806
Trial Time:          0.40357
Trial Time:          0.38900
Trial Time:          0.38742
Trial Time:          0.38902
Trial Time:          0.38859
Trial Time:          0.38666
Trial Time:          0.38961
Trial Time:          0.38803
Average Time:        0.38954
