Read Time:           0.62589
Build Time:          0.02931
Graph has 916428 nodes and 5105039 directed edges for degree: 5
Trial Time:          0.03482
Trial Time:          0.03228
Trial Time:          0.03216
Trial Time:          0.03161
Trial Time:          0.03176
Trial Time:          0.03153
Trial Time:          0.03156
Trial Time:          0.03172
Trial Time:          0.03151
Trial Time:          0.03145
Trial Time:          0.03579
Trial Time:          0.03137
Trial Time:          0.03103
Trial Time:          0.03109
Trial Time:          0.03136
Trial Time:          0.03103
Average Time:        0.03201
