Read Time:           0.19267
Build Time:          0.00799
Graph has 325729 nodes and 1469679 directed edges for degree: 4
Trial Time:          0.01398
Trial Time:          0.01392
Trial Time:          0.01397
Trial Time:          0.01405
Trial Time:          0.01405
Trial Time:          0.01410
Trial Time:          0.01421
Trial Time:          0.01399
Trial Time:          0.01414
Trial Time:          0.01406
Trial Time:          0.01411
Trial Time:          0.01392
Trial Time:          0.01394
Trial Time:          0.01389
Trial Time:          0.01390
Trial Time:          0.01392
Average Time:        0.01401
