Read Time:           1.93285
Build Time:          0.14214
Graph has 2599558 nodes and 8861320 directed edges for degree: 3
Trial Time:          0.03191
Trial Time:          0.03087
Trial Time:          0.03043
Trial Time:          0.02773
Trial Time:          0.02235
Trial Time:          0.02233
Trial Time:          0.02211
Trial Time:          0.02221
Trial Time:          0.02219
Trial Time:          0.02245
Trial Time:          0.02192
Trial Time:          0.02237
Trial Time:          0.02216
Trial Time:          0.02205
Trial Time:          0.02215
Trial Time:          0.02231
Average Time:        0.02422
