Read Time:           0.28682
Build Time:          0.03509
Graph has 281904 nodes and 2312497 directed edges for degree: 8
Trial Time:          0.03491
Trial Time:          0.03293
Trial Time:          0.03297
Trial Time:          0.03317
Trial Time:          0.03303
Trial Time:          0.03148
Trial Time:          0.03016
Trial Time:          0.03014
Trial Time:          0.03024
Trial Time:          0.03020
Trial Time:          0.03018
Trial Time:          0.03017
Trial Time:          0.03032
Trial Time:          0.03018
Trial Time:          0.03013
Trial Time:          0.03026
Average Time:        0.03128
