Read Time:           0.22326
Build Time:          0.59310
Graph has 124736033 nodes and 1442970 directed edges for degree: 0
Trial Time:          0.61604
Trial Time:          0.61474
Trial Time:          0.56352
Trial Time:          0.59985
Trial Time:          0.55675
Trial Time:          0.54541
Trial Time:          0.54001
Trial Time:          0.55211
Trial Time:          0.55634
Trial Time:          0.54221
Trial Time:          0.56261
Trial Time:          0.52859
Trial Time:          0.55298
Trial Time:          0.54962
Trial Time:          0.55944
Trial Time:          0.54342
Average Time:        0.56148
