Read Time:           0.18209
Build Time:          0.01481
Graph has 325729 nodes and 1469679 directed edges for degree: 4
Trial Time:          0.01980
Trial Time:          0.02028
Trial Time:          0.02023
Trial Time:          0.02021
Trial Time:          0.02023
Trial Time:          0.02027
Trial Time:          0.02019
Trial Time:          0.02021
Trial Time:          0.02022
Trial Time:          0.02027
Trial Time:          0.02024
Trial Time:          0.01954
Trial Time:          0.02021
Trial Time:          0.02029
Trial Time:          0.02012
Trial Time:          0.02014
Average Time:        0.02015
