Read Time:           0.64140
Build Time:          0.03317
Graph has 916428 nodes and 5105039 directed edges for degree: 5
Trial Time:          0.02871
Trial Time:          0.02752
Trial Time:          0.02774
Trial Time:          0.02734
Trial Time:          0.02754
Trial Time:          0.02722
Trial Time:          0.02765
Trial Time:          0.02714
Trial Time:          0.02738
Trial Time:          0.02711
Trial Time:          0.02752
Trial Time:          0.03000
Trial Time:          0.02644
Trial Time:          0.02739
Trial Time:          0.02763
Trial Time:          0.02755
Average Time:        0.02762
