Read Time:           2.01643
Build Time:          0.11665
Graph has 2599558 nodes and 8861320 directed edges for degree: 3
Trial Time:          0.01972
Trial Time:          0.01819
Trial Time:          0.01825
Trial Time:          0.01816
Trial Time:          0.01776
Trial Time:          0.01853
Trial Time:          0.01808
Trial Time:          0.01799
Trial Time:          0.01816
Trial Time:          0.01862
Trial Time:          0.01832
Trial Time:          0.01796
Trial Time:          0.01827
Trial Time:          0.01818
Trial Time:          0.01875
Trial Time:          0.01874
Average Time:        0.01836
