Read Time:           1.95830
Build Time:          0.11947
Graph has 2599558 nodes and 8861320 directed edges for degree: 3
Trial Time:          0.01880
Trial Time:          0.01836
Trial Time:          0.01836
Trial Time:          0.01838
Trial Time:          0.01836
Trial Time:          0.01839
Trial Time:          0.01840
Trial Time:          0.01835
Trial Time:          0.01835
Trial Time:          0.01837
Trial Time:          0.01839
Trial Time:          0.01828
Trial Time:          0.01845
Trial Time:          0.01833
Trial Time:          0.01839
Trial Time:          0.01837
Average Time:        0.01840
