Read Time:           0.09017
Build Time:          0.02240
Graph has 4036179 nodes and 530872 directed edges for degree: 0
Trial Time:          0.01294
Trial Time:          0.01183
Trial Time:          0.01160
Trial Time:          0.01162
Trial Time:          0.01144
Trial Time:          0.01159
Trial Time:          0.01164
Trial Time:          0.01148
Trial Time:          0.01141
Trial Time:          0.01154
Trial Time:          0.01161
Trial Time:          0.01144
Trial Time:          0.01162
Trial Time:          0.01147
Trial Time:          0.01139
Trial Time:          0.01154
Average Time:        0.01163
