Read Time:           0.61702
Build Time:          0.03430
Graph has 916428 nodes and 5105039 directed edges for degree: 5
Trial Time:          0.03866
Trial Time:          0.03524
Trial Time:          0.03514
Trial Time:          0.03462
Trial Time:          0.03463
Trial Time:          0.03454
Trial Time:          0.03456
Trial Time:          0.03444
Trial Time:          0.03437
Trial Time:          0.03767
Trial Time:          0.03500
Trial Time:          0.03510
Trial Time:          0.03480
Trial Time:          0.03506
Trial Time:          0.03497
Trial Time:          0.03473
Average Time:        0.03522
