Read Time:           0.23968
Build Time:          0.23973
Graph has 124736033 nodes and 1442970 directed edges for degree: 0
Trial Time:          0.40214
Trial Time:          0.40390
Trial Time:          0.40367
Trial Time:          0.40432
Trial Time:          0.40284
Trial Time:          0.40322
Trial Time:          0.40741
Trial Time:          0.40074
Trial Time:          0.40063
Trial Time:          0.40721
Trial Time:          0.40090
Trial Time:          0.40242
Trial Time:          0.40388
Trial Time:          0.40084
Trial Time:          0.40725
Trial Time:          0.39895
Average Time:        0.40315
