Read Time:           0.63280
Build Time:          0.04716
Graph has 916428 nodes and 5105039 directed edges for degree: 5
Trial Time:          0.05963
Trial Time:          0.05870
Trial Time:          0.05854
Trial Time:          0.05836
Trial Time:          0.05848
Trial Time:          0.05904
Trial Time:          0.05845
Trial Time:          0.05835
Trial Time:          0.05810
Trial Time:          0.05788
Trial Time:          0.05783
Trial Time:          0.05778
Trial Time:          0.05796
Trial Time:          0.05797
Trial Time:          0.05779
Trial Time:          0.05750
Average Time:        0.05827
