Read Time:           0.18100
Build Time:          0.04532
Graph has 325729 nodes and 1469679 directed edges for degree: 4
Trial Time:          0.06278
Trial Time:          0.06277
Trial Time:          0.06264
Trial Time:          0.06264
Trial Time:          0.06275
Trial Time:          0.06230
Trial Time:          0.06264
Trial Time:          0.06266
Trial Time:          0.06246
Trial Time:          0.06246
Trial Time:          0.06261
Trial Time:          0.06263
Trial Time:          0.06264
Trial Time:          0.06260
Trial Time:          0.06263
Trial Time:          0.06264
Average Time:        0.06262
