Read Time:           0.91073
Build Time:          0.04999
Graph has 685231 nodes and 7600595 directed edges for degree: 11
Trial Time:          0.04375
Trial Time:          0.04329
Trial Time:          0.04330
Trial Time:          0.04334
Trial Time:          0.04328
Trial Time:          0.04323
Trial Time:          0.04324
Trial Time:          0.04342
Trial Time:          0.04328
Trial Time:          0.04320
Trial Time:          0.04331
Trial Time:          0.04333
Trial Time:          0.04324
Trial Time:          0.04331
Trial Time:          0.04327
Trial Time:          0.04335
Average Time:        0.04332
