Read Time:           0.22931
Build Time:          0.15421
Graph has 124736033 nodes and 1442970 directed edges for degree: 0
Trial Time:          0.38833
Trial Time:          0.40200
Trial Time:          0.40068
Trial Time:          0.40401
Trial Time:          0.38655
Trial Time:          0.38636
Trial Time:          0.38749
Trial Time:          0.38776
Trial Time:          0.38613
Trial Time:          0.38862
Trial Time:          0.38728
Trial Time:          0.38585
Trial Time:          0.38830
Trial Time:          0.38628
Trial Time:          0.38550
Trial Time:          0.38679
Average Time:        0.38987
