Read Time:           0.90101
Build Time:          0.04170
Graph has 685231 nodes and 7600595 directed edges for degree: 11
Trial Time:          0.05216
Trial Time:          0.04568
Trial Time:          0.04579
Trial Time:          0.04574
Trial Time:          0.04609
Trial Time:          0.04578
Trial Time:          0.04581
Trial Time:          0.04554
Trial Time:          0.04584
Trial Time:          0.04563
Trial Time:          0.04562
Trial Time:          0.04543
Trial Time:          0.04561
Trial Time:          0.04548
Trial Time:          0.04482
Trial Time:          0.04495
Average Time:        0.04600
