Read Time:           0.28969
Build Time:          0.01718
Graph has 281904 nodes and 2312497 directed edges for degree: 8
Trial Time:          0.02449
Trial Time:          0.02000
Trial Time:          0.02081
Trial Time:          0.02047
Trial Time:          0.02053
Trial Time:          0.02004
Trial Time:          0.02063
Trial Time:          0.02035
Trial Time:          0.02003
Trial Time:          0.02050
Trial Time:          0.02050
Trial Time:          0.02056
Trial Time:          0.02044
Trial Time:          0.02009
Trial Time:          0.02050
Trial Time:          0.02065
Average Time:        0.02066
