Read Time:           0.28780
Build Time:          0.10355
Graph has 281904 nodes and 2312497 directed edges for degree: 8
Trial Time:          0.17812
Trial Time:          0.17774
Trial Time:          0.17758
Trial Time:          0.17809
Trial Time:          0.17775
Trial Time:          0.17754
Trial Time:          0.17769
Trial Time:          0.17756
Trial Time:          0.17768
Trial Time:          0.17764
Trial Time:          0.17760
Trial Time:          0.17777
Trial Time:          0.17773
Trial Time:          0.17756
Trial Time:          0.17765
Trial Time:          0.17765
Average Time:        0.17771
