Read Time:           0.23022
Build Time:          0.22438
Graph has 124736033 nodes and 1442970 directed edges for degree: 0
Trial Time:          0.35756
Trial Time:          0.37980
Trial Time:          0.38747
Trial Time:          0.39801
Trial Time:          0.34440
Trial Time:          0.34097
Trial Time:          0.33897
Trial Time:          0.33686
Trial Time:          0.34024
Trial Time:          0.33553
Trial Time:          0.33820
Trial Time:          0.34032
Trial Time:          0.34066
Trial Time:          0.34014
Trial Time:          0.33588
Trial Time:          0.36049
Average Time:        0.35097
