Read Time:           1.95053
Build Time:          0.15600
Graph has 2599558 nodes and 8861320 directed edges for degree: 3
Trial Time:          0.02487
Trial Time:          0.02410
Trial Time:          0.02414
Trial Time:          0.02392
Trial Time:          0.02399
Trial Time:          0.02406
Trial Time:          0.02402
Trial Time:          0.02414
Trial Time:          0.02399
Trial Time:          0.02403
Trial Time:          0.02387
Trial Time:          0.02396
Trial Time:          0.02377
Trial Time:          0.02388
Trial Time:          0.02388
Trial Time:          0.02398
Average Time:        0.02404
