Read Time:           0.89215
Build Time:          0.03462
Graph has 685231 nodes and 7600595 directed edges for degree: 11
Trial Time:          0.02977
Trial Time:          0.03562
Trial Time:          0.02912
Trial Time:          0.02917
Trial Time:          0.02894
Trial Time:          0.02872
Trial Time:          0.02878
Trial Time:          0.02861
Trial Time:          0.02866
Trial Time:          0.02866
Trial Time:          0.02858
Trial Time:          0.02865
Trial Time:          0.02870
Trial Time:          0.02866
Trial Time:          0.02869
Trial Time:          0.02862
Average Time:        0.02925
