Read Time:           0.28621
Build Time:          0.02305
Graph has 281904 nodes and 2312497 directed edges for degree: 8
Trial Time:          0.02993
Trial Time:          0.02952
Trial Time:          0.02946
Trial Time:          0.02944
Trial Time:          0.02938
Trial Time:          0.02955
Trial Time:          0.02945
Trial Time:          0.02961
Trial Time:          0.02938
Trial Time:          0.02940
Trial Time:          0.02951
Trial Time:          0.02932
Trial Time:          0.02950
Trial Time:          0.02943
Trial Time:          0.02940
Trial Time:          0.02943
Average Time:        0.02948
