Read Time:           0.90381
Build Time:          0.03761
Graph has 685231 nodes and 7600595 directed edges for degree: 11
Trial Time:          0.02993
Trial Time:          0.03380
Trial Time:          0.02928
Trial Time:          0.02909
Trial Time:          0.02907
Trial Time:          0.02917
Trial Time:          0.02920
Trial Time:          0.02928
Trial Time:          0.02923
Trial Time:          0.02920
Trial Time:          0.02904
Trial Time:          0.02916
Trial Time:          0.02905
Trial Time:          0.02918
Trial Time:          0.02911
Trial Time:          0.02909
Average Time:        0.02949
