Read Time:           0.08864
Build Time:          0.03106
Graph has 4036179 nodes and 530872 directed edges for degree: 0
Trial Time:          0.01441
Trial Time:          0.01353
Trial Time:          0.01360
Trial Time:          0.01341
Trial Time:          0.01297
Trial Time:          0.01551
Trial Time:          0.01321
Trial Time:          0.01324
Trial Time:          0.01346
Trial Time:          0.01322
Trial Time:          0.01311
Trial Time:          0.01319
Trial Time:          0.01318
Trial Time:          0.01315
Trial Time:          0.01325
Trial Time:          0.01309
Average Time:        0.01347
