Read Time:           0.92463
Build Time:          0.03927
Graph has 685231 nodes and 7600595 directed edges for degree: 11
Trial Time:          0.04338
Trial Time:          0.03419
Trial Time:          0.03435
Trial Time:          0.03426
Trial Time:          0.03417
Trial Time:          0.03417
Trial Time:          0.03411
Trial Time:          0.03419
Trial Time:          0.03413
Trial Time:          0.03420
Trial Time:          0.03420
Trial Time:          0.03418
Trial Time:          0.03422
Trial Time:          0.03418
Trial Time:          0.03419
Trial Time:          0.03427
Average Time:        0.03477
