Read Time:           0.19108
Build Time:          0.00774
Graph has 325729 nodes and 1469679 directed edges for degree: 4
Trial Time:          0.01183
Trial Time:          0.01139
Trial Time:          0.01127
Trial Time:          0.01132
Trial Time:          0.01134
Trial Time:          0.01133
Trial Time:          0.01140
Trial Time:          0.01130
Trial Time:          0.01137
Trial Time:          0.01130
Trial Time:          0.01177
Trial Time:          0.01134
Trial Time:          0.01179
Trial Time:          0.01125
Trial Time:          0.01130
Trial Time:          0.01182
Average Time:        0.01145
