Read Time:           0.29209
Build Time:          0.01859
Graph has 281904 nodes and 2312497 directed edges for degree: 8
Trial Time:          0.02371
Trial Time:          0.02047
Trial Time:          0.02046
Trial Time:          0.02087
Trial Time:          0.02058
Trial Time:          0.02064
Trial Time:          0.01992
Trial Time:          0.02047
Trial Time:          0.02067
Trial Time:          0.02069
Trial Time:          0.02060
Trial Time:          0.02053
Trial Time:          0.02047
Trial Time:          0.02057
Trial Time:          0.02052
Trial Time:          0.02069
Average Time:        0.02074
