Read Time:           0.89909
Build Time:          0.03829
Graph has 685231 nodes and 7600595 directed edges for degree: 11
Trial Time:          0.03811
Trial Time:          0.03735
Trial Time:          0.03748
Trial Time:          0.03718
Trial Time:          0.03690
Trial Time:          0.03708
Trial Time:          0.03692
Trial Time:          0.03728
Trial Time:          0.03720
Trial Time:          0.03723
Trial Time:          0.03724
Trial Time:          0.03710
Trial Time:          0.03723
Trial Time:          0.03735
Trial Time:          0.03723
Trial Time:          0.04187
Average Time:        0.03755
