Read Time:           0.22638
Build Time:          0.24624
Graph has 124736033 nodes and 1442970 directed edges for degree: 0
Trial Time:          0.27465
Trial Time:          0.27475
Trial Time:          0.27649
Trial Time:          0.26818
Trial Time:          0.27641
Trial Time:          0.27553
Trial Time:          0.27593
Trial Time:          0.27621
Trial Time:          0.27632
Trial Time:          0.27566
Trial Time:          0.26618
Trial Time:          0.27376
Trial Time:          0.27419
Trial Time:          0.26722
Trial Time:          0.27584
Trial Time:          0.27606
Average Time:        0.27396
