Read Time:           0.19811
Build Time:          0.00948
Graph has 325729 nodes and 1469679 directed edges for degree: 4
Trial Time:          0.01507
Trial Time:          0.01494
Trial Time:          0.01489
Trial Time:          0.01493
Trial Time:          0.01498
Trial Time:          0.01489
Trial Time:          0.01509
Trial Time:          0.01494
Trial Time:          0.01488
Trial Time:          0.01493
Trial Time:          0.01486
Trial Time:          0.01487
Trial Time:          0.01501
Trial Time:          0.01492
Trial Time:          0.01489
Trial Time:          0.01495
Average Time:        0.01494
