Read Time:           0.91256
Build Time:          0.23687
Graph has 685231 nodes and 7600595 directed edges for degree: 11
Trial Time:          0.30852
Trial Time:          0.30761
Trial Time:          0.30829
Trial Time:          0.30751
Trial Time:          0.30753
Trial Time:          0.30720
Trial Time:          0.30735
Trial Time:          0.30764
Trial Time:          0.30780
Trial Time:          0.30855
Trial Time:          0.30740
Trial Time:          0.30747
Trial Time:          0.30779
Trial Time:          0.30743
Trial Time:          0.30748
Trial Time:          0.30771
Average Time:        0.30771
