Read Time:           0.62697
Build Time:          0.16782
Graph has 916428 nodes and 5105039 directed edges for degree: 5
Trial Time:          0.16923
Trial Time:          0.16344
Trial Time:          0.15246
Trial Time:          0.14898
Trial Time:          0.14660
Trial Time:          0.14619
Trial Time:          0.14622
Trial Time:          0.14627
Trial Time:          0.14626
Trial Time:          0.14615
Trial Time:          0.14645
Trial Time:          0.14630
Trial Time:          0.14587
Trial Time:          0.14630
Trial Time:          0.14828
Trial Time:          0.14668
Average Time:        0.14948
