Read Time:           0.22745
Build Time:          0.16909
Graph has 124736033 nodes and 1442970 directed edges for degree: 0
Trial Time:          0.39649
Trial Time:          0.41797
Trial Time:          0.41491
Trial Time:          0.41890
Trial Time:          0.40364
Trial Time:          0.39471
Trial Time:          0.39640
Trial Time:          0.39289
Trial Time:          0.39623
Trial Time:          0.39614
Trial Time:          0.39614
Trial Time:          0.39294
Trial Time:          0.39535
Trial Time:          0.39441
Trial Time:          0.39302
Trial Time:          0.39534
Average Time:        0.39972
