Read Time:           0.28667
Build Time:          0.02288
Graph has 281904 nodes and 2312497 directed edges for degree: 8
Trial Time:          0.02977
Trial Time:          0.02700
Trial Time:          0.02695
Trial Time:          0.02690
Trial Time:          0.02953
Trial Time:          0.02686
Trial Time:          0.02695
Trial Time:          0.02700
Trial Time:          0.02705
Trial Time:          0.02703
Trial Time:          0.02707
Trial Time:          0.02700
Trial Time:          0.02702
Trial Time:          0.02697
Trial Time:          0.02701
Trial Time:          0.02696
Average Time:        0.02732
