Read Time:           0.62375
Build Time:          0.03734
Graph has 916428 nodes and 5105039 directed edges for degree: 5
Trial Time:          0.04051
Trial Time:          0.03346
Trial Time:          0.03400
Trial Time:          0.03359
Trial Time:          0.03413
Trial Time:          0.03396
Trial Time:          0.03390
Trial Time:          0.03415
Trial Time:          0.03377
Trial Time:          0.04071
Trial Time:          0.03456
Trial Time:          0.03436
Trial Time:          0.03318
Trial Time:          0.03506
Trial Time:          0.03347
Trial Time:          0.03345
Average Time:        0.03477
