Read Time:           0.28868
Build Time:          0.02417
Graph has 281904 nodes and 2312497 directed edges for degree: 8
Trial Time:          0.02427
Trial Time:          0.02048
Trial Time:          0.02026
Trial Time:          0.02029
Trial Time:          0.02028
Trial Time:          0.02026
Trial Time:          0.02006
Trial Time:          0.02033
Trial Time:          0.02031
Trial Time:          0.02023
Trial Time:          0.01962
Trial Time:          0.02020
Trial Time:          0.02035
Trial Time:          0.02034
Trial Time:          0.02028
Trial Time:          0.01860
Average Time:        0.02039
