Read Time:           0.91485
Build Time:          0.05008
Graph has 685231 nodes and 7600595 directed edges for degree: 11
Trial Time:          0.04375
Trial Time:          0.04326
Trial Time:          0.04328
Trial Time:          0.04321
Trial Time:          0.04332
Trial Time:          0.04327
Trial Time:          0.04325
Trial Time:          0.04327
Trial Time:          0.04325
Trial Time:          0.04345
Trial Time:          0.04331
Trial Time:          0.04324
Trial Time:          0.04331
Trial Time:          0.04330
Trial Time:          0.04324
Trial Time:          0.04326
Average Time:        0.04331
