Read Time:           1.94889
Build Time:          0.18427
Graph has 2599558 nodes and 8861320 directed edges for degree: 3
Trial Time:          0.02677
Trial Time:          0.02621
Trial Time:          0.02623
Trial Time:          0.02617
Trial Time:          0.02601
Trial Time:          0.02589
Trial Time:          0.02587
Trial Time:          0.02588
Trial Time:          0.02578
Trial Time:          0.02593
Trial Time:          0.02582
Trial Time:          0.02591
Trial Time:          0.02589
Trial Time:          0.02603
Trial Time:          0.02600
Trial Time:          0.02590
Average Time:        0.02602
