Read Time:           1.93973
Build Time:          0.13026
Graph has 2599558 nodes and 8861320 directed edges for degree: 3
Trial Time:          0.02907
Trial Time:          0.02834
Trial Time:          0.02822
Trial Time:          0.02867
Trial Time:          0.02823
Trial Time:          0.02827
Trial Time:          0.02764
Trial Time:          0.02767
Trial Time:          0.02772
Trial Time:          0.02844
Trial Time:          0.02892
Trial Time:          0.02832
Trial Time:          0.02857
Trial Time:          0.02773
Trial Time:          0.02807
Trial Time:          0.02800
Average Time:        0.02824
