Read Time:           0.62705
Build Time:          0.03326
Graph has 916428 nodes and 5105039 directed edges for degree: 5
Trial Time:          0.03576
Trial Time:          0.03215
Trial Time:          0.03298
Trial Time:          0.03293
Trial Time:          0.03301
Trial Time:          0.03299
Trial Time:          0.03292
Trial Time:          0.03185
Trial Time:          0.03328
Trial Time:          0.03194
Trial Time:          0.03999
Trial Time:          0.03316
Trial Time:          0.03280
Trial Time:          0.03173
Trial Time:          0.03159
Trial Time:          0.03168
Average Time:        0.03317
