Read Time:           0.90272
Build Time:          0.03504
Graph has 685231 nodes and 7600595 directed edges for degree: 11
Trial Time:          0.03046
Trial Time:          0.03698
Trial Time:          0.02979
Trial Time:          0.02982
Trial Time:          0.02975
Trial Time:          0.02979
Trial Time:          0.02979
Trial Time:          0.02955
Trial Time:          0.02977
Trial Time:          0.02967
Trial Time:          0.02968
Trial Time:          0.02969
Trial Time:          0.02965
Trial Time:          0.02970
Trial Time:          0.02977
Trial Time:          0.02964
Average Time:        0.03022
