Read Time:           0.62219
Build Time:          0.03140
Graph has 916428 nodes and 5105039 directed edges for degree: 5
Trial Time:          0.04097
Trial Time:          0.03776
Trial Time:          0.03789
Trial Time:          0.03777
Trial Time:          0.03796
Trial Time:          0.03646
Trial Time:          0.03754
Trial Time:          0.03748
Trial Time:          0.03672
Trial Time:          0.03775
Trial Time:          0.03727
Trial Time:          0.03784
Trial Time:          0.03635
Trial Time:          0.03636
Trial Time:          0.03680
Trial Time:          0.03787
Average Time:        0.03755
