Read Time:           0.62901
Build Time:          0.27282
Graph has 916428 nodes and 5105039 directed edges for degree: 5
Trial Time:          0.44841
Trial Time:          0.44203
Trial Time:          0.44263
Trial Time:          0.44110
Trial Time:          0.44124
Trial Time:          0.44135
Trial Time:          0.44158
Trial Time:          0.44139
Trial Time:          0.44117
Trial Time:          0.44155
Trial Time:          0.44209
Trial Time:          0.44187
Trial Time:          0.44153
Trial Time:          0.44085
Trial Time:          0.44160
Trial Time:          0.44132
Average Time:        0.44198
