Read Time:           0.28476
Build Time:          0.04434
Graph has 281904 nodes and 2312497 directed edges for degree: 8
Trial Time:          0.05885
Trial Time:          0.05866
Trial Time:          0.05819
Trial Time:          0.05581
Trial Time:          0.05554
Trial Time:          0.05569
Trial Time:          0.05577
Trial Time:          0.05504
Trial Time:          0.05509
Trial Time:          0.05501
Trial Time:          0.05513
Trial Time:          0.05558
Trial Time:          0.05508
Trial Time:          0.05509
Trial Time:          0.05532
Trial Time:          0.05547
Average Time:        0.05596
