Read Time:           0.29297
Build Time:          0.01767
Graph has 281904 nodes and 2312497 directed edges for degree: 8
Trial Time:          0.02354
Trial Time:          0.02077
Trial Time:          0.02071
Trial Time:          0.02068
Trial Time:          0.02057
Trial Time:          0.02064
Trial Time:          0.02068
Trial Time:          0.02065
Trial Time:          0.02009
Trial Time:          0.02046
Trial Time:          0.02067
Trial Time:          0.02014
Trial Time:          0.02073
Trial Time:          0.02066
Trial Time:          0.02049
Trial Time:          0.02064
Average Time:        0.02076
