Read Time:           0.23493
Build Time:          0.33016
Graph has 124736033 nodes and 1442970 directed edges for degree: 0
Trial Time:          0.29669
Trial Time:          0.29583
Trial Time:          0.29728
Trial Time:          0.29572
Trial Time:          0.29640
Trial Time:          0.29658
Trial Time:          0.29606
Trial Time:          0.29614
Trial Time:          0.29619
Trial Time:          0.29710
Trial Time:          0.29492
Trial Time:          0.29689
Trial Time:          0.29546
Trial Time:          0.29586
Trial Time:          0.29600
Trial Time:          0.29509
Average Time:        0.29614
