Read Time:           0.18234
Build Time:          0.01632
Graph has 325729 nodes and 1469679 directed edges for degree: 4
Trial Time:          0.02448
Trial Time:          0.02394
Trial Time:          0.02220
Trial Time:          0.02309
Trial Time:          0.02300
Trial Time:          0.02305
Trial Time:          0.02302
Trial Time:          0.02317
Trial Time:          0.02297
Trial Time:          0.02273
Trial Time:          0.02244
Trial Time:          0.02248
Trial Time:          0.02260
Trial Time:          0.02249
Trial Time:          0.02236
Trial Time:          0.02238
Average Time:        0.02290
