Read Time:           0.28914
Build Time:          0.02432
Graph has 281904 nodes and 2312497 directed edges for degree: 8
Trial Time:          0.02400
Trial Time:          0.02039
Trial Time:          0.02031
Trial Time:          0.02038
Trial Time:          0.02021
Trial Time:          0.02026
Trial Time:          0.01972
Trial Time:          0.02024
Trial Time:          0.02039
Trial Time:          0.02035
Trial Time:          0.02036
Trial Time:          0.02036
Trial Time:          0.02032
Trial Time:          0.02021
Trial Time:          0.02021
Trial Time:          0.02022
Average Time:        0.02050
