Read Time:           0.18543
Build Time:          0.00878
Graph has 325729 nodes and 1469679 directed edges for degree: 4
Trial Time:          0.01423
Trial Time:          0.01356
Trial Time:          0.01406
Trial Time:          0.01400
Trial Time:          0.01350
Trial Time:          0.01412
Trial Time:          0.01405
Trial Time:          0.01359
Trial Time:          0.01360
Trial Time:          0.01364
Trial Time:          0.01406
Trial Time:          0.01395
Trial Time:          0.01402
Trial Time:          0.01390
Trial Time:          0.01404
Trial Time:          0.01401
Average Time:        0.01390
