Read Time:           0.22430
Build Time:          0.26465
Graph has 124736033 nodes and 1442970 directed edges for degree: 0
Trial Time:          0.25541
Trial Time:          0.25506
Trial Time:          0.25551
Trial Time:          0.25428
Trial Time:          0.25430
Trial Time:          0.25514
Trial Time:          0.25502
Trial Time:          0.25620
Trial Time:          0.25485
Trial Time:          0.25520
Trial Time:          0.25638
Trial Time:          0.25495
Trial Time:          0.25486
Trial Time:          0.25428
Trial Time:          0.25466
Trial Time:          0.25474
Average Time:        0.25505
