Read Time:           1.95585
Build Time:          0.11815
Graph has 2599558 nodes and 8861320 directed edges for degree: 3
Trial Time:          0.02120
Trial Time:          0.01860
Trial Time:          0.01873
Trial Time:          0.01920
Trial Time:          0.01873
Trial Time:          0.01866
Trial Time:          0.01919
Trial Time:          0.01861
Trial Time:          0.01934
Trial Time:          0.01901
Trial Time:          0.01921
Trial Time:          0.01904
Trial Time:          0.01885
Trial Time:          0.01895
Trial Time:          0.01898
Trial Time:          0.01917
Average Time:        0.01909
