Read Time:           0.19334
Build Time:          0.00879
Graph has 325729 nodes and 1469679 directed edges for degree: 4
Trial Time:          0.01434
Trial Time:          0.01405
Trial Time:          0.01395
Trial Time:          0.01397
Trial Time:          0.01402
Trial Time:          0.01396
Trial Time:          0.01397
Trial Time:          0.01398
Trial Time:          0.01399
Trial Time:          0.01399
Trial Time:          0.01396
Trial Time:          0.01397
Trial Time:          0.01401
Trial Time:          0.01400
Trial Time:          0.01402
Trial Time:          0.01400
Average Time:        0.01401
