Read Time:           0.23775
Build Time:          2.06229
Graph has 124736033 nodes and 1442970 directed edges for degree: 0
Trial Time:          1.11071
Trial Time:          1.10719
Trial Time:          1.10633
Trial Time:          1.10691
Trial Time:          1.10619
Trial Time:          1.10536
Trial Time:          1.10672
Trial Time:          1.10637
Trial Time:          1.10522
Trial Time:          1.10577
Trial Time:          1.10501
Trial Time:          1.10568
Trial Time:          1.10458
Trial Time:          1.10555
Trial Time:          1.10400
Trial Time:          1.10457
Average Time:        1.10601
