Read Time:           0.18198
Build Time:          0.01561
Graph has 325729 nodes and 1469679 directed edges for degree: 4
Trial Time:          0.02051
Trial Time:          0.02022
Trial Time:          0.02028
Trial Time:          0.02024
Trial Time:          0.02024
Trial Time:          0.02028
Trial Time:          0.02021
Trial Time:          0.02025
Trial Time:          0.02019
Trial Time:          0.02028
Trial Time:          0.02025
Trial Time:          0.02026
Trial Time:          0.02024
Trial Time:          0.02021
Trial Time:          0.02021
Trial Time:          0.02033
Average Time:        0.02026
