Read Time:           0.18657
Build Time:          0.02402
Graph has 325729 nodes and 1469679 directed edges for degree: 4
Trial Time:          0.02561
Trial Time:          0.02530
Trial Time:          0.02497
Trial Time:          0.02507
Trial Time:          0.02503
Trial Time:          0.02604
Trial Time:          0.02522
Trial Time:          0.02510
Trial Time:          0.02513
Trial Time:          0.02508
Trial Time:          0.02507
Trial Time:          0.02521
Trial Time:          0.02506
Trial Time:          0.02504
Trial Time:          0.02518
Trial Time:          0.02516
Average Time:        0.02520
