Read Time:           1.94644
Build Time:          0.12952
Graph has 2599558 nodes and 8861320 directed edges for degree: 3
Trial Time:          0.02198
Trial Time:          0.02419
Trial Time:          0.02375
Trial Time:          0.02326
Trial Time:          0.02324
Trial Time:          0.02318
Trial Time:          0.02345
Trial Time:          0.02238
Trial Time:          0.01623
Trial Time:          0.01595
Trial Time:          0.01638
Trial Time:          0.01604
Trial Time:          0.01616
Trial Time:          0.01606
Trial Time:          0.01621
Trial Time:          0.01633
Average Time:        0.01967
