Read Time:           1.93572
Build Time:          0.17969
Graph has 2599558 nodes and 8861320 directed edges for degree: 3
Trial Time:          0.02791
Trial Time:          0.02737
Trial Time:          0.02713
Trial Time:          0.02750
Trial Time:          0.02746
Trial Time:          0.02680
Trial Time:          0.02723
Trial Time:          0.02661
Trial Time:          0.02722
Trial Time:          0.02565
Trial Time:          0.02530
Trial Time:          0.02596
Trial Time:          0.02581
Trial Time:          0.02589
Trial Time:          0.02613
Trial Time:          0.02570
Average Time:        0.02660
