Read Time:           0.62310
Build Time:          0.07023
Graph has 916428 nodes and 5105039 directed edges for degree: 5
Trial Time:          0.07171
Trial Time:          0.06476
Trial Time:          0.06472
Trial Time:          0.06491
Trial Time:          0.07085
Trial Time:          0.06438
Trial Time:          0.06456
Trial Time:          0.06557
Trial Time:          0.06234
Trial Time:          0.06254
Trial Time:          0.06194
Trial Time:          0.06208
Trial Time:          0.06209
Trial Time:          0.06191
Trial Time:          0.06191
Trial Time:          0.06213
Average Time:        0.06428
