Read Time:           0.09319
Build Time:          0.01871
Graph has 4036179 nodes and 530872 directed edges for degree: 0
Trial Time:          0.00948
Trial Time:          0.00813
Trial Time:          0.00792
Trial Time:          0.00795
Trial Time:          0.00802
Trial Time:          0.00795
Trial Time:          0.00797
Trial Time:          0.00798
Trial Time:          0.00796
Trial Time:          0.00804
Trial Time:          0.00801
Trial Time:          0.00791
Trial Time:          0.00782
Trial Time:          0.00796
Trial Time:          0.00801
Trial Time:          0.00786
Average Time:        0.00806
