Read Time:           0.09386
Build Time:          0.02541
Graph has 4036179 nodes and 530872 directed edges for degree: 0
Trial Time:          0.01058
Trial Time:          0.00887
Trial Time:          0.00922
Trial Time:          0.00921
Trial Time:          0.00885
Trial Time:          0.00941
Trial Time:          0.00933
Trial Time:          0.00918
Trial Time:          0.00949
Trial Time:          0.00864
Trial Time:          0.00902
Trial Time:          0.00886
Trial Time:          0.00926
Trial Time:          0.00929
Trial Time:          0.00910
Trial Time:          0.00866
Average Time:        0.00919
