Read Time:           0.90014
Build Time:          0.04154
Graph has 685231 nodes and 7600595 directed edges for degree: 11
Trial Time:          0.05230
Trial Time:          0.04543
Trial Time:          0.04539
Trial Time:          0.04539
Trial Time:          0.04541
Trial Time:          0.04526
Trial Time:          0.04522
Trial Time:          0.04552
Trial Time:          0.04533
Trial Time:          0.04479
Trial Time:          0.04482
Trial Time:          0.04489
Trial Time:          0.04484
Trial Time:          0.04480
Trial Time:          0.04502
Trial Time:          0.04528
Average Time:        0.04561
