Read Time:           0.90156
Build Time:          0.03991
Graph has 685231 nodes and 7600595 directed edges for degree: 11
Trial Time:          0.04176
Trial Time:          0.03638
Trial Time:          0.03578
Trial Time:          0.03576
Trial Time:          0.03569
Trial Time:          0.03568
Trial Time:          0.03569
Trial Time:          0.03560
Trial Time:          0.03574
Trial Time:          0.03561
Trial Time:          0.03574
Trial Time:          0.03579
Trial Time:          0.03564
Trial Time:          0.03560
Trial Time:          0.03552
Trial Time:          0.03558
Average Time:        0.03610
