Read Time:           0.23162
Build Time:          0.19279
Graph has 124736033 nodes and 1442970 directed edges for degree: 0
Trial Time:          0.39421
Trial Time:          0.39860
Trial Time:          0.39825
Trial Time:          0.39758
Trial Time:          0.40377
Trial Time:          0.39927
Trial Time:          0.39903
Trial Time:          0.40233
Trial Time:          0.39674
Trial Time:          0.39519
Trial Time:          0.39951
Trial Time:          0.39521
Trial Time:          0.39874
Trial Time:          0.39583
Trial Time:          0.39641
Trial Time:          0.40062
Average Time:        0.39821
