Read Time:           0.90125
Build Time:          0.04083
Graph has 685231 nodes and 7600595 directed edges for degree: 11
Trial Time:          0.03665
Trial Time:          0.04036
Trial Time:          0.03609
Trial Time:          0.03606
Trial Time:          0.03615
Trial Time:          0.03585
Trial Time:          0.03583
Trial Time:          0.03574
Trial Time:          0.03575
Trial Time:          0.03581
Trial Time:          0.03581
Trial Time:          0.03577
Trial Time:          0.03583
Trial Time:          0.03579
Trial Time:          0.03580
Trial Time:          0.03581
Average Time:        0.03619
