Read Time:           0.62196
Build Time:          0.04055
Graph has 916428 nodes and 5105039 directed edges for degree: 5
Trial Time:          0.03815
Trial Time:          0.03379
Trial Time:          0.03394
Trial Time:          0.03346
Trial Time:          0.03341
Trial Time:          0.03312
Trial Time:          0.03358
Trial Time:          0.03332
Trial Time:          0.03320
Trial Time:          0.04003
Trial Time:          0.03389
Trial Time:          0.03366
Trial Time:          0.03367
Trial Time:          0.03339
Trial Time:          0.03337
Trial Time:          0.03334
Average Time:        0.03421
