Read Time:           0.23826
Build Time:          0.29812
Graph has 124736033 nodes and 1442970 directed edges for degree: 0
Trial Time:          0.26249
Trial Time:          0.26129
Trial Time:          0.26088
Trial Time:          0.26164
Trial Time:          0.26109
Trial Time:          0.26130
Trial Time:          0.26178
Trial Time:          0.26054
Trial Time:          0.26059
Trial Time:          0.26259
Trial Time:          0.26102
Trial Time:          0.26166
Trial Time:          0.26141
Trial Time:          0.26076
Trial Time:          0.26136
Trial Time:          0.26064
Average Time:        0.26132
