Read Time:           0.88809
Build Time:          0.04340
Graph has 685231 nodes and 7600595 directed edges for degree: 11
Trial Time:          0.03639
Trial Time:          0.03677
Trial Time:          0.03607
Trial Time:          0.03605
Trial Time:          0.03604
Trial Time:          0.03594
Trial Time:          0.03605
Trial Time:          0.03595
Trial Time:          0.03602
Trial Time:          0.03608
Trial Time:          0.03593
Trial Time:          0.03595
Trial Time:          0.03594
Trial Time:          0.03592
Trial Time:          0.03600
Trial Time:          0.03596
Average Time:        0.03607
