Read Time:           0.89775
Build Time:          0.07272
Graph has 685231 nodes and 7600595 directed edges for degree: 11
Trial Time:          0.09603
Trial Time:          0.09368
Trial Time:          0.08830
Trial Time:          0.08981
Trial Time:          0.08971
Trial Time:          0.08711
Trial Time:          0.08985
Trial Time:          0.08990
Trial Time:          0.08973
Trial Time:          0.08957
Trial Time:          0.08963
Trial Time:          0.08966
Trial Time:          0.09003
Trial Time:          0.08980
Trial Time:          0.08962
Trial Time:          0.08987
Average Time:        0.09014
