Read Time:           0.61537
Build Time:          0.04045
Graph has 916428 nodes and 5105039 directed edges for degree: 5
Trial Time:          0.03834
Trial Time:          0.03439
Trial Time:          0.03429
Trial Time:          0.03445
Trial Time:          0.03380
Trial Time:          0.03366
Trial Time:          0.03351
Trial Time:          0.03355
Trial Time:          0.03334
Trial Time:          0.03874
Trial Time:          0.03536
Trial Time:          0.03352
Trial Time:          0.03341
Trial Time:          0.03309
Trial Time:          0.03345
Trial Time:          0.03371
Average Time:        0.03441
