Read Time:           0.90308
Build Time:          0.03713
Graph has 685231 nodes and 7600595 directed edges for degree: 11
Trial Time:          0.02962
Trial Time:          0.03274
Trial Time:          0.02903
Trial Time:          0.02894
Trial Time:          0.02891
Trial Time:          0.02899
Trial Time:          0.02894
Trial Time:          0.02896
Trial Time:          0.02895
Trial Time:          0.02885
Trial Time:          0.02895
Trial Time:          0.02892
Trial Time:          0.02896
Trial Time:          0.02892
Trial Time:          0.02899
Trial Time:          0.02896
Average Time:        0.02923
