Read Time:           0.29026
Build Time:          0.01786
Graph has 281904 nodes and 2312497 directed edges for degree: 8
Trial Time:          0.02323
Trial Time:          0.02053
Trial Time:          0.02078
Trial Time:          0.02041
Trial Time:          0.02065
Trial Time:          0.02069
Trial Time:          0.02066
Trial Time:          0.02064
Trial Time:          0.02056
Trial Time:          0.01989
Trial Time:          0.02064
Trial Time:          0.02067
Trial Time:          0.02068
Trial Time:          0.02024
Trial Time:          0.02066
Trial Time:          0.02066
Average Time:        0.02072
