Read Time:           0.09875
Build Time:          0.02253
Graph has 4036179 nodes and 530872 directed edges for degree: 0
Trial Time:          0.01285
Trial Time:          0.01250
Trial Time:          0.01244
Trial Time:          0.01243
Trial Time:          0.01240
Trial Time:          0.01244
Trial Time:          0.01243
Trial Time:          0.01245
Trial Time:          0.01242
Trial Time:          0.01243
Trial Time:          0.01244
Trial Time:          0.01241
Trial Time:          0.01243
Trial Time:          0.01245
Trial Time:          0.01249
Trial Time:          0.01240
Average Time:        0.01246
