Read Time:           1.95971
Build Time:          0.11054
Graph has 2599558 nodes and 8861320 directed edges for degree: 3
Trial Time:          0.02094
Trial Time:          0.01896
Trial Time:          0.01901
Trial Time:          0.01879
Trial Time:          0.01954
Trial Time:          0.01931
Trial Time:          0.01924
Trial Time:          0.01942
Trial Time:          0.01929
Trial Time:          0.01933
Trial Time:          0.01922
Trial Time:          0.01916
Trial Time:          0.01938
Trial Time:          0.01946
Trial Time:          0.01928
Trial Time:          0.01918
Average Time:        0.01934
