Read Time:           0.23197
Build Time:          0.16988
Graph has 124736033 nodes and 1442970 directed edges for degree: 0
Trial Time:          0.38848
Trial Time:          0.39237
Trial Time:          0.39355
Trial Time:          0.39339
Trial Time:          0.39429
Trial Time:          0.39143
Trial Time:          0.39089
Trial Time:          0.39272
Trial Time:          0.39185
Trial Time:          0.39384
Trial Time:          0.39138
Trial Time:          0.38723
Trial Time:          0.39032
Trial Time:          0.40522
Trial Time:          0.39123
Trial Time:          0.38778
Average Time:        0.39225
