Read Time:           1.94503
Build Time:          0.94288
Graph has 2599558 nodes and 8861320 directed edges for degree: 3
Trial Time:          0.10148
Trial Time:          0.10339
Trial Time:          0.07659
Trial Time:          0.07188
Trial Time:          0.07117
Trial Time:          0.06604
Trial Time:          0.06327
Trial Time:          0.06488
Trial Time:          0.06385
Trial Time:          0.06394
Trial Time:          0.06337
Trial Time:          0.06400
Trial Time:          0.06468
Trial Time:          0.06385
Trial Time:          0.06379
Trial Time:          0.06307
Average Time:        0.07058
