Read Time:           1.94571
Build Time:          0.15379
Graph has 2599558 nodes and 8861320 directed edges for degree: 3
Trial Time:          0.03167
Trial Time:          0.02942
Trial Time:          0.02894
Trial Time:          0.02843
Trial Time:          0.02825
Trial Time:          0.02788
Trial Time:          0.02759
Trial Time:          0.02731
Trial Time:          0.02717
Trial Time:          0.02735
Trial Time:          0.02720
Trial Time:          0.02742
Trial Time:          0.02699
Trial Time:          0.02692
Trial Time:          0.02649
Trial Time:          0.02672
Average Time:        0.02786
