Read Time:           1.93865
Build Time:          0.21671
Graph has 2599558 nodes and 8861320 directed edges for degree: 3
Trial Time:          0.03503
Trial Time:          0.03372
Trial Time:          0.03426
Trial Time:          0.03265
Trial Time:          0.03255
Trial Time:          0.03230
Trial Time:          0.03192
Trial Time:          0.03246
Trial Time:          0.03170
Trial Time:          0.03208
Trial Time:          0.03217
Trial Time:          0.03188
Trial Time:          0.03224
Trial Time:          0.03190
Trial Time:          0.03127
Trial Time:          0.03085
Average Time:        0.03244
