Read Time:           0.62909
Build Time:          0.04176
Graph has 916428 nodes and 5105039 directed edges for degree: 5
Trial Time:          0.05329
Trial Time:          0.05268
Trial Time:          0.05311
Trial Time:          0.05297
Trial Time:          0.05273
Trial Time:          0.05351
Trial Time:          0.05276
Trial Time:          0.05318
Trial Time:          0.05263
Trial Time:          0.05276
Trial Time:          0.05277
Trial Time:          0.05313
Trial Time:          0.05251
Trial Time:          0.05219
Trial Time:          0.05251
Trial Time:          0.05329
Average Time:        0.05288
