Read Time:           0.22741
Build Time:          0.16819
Graph has 124736033 nodes and 1442970 directed edges for degree: 0
Trial Time:          0.39854
Trial Time:          0.41455
Trial Time:          0.42111
Trial Time:          0.41212
Trial Time:          0.40961
Trial Time:          0.39608
Trial Time:          0.39518
Trial Time:          0.39860
Trial Time:          0.39480
Trial Time:          0.39513
Trial Time:          0.39570
Trial Time:          0.39790
Trial Time:          0.39483
Trial Time:          0.39649
Trial Time:          0.39342
Trial Time:          0.39502
Average Time:        0.40057
