Read Time:           0.10247
Build Time:          0.02520
Graph has 4036179 nodes and 530872 directed edges for degree: 0
Trial Time:          0.00998
Trial Time:          0.00807
Trial Time:          0.00790
Trial Time:          0.00781
Trial Time:          0.00764
Trial Time:          0.00780
Trial Time:          0.00791
Trial Time:          0.00761
Trial Time:          0.00789
Trial Time:          0.00783
Trial Time:          0.00788
Trial Time:          0.00780
Trial Time:          0.00787
Trial Time:          0.00789
Trial Time:          0.00785
Trial Time:          0.00813
Average Time:        0.00799
