Read Time:           0.62149
Build Time:          0.04492
Graph has 916428 nodes and 5105039 directed edges for degree: 5
Trial Time:          0.04753
Trial Time:          0.04286
Trial Time:          0.04296
Trial Time:          0.04288
Trial Time:          0.04289
Trial Time:          0.04293
Trial Time:          0.04289
Trial Time:          0.04916
Trial Time:          0.04262
Trial Time:          0.04268
Trial Time:          0.04260
Trial Time:          0.04256
Trial Time:          0.04267
Trial Time:          0.04271
Trial Time:          0.04302
Trial Time:          0.04327
Average Time:        0.04351
