Read Time:           0.28729
Build Time:          0.10442
Graph has 281904 nodes and 2312497 directed edges for degree: 8
Trial Time:          0.17789
Trial Time:          0.17766
Trial Time:          0.17794
Trial Time:          0.17775
Trial Time:          0.17772
Trial Time:          0.17767
Trial Time:          0.17779
Trial Time:          0.17779
Trial Time:          0.17783
Trial Time:          0.17773
Trial Time:          0.17795
Trial Time:          0.17779
Trial Time:          0.17791
Trial Time:          0.17771
Trial Time:          0.17778
Trial Time:          0.17767
Average Time:        0.17779
