Read Time:           0.22695
Build Time:          0.14448
Graph has 124736033 nodes and 1442970 directed edges for degree: 0
Trial Time:          0.30187
Trial Time:          0.31479
Trial Time:          0.32051
Trial Time:          0.41336
Trial Time:          0.32387
Trial Time:          0.30287
Trial Time:          0.30137
Trial Time:          0.39185
Trial Time:          0.30017
Trial Time:          0.30055
Trial Time:          0.38913
Trial Time:          0.30157
Trial Time:          0.30033
Trial Time:          0.39112
Trial Time:          0.38977
Trial Time:          0.30109
Average Time:        0.33401
