Read Time:           0.89971
Build Time:          0.04335
Graph has 685231 nodes and 7600595 directed edges for degree: 11
Trial Time:          0.05248
Trial Time:          0.04635
Trial Time:          0.04623
Trial Time:          0.04631
Trial Time:          0.04642
Trial Time:          0.04637
Trial Time:          0.04632
Trial Time:          0.04638
Trial Time:          0.04592
Trial Time:          0.04595
Trial Time:          0.04599
Trial Time:          0.04593
Trial Time:          0.04568
Trial Time:          0.04606
Trial Time:          0.04589
Trial Time:          0.04602
Average Time:        0.04652
