Read Time:           0.62441
Build Time:          0.02933
Graph has 916428 nodes and 5105039 directed edges for degree: 5
Trial Time:          0.03489
Trial Time:          0.03200
Trial Time:          0.03200
Trial Time:          0.03174
Trial Time:          0.03159
Trial Time:          0.03196
Trial Time:          0.03173
Trial Time:          0.03193
Trial Time:          0.03163
Trial Time:          0.03155
Trial Time:          0.03688
Trial Time:          0.03081
Trial Time:          0.03086
Trial Time:          0.03082
Trial Time:          0.03044
Trial Time:          0.03050
Average Time:        0.03196
