Read Time:           1.96620
Build Time:          1.57519
Graph has 2599558 nodes and 8861320 directed edges for degree: 3
Trial Time:          0.08319
Trial Time:          0.08153
Trial Time:          0.08139
Trial Time:          0.08140
Trial Time:          0.08128
Trial Time:          0.08131
Trial Time:          0.08124
Trial Time:          0.08129
Trial Time:          0.08120
Trial Time:          0.08130
Trial Time:          0.08143
Trial Time:          0.08122
Trial Time:          0.08120
Trial Time:          0.08117
Trial Time:          0.08114
Trial Time:          0.08116
Average Time:        0.08140
