Read Time:           0.28801
Build Time:          0.03473
Graph has 281904 nodes and 2312497 directed edges for degree: 8
Trial Time:          0.03616
Trial Time:          0.03320
Trial Time:          0.03297
Trial Time:          0.03333
Trial Time:          0.03300
Trial Time:          0.03294
Trial Time:          0.03295
Trial Time:          0.03292
Trial Time:          0.03303
Trial Time:          0.03319
Trial Time:          0.03288
Trial Time:          0.03268
Trial Time:          0.03263
Trial Time:          0.03230
Trial Time:          0.03235
Trial Time:          0.03215
Average Time:        0.03304
