Read Time:           0.90245
Build Time:          0.03597
Graph has 685231 nodes and 7600595 directed edges for degree: 11
Trial Time:          0.03001
Trial Time:          0.03388
Trial Time:          0.02929
Trial Time:          0.02932
Trial Time:          0.02932
Trial Time:          0.02923
Trial Time:          0.02922
Trial Time:          0.02923
Trial Time:          0.02942
Trial Time:          0.02936
Trial Time:          0.02922
Trial Time:          0.02920
Trial Time:          0.02914
Trial Time:          0.02926
Trial Time:          0.02940
Trial Time:          0.02917
Average Time:        0.02960
