Read Time:           0.29007
Build Time:          0.02043
Graph has 281904 nodes and 2312497 directed edges for degree: 8
Trial Time:          0.02306
Trial Time:          0.02039
Trial Time:          0.02046
Trial Time:          0.01985
Trial Time:          0.02046
Trial Time:          0.01970
Trial Time:          0.01971
Trial Time:          0.02034
Trial Time:          0.01974
Trial Time:          0.02033
Trial Time:          0.02033
Trial Time:          0.01981
Trial Time:          0.02037
Trial Time:          0.01997
Trial Time:          0.02027
Trial Time:          0.02035
Average Time:        0.02032
