Read Time:           0.08771
Build Time:          0.06110
Graph has 4036179 nodes and 530872 directed edges for degree: 0
Trial Time:          0.03333
Trial Time:          0.04162
Trial Time:          0.03109
Trial Time:          0.03115
Trial Time:          0.03874
Trial Time:          0.03896
Trial Time:          0.03109
Trial Time:          0.03856
Trial Time:          0.03861
Trial Time:          0.03746
Trial Time:          0.02401
Trial Time:          0.02392
Trial Time:          0.02387
Trial Time:          0.02399
Trial Time:          0.02421
Trial Time:          0.02396
Average Time:        0.03154
