Read Time:           0.62153
Build Time:          0.03187
Graph has 916428 nodes and 5105039 directed edges for degree: 5
Trial Time:          0.04313
Trial Time:          0.03832
Trial Time:          0.03739
Trial Time:          0.03775
Trial Time:          0.03691
Trial Time:          0.03952
Trial Time:          0.03852
Trial Time:          0.03859
Trial Time:          0.03992
Trial Time:          0.03894
Trial Time:          0.03869
Trial Time:          0.03950
Trial Time:          0.03983
Trial Time:          0.03956
Trial Time:          0.03740
Trial Time:          0.03885
Average Time:        0.03893
