Read Time:           0.28976
Build Time:          0.01807
Graph has 281904 nodes and 2312497 directed edges for degree: 8
Trial Time:          0.02377
Trial Time:          0.02074
Trial Time:          0.02080
Trial Time:          0.02096
Trial Time:          0.02074
Trial Time:          0.02107
Trial Time:          0.02062
Trial Time:          0.02069
Trial Time:          0.02088
Trial Time:          0.02065
Trial Time:          0.02066
Trial Time:          0.02074
Trial Time:          0.02049
Trial Time:          0.02072
Trial Time:          0.02073
Trial Time:          0.02064
Average Time:        0.02093
