Read Time:           0.28938
Build Time:          0.02404
Graph has 281904 nodes and 2312497 directed edges for degree: 8
Trial Time:          0.02255
Trial Time:          0.02044
Trial Time:          0.02041
Trial Time:          0.02027
Trial Time:          0.01970
Trial Time:          0.01980
Trial Time:          0.01970
Trial Time:          0.02015
Trial Time:          0.01881
Trial Time:          0.01831
Trial Time:          0.01831
Trial Time:          0.01831
Trial Time:          0.01828
Trial Time:          0.01834
Trial Time:          0.01882
Trial Time:          0.01823
Average Time:        0.01940
