Read Time:           0.18708
Build Time:          0.01662
Graph has 325729 nodes and 1469679 directed edges for degree: 4
Trial Time:          0.02384
Trial Time:          0.02302
Trial Time:          0.02299
Trial Time:          0.02287
Trial Time:          0.02252
Trial Time:          0.02256
Trial Time:          0.02254
Trial Time:          0.02248
Trial Time:          0.02237
Trial Time:          0.02262
Trial Time:          0.02340
Trial Time:          0.02300
Trial Time:          0.02252
Trial Time:          0.02250
Trial Time:          0.02235
Trial Time:          0.02247
Average Time:        0.02275
