Read Time:           1.93180
Build Time:          0.13425
Graph has 2599558 nodes and 8861320 directed edges for degree: 3
Trial Time:          0.02480
Trial Time:          0.02728
Trial Time:          0.02775
Trial Time:          0.02806
Trial Time:          0.02801
Trial Time:          0.02781
Trial Time:          0.02718
Trial Time:          0.02793
Trial Time:          0.02509
Trial Time:          0.02747
Trial Time:          0.02737
Trial Time:          0.02698
Trial Time:          0.02765
Trial Time:          0.02395
Trial Time:          0.02747
Trial Time:          0.02681
Average Time:        0.02698
