Read Time:           0.91179
Build Time:          0.04194
Graph has 685231 nodes and 7600595 directed edges for degree: 11
Trial Time:          0.03389
Trial Time:          0.03297
Trial Time:          0.03286
Trial Time:          0.03305
Trial Time:          0.03308
Trial Time:          0.03294
Trial Time:          0.03297
Trial Time:          0.03302
Trial Time:          0.03297
Trial Time:          0.03301
Trial Time:          0.03296
Trial Time:          0.03293
Trial Time:          0.03301
Trial Time:          0.03291
Trial Time:          0.03294
Trial Time:          0.03282
Average Time:        0.03302
