Read Time:           0.89744
Build Time:          0.03907
Graph has 685231 nodes and 7600595 directed edges for degree: 11
Trial Time:          0.03771
Trial Time:          0.03659
Trial Time:          0.03623
Trial Time:          0.03683
Trial Time:          0.03569
Trial Time:          0.03621
Trial Time:          0.03644
Trial Time:          0.03620
Trial Time:          0.03640
Trial Time:          0.03710
Trial Time:          0.03602
Trial Time:          0.03612
Trial Time:          0.03625
Trial Time:          0.03967
Trial Time:          0.03621
Trial Time:          0.03640
Average Time:        0.03663
