Read Time:           0.09094
Build Time:          0.02072
Graph has 4036179 nodes and 530872 directed edges for degree: 0
Trial Time:          0.01125
Trial Time:          0.00977
Trial Time:          0.00959
Trial Time:          0.00965
Trial Time:          0.00954
Trial Time:          0.00969
Trial Time:          0.00957
Trial Time:          0.00958
Trial Time:          0.00962
Trial Time:          0.00961
Trial Time:          0.00954
Trial Time:          0.00953
Trial Time:          0.00827
Trial Time:          0.00829
Trial Time:          0.00827
Trial Time:          0.00850
Average Time:        0.00939
