Read Time:           0.89819
Build Time:          0.03847
Graph has 685231 nodes and 7600595 directed edges for degree: 11
Trial Time:          0.03807
Trial Time:          0.03693
Trial Time:          0.03676
Trial Time:          0.03691
Trial Time:          0.03655
Trial Time:          0.03657
Trial Time:          0.03664
Trial Time:          0.03642
Trial Time:          0.03700
Trial Time:          0.03638
Trial Time:          0.03714
Trial Time:          0.03663
Trial Time:          0.03620
Trial Time:          0.04176
Trial Time:          0.03588
Trial Time:          0.03600
Average Time:        0.03699
