Read Time:           0.09783
Build Time:          0.02188
Graph has 4036179 nodes and 530872 directed edges for degree: 0
Trial Time:          0.01359
Trial Time:          0.01299
Trial Time:          0.01297
Trial Time:          0.01302
Trial Time:          0.01310
Trial Time:          0.01324
Trial Time:          0.01322
Trial Time:          0.01317
Trial Time:          0.01319
Trial Time:          0.01318
Trial Time:          0.01321
Trial Time:          0.01320
Trial Time:          0.01323
Trial Time:          0.01320
Trial Time:          0.01321
Trial Time:          0.01327
Average Time:        0.01319
