Read Time:           0.23614
Build Time:          0.31588
Graph has 124736033 nodes and 1442970 directed edges for degree: 0
Trial Time:          0.33186
Trial Time:          0.33116
Trial Time:          0.33154
Trial Time:          0.32990
Trial Time:          0.33111
Trial Time:          0.32950
Trial Time:          0.33183
Trial Time:          0.33181
Trial Time:          0.33046
Trial Time:          0.32964
Trial Time:          0.32987
Trial Time:          0.33026
Trial Time:          0.32948
Trial Time:          0.32872
Trial Time:          0.32855
Trial Time:          0.32896
Average Time:        0.33029
