Read Time:           0.18572
Build Time:          0.00788
Graph has 325729 nodes and 1469679 directed edges for degree: 4
Trial Time:          0.01179
Trial Time:          0.01152
Trial Time:          0.01157
Trial Time:          0.01116
Trial Time:          0.01149
Trial Time:          0.01119
Trial Time:          0.01155
Trial Time:          0.01149
Trial Time:          0.01154
Trial Time:          0.01117
Trial Time:          0.01117
Trial Time:          0.01117
Trial Time:          0.01118
Trial Time:          0.01110
Trial Time:          0.01155
Trial Time:          0.01110
Average Time:        0.01136
