Read Time:           0.63678
Build Time:          0.03266
Graph has 916428 nodes and 5105039 directed edges for degree: 5
Trial Time:          0.03703
Trial Time:          0.03569
Trial Time:          0.03673
Trial Time:          0.03584
Trial Time:          0.03621
Trial Time:          0.03664
Trial Time:          0.03648
Trial Time:          0.03589
Trial Time:          0.03741
Trial Time:          0.03683
Trial Time:          0.03673
Trial Time:          0.03623
Trial Time:          0.03654
Trial Time:          0.03561
Trial Time:          0.03649
Trial Time:          0.03607
Average Time:        0.03640
