Read Time:           0.63586
Build Time:          0.03725
Graph has 916428 nodes and 5105039 directed edges for degree: 5
Trial Time:          0.04154
Trial Time:          0.04094
Trial Time:          0.04120
Trial Time:          0.03958
Trial Time:          0.04132
Trial Time:          0.04103
Trial Time:          0.04107
Trial Time:          0.04205
Trial Time:          0.03989
Trial Time:          0.04133
Trial Time:          0.04109
Trial Time:          0.04111
Trial Time:          0.03983
Trial Time:          0.04112
Trial Time:          0.04123
Trial Time:          0.04085
Average Time:        0.04095
