Read Time:           0.62661
Build Time:          0.12913
Graph has 916428 nodes and 5105039 directed edges for degree: 5
Trial Time:          0.21031
Trial Time:          0.20847
Trial Time:          0.20776
Trial Time:          0.20788
Trial Time:          0.20810
Trial Time:          0.20801
Trial Time:          0.20796
Trial Time:          0.20829
Trial Time:          0.20807
Trial Time:          0.20894
Trial Time:          0.20889
Trial Time:          0.20833
Trial Time:          0.20825
Trial Time:          0.20850
Trial Time:          0.20809
Trial Time:          0.20850
Average Time:        0.20840
