Read Time:           0.23975
Build Time:          0.32166
Graph has 124736033 nodes and 1442970 directed edges for degree: 0
Trial Time:          0.33530
Trial Time:          0.33261
Trial Time:          0.33436
Trial Time:          0.33231
Trial Time:          0.33139
Trial Time:          0.33273
Trial Time:          0.33198
Trial Time:          0.33161
Trial Time:          0.33054
Trial Time:          0.33146
Trial Time:          0.33314
Trial Time:          0.33281
Trial Time:          0.33446
Trial Time:          0.33189
Trial Time:          0.33172
Trial Time:          0.33073
Average Time:        0.33244
