Read Time:           0.09462
Build Time:          0.02163
Graph has 4036179 nodes and 530872 directed edges for degree: 0
Trial Time:          0.01167
Trial Time:          0.00950
Trial Time:          0.00965
Trial Time:          0.00930
Trial Time:          0.00964
Trial Time:          0.00985
Trial Time:          0.00951
Trial Time:          0.00950
Trial Time:          0.00980
Trial Time:          0.00972
Trial Time:          0.00940
Trial Time:          0.00947
Trial Time:          0.00957
Trial Time:          0.01016
Trial Time:          0.00924
Trial Time:          0.00970
Average Time:        0.00973
