Read Time:           0.19818
Build Time:          0.00958
Graph has 325729 nodes and 1469679 directed edges for degree: 4
Trial Time:          0.01502
Trial Time:          0.01496
Trial Time:          0.01490
Trial Time:          0.01491
Trial Time:          0.01489
Trial Time:          0.01484
Trial Time:          0.01485
Trial Time:          0.01495
Trial Time:          0.01485
Trial Time:          0.01492
Trial Time:          0.01496
Trial Time:          0.01503
Trial Time:          0.01503
Trial Time:          0.01487
Trial Time:          0.01508
Trial Time:          0.01483
Average Time:        0.01493
