Read Time:           0.23808
Build Time:          0.31199
Graph has 124736033 nodes and 1442970 directed edges for degree: 0
Trial Time:          0.33274
Trial Time:          0.32857
Trial Time:          0.32910
Trial Time:          0.32977
Trial Time:          0.33090
Trial Time:          0.32918
Trial Time:          0.33097
Trial Time:          0.32933
Trial Time:          0.33076
Trial Time:          0.33020
Trial Time:          0.33210
Trial Time:          0.33106
Trial Time:          0.33112
Trial Time:          0.33244
Trial Time:          0.32963
Trial Time:          0.32988
Average Time:        0.33048
