Read Time:           1.97900
Build Time:          0.13225
Graph has 2599558 nodes and 8861320 directed edges for degree: 3
Trial Time:          0.02060
Trial Time:          0.02024
Trial Time:          0.02028
Trial Time:          0.02032
Trial Time:          0.02023
Trial Time:          0.02014
Trial Time:          0.02031
Trial Time:          0.02026
Trial Time:          0.02024
Trial Time:          0.02027
Trial Time:          0.02032
Trial Time:          0.02017
Trial Time:          0.02034
Trial Time:          0.02023
Trial Time:          0.02024
Trial Time:          0.02034
Average Time:        0.02028
