Read Time:           0.64153
Build Time:          0.03291
Graph has 916428 nodes and 5105039 directed edges for degree: 5
Trial Time:          0.02899
Trial Time:          0.02772
Trial Time:          0.02785
Trial Time:          0.02759
Trial Time:          0.02724
Trial Time:          0.02785
Trial Time:          0.02716
Trial Time:          0.02734
Trial Time:          0.02724
Trial Time:          0.02745
Trial Time:          0.02733
Trial Time:          0.03626
Trial Time:          0.02745
Trial Time:          0.02704
Trial Time:          0.02758
Trial Time:          0.02699
Average Time:        0.02807
