Read Time:           1.94113
Build Time:          0.14660
Graph has 2599558 nodes and 8861320 directed edges for degree: 3
Trial Time:          0.02424
Trial Time:          0.02379
Trial Time:          0.02359
Trial Time:          0.02429
Trial Time:          0.02373
Trial Time:          0.02377
Trial Time:          0.02372
Trial Time:          0.02377
Trial Time:          0.02375
Trial Time:          0.02342
Trial Time:          0.02375
Trial Time:          0.02373
Trial Time:          0.02345
Trial Time:          0.02409
Trial Time:          0.02349
Trial Time:          0.02374
Average Time:        0.02377
