Read Time:           0.29770
Build Time:          0.01984
Graph has 281904 nodes and 2312497 directed edges for degree: 8
Trial Time:          0.02525
Trial Time:          0.02511
Trial Time:          0.02504
Trial Time:          0.02504
Trial Time:          0.02512
Trial Time:          0.02434
Trial Time:          0.02500
Trial Time:          0.02519
Trial Time:          0.02504
Trial Time:          0.02499
Trial Time:          0.02509
Trial Time:          0.02427
Trial Time:          0.02505
Trial Time:          0.02507
Trial Time:          0.02515
Trial Time:          0.02516
Average Time:        0.02499
