Read Time:           0.62547
Build Time:          0.02929
Graph has 916428 nodes and 5105039 directed edges for degree: 5
Trial Time:          0.03666
Trial Time:          0.03234
Trial Time:          0.03211
Trial Time:          0.03155
Trial Time:          0.03162
Trial Time:          0.03176
Trial Time:          0.03175
Trial Time:          0.03197
Trial Time:          0.03170
Trial Time:          0.03179
Trial Time:          0.03611
Trial Time:          0.03176
Trial Time:          0.03155
Trial Time:          0.03175
Trial Time:          0.03179
Trial Time:          0.03150
Average Time:        0.03236
