Read Time:           0.23443
Build Time:          0.15386
Graph has 124736033 nodes and 1442970 directed edges for degree: 0
Trial Time:          0.30531
Trial Time:          0.43024
Trial Time:          0.43530
Trial Time:          0.32596
Trial Time:          0.31966
Trial Time:          0.30310
Trial Time:          0.30157
Trial Time:          0.30236
Trial Time:          0.30188
Trial Time:          0.30361
Trial Time:          0.30450
Trial Time:          0.30208
Trial Time:          0.30341
Trial Time:          0.30297
Trial Time:          0.30196
Trial Time:          0.30113
Average Time:        0.32157
