Read Time:           0.61492
Build Time:          0.09670
Graph has 916428 nodes and 5105039 directed edges for degree: 5
Trial Time:          0.14962
Trial Time:          0.13795
Trial Time:          0.13610
Trial Time:          0.13667
Trial Time:          0.13239
Trial Time:          0.12612
Trial Time:          0.12631
Trial Time:          0.12600
Trial Time:          0.12622
Trial Time:          0.12609
Trial Time:          0.12611
Trial Time:          0.12612
Trial Time:          0.12618
Trial Time:          0.12623
Trial Time:          0.12618
Trial Time:          0.12607
Average Time:        0.13002
