Read Time:           0.90369
Build Time:          0.04646
Graph has 685231 nodes and 7600595 directed edges for degree: 11
Trial Time:          0.04271
Trial Time:          0.03746
Trial Time:          0.03749
Trial Time:          0.03752
Trial Time:          0.03749
Trial Time:          0.03730
Trial Time:          0.03735
Trial Time:          0.03730
Trial Time:          0.03741
Trial Time:          0.03742
Trial Time:          0.03736
Trial Time:          0.03723
Trial Time:          0.03736
Trial Time:          0.03733
Trial Time:          0.03726
Trial Time:          0.03732
Average Time:        0.03771
