Read Time:           0.22802
Build Time:          2.06158
Graph has 124736033 nodes and 1442970 directed edges for degree: 0
Trial Time:          1.11191
Trial Time:          1.10914
Trial Time:          1.10734
Trial Time:          1.10783
Trial Time:          1.10730
Trial Time:          1.10680
Trial Time:          1.10781
Trial Time:          1.10746
Trial Time:          1.10692
Trial Time:          1.10690
Trial Time:          1.10650
Trial Time:          1.10763
Trial Time:          1.10773
Trial Time:          1.10680
Trial Time:          1.10521
Trial Time:          1.10730
Average Time:        1.10754
