Read Time:           0.08637
Build Time:          0.11828
Graph has 4036179 nodes and 530872 directed edges for degree: 0
Trial Time:          0.06289
Trial Time:          0.06184
Trial Time:          0.06183
Trial Time:          0.04181
Trial Time:          0.03705
Trial Time:          0.03706
Trial Time:          0.03733
Trial Time:          0.03704
Trial Time:          0.03700
Trial Time:          0.03701
Trial Time:          0.03705
Trial Time:          0.03710
Trial Time:          0.03717
Trial Time:          0.03703
Trial Time:          0.03702
Trial Time:          0.03699
Average Time:        0.04207
