Read Time:           0.08994
Build Time:          0.02237
Graph has 4036179 nodes and 530872 directed edges for degree: 0
Trial Time:          0.01227
Trial Time:          0.01116
Trial Time:          0.01108
Trial Time:          0.01110
Trial Time:          0.01104
Trial Time:          0.01108
Trial Time:          0.01114
Trial Time:          0.01116
Trial Time:          0.01118
Trial Time:          0.01102
Trial Time:          0.01101
Trial Time:          0.01114
Trial Time:          0.01116
Trial Time:          0.01108
Trial Time:          0.01108
Trial Time:          0.01108
Average Time:        0.01117
