Read Time:           0.18918
Build Time:          0.00838
Graph has 325729 nodes and 1469679 directed edges for degree: 4
Trial Time:          0.01387
Trial Time:          0.01444
Trial Time:          0.01427
Trial Time:          0.01374
Trial Time:          0.01453
Trial Time:          0.01388
Trial Time:          0.01428
Trial Time:          0.01388
Trial Time:          0.01385
Trial Time:          0.01434
Trial Time:          0.01392
Trial Time:          0.01420
Trial Time:          0.01402
Trial Time:          0.01336
Trial Time:          0.01437
Trial Time:          0.01457
Average Time:        0.01409
