Read Time:           0.91953
Build Time:          0.03849
Graph has 685231 nodes and 7600595 directed edges for degree: 11
Trial Time:          0.04277
Trial Time:          0.03406
Trial Time:          0.03404
Trial Time:          0.03414
Trial Time:          0.03392
Trial Time:          0.03410
Trial Time:          0.03407
Trial Time:          0.03403
Trial Time:          0.03411
Trial Time:          0.03417
Trial Time:          0.03414
Trial Time:          0.03402
Trial Time:          0.03411
Trial Time:          0.03405
Trial Time:          0.03417
Trial Time:          0.03401
Average Time:        0.03462
