Read Time:           0.22555
Build Time:          0.15398
Graph has 124736033 nodes and 1442970 directed edges for degree: 0
Trial Time:          0.30600
Trial Time:          0.32756
Trial Time:          0.33018
Trial Time:          0.32889
Trial Time:          0.33911
Trial Time:          0.30586
Trial Time:          0.30143
Trial Time:          0.30291
Trial Time:          0.30404
Trial Time:          0.30401
Trial Time:          0.30315
Trial Time:          0.30565
Trial Time:          0.30146
Trial Time:          0.30473
Trial Time:          0.30246
Trial Time:          0.30353
Average Time:        0.31069
