Read Time:           1.93787
Build Time:          0.13193
Graph has 2599558 nodes and 8861320 directed edges for degree: 3
Trial Time:          0.02708
Trial Time:          0.02524
Trial Time:          0.02707
Trial Time:          0.02772
Trial Time:          0.02420
Trial Time:          0.02729
Trial Time:          0.02740
Trial Time:          0.02732
Trial Time:          0.02692
Trial Time:          0.02789
Trial Time:          0.02703
Trial Time:          0.02699
Trial Time:          0.02666
Trial Time:          0.02703
Trial Time:          0.02700
Trial Time:          0.02753
Average Time:        0.02690
