Read Time:           1.93232
Build Time:          0.13816
Graph has 2599558 nodes and 8861320 directed edges for degree: 3
Trial Time:          0.02986
Trial Time:          0.02919
Trial Time:          0.02892
Trial Time:          0.02812
Trial Time:          0.02754
Trial Time:          0.02688
Trial Time:          0.02709
Trial Time:          0.02634
Trial Time:          0.02655
Trial Time:          0.02635
Trial Time:          0.02638
Trial Time:          0.02631
Trial Time:          0.02648
Trial Time:          0.02630
Trial Time:          0.02634
Trial Time:          0.02653
Average Time:        0.02720
