Read Time:           0.29065
Build Time:          0.10347
Graph has 281904 nodes and 2312497 directed edges for degree: 8
Trial Time:          0.17762
Trial Time:          0.17748
Trial Time:          0.17766
Trial Time:          0.17804
Trial Time:          0.17767
Trial Time:          0.17762
Trial Time:          0.17753
Trial Time:          0.17771
Trial Time:          0.17770
Trial Time:          0.17749
Trial Time:          0.17754
Trial Time:          0.17755
Trial Time:          0.17764
Trial Time:          0.17748
Trial Time:          0.17759
Trial Time:          0.17787
Average Time:        0.17764
