Read Time:           1.93636
Build Time:          0.22014
Graph has 2599558 nodes and 8861320 directed edges for degree: 3
Trial Time:          0.03508
Trial Time:          0.03555
Trial Time:          0.03548
Trial Time:          0.03548
Trial Time:          0.03473
Trial Time:          0.03442
Trial Time:          0.03370
Trial Time:          0.03323
Trial Time:          0.03355
Trial Time:          0.03324
Trial Time:          0.03267
Trial Time:          0.03073
Trial Time:          0.03109
Trial Time:          0.02902
Trial Time:          0.02765
Trial Time:          0.02776
Average Time:        0.03271
