Read Time:           0.63585
Build Time:          0.03277
Graph has 916428 nodes and 5105039 directed edges for degree: 5
Trial Time:          0.03644
Trial Time:          0.03631
Trial Time:          0.03578
Trial Time:          0.03675
Trial Time:          0.03615
Trial Time:          0.03660
Trial Time:          0.03639
Trial Time:          0.03616
Trial Time:          0.03662
Trial Time:          0.03631
Trial Time:          0.03641
Trial Time:          0.03606
Trial Time:          0.03648
Trial Time:          0.03606
Trial Time:          0.03653
Trial Time:          0.03621
Average Time:        0.03633
