Read Time:           0.63322
Build Time:          0.03258
Graph has 916428 nodes and 5105039 directed edges for degree: 5
Trial Time:          0.03640
Trial Time:          0.03630
Trial Time:          0.03630
Trial Time:          0.03604
Trial Time:          0.03659
Trial Time:          0.03619
Trial Time:          0.03560
Trial Time:          0.03654
Trial Time:          0.03724
Trial Time:          0.03619
Trial Time:          0.03655
Trial Time:          0.03663
Trial Time:          0.03688
Trial Time:          0.03657
Trial Time:          0.03625
Trial Time:          0.03599
Average Time:        0.03639
