Read Time:           1.94353
Build Time:          0.14772
Graph has 2599558 nodes and 8861320 directed edges for degree: 3
Trial Time:          0.02452
Trial Time:          0.02327
Trial Time:          0.02357
Trial Time:          0.02390
Trial Time:          0.02354
Trial Time:          0.02413
Trial Time:          0.02368
Trial Time:          0.02383
Trial Time:          0.02366
Trial Time:          0.02346
Trial Time:          0.02317
Trial Time:          0.02368
Trial Time:          0.02344
Trial Time:          0.02389
Trial Time:          0.02316
Trial Time:          0.02367
Average Time:        0.02366
