Read Time:           0.09698
Build Time:          0.02336
Graph has 4036179 nodes and 530872 directed edges for degree: 0
Trial Time:          0.01496
Trial Time:          0.01480
Trial Time:          0.01477
Trial Time:          0.01480
Trial Time:          0.01479
Trial Time:          0.01475
Trial Time:          0.01481
Trial Time:          0.01478
Trial Time:          0.01480
Trial Time:          0.01478
Trial Time:          0.01479
Trial Time:          0.01477
Trial Time:          0.01476
Trial Time:          0.01478
Trial Time:          0.01479
Trial Time:          0.01476
Average Time:        0.01479
