Read Time:           0.09017
Build Time:          0.02146
Graph has 4036179 nodes and 530872 directed edges for degree: 0
Trial Time:          0.01256
Trial Time:          0.01103
Trial Time:          0.01132
Trial Time:          0.01115
Trial Time:          0.01083
Trial Time:          0.01092
Trial Time:          0.01099
Trial Time:          0.01098
Trial Time:          0.01092
Trial Time:          0.01111
Trial Time:          0.01089
Trial Time:          0.01110
Trial Time:          0.01109
Trial Time:          0.01104
Trial Time:          0.01109
Trial Time:          0.01102
Average Time:        0.01113
