Read Time:           0.09774
Build Time:          0.02178
Graph has 4036179 nodes and 530872 directed edges for degree: 0
Trial Time:          0.01383
Trial Time:          0.01349
Trial Time:          0.01358
Trial Time:          0.01354
Trial Time:          0.01358
Trial Time:          0.01353
Trial Time:          0.01356
Trial Time:          0.01358
Trial Time:          0.01354
Trial Time:          0.01356
Trial Time:          0.01353
Trial Time:          0.01356
Trial Time:          0.01354
Trial Time:          0.01353
Trial Time:          0.01355
Trial Time:          0.01355
Average Time:        0.01357
