Read Time:           1.94193
Build Time:          0.14627
Graph has 2599558 nodes and 8861320 directed edges for degree: 3
Trial Time:          0.02506
Trial Time:          0.02313
Trial Time:          0.02441
Trial Time:          0.02398
Trial Time:          0.02427
Trial Time:          0.02319
Trial Time:          0.02310
Trial Time:          0.02333
Trial Time:          0.02356
Trial Time:          0.02407
Trial Time:          0.02344
Trial Time:          0.02337
Trial Time:          0.02342
Trial Time:          0.02390
Trial Time:          0.02319
Trial Time:          0.02285
Average Time:        0.02364
