Read Time:           0.22681
Build Time:          0.16317
Graph has 124736033 nodes and 1442970 directed edges for degree: 0
Trial Time:          0.39889
Trial Time:          0.42946
Trial Time:          0.42540
Trial Time:          0.42011
Trial Time:          0.40003
Trial Time:          0.39632
Trial Time:          0.39577
Trial Time:          0.39779
Trial Time:          0.39820
Trial Time:          0.39605
Trial Time:          0.30575
Trial Time:          0.39772
Trial Time:          0.39706
Trial Time:          0.39532
Trial Time:          0.39584
Trial Time:          0.39585
Average Time:        0.39660
