Read Time:           0.09080
Build Time:          0.02263
Graph has 4036179 nodes and 530872 directed edges for degree: 0
Trial Time:          0.01239
Trial Time:          0.01093
Trial Time:          0.01021
Trial Time:          0.01007
Trial Time:          0.01004
Trial Time:          0.01070
Trial Time:          0.01021
Trial Time:          0.01078
Trial Time:          0.01008
Trial Time:          0.01076
Trial Time:          0.01018
Trial Time:          0.01034
Trial Time:          0.01065
Trial Time:          0.00985
Trial Time:          0.01002
Trial Time:          0.01011
Average Time:        0.01046
