Read Time:           0.18756
Build Time:          0.00841
Graph has 325729 nodes and 1469679 directed edges for degree: 4
Trial Time:          0.01196
Trial Time:          0.01151
Trial Time:          0.01148
Trial Time:          0.01111
Trial Time:          0.01115
Trial Time:          0.01113
Trial Time:          0.01150
Trial Time:          0.01149
Trial Time:          0.01149
Trial Time:          0.01146
Trial Time:          0.01147
Trial Time:          0.01114
Trial Time:          0.01111
Trial Time:          0.01114
Trial Time:          0.01150
Trial Time:          0.01113
Average Time:        0.01136
