Read Time:           0.28762
Build Time:          0.10313
Graph has 281904 nodes and 2312497 directed edges for degree: 8
Trial Time:          0.17759
Trial Time:          0.17747
Trial Time:          0.17766
Trial Time:          0.17764
Trial Time:          0.17744
Trial Time:          0.17745
Trial Time:          0.17760
Trial Time:          0.17778
Trial Time:          0.17795
Trial Time:          0.17761
Trial Time:          0.17752
Trial Time:          0.17747
Trial Time:          0.17764
Trial Time:          0.17747
Trial Time:          0.17764
Trial Time:          0.17778
Average Time:        0.17761
