Read Time:           0.23027
Build Time:          0.15606
Graph has 124736033 nodes and 1442970 directed edges for degree: 0
Trial Time:          0.38420
Trial Time:          0.40067
Trial Time:          0.39629
Trial Time:          0.39011
Trial Time:          0.39452
Trial Time:          0.38349
Trial Time:          0.38333
Trial Time:          0.38344
Trial Time:          0.38250
Trial Time:          0.39122
Trial Time:          0.38307
Trial Time:          0.38475
Trial Time:          0.38693
Trial Time:          0.38320
Trial Time:          0.38398
Trial Time:          0.38311
Average Time:        0.38718
