Read Time:           0.08844
Build Time:          0.12030
Graph has 4036179 nodes and 530872 directed edges for degree: 0
Trial Time:          0.03823
Trial Time:          0.03746
Trial Time:          0.03747
Trial Time:          0.03737
Trial Time:          0.03735
Trial Time:          0.03735
Trial Time:          0.03735
Trial Time:          0.03735
Trial Time:          0.03731
Trial Time:          0.03749
Trial Time:          0.03737
Trial Time:          0.03733
Trial Time:          0.03737
Trial Time:          0.03748
Trial Time:          0.03733
Trial Time:          0.03751
Average Time:        0.03744
