Read Time:           0.22655
Build Time:          0.16034
Graph has 124736033 nodes and 1442970 directed edges for degree: 0
Trial Time:          0.39930
Trial Time:          0.41882
Trial Time:          0.42366
Trial Time:          0.41664
Trial Time:          0.39865
Trial Time:          0.39748
Trial Time:          0.39684
Trial Time:          0.39759
Trial Time:          0.39496
Trial Time:          0.39659
Trial Time:          0.39812
Trial Time:          0.39816
Trial Time:          0.39684
Trial Time:          0.39593
Trial Time:          0.30545
Trial Time:          0.39471
Average Time:        0.39561
