Read Time:           0.18096
Build Time:          0.00853
Graph has 325729 nodes and 1469679 directed edges for degree: 4
Trial Time:          0.01364
Trial Time:          0.01357
Trial Time:          0.01358
Trial Time:          0.01357
Trial Time:          0.01358
Trial Time:          0.01357
Trial Time:          0.01358
Trial Time:          0.01355
Trial Time:          0.01357
Trial Time:          0.01358
Trial Time:          0.01358
Trial Time:          0.01358
Trial Time:          0.01356
Trial Time:          0.01356
Trial Time:          0.01357
Trial Time:          0.01355
Average Time:        0.01357
