Read Time:           0.90679
Build Time:          0.03696
Graph has 685231 nodes and 7600595 directed edges for degree: 11
Trial Time:          0.02965
Trial Time:          0.03386
Trial Time:          0.02906
Trial Time:          0.02922
Trial Time:          0.02901
Trial Time:          0.02912
Trial Time:          0.02920
Trial Time:          0.02918
Trial Time:          0.02909
Trial Time:          0.02910
Trial Time:          0.02916
Trial Time:          0.02912
Trial Time:          0.02912
Trial Time:          0.02904
Trial Time:          0.02901
Trial Time:          0.02902
Average Time:        0.02943
