Read Time:           0.18793
Build Time:          0.00837
Graph has 325729 nodes and 1469679 directed edges for degree: 4
Trial Time:          0.01846
Trial Time:          0.01664
Trial Time:          0.01658
Trial Time:          0.01610
Trial Time:          0.01620
Trial Time:          0.01706
Trial Time:          0.01655
Trial Time:          0.01678
Trial Time:          0.01642
Trial Time:          0.01725
Trial Time:          0.01631
Trial Time:          0.01633
Trial Time:          0.01626
Trial Time:          0.01610
Trial Time:          0.01688
Trial Time:          0.01637
Average Time:        0.01664
