Read Time:           0.19640
Build Time:          0.00892
Graph has 325729 nodes and 1469679 directed edges for degree: 4
Trial Time:          0.01514
Trial Time:          0.01491
Trial Time:          0.01484
Trial Time:          0.01494
Trial Time:          0.01483
Trial Time:          0.01491
Trial Time:          0.01488
Trial Time:          0.01484
Trial Time:          0.01494
Trial Time:          0.01486
Trial Time:          0.01491
Trial Time:          0.01486
Trial Time:          0.01487
Trial Time:          0.01486
Trial Time:          0.01485
Trial Time:          0.01487
Average Time:        0.01489
