Read Time:           0.63188
Build Time:          0.03744
Graph has 916428 nodes and 5105039 directed edges for degree: 5
Trial Time:          0.04070
Trial Time:          0.04108
Trial Time:          0.04137
Trial Time:          0.04107
Trial Time:          0.04124
Trial Time:          0.03976
Trial Time:          0.04126
Trial Time:          0.04059
Trial Time:          0.04043
Trial Time:          0.04109
Trial Time:          0.04002
Trial Time:          0.03977
Trial Time:          0.04136
Trial Time:          0.03995
Trial Time:          0.04114
Trial Time:          0.04126
Average Time:        0.04076
