Read Time:           0.18459
Build Time:          0.00717
Graph has 325729 nodes and 1469679 directed edges for degree: 4
Trial Time:          0.01160
Trial Time:          0.01111
Trial Time:          0.01103
Trial Time:          0.01099
Trial Time:          0.01144
Trial Time:          0.01098
Trial Time:          0.01105
Trial Time:          0.01099
Trial Time:          0.01103
Trial Time:          0.01103
Trial Time:          0.01100
Trial Time:          0.01095
Trial Time:          0.01109
Trial Time:          0.01106
Trial Time:          0.01102
Trial Time:          0.01096
Average Time:        0.01108
