Read Time:           0.22774
Build Time:          2.04556
Graph has 124736033 nodes and 1442970 directed edges for degree: 0
Trial Time:          1.11151
Trial Time:          1.10774
Trial Time:          1.10607
Trial Time:          1.10760
Trial Time:          1.10532
Trial Time:          1.10665
Trial Time:          1.10639
Trial Time:          1.10568
Trial Time:          1.10535
Trial Time:          1.10626
Trial Time:          1.10553
Trial Time:          1.10512
Trial Time:          1.10472
Trial Time:          1.10633
Trial Time:          1.10507
Trial Time:          1.10541
Average Time:        1.10630
