Read Time:           0.23413
Build Time:          0.33229
Graph has 124736033 nodes and 1442970 directed edges for degree: 0
Trial Time:          0.29587
Trial Time:          0.29669
Trial Time:          0.29640
Trial Time:          0.29538
Trial Time:          0.29555
Trial Time:          0.29522
Trial Time:          0.29627
Trial Time:          0.29504
Trial Time:          0.29497
Trial Time:          0.29622
Trial Time:          0.29674
Trial Time:          0.29512
Trial Time:          0.29549
Trial Time:          0.29537
Trial Time:          0.29550
Trial Time:          0.29536
Average Time:        0.29570
