Read Time:           0.22967
Build Time:          0.16824
Graph has 124736033 nodes and 1442970 directed edges for degree: 0
Trial Time:          0.38849
Trial Time:          0.39142
Trial Time:          0.39119
Trial Time:          0.39484
Trial Time:          0.39200
Trial Time:          0.39063
Trial Time:          0.39094
Trial Time:          0.39445
Trial Time:          0.39050
Trial Time:          0.38771
Trial Time:          0.38678
Trial Time:          0.38586
Trial Time:          0.38818
Trial Time:          0.38789
Trial Time:          0.39026
Trial Time:          0.38485
Average Time:        0.38975
