Read Time:           0.23087
Build Time:          0.16889
Graph has 124736033 nodes and 1442970 directed edges for degree: 0
Trial Time:          0.38759
Trial Time:          0.39223
Trial Time:          0.39236
Trial Time:          0.39609
Trial Time:          0.38910
Trial Time:          0.38971
Trial Time:          0.38920
Trial Time:          0.39162
Trial Time:          0.39082
Trial Time:          0.39408
Trial Time:          0.38781
Trial Time:          0.38625
Trial Time:          0.39111
Trial Time:          0.39127
Trial Time:          0.39431
Trial Time:          0.38710
Average Time:        0.39067
