Read Time:           0.09840
Build Time:          0.02162
Graph has 4036179 nodes and 530872 directed edges for degree: 0
Trial Time:          0.01360
Trial Time:          0.01310
Trial Time:          0.01306
Trial Time:          0.01307
Trial Time:          0.01312
Trial Time:          0.01304
Trial Time:          0.01302
Trial Time:          0.01304
Trial Time:          0.01313
Trial Time:          0.01304
Trial Time:          0.01298
Trial Time:          0.01298
Trial Time:          0.01302
Trial Time:          0.01300
Trial Time:          0.01300
Trial Time:          0.01301
Average Time:        0.01307
