Read Time:           0.22746
Build Time:          0.59034
Graph has 124736033 nodes and 1442970 directed edges for degree: 0
Trial Time:          0.60946
Trial Time:          0.55721
Trial Time:          0.56539
Trial Time:          0.55037
Trial Time:          0.57778
Trial Time:          0.58924
Trial Time:          0.58672
Trial Time:          0.47092
Trial Time:          0.51251
Trial Time:          0.56460
Trial Time:          0.55198
Trial Time:          0.54119
Trial Time:          0.54757
Trial Time:          0.55715
Trial Time:          0.51083
Trial Time:          0.52508
Average Time:        0.55112
