Read Time:           0.91299
Build Time:          0.04423
Graph has 685231 nodes and 7600595 directed edges for degree: 11
Trial Time:          0.04254
Trial Time:          0.04198
Trial Time:          0.04215
Trial Time:          0.04220
Trial Time:          0.04210
Trial Time:          0.04218
Trial Time:          0.04223
Trial Time:          0.04214
Trial Time:          0.04222
Trial Time:          0.04216
Trial Time:          0.04219
Trial Time:          0.04217
Trial Time:          0.04203
Trial Time:          0.04217
Trial Time:          0.04230
Trial Time:          0.04224
Average Time:        0.04219
