Read Time:           0.30149
Build Time:          0.01824
Graph has 281904 nodes and 2312497 directed edges for degree: 8
Trial Time:          0.02956
Trial Time:          0.02900
Trial Time:          0.02872
Trial Time:          0.02881
Trial Time:          0.02872
Trial Time:          0.02869
Trial Time:          0.02895
Trial Time:          0.02816
Trial Time:          0.02801
Trial Time:          0.02883
Trial Time:          0.02912
Trial Time:          0.02932
Trial Time:          0.02892
Trial Time:          0.02883
Trial Time:          0.02889
Trial Time:          0.02881
Average Time:        0.02883
