Read Time:           0.94593
Build Time:          0.03509
Graph has 685231 nodes and 7600595 directed edges for degree: 11
Trial Time:          0.02947
Trial Time:          0.02901
Trial Time:          0.02902
Trial Time:          0.02911
Trial Time:          0.02911
Trial Time:          0.02895
Trial Time:          0.02913
Trial Time:          0.02921
Trial Time:          0.02900
Trial Time:          0.02924
Trial Time:          0.02904
Trial Time:          0.02896
Trial Time:          0.02905
Trial Time:          0.02904
Trial Time:          0.02899
Trial Time:          0.02893
Average Time:        0.02908
