Read Time:           0.23160
Build Time:          0.85804
Graph has 124736033 nodes and 1442970 directed edges for degree: 0
Trial Time:          0.63027
Trial Time:          0.62938
Trial Time:          0.62911
Trial Time:          0.62898
Trial Time:          0.62878
Trial Time:          0.62842
Trial Time:          0.62903
Trial Time:          0.62829
Trial Time:          0.63049
Trial Time:          0.62949
Trial Time:          0.62870
Trial Time:          0.62841
Trial Time:          0.62888
Trial Time:          0.62727
Trial Time:          0.62890
Trial Time:          0.62836
Average Time:        0.62892
