Read Time:           0.90302
Build Time:          0.04241
Graph has 685231 nodes and 7600595 directed edges for degree: 11
Trial Time:          0.05009
Trial Time:          0.04555
Trial Time:          0.04553
Trial Time:          0.04567
Trial Time:          0.04542
Trial Time:          0.04552
Trial Time:          0.04569
Trial Time:          0.04554
Trial Time:          0.04554
Trial Time:          0.04565
Trial Time:          0.04572
Trial Time:          0.04594
Trial Time:          0.04542
Trial Time:          0.04539
Trial Time:          0.04551
Trial Time:          0.04533
Average Time:        0.04584
