Read Time:           0.90871
Build Time:          0.03420
Graph has 685231 nodes and 7600595 directed edges for degree: 11
Trial Time:          0.03018
Trial Time:          0.03603
Trial Time:          0.02953
Trial Time:          0.02955
Trial Time:          0.02945
Trial Time:          0.02963
Trial Time:          0.02947
Trial Time:          0.02945
Trial Time:          0.02953
Trial Time:          0.02950
Trial Time:          0.02940
Trial Time:          0.02937
Trial Time:          0.02940
Trial Time:          0.02940
Trial Time:          0.02930
Trial Time:          0.02946
Average Time:        0.02992
