Read Time:           0.63548
Build Time:          0.03301
Graph has 916428 nodes and 5105039 directed edges for degree: 5
Trial Time:          0.03870
Trial Time:          0.03784
Trial Time:          0.03815
Trial Time:          0.03827
Trial Time:          0.03819
Trial Time:          0.03899
Trial Time:          0.03836
Trial Time:          0.03811
Trial Time:          0.03846
Trial Time:          0.03765
Trial Time:          0.03826
Trial Time:          0.03806
Trial Time:          0.03852
Trial Time:          0.03794
Trial Time:          0.03764
Trial Time:          0.03838
Average Time:        0.03822
