Read Time:           0.22963
Build Time:          0.16021
Graph has 124736033 nodes and 1442970 directed edges for degree: 0
Trial Time:          0.39459
Trial Time:          0.41724
Trial Time:          0.41781
Trial Time:          0.40894
Trial Time:          0.40354
Trial Time:          0.39265
Trial Time:          0.39109
Trial Time:          0.39092
Trial Time:          0.39025
Trial Time:          0.39126
Trial Time:          0.39207
Trial Time:          0.39196
Trial Time:          0.39057
Trial Time:          0.39043
Trial Time:          0.39158
Trial Time:          0.39027
Average Time:        0.39657
