Read Time:           2.01020
Build Time:          0.93607
Graph has 2599558 nodes and 8861320 directed edges for degree: 3
Trial Time:          0.10578
Trial Time:          0.09999
Trial Time:          0.11088
Trial Time:          0.10820
Trial Time:          0.08602
Trial Time:          0.07897
Trial Time:          0.09473
Trial Time:          0.09230
Trial Time:          0.07258
Trial Time:          0.07192
Trial Time:          0.07218
Trial Time:          0.07145
Trial Time:          0.07067
Trial Time:          0.07163
Trial Time:          0.07014
Trial Time:          0.07082
Average Time:        0.08427
