Read Time:           0.28799
Build Time:          0.07554
Graph has 281904 nodes and 2312497 directed edges for degree: 8
Trial Time:          0.07445
Trial Time:          0.06939
Trial Time:          0.06944
Trial Time:          0.06978
Trial Time:          0.06915
Trial Time:          0.06916
Trial Time:          0.06774
Trial Time:          0.06569
Trial Time:          0.06622
Trial Time:          0.06689
Trial Time:          0.06496
Trial Time:          0.06203
Trial Time:          0.06219
Trial Time:          0.06219
Trial Time:          0.06227
Trial Time:          0.06195
Average Time:        0.06647
