Read Time:           0.29700
Build Time:          0.02139
Graph has 281904 nodes and 2312497 directed edges for degree: 8
Trial Time:          0.02584
Trial Time:          0.02566
Trial Time:          0.02569
Trial Time:          0.02578
Trial Time:          0.02571
Trial Time:          0.02570
Trial Time:          0.02566
Trial Time:          0.02566
Trial Time:          0.02492
Trial Time:          0.02565
Trial Time:          0.02568
Trial Time:          0.02489
Trial Time:          0.02572
Trial Time:          0.02584
Trial Time:          0.02568
Trial Time:          0.02574
Average Time:        0.02561
