Read Time:           0.23001
Build Time:          0.17816
Graph has 124736033 nodes and 1442970 directed edges for degree: 0
Trial Time:          0.39463
Trial Time:          0.41379
Trial Time:          0.41393
Trial Time:          0.42095
Trial Time:          0.39179
Trial Time:          0.39380
Trial Time:          0.39214
Trial Time:          0.39528
Trial Time:          0.39520
Trial Time:          0.39474
Trial Time:          0.39367
Trial Time:          0.39292
Trial Time:          0.39520
Trial Time:          0.39693
Trial Time:          0.39679
Trial Time:          0.39440
Average Time:        0.39851
