Read Time:           0.62475
Build Time:          0.03380
Graph has 916428 nodes and 5105039 directed edges for degree: 5
Trial Time:          0.03547
Trial Time:          0.03300
Trial Time:          0.03309
Trial Time:          0.03307
Trial Time:          0.03305
Trial Time:          0.03289
Trial Time:          0.03326
Trial Time:          0.03297
Trial Time:          0.03191
Trial Time:          0.03274
Trial Time:          0.03818
Trial Time:          0.03319
Trial Time:          0.03180
Trial Time:          0.03188
Trial Time:          0.03192
Trial Time:          0.03281
Average Time:        0.03320
