Read Time:           0.29000
Build Time:          0.01892
Graph has 281904 nodes and 2312497 directed edges for degree: 8
Trial Time:          0.02395
Trial Time:          0.02057
Trial Time:          0.02073
Trial Time:          0.02058
Trial Time:          0.02063
Trial Time:          0.02083
Trial Time:          0.02059
Trial Time:          0.01984
Trial Time:          0.02053
Trial Time:          0.02063
Trial Time:          0.02048
Trial Time:          0.02058
Trial Time:          0.02078
Trial Time:          0.02059
Trial Time:          0.02057
Trial Time:          0.02069
Average Time:        0.02079
