Read Time:           0.22692
Build Time:          0.26475
Graph has 124736033 nodes and 1442970 directed edges for degree: 0
Trial Time:          0.25369
Trial Time:          0.25455
Trial Time:          0.25399
Trial Time:          0.25460
Trial Time:          0.25436
Trial Time:          0.25671
Trial Time:          0.25421
Trial Time:          0.25520
Trial Time:          0.25545
Trial Time:          0.25472
Trial Time:          0.25396
Trial Time:          0.25491
Trial Time:          0.25480
Trial Time:          0.25596
Trial Time:          0.25405
Trial Time:          0.25543
Average Time:        0.25479
