Read Time:           0.63653
Build Time:          0.03276
Graph has 916428 nodes and 5105039 directed edges for degree: 5
Trial Time:          0.03884
Trial Time:          0.03836
Trial Time:          0.03813
Trial Time:          0.03827
Trial Time:          0.03809
Trial Time:          0.03862
Trial Time:          0.03790
Trial Time:          0.03852
Trial Time:          0.03892
Trial Time:          0.03889
Trial Time:          0.03841
Trial Time:          0.03846
Trial Time:          0.03864
Trial Time:          0.03839
Trial Time:          0.03795
Trial Time:          0.03875
Average Time:        0.03845
