Read Time:           1.93770
Build Time:          0.18535
Graph has 2599558 nodes and 8861320 directed edges for degree: 3
Trial Time:          0.02903
Trial Time:          0.02821
Trial Time:          0.02845
Trial Time:          0.02898
Trial Time:          0.02889
Trial Time:          0.02882
Trial Time:          0.02865
Trial Time:          0.02808
Trial Time:          0.02746
Trial Time:          0.02827
Trial Time:          0.02765
Trial Time:          0.02774
Trial Time:          0.02834
Trial Time:          0.02747
Trial Time:          0.02706
Trial Time:          0.02700
Average Time:        0.02813
