Read Time:           0.62387
Build Time:          0.07036
Graph has 916428 nodes and 5105039 directed edges for degree: 5
Trial Time:          0.06296
Trial Time:          0.05902
Trial Time:          0.05908
Trial Time:          0.05919
Trial Time:          0.06619
Trial Time:          0.06407
Trial Time:          0.06339
Trial Time:          0.06315
Trial Time:          0.06302
Trial Time:          0.06301
Trial Time:          0.06307
Trial Time:          0.06263
Trial Time:          0.06219
Trial Time:          0.06252
Trial Time:          0.06272
Trial Time:          0.06208
Average Time:        0.06239
