Read Time:           1.95801
Build Time:          0.11130
Graph has 2599558 nodes and 8861320 directed edges for degree: 3
Trial Time:          0.01929
Trial Time:          0.01774
Trial Time:          0.01755
Trial Time:          0.01777
Trial Time:          0.01794
Trial Time:          0.01780
Trial Time:          0.01755
Trial Time:          0.01787
Trial Time:          0.01810
Trial Time:          0.01816
Trial Time:          0.01806
Trial Time:          0.01770
Trial Time:          0.01784
Trial Time:          0.01760
Trial Time:          0.01816
Trial Time:          0.01791
Average Time:        0.01794
