Read Time:           0.62239
Build Time:          0.04516
Graph has 916428 nodes and 5105039 directed edges for degree: 5
Trial Time:          0.04779
Trial Time:          0.04369
Trial Time:          0.04364
Trial Time:          0.04372
Trial Time:          0.04364
Trial Time:          0.04349
Trial Time:          0.04350
Trial Time:          0.04735
Trial Time:          0.04350
Trial Time:          0.04359
Trial Time:          0.04360
Trial Time:          0.04352
Trial Time:          0.04328
Trial Time:          0.04347
Trial Time:          0.04325
Trial Time:          0.04350
Average Time:        0.04403
