Read Time:           0.18969
Build Time:          0.01196
Graph has 325729 nodes and 1469679 directed edges for degree: 4
Trial Time:          0.01702
Trial Time:          0.01692
Trial Time:          0.01679
Trial Time:          0.01690
Trial Time:          0.01682
Trial Time:          0.01682
Trial Time:          0.01684
Trial Time:          0.01679
Trial Time:          0.01684
Trial Time:          0.01684
Trial Time:          0.01676
Trial Time:          0.01680
Trial Time:          0.01675
Trial Time:          0.01699
Trial Time:          0.01684
Trial Time:          0.01697
Average Time:        0.01686
