Read Time:           0.29059
Build Time:          0.07648
Graph has 281904 nodes and 2312497 directed edges for degree: 8
Trial Time:          0.07221
Trial Time:          0.06962
Trial Time:          0.06924
Trial Time:          0.06900
Trial Time:          0.06932
Trial Time:          0.06942
Trial Time:          0.06878
Trial Time:          0.06927
Trial Time:          0.07331
Trial Time:          0.06945
Trial Time:          0.06935
Trial Time:          0.06873
Trial Time:          0.06915
Trial Time:          0.06773
Trial Time:          0.06716
Trial Time:          0.06659
Average Time:        0.06927
