Read Time:           1.93886
Build Time:          0.36818
Graph has 2599558 nodes and 8861320 directed edges for degree: 3
Trial Time:          0.04997
Trial Time:          0.05127
Trial Time:          0.05118
Trial Time:          0.05120
Trial Time:          0.05086
Trial Time:          0.04277
Trial Time:          0.04079
Trial Time:          0.04035
Trial Time:          0.04012
Trial Time:          0.03969
Trial Time:          0.04058
Trial Time:          0.04031
Trial Time:          0.04068
Trial Time:          0.04089
Trial Time:          0.04051
Trial Time:          0.04034
Average Time:        0.04384
