Read Time:           0.09548
Build Time:          0.02639
Graph has 4036179 nodes and 530872 directed edges for degree: 0
Trial Time:          0.01663
Trial Time:          0.01625
Trial Time:          0.01623
Trial Time:          0.01626
Trial Time:          0.01627
Trial Time:          0.01637
Trial Time:          0.01622
Trial Time:          0.01626
Trial Time:          0.01622
Trial Time:          0.01624
Trial Time:          0.01622
Trial Time:          0.01620
Trial Time:          0.01618
Trial Time:          0.01627
Trial Time:          0.01636
Trial Time:          0.01623
Average Time:        0.01627
