Read Time:           0.29812
Build Time:          0.01718
Graph has 281904 nodes and 2312497 directed edges for degree: 8
Trial Time:          0.02521
Trial Time:          0.02510
Trial Time:          0.02502
Trial Time:          0.02510
Trial Time:          0.02489
Trial Time:          0.02430
Trial Time:          0.02493
Trial Time:          0.02519
Trial Time:          0.02505
Trial Time:          0.02495
Trial Time:          0.02488
Trial Time:          0.02496
Trial Time:          0.02521
Trial Time:          0.02503
Trial Time:          0.02513
Trial Time:          0.02513
Average Time:        0.02500
