Read Time:           0.18454
Build Time:          0.04481
Graph has 325729 nodes and 1469679 directed edges for degree: 4
Trial Time:          0.06260
Trial Time:          0.06262
Trial Time:          0.06252
Trial Time:          0.06270
Trial Time:          0.06331
Trial Time:          0.06254
Trial Time:          0.06257
Trial Time:          0.06254
Trial Time:          0.06234
Trial Time:          0.06254
Trial Time:          0.06253
Trial Time:          0.06255
Trial Time:          0.06246
Trial Time:          0.06256
Trial Time:          0.06250
Trial Time:          0.06252
Average Time:        0.06259
