Read Time:           0.90689
Build Time:          0.03422
Graph has 685231 nodes and 7600595 directed edges for degree: 11
Trial Time:          0.03018
Trial Time:          0.03505
Trial Time:          0.02945
Trial Time:          0.02951
Trial Time:          0.02943
Trial Time:          0.02946
Trial Time:          0.02934
Trial Time:          0.02934
Trial Time:          0.02955
Trial Time:          0.02951
Trial Time:          0.02940
Trial Time:          0.02949
Trial Time:          0.02932
Trial Time:          0.02934
Trial Time:          0.02937
Trial Time:          0.02936
Average Time:        0.02982
