Read Time:           0.30126
Build Time:          0.10318
Graph has 281904 nodes and 2312497 directed edges for degree: 8
Trial Time:          0.17785
Trial Time:          0.17752
Trial Time:          0.17744
Trial Time:          0.17741
Trial Time:          0.17768
Trial Time:          0.17747
Trial Time:          0.17744
Trial Time:          0.17743
Trial Time:          0.17758
Trial Time:          0.17731
Trial Time:          0.17745
Trial Time:          0.17741
Trial Time:          0.17730
Trial Time:          0.17733
Trial Time:          0.17740
Trial Time:          0.17752
Average Time:        0.17747
