Read Time:           1.96781
Build Time:          1.58419
Graph has 2599558 nodes and 8861320 directed edges for degree: 3
Trial Time:          0.08302
Trial Time:          0.08175
Trial Time:          0.08146
Trial Time:          0.08134
Trial Time:          0.08127
Trial Time:          0.08130
Trial Time:          0.08137
Trial Time:          0.08130
Trial Time:          0.08131
Trial Time:          0.08116
Trial Time:          0.08131
Trial Time:          0.08119
Trial Time:          0.08155
Trial Time:          0.08139
Trial Time:          0.08132
Trial Time:          0.08116
Average Time:        0.08145
