Read Time:           0.19263
Build Time:          0.00864
Graph has 325729 nodes and 1469679 directed edges for degree: 4
Trial Time:          0.01402
Trial Time:          0.01391
Trial Time:          0.01390
Trial Time:          0.01394
Trial Time:          0.01391
Trial Time:          0.01395
Trial Time:          0.01394
Trial Time:          0.01392
Trial Time:          0.01388
Trial Time:          0.01397
Trial Time:          0.01390
Trial Time:          0.01395
Trial Time:          0.01393
Trial Time:          0.01393
Trial Time:          0.01388
Trial Time:          0.01389
Average Time:        0.01393
