Read Time:           1.94144
Build Time:          0.12992
Graph has 2599558 nodes and 8861320 directed edges for degree: 3
Trial Time:          0.02271
Trial Time:          0.02466
Trial Time:          0.02502
Trial Time:          0.02484
Trial Time:          0.02466
Trial Time:          0.02507
Trial Time:          0.02503
Trial Time:          0.02512
Trial Time:          0.02478
Trial Time:          0.02445
Trial Time:          0.02458
Trial Time:          0.02436
Trial Time:          0.02515
Trial Time:          0.02494
Trial Time:          0.02463
Trial Time:          0.02508
Average Time:        0.02469
