Read Time:           0.09026
Build Time:          0.01813
Graph has 4036179 nodes and 530872 directed edges for degree: 0
Trial Time:          0.01468
Trial Time:          0.01421
Trial Time:          0.01419
Trial Time:          0.01420
Trial Time:          0.01416
Trial Time:          0.01417
Trial Time:          0.01409
Trial Time:          0.01403
Trial Time:          0.01402
Trial Time:          0.01389
Trial Time:          0.01388
Trial Time:          0.01389
Trial Time:          0.01392
Trial Time:          0.01392
Trial Time:          0.01387
Trial Time:          0.01392
Average Time:        0.01406
