Read Time:           0.28888
Build Time:          0.10301
Graph has 281904 nodes and 2312497 directed edges for degree: 8
Trial Time:          0.17757
Trial Time:          0.17774
Trial Time:          0.17741
Trial Time:          0.17768
Trial Time:          0.17749
Trial Time:          0.17745
Trial Time:          0.17764
Trial Time:          0.17774
Trial Time:          0.17778
Trial Time:          0.17750
Trial Time:          0.17748
Trial Time:          0.17744
Trial Time:          0.17752
Trial Time:          0.17782
Trial Time:          0.17746
Trial Time:          0.17750
Average Time:        0.17758
