Read Time:           0.18178
Build Time:          0.04511
Graph has 325729 nodes and 1469679 directed edges for degree: 4
Trial Time:          0.06240
Trial Time:          0.06248
Trial Time:          0.06258
Trial Time:          0.06264
Trial Time:          0.06266
Trial Time:          0.06235
Trial Time:          0.06244
Trial Time:          0.06263
Trial Time:          0.06264
Trial Time:          0.06263
Trial Time:          0.06269
Trial Time:          0.06276
Trial Time:          0.06248
Trial Time:          0.06263
Trial Time:          0.06277
Trial Time:          0.06321
Average Time:        0.06262
