Read Time:           0.62699
Build Time:          0.04145
Graph has 916428 nodes and 5105039 directed edges for degree: 5
Trial Time:          0.03805
Trial Time:          0.03497
Trial Time:          0.03443
Trial Time:          0.03340
Trial Time:          0.03396
Trial Time:          0.03351
Trial Time:          0.03334
Trial Time:          0.03349
Trial Time:          0.03343
Trial Time:          0.03986
Trial Time:          0.03398
Trial Time:          0.03312
Trial Time:          0.03307
Trial Time:          0.03326
Trial Time:          0.03322
Trial Time:          0.03305
Average Time:        0.03426
