Read Time:           0.18586
Build Time:          0.00693
Graph has 325729 nodes and 1469679 directed edges for degree: 4
Trial Time:          0.01254
Trial Time:          0.01129
Trial Time:          0.01317
Trial Time:          0.01181
Trial Time:          0.01172
Trial Time:          0.01127
Trial Time:          0.01173
Trial Time:          0.01129
Trial Time:          0.01165
Trial Time:          0.01164
Trial Time:          0.01165
Trial Time:          0.01127
Trial Time:          0.01128
Trial Time:          0.01123
Trial Time:          0.01117
Trial Time:          0.01122
Average Time:        0.01162
