Read Time:           1.95290
Build Time:          0.11555
Graph has 2599558 nodes and 8861320 directed edges for degree: 3
Trial Time:          0.02040
Trial Time:          0.01962
Trial Time:          0.02022
Trial Time:          0.01995
Trial Time:          0.02018
Trial Time:          0.01998
Trial Time:          0.02027
Trial Time:          0.01964
Trial Time:          0.02013
Trial Time:          0.02031
Trial Time:          0.02027
Trial Time:          0.01987
Trial Time:          0.01981
Trial Time:          0.01948
Trial Time:          0.02011
Trial Time:          0.02013
Average Time:        0.02002
