Read Time:           0.19865
Build Time:          0.00884
Graph has 325729 nodes and 1469679 directed edges for degree: 4
Trial Time:          0.01488
Trial Time:          0.01467
Trial Time:          0.01462
Trial Time:          0.01466
Trial Time:          0.01487
Trial Time:          0.01454
Trial Time:          0.01466
Trial Time:          0.01463
Trial Time:          0.01467
Trial Time:          0.01471
Trial Time:          0.01466
Trial Time:          0.01475
Trial Time:          0.01461
Trial Time:          0.01470
Trial Time:          0.01460
Trial Time:          0.01467
Average Time:        0.01468
