Read Time:           0.29659
Build Time:          0.02237
Graph has 281904 nodes and 2312497 directed edges for degree: 8
Trial Time:          0.02577
Trial Time:          0.02564
Trial Time:          0.02505
Trial Time:          0.02564
Trial Time:          0.02563
Trial Time:          0.02572
Trial Time:          0.02569
Trial Time:          0.02567
Trial Time:          0.02489
Trial Time:          0.02500
Trial Time:          0.02554
Trial Time:          0.02573
Trial Time:          0.02491
Trial Time:          0.02562
Trial Time:          0.02562
Trial Time:          0.02496
Average Time:        0.02544
