Read Time:           0.28705
Build Time:          0.07661
Graph has 281904 nodes and 2312497 directed edges for degree: 8
Trial Time:          0.07275
Trial Time:          0.06652
Trial Time:          0.06632
Trial Time:          0.06606
Trial Time:          0.06642
Trial Time:          0.06610
Trial Time:          0.06620
Trial Time:          0.06336
Trial Time:          0.06274
Trial Time:          0.06720
Trial Time:          0.06258
Trial Time:          0.06262
Trial Time:          0.06264
Trial Time:          0.06253
Trial Time:          0.06266
Trial Time:          0.06286
Average Time:        0.06497
