Read Time:           0.91400
Build Time:          0.04181
Graph has 685231 nodes and 7600595 directed edges for degree: 11
Trial Time:          0.03390
Trial Time:          0.03305
Trial Time:          0.03304
Trial Time:          0.03308
Trial Time:          0.03297
Trial Time:          0.03302
Trial Time:          0.03309
Trial Time:          0.03296
Trial Time:          0.03300
Trial Time:          0.03301
Trial Time:          0.03302
Trial Time:          0.03307
Trial Time:          0.03298
Trial Time:          0.03298
Trial Time:          0.03294
Trial Time:          0.03291
Average Time:        0.03306
