Read Time:           1.94702
Build Time:          0.11732
Graph has 2599558 nodes and 8861320 directed edges for degree: 3
Trial Time:          0.02145
Trial Time:          0.01987
Trial Time:          0.01986
Trial Time:          0.01998
Trial Time:          0.02043
Trial Time:          0.02024
Trial Time:          0.01952
Trial Time:          0.02044
Trial Time:          0.01977
Trial Time:          0.01927
Trial Time:          0.01898
Trial Time:          0.01882
Trial Time:          0.01914
Trial Time:          0.01797
Trial Time:          0.01868
Trial Time:          0.01933
Average Time:        0.01961
