Read Time:           0.22423
Build Time:          2.05156
Graph has 124736033 nodes and 1442970 directed edges for degree: 0
Trial Time:          1.11196
Trial Time:          1.10735
Trial Time:          1.10637
Trial Time:          1.10699
Trial Time:          1.10609
Trial Time:          1.10622
Trial Time:          1.10679
Trial Time:          1.10482
Trial Time:          1.10605
Trial Time:          1.10465
Trial Time:          1.10697
Trial Time:          1.10461
Trial Time:          1.10441
Trial Time:          1.10467
Trial Time:          1.10547
Trial Time:          1.10448
Average Time:        1.10612
