Read Time:           1.90914
Build Time:          0.22765
Graph has 2599558 nodes and 8861320 directed edges for degree: 3
Trial Time:          0.04297
Trial Time:          0.04029
Trial Time:          0.04017
Trial Time:          0.04039
Trial Time:          0.04026
Trial Time:          0.03982
Trial Time:          0.03846
Trial Time:          0.03873
Trial Time:          0.03832
Trial Time:          0.03848
Trial Time:          0.03847
Trial Time:          0.03830
Trial Time:          0.03857
Trial Time:          0.03880
Trial Time:          0.03865
Trial Time:          0.03867
Average Time:        0.03933
