Read Time:           0.10187
Build Time:          0.02603
Graph has 4036179 nodes and 530872 directed edges for degree: 0
Trial Time:          0.01101
Trial Time:          0.00852
Trial Time:          0.00844
Trial Time:          0.00857
Trial Time:          0.00849
Trial Time:          0.00863
Trial Time:          0.00849
Trial Time:          0.00844
Trial Time:          0.00847
Trial Time:          0.00847
Trial Time:          0.00863
Trial Time:          0.00837
Trial Time:          0.00859
Trial Time:          0.00857
Trial Time:          0.00826
Trial Time:          0.00839
Average Time:        0.00865
