Read Time:           0.90453
Build Time:          0.03932
Graph has 685231 nodes and 7600595 directed edges for degree: 11
Trial Time:          0.02988
Trial Time:          0.03395
Trial Time:          0.02927
Trial Time:          0.02930
Trial Time:          0.02925
Trial Time:          0.02922
Trial Time:          0.02924
Trial Time:          0.02913
Trial Time:          0.02922
Trial Time:          0.02915
Trial Time:          0.02916
Trial Time:          0.02907
Trial Time:          0.02922
Trial Time:          0.02913
Trial Time:          0.02914
Trial Time:          0.02923
Average Time:        0.02954
