Read Time:           0.89489
Build Time:          0.07303
Graph has 685231 nodes and 7600595 directed edges for degree: 11
Trial Time:          0.09393
Trial Time:          0.09334
Trial Time:          0.09336
Trial Time:          0.09352
Trial Time:          0.09168
Trial Time:          0.09032
Trial Time:          0.09022
Trial Time:          0.09024
Trial Time:          0.09057
Trial Time:          0.09034
Trial Time:          0.09063
Trial Time:          0.09021
Trial Time:          0.09032
Trial Time:          0.09032
Trial Time:          0.09035
Trial Time:          0.09029
Average Time:        0.09123
