Read Time:           1.95351
Build Time:          0.27965
Graph has 2599558 nodes and 8861320 directed edges for degree: 3
Trial Time:          0.04332
Trial Time:          0.04308
Trial Time:          0.04285
Trial Time:          0.04290
Trial Time:          0.04300
Trial Time:          0.04292
Trial Time:          0.04287
Trial Time:          0.04297
Trial Time:          0.04295
Trial Time:          0.04306
Trial Time:          0.04299
Trial Time:          0.04293
Trial Time:          0.04298
Trial Time:          0.04290
Trial Time:          0.04294
Trial Time:          0.04277
Average Time:        0.04296
