Read Time:           0.62739
Build Time:          0.16884
Graph has 916428 nodes and 5105039 directed edges for degree: 5
Trial Time:          0.17484
Trial Time:          0.16703
Trial Time:          0.16093
Trial Time:          0.15686
Trial Time:          0.15695
Trial Time:          0.15752
Trial Time:          0.15751
Trial Time:          0.15612
Trial Time:          0.15367
Trial Time:          0.15228
Trial Time:          0.15189
Trial Time:          0.15189
Trial Time:          0.15202
Trial Time:          0.15268
Trial Time:          0.15250
Trial Time:          0.15194
Average Time:        0.15666
