Read Time:           0.28678
Build Time:          0.04411
Graph has 281904 nodes and 2312497 directed edges for degree: 8
Trial Time:          0.05642
Trial Time:          0.05472
Trial Time:          0.05499
Trial Time:          0.05489
Trial Time:          0.05513
Trial Time:          0.05505
Trial Time:          0.05470
Trial Time:          0.05501
Trial Time:          0.05515
Trial Time:          0.05503
Trial Time:          0.05482
Trial Time:          0.05540
Trial Time:          0.05498
Trial Time:          0.05485
Trial Time:          0.05563
Trial Time:          0.05541
Average Time:        0.05514
