Read Time:           0.62229
Build Time:          0.16847
Graph has 916428 nodes and 5105039 directed edges for degree: 5
Trial Time:          0.17549
Trial Time:          0.16869
Trial Time:          0.16172
Trial Time:          0.16200
Trial Time:          0.16085
Trial Time:          0.15754
Trial Time:          0.15258
Trial Time:          0.15253
Trial Time:          0.15264
Trial Time:          0.15254
Trial Time:          0.15244
Trial Time:          0.15265
Trial Time:          0.15244
Trial Time:          0.15389
Trial Time:          0.15264
Trial Time:          0.15265
Average Time:        0.15708
