Read Time:           0.09198
Build Time:          0.01923
Graph has 4036179 nodes and 530872 directed edges for degree: 0
Trial Time:          0.00919
Trial Time:          0.00793
Trial Time:          0.00772
Trial Time:          0.00786
Trial Time:          0.00764
Trial Time:          0.00758
Trial Time:          0.00775
Trial Time:          0.00772
Trial Time:          0.00768
Trial Time:          0.00765
Trial Time:          0.00763
Trial Time:          0.00754
Trial Time:          0.00769
Trial Time:          0.00760
Trial Time:          0.00769
Trial Time:          0.00763
Average Time:        0.00778
