Read Time:           0.08699
Build Time:          0.03769
Graph has 4036179 nodes and 530872 directed edges for degree: 0
Trial Time:          0.03431
Trial Time:          0.03428
Trial Time:          0.03434
Trial Time:          0.03415
Trial Time:          0.03427
Trial Time:          0.03418
Trial Time:          0.03423
Trial Time:          0.03420
Trial Time:          0.03421
Trial Time:          0.02987
Trial Time:          0.03222
Trial Time:          0.03223
Trial Time:          0.03047
Trial Time:          0.02915
Trial Time:          0.02913
Trial Time:          0.02897
Average Time:        0.03251
