Read Time:           0.23176
Build Time:          0.15500
Graph has 124736033 nodes and 1442970 directed edges for degree: 0
Trial Time:          0.38437
Trial Time:          0.39831
Trial Time:          0.39403
Trial Time:          0.39354
Trial Time:          0.39677
Trial Time:          0.38530
Trial Time:          0.38707
Trial Time:          0.38430
Trial Time:          0.38480
Trial Time:          0.39679
Trial Time:          0.38502
Trial Time:          0.38561
Trial Time:          0.39696
Trial Time:          0.38480
Trial Time:          0.38829
Trial Time:          0.38610
Average Time:        0.38950
