Read Time:           0.90065
Build Time:          0.04216
Graph has 685231 nodes and 7600595 directed edges for degree: 11
Trial Time:          0.05032
Trial Time:          0.04544
Trial Time:          0.04547
Trial Time:          0.04526
Trial Time:          0.04531
Trial Time:          0.04518
Trial Time:          0.04508
Trial Time:          0.04533
Trial Time:          0.04458
Trial Time:          0.04465
Trial Time:          0.04470
Trial Time:          0.04473
Trial Time:          0.04462
Trial Time:          0.04472
Trial Time:          0.04474
Trial Time:          0.04452
Average Time:        0.04529
