Read Time:           0.62564
Build Time:          0.04514
Graph has 916428 nodes and 5105039 directed edges for degree: 5
Trial Time:          0.04782
Trial Time:          0.04361
Trial Time:          0.04327
Trial Time:          0.04314
Trial Time:          0.04307
Trial Time:          0.04350
Trial Time:          0.04316
Trial Time:          0.04733
Trial Time:          0.04261
Trial Time:          0.04216
Trial Time:          0.04219
Trial Time:          0.04209
Trial Time:          0.04235
Trial Time:          0.04212
Trial Time:          0.04170
Trial Time:          0.04101
Average Time:        0.04320
