Read Time:           0.61940
Build Time:          0.09814
Graph has 916428 nodes and 5105039 directed edges for degree: 5
Trial Time:          0.15415
Trial Time:          0.13031
Trial Time:          0.12942
Trial Time:          0.12956
Trial Time:          0.12979
Trial Time:          0.12963
Trial Time:          0.13008
Trial Time:          0.12951
Trial Time:          0.12943
Trial Time:          0.12950
Trial Time:          0.12960
Trial Time:          0.12949
Trial Time:          0.12964
Trial Time:          0.12949
Trial Time:          0.12951
Trial Time:          0.12944
Average Time:        0.13116
