Read Time:           0.28852
Build Time:          0.01723
Graph has 281904 nodes and 2312497 directed edges for degree: 8
Trial Time:          0.02388
Trial Time:          0.02061
Trial Time:          0.02079
Trial Time:          0.02070
Trial Time:          0.02083
Trial Time:          0.02057
Trial Time:          0.02001
Trial Time:          0.02009
Trial Time:          0.02082
Trial Time:          0.02024
Trial Time:          0.02058
Trial Time:          0.02075
Trial Time:          0.02057
Trial Time:          0.02083
Trial Time:          0.02065
Trial Time:          0.02092
Average Time:        0.02080
