Read Time:           0.22430
Build Time:          2.05850
Graph has 124736033 nodes and 1442970 directed edges for degree: 0
Trial Time:          1.11188
Trial Time:          1.10950
Trial Time:          1.10687
Trial Time:          1.10897
Trial Time:          1.10643
Trial Time:          1.10743
Trial Time:          1.10716
Trial Time:          1.10658
Trial Time:          1.10557
Trial Time:          1.10693
Trial Time:          1.10616
Trial Time:          1.10720
Trial Time:          1.10627
Trial Time:          1.10576
Trial Time:          1.10660
Trial Time:          1.10716
Average Time:        1.10728
