Read Time:           1.95536
Build Time:          0.11799
Graph has 2599558 nodes and 8861320 directed edges for degree: 3
Trial Time:          0.01992
Trial Time:          0.01845
Trial Time:          0.01824
Trial Time:          0.01813
Trial Time:          0.01868
Trial Time:          0.01866
Trial Time:          0.01795
Trial Time:          0.01829
Trial Time:          0.01812
Trial Time:          0.01811
Trial Time:          0.01802
Trial Time:          0.01824
Trial Time:          0.01788
Trial Time:          0.01846
Trial Time:          0.01837
Trial Time:          0.01832
Average Time:        0.01836
