Read Time:           0.61660
Build Time:          0.03293
Graph has 916428 nodes and 5105039 directed edges for degree: 5
Trial Time:          0.04136
Trial Time:          0.03846
Trial Time:          0.03901
Trial Time:          0.03862
Trial Time:          0.03773
Trial Time:          0.03830
Trial Time:          0.03868
Trial Time:          0.03792
Trial Time:          0.03830
Trial Time:          0.03840
Trial Time:          0.03943
Trial Time:          0.03817
Trial Time:          0.03766
Trial Time:          0.03848
Trial Time:          0.03737
Trial Time:          0.03715
Average Time:        0.03844
