Read Time:           0.22527
Build Time:          0.22117
Graph has 124736033 nodes and 1442970 directed edges for degree: 0
Trial Time:          0.30380
Trial Time:          0.41532
Trial Time:          0.30972
Trial Time:          0.39333
Trial Time:          0.30939
Trial Time:          0.31818
Trial Time:          0.35606
Trial Time:          0.30905
Trial Time:          0.30613
Trial Time:          0.30427
Trial Time:          0.30473
Trial Time:          0.30508
Trial Time:          0.39278
Trial Time:          0.30635
Trial Time:          0.39534
Trial Time:          0.30621
Average Time:        0.33348
