Read Time:           0.63158
Build Time:          0.02912
Graph has 916428 nodes and 5105039 directed edges for degree: 5
Trial Time:          0.03398
Trial Time:          0.03141
Trial Time:          0.03140
Trial Time:          0.03149
Trial Time:          0.03125
Trial Time:          0.03113
Trial Time:          0.03102
Trial Time:          0.03124
Trial Time:          0.03109
Trial Time:          0.03114
Trial Time:          0.03711
Trial Time:          0.03079
Trial Time:          0.03101
Trial Time:          0.03107
Trial Time:          0.03098
Trial Time:          0.03122
Average Time:        0.03171
