Read Time:           0.28680
Build Time:          0.02159
Graph has 281904 nodes and 2312497 directed edges for degree: 8
Trial Time:          0.02446
Trial Time:          0.01968
Trial Time:          0.02026
Trial Time:          0.02044
Trial Time:          0.01994
Trial Time:          0.01957
Trial Time:          0.01974
Trial Time:          0.01969
Trial Time:          0.01970
Trial Time:          0.01971
Trial Time:          0.01957
Trial Time:          0.01965
Trial Time:          0.01892
Trial Time:          0.01958
Trial Time:          0.01954
Trial Time:          0.01961
Average Time:        0.02000
