Read Time:           0.62369
Build Time:          0.16792
Graph has 916428 nodes and 5105039 directed edges for degree: 5
Trial Time:          0.17815
Trial Time:          0.16944
Trial Time:          0.15108
Trial Time:          0.14743
Trial Time:          0.14735
Trial Time:          0.14843
Trial Time:          0.15253
Trial Time:          0.14721
Trial Time:          0.14769
Trial Time:          0.14706
Trial Time:          0.14731
Trial Time:          0.14688
Trial Time:          0.14728
Trial Time:          0.14731
Trial Time:          0.14818
Trial Time:          0.14701
Average Time:        0.15127
