Read Time:           0.62919
Build Time:          0.06164
Graph has 916428 nodes and 5105039 directed edges for degree: 5
Trial Time:          0.08294
Trial Time:          0.08234
Trial Time:          0.08249
Trial Time:          0.08251
Trial Time:          0.08281
Trial Time:          0.08170
Trial Time:          0.08213
Trial Time:          0.08176
Trial Time:          0.08216
Trial Time:          0.08136
Trial Time:          0.08242
Trial Time:          0.08173
Trial Time:          0.08129
Trial Time:          0.08210
Trial Time:          0.08200
Trial Time:          0.08206
Average Time:        0.08211
