Read Time:           0.22601
Build Time:          0.22362
Graph has 124736033 nodes and 1442970 directed edges for degree: 0
Trial Time:          0.35539
Trial Time:          0.38135
Trial Time:          0.38406
Trial Time:          0.39149
Trial Time:          0.34509
Trial Time:          0.34035
Trial Time:          0.34103
Trial Time:          0.33793
Trial Time:          0.33897
Trial Time:          0.33518
Trial Time:          0.34024
Trial Time:          0.34141
Trial Time:          0.33886
Trial Time:          0.34156
Trial Time:          0.34238
Trial Time:          0.35954
Average Time:        0.35093
