Read Time:           0.18134
Build Time:          0.00698
Graph has 325729 nodes and 1469679 directed edges for degree: 4
Trial Time:          0.01068
Trial Time:          0.01054
Trial Time:          0.01053
Trial Time:          0.01056
Trial Time:          0.01053
Trial Time:          0.01054
Trial Time:          0.01056
Trial Time:          0.01054
Trial Time:          0.01056
Trial Time:          0.01054
Trial Time:          0.01055
Trial Time:          0.01052
Trial Time:          0.01056
Trial Time:          0.01051
Trial Time:          0.01050
Trial Time:          0.01056
Average Time:        0.01055
