Read Time:           1.94041
Build Time:          0.15603
Graph has 2599558 nodes and 8861320 directed edges for degree: 3
Trial Time:          0.03120
Trial Time:          0.02965
Trial Time:          0.02945
Trial Time:          0.02942
Trial Time:          0.02925
Trial Time:          0.02923
Trial Time:          0.02922
Trial Time:          0.02904
Trial Time:          0.02882
Trial Time:          0.02893
Trial Time:          0.02858
Trial Time:          0.02855
Trial Time:          0.02857
Trial Time:          0.02860
Trial Time:          0.02836
Trial Time:          0.02794
Average Time:        0.02905
