Read Time:           0.62342
Build Time:          0.03176
Graph has 916428 nodes and 5105039 directed edges for degree: 5
Trial Time:          0.03433
Trial Time:          0.03203
Trial Time:          0.03239
Trial Time:          0.03256
Trial Time:          0.03230
Trial Time:          0.03212
Trial Time:          0.03228
Trial Time:          0.03130
Trial Time:          0.03248
Trial Time:          0.03238
Trial Time:          0.04086
Trial Time:          0.03213
Trial Time:          0.03121
Trial Time:          0.03221
Trial Time:          0.03214
Trial Time:          0.03116
Average Time:        0.03274
