Read Time:           0.90988
Build Time:          0.04199
Graph has 685231 nodes and 7600595 directed edges for degree: 11
Trial Time:          0.04152
Trial Time:          0.03669
Trial Time:          0.03665
Trial Time:          0.03657
Trial Time:          0.03630
Trial Time:          0.03646
Trial Time:          0.03648
Trial Time:          0.03632
Trial Time:          0.03641
Trial Time:          0.03639
Trial Time:          0.03635
Trial Time:          0.03625
Trial Time:          0.03633
Trial Time:          0.03658
Trial Time:          0.03641
Trial Time:          0.03652
Average Time:        0.03676
