Read Time:           0.22548
Build Time:          0.59043
Graph has 124736033 nodes and 1442970 directed edges for degree: 0
Trial Time:          0.62808
Trial Time:          0.54769
Trial Time:          0.54757
Trial Time:          0.53185
Trial Time:          0.54919
Trial Time:          0.59623
Trial Time:          0.61611
Trial Time:          0.54276
Trial Time:          0.53930
Trial Time:          0.55030
Trial Time:          0.55246
Trial Time:          0.53976
Trial Time:          0.46852
Trial Time:          0.53876
Trial Time:          0.52917
Trial Time:          0.55386
Average Time:        0.55198
