Read Time:           1.94310
Build Time:          0.21774
Graph has 2599558 nodes and 8861320 directed edges for degree: 3
Trial Time:          0.03019
Trial Time:          0.03492
Trial Time:          0.03467
Trial Time:          0.03399
Trial Time:          0.03359
Trial Time:          0.03381
Trial Time:          0.03405
Trial Time:          0.03334
Trial Time:          0.03325
Trial Time:          0.03349
Trial Time:          0.03402
Trial Time:          0.03282
Trial Time:          0.03366
Trial Time:          0.03298
Trial Time:          0.03306
Trial Time:          0.03342
Average Time:        0.03345
