Read Time:           0.22419
Build Time:          0.55985
Graph has 124736033 nodes and 1442970 directed edges for degree: 0
Trial Time:          0.43164
Trial Time:          0.45115
Trial Time:          0.48173
Trial Time:          0.51977
Trial Time:          0.45465
Trial Time:          0.51834
Trial Time:          0.48871
Trial Time:          0.51857
Trial Time:          0.46020
Trial Time:          0.46835
Trial Time:          0.49531
Trial Time:          0.51779
Trial Time:          0.47336
Trial Time:          0.51693
Trial Time:          0.49721
Trial Time:          0.51713
Average Time:        0.48818
