Read Time:           0.29391
Build Time:          0.01785
Graph has 281904 nodes and 2312497 directed edges for degree: 8
Trial Time:          0.02905
Trial Time:          0.02826
Trial Time:          0.02772
Trial Time:          0.02782
Trial Time:          0.02790
Trial Time:          0.02903
Trial Time:          0.02797
Trial Time:          0.02878
Trial Time:          0.02816
Trial Time:          0.02795
Trial Time:          0.02813
Trial Time:          0.02803
Trial Time:          0.02813
Trial Time:          0.02803
Trial Time:          0.02786
Trial Time:          0.02779
Average Time:        0.02816
