Read Time:           0.62806
Build Time:          0.27034
Graph has 916428 nodes and 5105039 directed edges for degree: 5
Trial Time:          0.44243
Trial Time:          0.43909
Trial Time:          0.43895
Trial Time:          0.43890
Trial Time:          0.43960
Trial Time:          0.43871
Trial Time:          0.43871
Trial Time:          0.43916
Trial Time:          0.43900
Trial Time:          0.43893
Trial Time:          0.43878
Trial Time:          0.43881
Trial Time:          0.43892
Trial Time:          0.43908
Trial Time:          0.43848
Trial Time:          0.43891
Average Time:        0.43915
