Read Time:           0.18647
Build Time:          0.00775
Graph has 325729 nodes and 1469679 directed edges for degree: 4
Trial Time:          0.01236
Trial Time:          0.01175
Trial Time:          0.01133
Trial Time:          0.01170
Trial Time:          0.01135
Trial Time:          0.01174
Trial Time:          0.01177
Trial Time:          0.01136
Trial Time:          0.01167
Trial Time:          0.01138
Trial Time:          0.01176
Trial Time:          0.01128
Trial Time:          0.01174
Trial Time:          0.01135
Trial Time:          0.01130
Trial Time:          0.01130
Average Time:        0.01157
