Read Time:           0.18286
Build Time:          0.01572
Graph has 325729 nodes and 1469679 directed edges for degree: 4
Trial Time:          0.02454
Trial Time:          0.02309
Trial Time:          0.02304
Trial Time:          0.02297
Trial Time:          0.02288
Trial Time:          0.02304
Trial Time:          0.02296
Trial Time:          0.02312
Trial Time:          0.02307
Trial Time:          0.02310
Trial Time:          0.02287
Trial Time:          0.02305
Trial Time:          0.02224
Trial Time:          0.02378
Trial Time:          0.02304
Trial Time:          0.02307
Average Time:        0.02312
