Read Time:           0.19217
Build Time:          0.00870
Graph has 325729 nodes and 1469679 directed edges for degree: 4
Trial Time:          0.01394
Trial Time:          0.01398
Trial Time:          0.01394
Trial Time:          0.01396
Trial Time:          0.01392
Trial Time:          0.01398
Trial Time:          0.01385
Trial Time:          0.01388
Trial Time:          0.01392
Trial Time:          0.01394
Trial Time:          0.01396
Trial Time:          0.01391
Trial Time:          0.01391
Trial Time:          0.01391
Trial Time:          0.01391
Trial Time:          0.01394
Average Time:        0.01393
