Read Time:           0.62052
Build Time:          0.03207
Graph has 916428 nodes and 5105039 directed edges for degree: 5
Trial Time:          0.04138
Trial Time:          0.03695
Trial Time:          0.03808
Trial Time:          0.03876
Trial Time:          0.03852
Trial Time:          0.03751
Trial Time:          0.03888
Trial Time:          0.03958
Trial Time:          0.03906
Trial Time:          0.03834
Trial Time:          0.03772
Trial Time:          0.03884
Trial Time:          0.03826
Trial Time:          0.03819
Trial Time:          0.03890
Trial Time:          0.03882
Average Time:        0.03861
