Read Time:           0.23685
Build Time:          0.29964
Graph has 124736033 nodes and 1442970 directed edges for degree: 0
Trial Time:          0.25934
Trial Time:          0.26038
Trial Time:          0.25987
Trial Time:          0.26047
Trial Time:          0.26194
Trial Time:          0.26167
Trial Time:          0.26090
Trial Time:          0.26104
Trial Time:          0.25965
Trial Time:          0.26044
Trial Time:          0.26130
Trial Time:          0.26109
Trial Time:          0.25979
Trial Time:          0.26306
Trial Time:          0.26171
Trial Time:          0.26109
Average Time:        0.26086
