Read Time:           0.23521
Build Time:          0.29698
Graph has 124736033 nodes and 1442970 directed edges for degree: 0
Trial Time:          0.25948
Trial Time:          0.33109
Trial Time:          0.26219
Trial Time:          0.26059
Trial Time:          0.26005
Trial Time:          0.26002
Trial Time:          0.26029
Trial Time:          0.26037
Trial Time:          0.26077
Trial Time:          0.26047
Trial Time:          0.26057
Trial Time:          0.26005
Trial Time:          0.25989
Trial Time:          0.26059
Trial Time:          0.25967
Trial Time:          0.26014
Average Time:        0.26476
