Read Time:           0.09001
Build Time:          0.02230
Graph has 4036179 nodes and 530872 directed edges for degree: 0
Trial Time:          0.01296
Trial Time:          0.01151
Trial Time:          0.01143
Trial Time:          0.01159
Trial Time:          0.01170
Trial Time:          0.01154
Trial Time:          0.01136
Trial Time:          0.01136
Trial Time:          0.01128
Trial Time:          0.01139
Trial Time:          0.01131
Trial Time:          0.01138
Trial Time:          0.01135
Trial Time:          0.01147
Trial Time:          0.01138
Trial Time:          0.01129
Average Time:        0.01152
