Read Time:           0.09755
Build Time:          0.02216
Graph has 4036179 nodes and 530872 directed edges for degree: 0
Trial Time:          0.01521
Trial Time:          0.01482
Trial Time:          0.01474
Trial Time:          0.01472
Trial Time:          0.01468
Trial Time:          0.01470
Trial Time:          0.01465
Trial Time:          0.01469
Trial Time:          0.01464
Trial Time:          0.01463
Trial Time:          0.01456
Trial Time:          0.01459
Trial Time:          0.01459
Trial Time:          0.01451
Trial Time:          0.01453
Trial Time:          0.01451
Average Time:        0.01467
