Read Time:           0.62635
Build Time:          0.27241
Graph has 916428 nodes and 5105039 directed edges for degree: 5
Trial Time:          0.44394
Trial Time:          0.44000
Trial Time:          0.44107
Trial Time:          0.44009
Trial Time:          0.43928
Trial Time:          0.43996
Trial Time:          0.43976
Trial Time:          0.44518
Trial Time:          0.44915
Trial Time:          0.44956
Trial Time:          0.44998
Trial Time:          0.45086
Trial Time:          0.44967
Trial Time:          0.44930
Trial Time:          0.44948
Trial Time:          0.44943
Average Time:        0.44542
