Read Time:           0.28675
Build Time:          0.03492
Graph has 281904 nodes and 2312497 directed edges for degree: 8
Trial Time:          0.03509
Trial Time:          0.03186
Trial Time:          0.03187
Trial Time:          0.03204
Trial Time:          0.03199
Trial Time:          0.03201
Trial Time:          0.03191
Trial Time:          0.03154
Trial Time:          0.03203
Trial Time:          0.03157
Trial Time:          0.03135
Trial Time:          0.03154
Trial Time:          0.03112
Trial Time:          0.03110
Trial Time:          0.03116
Trial Time:          0.03122
Average Time:        0.03184
