Read Time:           0.62401
Build Time:          0.16906
Graph has 916428 nodes and 5105039 directed edges for degree: 5
Trial Time:          0.17515
Trial Time:          0.16915
Trial Time:          0.15457
Trial Time:          0.15453
Trial Time:          0.15439
Trial Time:          0.15459
Trial Time:          0.15444
Trial Time:          0.15306
Trial Time:          0.15232
Trial Time:          0.15253
Trial Time:          0.15246
Trial Time:          0.15247
Trial Time:          0.15251
Trial Time:          0.15248
Trial Time:          0.15355
Trial Time:          0.15145
Average Time:        0.15560
