Read Time:           0.10021
Build Time:          0.02536
Graph has 4036179 nodes and 530872 directed edges for degree: 0
Trial Time:          0.01296
Trial Time:          0.01242
Trial Time:          0.01251
Trial Time:          0.01246
Trial Time:          0.01250
Trial Time:          0.01248
Trial Time:          0.01253
Trial Time:          0.01250
Trial Time:          0.01251
Trial Time:          0.01252
Trial Time:          0.01254
Trial Time:          0.01256
Trial Time:          0.01255
Trial Time:          0.01253
Trial Time:          0.01249
Trial Time:          0.01253
Average Time:        0.01254
