Read Time:           1.91987
Build Time:          0.14339
Graph has 2599558 nodes and 8861320 directed edges for degree: 3
Trial Time:          0.02526
Trial Time:          0.02461
Trial Time:          0.02487
Trial Time:          0.02473
Trial Time:          0.02465
Trial Time:          0.02445
Trial Time:          0.02441
Trial Time:          0.02420
Trial Time:          0.02466
Trial Time:          0.02428
Trial Time:          0.02433
Trial Time:          0.02379
Trial Time:          0.02450
Trial Time:          0.02452
Trial Time:          0.02465
Trial Time:          0.02445
Average Time:        0.02452
