Read Time:           0.22992
Build Time:          0.17728
Graph has 124736033 nodes and 1442970 directed edges for degree: 0
Trial Time:          0.39245
Trial Time:          0.40345
Trial Time:          0.39739
Trial Time:          0.39848
Trial Time:          0.40205
Trial Time:          0.39777
Trial Time:          0.40411
Trial Time:          0.39364
Trial Time:          0.39493
Trial Time:          0.39907
Trial Time:          0.39539
Trial Time:          0.39834
Trial Time:          0.39353
Trial Time:          0.39237
Trial Time:          0.39852
Trial Time:          0.39179
Average Time:        0.39708
