Read Time:           0.30141
Build Time:          0.01972
Graph has 281904 nodes and 2312497 directed edges for degree: 8
Trial Time:          0.02972
Trial Time:          0.02793
Trial Time:          0.02810
Trial Time:          0.02887
Trial Time:          0.02895
Trial Time:          0.02886
Trial Time:          0.02872
Trial Time:          0.02894
Trial Time:          0.02889
Trial Time:          0.02880
Trial Time:          0.02795
Trial Time:          0.02902
Trial Time:          0.02887
Trial Time:          0.02884
Trial Time:          0.02880
Trial Time:          0.02888
Average Time:        0.02876
