Read Time:           0.09174
Build Time:          0.01885
Graph has 4036179 nodes and 530872 directed edges for degree: 0
Trial Time:          0.00992
Trial Time:          0.00861
Trial Time:          0.00811
Trial Time:          0.00837
Trial Time:          0.00836
Trial Time:          0.00841
Trial Time:          0.00827
Trial Time:          0.00841
Trial Time:          0.00834
Trial Time:          0.00845
Trial Time:          0.00830
Trial Time:          0.00833
Trial Time:          0.00840
Trial Time:          0.00835
Trial Time:          0.00834
Trial Time:          0.00823
Average Time:        0.00845
