Read Time:           0.28475
Build Time:          0.10438
Graph has 281904 nodes and 2312497 directed edges for degree: 8
Trial Time:          0.17772
Trial Time:          0.17743
Trial Time:          0.17754
Trial Time:          0.17762
Trial Time:          0.17744
Trial Time:          0.17745
Trial Time:          0.17779
Trial Time:          0.17770
Trial Time:          0.17778
Trial Time:          0.17743
Trial Time:          0.17758
Trial Time:          0.17744
Trial Time:          0.17751
Trial Time:          0.17795
Trial Time:          0.17758
Trial Time:          0.17742
Average Time:        0.17759
