Read Time:           1.97012
Build Time:          1.57874
Graph has 2599558 nodes and 8861320 directed edges for degree: 3
Trial Time:          0.08318
Trial Time:          0.08137
Trial Time:          0.08102
Trial Time:          0.08101
Trial Time:          0.08085
Trial Time:          0.08086
Trial Time:          0.08082
Trial Time:          0.08098
Trial Time:          0.08083
Trial Time:          0.08086
Trial Time:          0.08084
Trial Time:          0.08082
Trial Time:          0.08080
Trial Time:          0.08079
Trial Time:          0.08078
Trial Time:          0.08077
Average Time:        0.08104
