Read Time:           0.63721
Build Time:          0.04365
Graph has 916428 nodes and 5105039 directed edges for degree: 5
Trial Time:          0.05375
Trial Time:          0.05329
Trial Time:          0.05347
Trial Time:          0.05323
Trial Time:          0.05355
Trial Time:          0.05366
Trial Time:          0.05357
Trial Time:          0.05358
Trial Time:          0.05380
Trial Time:          0.05346
Trial Time:          0.05339
Trial Time:          0.05324
Trial Time:          0.05342
Trial Time:          0.05373
Trial Time:          0.05341
Trial Time:          0.05312
Average Time:        0.05348
