Read Time:           0.28806
Build Time:          0.02346
Graph has 281904 nodes and 2312497 directed edges for degree: 8
Trial Time:          0.02397
Trial Time:          0.02034
Trial Time:          0.01970
Trial Time:          0.02024
Trial Time:          0.02044
Trial Time:          0.02016
Trial Time:          0.02030
Trial Time:          0.02029
Trial Time:          0.02034
Trial Time:          0.01984
Trial Time:          0.01988
Trial Time:          0.01987
Trial Time:          0.02004
Trial Time:          0.01983
Trial Time:          0.01998
Trial Time:          0.01970
Average Time:        0.02031
