Read Time:           0.10114
Build Time:          0.02649
Graph has 4036179 nodes and 530872 directed edges for degree: 0
Trial Time:          0.01079
Trial Time:          0.00827
Trial Time:          0.00791
Trial Time:          0.00801
Trial Time:          0.00826
Trial Time:          0.00821
Trial Time:          0.00774
Trial Time:          0.00781
Trial Time:          0.00804
Trial Time:          0.00786
Trial Time:          0.00810
Trial Time:          0.00787
Trial Time:          0.00803
Trial Time:          0.00813
Trial Time:          0.00780
Trial Time:          0.00806
Average Time:        0.00818
