Read Time:           0.23912
Build Time:          0.32091
Graph has 124736033 nodes and 1442970 directed edges for degree: 0
Trial Time:          0.33090
Trial Time:          0.33046
Trial Time:          0.33051
Trial Time:          0.33196
Trial Time:          0.33171
Trial Time:          0.33203
Trial Time:          0.33177
Trial Time:          0.33184
Trial Time:          0.33151
Trial Time:          0.33166
Trial Time:          0.33051
Trial Time:          0.33240
Trial Time:          0.33125
Trial Time:          0.33124
Trial Time:          0.33305
Trial Time:          0.33161
Average Time:        0.33153
