Read Time:           0.64100
Build Time:          0.02934
Graph has 916428 nodes and 5105039 directed edges for degree: 5
Trial Time:          0.02956
Trial Time:          0.02872
Trial Time:          0.02845
Trial Time:          0.02869
Trial Time:          0.02876
Trial Time:          0.02817
Trial Time:          0.02829
Trial Time:          0.02808
Trial Time:          0.02869
Trial Time:          0.02843
Trial Time:          0.02881
Trial Time:          0.03466
Trial Time:          0.02828
Trial Time:          0.02841
Trial Time:          0.02820
Trial Time:          0.02846
Average Time:        0.02892
