Read Time:           0.18481
Build Time:          0.00789
Graph has 325729 nodes and 1469679 directed edges for degree: 4
Trial Time:          0.01194
Trial Time:          0.01128
Trial Time:          0.01088
Trial Time:          0.01080
Trial Time:          0.01128
Trial Time:          0.01126
Trial Time:          0.01070
Trial Time:          0.01125
Trial Time:          0.01089
Trial Time:          0.01090
Trial Time:          0.01080
Trial Time:          0.01121
Trial Time:          0.01094
Trial Time:          0.01129
Trial Time:          0.01133
Trial Time:          0.01083
Average Time:        0.01110
