Read Time:           0.29001
Build Time:          0.07492
Graph has 281904 nodes and 2312497 directed edges for degree: 8
Trial Time:          0.07435
Trial Time:          0.06932
Trial Time:          0.06914
Trial Time:          0.06939
Trial Time:          0.06963
Trial Time:          0.06942
Trial Time:          0.06804
Trial Time:          0.06648
Trial Time:          0.07009
Trial Time:          0.06552
Trial Time:          0.06222
Trial Time:          0.06192
Trial Time:          0.06206
Trial Time:          0.06232
Trial Time:          0.06199
Trial Time:          0.06229
Average Time:        0.06651
