Read Time:           0.22597
Build Time:          0.14536
Graph has 124736033 nodes and 1442970 directed edges for degree: 0
Trial Time:          0.30194
Trial Time:          0.42153
Trial Time:          0.41644
Trial Time:          0.40905
Trial Time:          0.31453
Trial Time:          0.30086
Trial Time:          0.39245
Trial Time:          0.30137
Trial Time:          0.29977
Trial Time:          0.29934
Trial Time:          0.29973
Trial Time:          0.30073
Trial Time:          0.39097
Trial Time:          0.30139
Trial Time:          0.38949
Trial Time:          0.30085
Average Time:        0.34003
