Read Time:           1.94659
Build Time:          0.18519
Graph has 2599558 nodes and 8861320 directed edges for degree: 3
Trial Time:          0.02655
Trial Time:          0.02604
Trial Time:          0.02600
Trial Time:          0.02582
Trial Time:          0.02593
Trial Time:          0.02580
Trial Time:          0.02600
Trial Time:          0.02582
Trial Time:          0.02582
Trial Time:          0.02583
Trial Time:          0.02578
Trial Time:          0.02591
Trial Time:          0.02582
Trial Time:          0.02583
Trial Time:          0.02580
Trial Time:          0.02595
Average Time:        0.02592
