Read Time:           0.62845
Build Time:          0.03275
Graph has 916428 nodes and 5105039 directed edges for degree: 5
Trial Time:          0.03624
Trial Time:          0.03313
Trial Time:          0.03327
Trial Time:          0.03345
Trial Time:          0.03325
Trial Time:          0.03305
Trial Time:          0.03349
Trial Time:          0.03305
Trial Time:          0.03284
Trial Time:          0.03689
Trial Time:          0.03299
Trial Time:          0.03293
Trial Time:          0.03292
Trial Time:          0.03300
Trial Time:          0.03289
Trial Time:          0.03170
Average Time:        0.03344
