Read Time:           0.23379
Build Time:          0.22133
Graph has 124736033 nodes and 1442970 directed edges for degree: 0
Trial Time:          0.40164
Trial Time:          0.41005
Trial Time:          0.40485
Trial Time:          0.40612
Trial Time:          0.40389
Trial Time:          0.40485
Trial Time:          0.40983
Trial Time:          0.40396
Trial Time:          0.40290
Trial Time:          0.40621
Trial Time:          0.40161
Trial Time:          0.40404
Trial Time:          0.40042
Trial Time:          0.40238
Trial Time:          0.40825
Trial Time:          0.40082
Average Time:        0.40449
