Read Time:           1.92916
Build Time:          0.12778
Graph has 2599558 nodes and 8861320 directed edges for degree: 3
Trial Time:          0.02876
Trial Time:          0.02505
Trial Time:          0.02527
Trial Time:          0.02761
Trial Time:          0.02511
Trial Time:          0.02805
Trial Time:          0.02748
Trial Time:          0.02558
Trial Time:          0.02556
Trial Time:          0.02505
Trial Time:          0.02427
Trial Time:          0.02457
Trial Time:          0.02834
Trial Time:          0.02467
Trial Time:          0.02823
Trial Time:          0.02772
Average Time:        0.02633
