Read Time:           0.28689
Build Time:          0.02334
Graph has 281904 nodes and 2312497 directed edges for degree: 8
Trial Time:          0.03007
Trial Time:          0.02971
Trial Time:          0.02972
Trial Time:          0.02962
Trial Time:          0.02968
Trial Time:          0.02971
Trial Time:          0.02962
Trial Time:          0.02969
Trial Time:          0.02975
Trial Time:          0.02945
Trial Time:          0.02943
Trial Time:          0.02942
Trial Time:          0.02941
Trial Time:          0.02941
Trial Time:          0.02953
Trial Time:          0.02950
Average Time:        0.02961
