Read Time:           0.22612
Build Time:          0.22534
Graph has 124736033 nodes and 1442970 directed edges for degree: 0
Trial Time:          0.35307
Trial Time:          0.40123
Trial Time:          0.38788
Trial Time:          0.39679
Trial Time:          0.34783
Trial Time:          0.33895
Trial Time:          0.33665
Trial Time:          0.33935
Trial Time:          0.34212
Trial Time:          0.33743
Trial Time:          0.33603
Trial Time:          0.33777
Trial Time:          0.33768
Trial Time:          0.34158
Trial Time:          0.33998
Trial Time:          0.34029
Average Time:        0.35091
