Read Time:           1.95148
Build Time:          1.57684
Graph has 2599558 nodes and 8861320 directed edges for degree: 3
Trial Time:          0.08004
Trial Time:          0.07854
Trial Time:          0.07865
Trial Time:          0.07851
Trial Time:          0.07864
Trial Time:          0.07852
Trial Time:          0.07843
Trial Time:          0.07855
Trial Time:          0.07853
Trial Time:          0.07844
Trial Time:          0.07836
Trial Time:          0.07839
Trial Time:          0.07840
Trial Time:          0.07837
Trial Time:          0.07854
Trial Time:          0.07834
Average Time:        0.07858
