Read Time:           0.18347
Build Time:          0.00707
Graph has 325729 nodes and 1469679 directed edges for degree: 4
Trial Time:          0.01187
Trial Time:          0.01170
Trial Time:          0.01131
Trial Time:          0.01174
Trial Time:          0.01165
Trial Time:          0.01171
Trial Time:          0.01128
Trial Time:          0.01130
Trial Time:          0.01169
Trial Time:          0.01177
Trial Time:          0.01134
Trial Time:          0.01164
Trial Time:          0.01165
Trial Time:          0.01176
Trial Time:          0.01173
Trial Time:          0.01166
Average Time:        0.01161
