Read Time:           0.62286
Build Time:          0.03773
Graph has 916428 nodes and 5105039 directed edges for degree: 5
Trial Time:          0.03961
Trial Time:          0.03371
Trial Time:          0.03510
Trial Time:          0.03507
Trial Time:          0.03499
Trial Time:          0.03479
Trial Time:          0.03473
Trial Time:          0.03489
Trial Time:          0.03504
Trial Time:          0.03807
Trial Time:          0.03448
Trial Time:          0.03235
Trial Time:          0.03131
Trial Time:          0.03134
Trial Time:          0.03239
Trial Time:          0.03244
Average Time:        0.03439
