Read Time:           0.20016
Build Time:          0.00870
Graph has 325729 nodes and 1469679 directed edges for degree: 4
Trial Time:          0.01507
Trial Time:          0.01495
Trial Time:          0.01492
Trial Time:          0.01492
Trial Time:          0.01506
Trial Time:          0.01500
Trial Time:          0.01494
Trial Time:          0.01500
Trial Time:          0.01500
Trial Time:          0.01496
Trial Time:          0.01506
Trial Time:          0.01501
Trial Time:          0.01493
Trial Time:          0.01502
Trial Time:          0.01485
Trial Time:          0.01511
Average Time:        0.01499
