Read Time:           0.63224
Build Time:          0.03819
Graph has 916428 nodes and 5105039 directed edges for degree: 5
Trial Time:          0.03882
Trial Time:          0.03475
Trial Time:          0.03478
Trial Time:          0.03482
Trial Time:          0.03445
Trial Time:          0.03466
Trial Time:          0.03441
Trial Time:          0.03337
Trial Time:          0.03459
Trial Time:          0.03914
Trial Time:          0.03412
Trial Time:          0.03419
Trial Time:          0.03407
Trial Time:          0.03417
Trial Time:          0.03423
Trial Time:          0.03420
Average Time:        0.03492
