Read Time:           0.22592
Build Time:          0.15331
Graph has 124736033 nodes and 1442970 directed edges for degree: 0
Trial Time:          0.30589
Trial Time:          0.32573
Trial Time:          0.33086
Trial Time:          0.33099
Trial Time:          0.34664
Trial Time:          0.30821
Trial Time:          0.30144
Trial Time:          0.30343
Trial Time:          0.30208
Trial Time:          0.30468
Trial Time:          0.30241
Trial Time:          0.30504
Trial Time:          0.30207
Trial Time:          0.30194
Trial Time:          0.30426
Trial Time:          0.30255
Average Time:        0.31114
