Read Time:           0.09027
Build Time:          0.01913
Graph has 4036179 nodes and 530872 directed edges for degree: 0
Trial Time:          0.01010
Trial Time:          0.00910
Trial Time:          0.00888
Trial Time:          0.00878
Trial Time:          0.00892
Trial Time:          0.00877
Trial Time:          0.00863
Trial Time:          0.00882
Trial Time:          0.00903
Trial Time:          0.00895
Trial Time:          0.00892
Trial Time:          0.00858
Trial Time:          0.00886
Trial Time:          0.00873
Trial Time:          0.00875
Trial Time:          0.00887
Average Time:        0.00892
