Read Time:           0.22848
Build Time:          0.16072
Graph has 124736033 nodes and 1442970 directed edges for degree: 0
Trial Time:          0.39467
Trial Time:          0.41524
Trial Time:          0.41640
Trial Time:          0.41177
Trial Time:          0.40484
Trial Time:          0.39245
Trial Time:          0.39199
Trial Time:          0.39122
Trial Time:          0.39218
Trial Time:          0.39055
Trial Time:          0.39217
Trial Time:          0.38901
Trial Time:          0.39338
Trial Time:          0.39274
Trial Time:          0.39773
Trial Time:          0.41229
Average Time:        0.39866
