Read Time:           0.28656
Build Time:          0.01860
Graph has 281904 nodes and 2312497 directed edges for degree: 8
Trial Time:          0.02426
Trial Time:          0.02068
Trial Time:          0.02075
Trial Time:          0.02079
Trial Time:          0.02069
Trial Time:          0.02063
Trial Time:          0.02069
Trial Time:          0.02069
Trial Time:          0.02047
Trial Time:          0.02004
Trial Time:          0.02084
Trial Time:          0.02063
Trial Time:          0.02044
Trial Time:          0.02059
Trial Time:          0.02013
Trial Time:          0.01943
Average Time:        0.02073
