Read Time:           0.09145
Build Time:          0.01763
Graph has 4036179 nodes and 530872 directed edges for degree: 0
Trial Time:          0.01440
Trial Time:          0.01385
Trial Time:          0.01384
Trial Time:          0.01382
Trial Time:          0.01381
Trial Time:          0.01379
Trial Time:          0.01381
Trial Time:          0.01382
Trial Time:          0.01382
Trial Time:          0.01377
Trial Time:          0.01378
Trial Time:          0.01370
Trial Time:          0.01350
Trial Time:          0.01344
Trial Time:          0.01339
Trial Time:          0.01333
Average Time:        0.01374
