Read Time:           0.22720
Build Time:          0.58953
Graph has 124736033 nodes and 1442970 directed edges for degree: 0
Trial Time:          0.62483
Trial Time:          0.55304
Trial Time:          0.56525
Trial Time:          0.54468
Trial Time:          0.56161
Trial Time:          0.60072
Trial Time:          0.60966
Trial Time:          0.57886
Trial Time:          0.53690
Trial Time:          0.52238
Trial Time:          0.54344
Trial Time:          0.47528
Trial Time:          0.54101
Trial Time:          0.53675
Trial Time:          0.53089
Trial Time:          0.52759
Average Time:        0.55331
