Read Time:           0.08655
Build Time:          0.03730
Graph has 4036179 nodes and 530872 directed edges for degree: 0
Trial Time:          0.03209
Trial Time:          0.03519
Trial Time:          0.03227
Trial Time:          0.03216
Trial Time:          0.02936
Trial Time:          0.02114
Trial Time:          0.02115
Trial Time:          0.02111
Trial Time:          0.02109
Trial Time:          0.02117
Trial Time:          0.02119
Trial Time:          0.02110
Trial Time:          0.02113
Trial Time:          0.02123
Trial Time:          0.02114
Trial Time:          0.02111
Average Time:        0.02460
