Read Time:           0.62332
Build Time:          0.03208
Graph has 916428 nodes and 5105039 directed edges for degree: 5
Trial Time:          0.03480
Trial Time:          0.03208
Trial Time:          0.03120
Trial Time:          0.03092
Trial Time:          0.03107
Trial Time:          0.03115
Trial Time:          0.03101
Trial Time:          0.03125
Trial Time:          0.03101
Trial Time:          0.03212
Trial Time:          0.03680
Trial Time:          0.03108
Trial Time:          0.03108
Trial Time:          0.03078
Trial Time:          0.03123
Trial Time:          0.03098
Average Time:        0.03179
