Read Time:           0.09186
Build Time:          0.02128
Graph has 4036179 nodes and 530872 directed edges for degree: 0
Trial Time:          0.01161
Trial Time:          0.00996
Trial Time:          0.00916
Trial Time:          0.00935
Trial Time:          0.00960
Trial Time:          0.00961
Trial Time:          0.00938
Trial Time:          0.00939
Trial Time:          0.00921
Trial Time:          0.00966
Trial Time:          0.00964
Trial Time:          0.00926
Trial Time:          0.00913
Trial Time:          0.00925
Trial Time:          0.00954
Trial Time:          0.00926
Average Time:        0.00956
