Read Time:           0.23053
Build Time:          0.15569
Graph has 124736033 nodes and 1442970 directed edges for degree: 0
Trial Time:          0.38765
Trial Time:          0.40246
Trial Time:          0.39480
Trial Time:          0.39300
Trial Time:          0.39519
Trial Time:          0.38621
Trial Time:          0.39140
Trial Time:          0.38661
Trial Time:          0.38618
Trial Time:          0.39809
Trial Time:          0.38653
Trial Time:          0.38635
Trial Time:          0.39493
Trial Time:          0.38777
Trial Time:          0.38980
Trial Time:          0.38544
Average Time:        0.39078
