Read Time:           0.62026
Build Time:          0.03308
Graph has 916428 nodes and 5105039 directed edges for degree: 5
Trial Time:          0.03581
Trial Time:          0.03293
Trial Time:          0.03306
Trial Time:          0.03299
Trial Time:          0.03320
Trial Time:          0.03291
Trial Time:          0.03161
Trial Time:          0.03110
Trial Time:          0.03015
Trial Time:          0.03109
Trial Time:          0.03656
Trial Time:          0.03120
Trial Time:          0.03231
Trial Time:          0.03220
Trial Time:          0.03104
Trial Time:          0.03212
Average Time:        0.03252
