Read Time:           0.63144
Build Time:          0.03768
Graph has 916428 nodes and 5105039 directed edges for degree: 5
Trial Time:          0.04173
Trial Time:          0.04007
Trial Time:          0.04119
Trial Time:          0.03979
Trial Time:          0.03990
Trial Time:          0.04007
Trial Time:          0.04122
Trial Time:          0.04107
Trial Time:          0.04108
Trial Time:          0.04149
Trial Time:          0.04119
Trial Time:          0.04151
Trial Time:          0.03989
Trial Time:          0.03975
Trial Time:          0.04001
Trial Time:          0.04017
Average Time:        0.04063
