Read Time:           0.62730
Build Time:          0.06072
Graph has 916428 nodes and 5105039 directed edges for degree: 5
Trial Time:          0.08241
Trial Time:          0.08171
Trial Time:          0.08056
Trial Time:          0.08161
Trial Time:          0.08121
Trial Time:          0.08171
Trial Time:          0.08187
Trial Time:          0.08048
Trial Time:          0.08084
Trial Time:          0.08126
Trial Time:          0.08099
Trial Time:          0.08133
Trial Time:          0.08099
Trial Time:          0.08122
Trial Time:          0.08098
Trial Time:          0.08130
Average Time:        0.08128
