Read Time:           1.94783
Build Time:          1.57961
Graph has 2599558 nodes and 8861320 directed edges for degree: 3
Trial Time:          0.08276
Trial Time:          0.08117
Trial Time:          0.08124
Trial Time:          0.08110
Trial Time:          0.08122
Trial Time:          0.08113
Trial Time:          0.08124
Trial Time:          0.08136
Trial Time:          0.08096
Trial Time:          0.08100
Trial Time:          0.08095
Trial Time:          0.08101
Trial Time:          0.08116
Trial Time:          0.08119
Trial Time:          0.08106
Trial Time:          0.08116
Average Time:        0.08123
