Read Time:           0.63907
Build Time:          0.03368
Graph has 916428 nodes and 5105039 directed edges for degree: 5
Trial Time:          0.02925
Trial Time:          0.02791
Trial Time:          0.02788
Trial Time:          0.02754
Trial Time:          0.02795
Trial Time:          0.02747
Trial Time:          0.02768
Trial Time:          0.02748
Trial Time:          0.02793
Trial Time:          0.02794
Trial Time:          0.02768
Trial Time:          0.03606
Trial Time:          0.02748
Trial Time:          0.02717
Trial Time:          0.02779
Trial Time:          0.02727
Average Time:        0.02828
