Read Time:           0.62399
Build Time:          0.02930
Graph has 916428 nodes and 5105039 directed edges for degree: 5
Trial Time:          0.03606
Trial Time:          0.03267
Trial Time:          0.03253
Trial Time:          0.03257
Trial Time:          0.03228
Trial Time:          0.03264
Trial Time:          0.03246
Trial Time:          0.03243
Trial Time:          0.03261
Trial Time:          0.03227
Trial Time:          0.03840
Trial Time:          0.03209
Trial Time:          0.03223
Trial Time:          0.03217
Trial Time:          0.03222
Trial Time:          0.03195
Average Time:        0.03297
