Read Time:           0.90387
Build Time:          0.04116
Graph has 685231 nodes and 7600595 directed edges for degree: 11
Trial Time:          0.04147
Trial Time:          0.03668
Trial Time:          0.03635
Trial Time:          0.03633
Trial Time:          0.03613
Trial Time:          0.03612
Trial Time:          0.03609
Trial Time:          0.03594
Trial Time:          0.03600
Trial Time:          0.03615
Trial Time:          0.03610
Trial Time:          0.03600
Trial Time:          0.03600
Trial Time:          0.03610
Trial Time:          0.03601
Trial Time:          0.03609
Average Time:        0.03647
