Read Time:           0.62918
Build Time:          0.27572
Graph has 916428 nodes and 5105039 directed edges for degree: 5
Trial Time:          0.46241
Trial Time:          0.44578
Trial Time:          0.44606
Trial Time:          0.44536
Trial Time:          0.44496
Trial Time:          0.44561
Trial Time:          0.44505
Trial Time:          0.44510
Trial Time:          0.44525
Trial Time:          0.44579
Trial Time:          0.44465
Trial Time:          0.44581
Trial Time:          0.44508
Trial Time:          0.44511
Trial Time:          0.44529
Trial Time:          0.44497
Average Time:        0.44639
