Read Time:           0.28798
Build Time:          0.02415
Graph has 281904 nodes and 2312497 directed edges for degree: 8
Trial Time:          0.02374
Trial Time:          0.01972
Trial Time:          0.01981
Trial Time:          0.02049
Trial Time:          0.01974
Trial Time:          0.01951
Trial Time:          0.01882
Trial Time:          0.01876
Trial Time:          0.01877
Trial Time:          0.01825
Trial Time:          0.01884
Trial Time:          0.01814
Trial Time:          0.01877
Trial Time:          0.01878
Trial Time:          0.01874
Trial Time:          0.01823
Average Time:        0.01932
