Read Time:           0.09869
Build Time:          0.02509
Graph has 4036179 nodes and 530872 directed edges for degree: 0
Trial Time:          0.01296
Trial Time:          0.01255
Trial Time:          0.01250
Trial Time:          0.01247
Trial Time:          0.01248
Trial Time:          0.01243
Trial Time:          0.01243
Trial Time:          0.01239
Trial Time:          0.01239
Trial Time:          0.01240
Trial Time:          0.01238
Trial Time:          0.01240
Trial Time:          0.01240
Trial Time:          0.01240
Trial Time:          0.01242
Trial Time:          0.01240
Average Time:        0.01246
