Read Time:           0.30064
Build Time:          0.01709
Graph has 281904 nodes and 2312497 directed edges for degree: 8
Trial Time:          0.02569
Trial Time:          0.02541
Trial Time:          0.02485
Trial Time:          0.02531
Trial Time:          0.02527
Trial Time:          0.02592
Trial Time:          0.02514
Trial Time:          0.02533
Trial Time:          0.02509
Trial Time:          0.02520
Trial Time:          0.02540
Trial Time:          0.02522
Trial Time:          0.02531
Trial Time:          0.02527
Trial Time:          0.02509
Trial Time:          0.02528
Average Time:        0.02530
