Read Time:           0.18578
Build Time:          0.00670
Graph has 325729 nodes and 1469679 directed edges for degree: 4
Trial Time:          0.01251
Trial Time:          0.01137
Trial Time:          0.01132
Trial Time:          0.01170
Trial Time:          0.01169
Trial Time:          0.01172
Trial Time:          0.01174
Trial Time:          0.01167
Trial Time:          0.01126
Trial Time:          0.01128
Trial Time:          0.01132
Trial Time:          0.01125
Trial Time:          0.01134
Trial Time:          0.01127
Trial Time:          0.01132
Trial Time:          0.01132
Average Time:        0.01151
