Read Time:           0.61589
Build Time:          0.03339
Graph has 916428 nodes and 5105039 directed edges for degree: 5
Trial Time:          0.03868
Trial Time:          0.03757
Trial Time:          0.03789
Trial Time:          0.03780
Trial Time:          0.03790
Trial Time:          0.03813
Trial Time:          0.03819
Trial Time:          0.03812
Trial Time:          0.03858
Trial Time:          0.03790
Trial Time:          0.03763
Trial Time:          0.03766
Trial Time:          0.03768
Trial Time:          0.03772
Trial Time:          0.03773
Trial Time:          0.03776
Average Time:        0.03793
