Read Time:           0.29319
Build Time:          0.05803
Graph has 281904 nodes and 2312497 directed edges for degree: 8
Trial Time:          0.08969
Trial Time:          0.08942
Trial Time:          0.08924
Trial Time:          0.08968
Trial Time:          0.08952
Trial Time:          0.08915
Trial Time:          0.09004
Trial Time:          0.08948
Trial Time:          0.08931
Trial Time:          0.08943
Trial Time:          0.08935
Trial Time:          0.08920
Trial Time:          0.08931
Trial Time:          0.08928
Trial Time:          0.08925
Trial Time:          0.08931
Average Time:        0.08942
