Read Time:           0.90395
Build Time:          0.23655
Graph has 685231 nodes and 7600595 directed edges for degree: 11
Trial Time:          0.30698
Trial Time:          0.30642
Trial Time:          0.30672
Trial Time:          0.30720
Trial Time:          0.30635
Trial Time:          0.30642
Trial Time:          0.30623
Trial Time:          0.30633
Trial Time:          0.30682
Trial Time:          0.30648
Trial Time:          0.30648
Trial Time:          0.30662
Trial Time:          0.30646
Trial Time:          0.30613
Trial Time:          0.30624
Trial Time:          0.30673
Average Time:        0.30654
