Read Time:           0.23615
Build Time:          0.32828
Graph has 124736033 nodes and 1442970 directed edges for degree: 0
Trial Time:          0.29663
Trial Time:          0.29453
Trial Time:          0.29589
Trial Time:          0.29612
Trial Time:          0.29615
Trial Time:          0.29586
Trial Time:          0.29649
Trial Time:          0.29621
Trial Time:          0.29585
Trial Time:          0.29555
Trial Time:          0.29453
Trial Time:          0.29552
Trial Time:          0.29611
Trial Time:          0.29549
Trial Time:          0.29584
Trial Time:          0.29602
Average Time:        0.29580
