Read Time:           0.62998
Build Time:          0.27326
Graph has 916428 nodes and 5105039 directed edges for degree: 5
Trial Time:          0.45837
Trial Time:          0.45496
Trial Time:          0.45512
Trial Time:          0.45461
Trial Time:          0.45544
Trial Time:          0.45456
Trial Time:          0.45538
Trial Time:          0.45435
Trial Time:          0.45465
Trial Time:          0.45020
Trial Time:          0.45478
Trial Time:          0.44758
Trial Time:          0.44442
Trial Time:          0.44366
Trial Time:          0.44345
Trial Time:          0.44386
Average Time:        0.45159
