Read Time:           0.63108
Build Time:          0.03048
Graph has 916428 nodes and 5105039 directed edges for degree: 5
Trial Time:          0.03001
Trial Time:          0.02833
Trial Time:          0.02761
Trial Time:          0.02723
Trial Time:          0.02845
Trial Time:          0.02756
Trial Time:          0.02801
Trial Time:          0.02826
Trial Time:          0.02781
Trial Time:          0.02717
Trial Time:          0.02802
Trial Time:          0.03605
Trial Time:          0.02662
Trial Time:          0.02700
Trial Time:          0.02701
Trial Time:          0.02660
Average Time:        0.02823
