Read Time:           0.22659
Build Time:          0.14417
Graph has 124736033 nodes and 1442970 directed edges for degree: 0
Trial Time:          0.39337
Trial Time:          0.42135
Trial Time:          0.41402
Trial Time:          0.32219
Trial Time:          0.31345
Trial Time:          0.29977
Trial Time:          0.29809
Trial Time:          0.30022
Trial Time:          0.38872
Trial Time:          0.29843
Trial Time:          0.38923
Trial Time:          0.29969
Trial Time:          0.29876
Trial Time:          0.38909
Trial Time:          0.38998
Trial Time:          0.29875
Average Time:        0.34469
