Read Time:           1.94467
Build Time:          0.13063
Graph has 2599558 nodes and 8861320 directed edges for degree: 3
Trial Time:          0.02191
Trial Time:          0.02436
Trial Time:          0.02235
Trial Time:          0.02179
Trial Time:          0.02150
Trial Time:          0.02207
Trial Time:          0.02225
Trial Time:          0.02143
Trial Time:          0.02121
Trial Time:          0.02135
Trial Time:          0.02123
Trial Time:          0.02170
Trial Time:          0.02146
Trial Time:          0.02112
Trial Time:          0.01883
Trial Time:          0.02133
Average Time:        0.02162
