Read Time:           0.90960
Build Time:          0.04777
Graph has 685231 nodes and 7600595 directed edges for degree: 11
Trial Time:          0.04256
Trial Time:          0.03719
Trial Time:          0.03702
Trial Time:          0.03700
Trial Time:          0.03712
Trial Time:          0.03717
Trial Time:          0.03705
Trial Time:          0.03704
Trial Time:          0.03711
Trial Time:          0.03709
Trial Time:          0.03706
Trial Time:          0.03707
Trial Time:          0.03717
Trial Time:          0.03700
Trial Time:          0.03720
Trial Time:          0.03693
Average Time:        0.03742
