Read Time:           0.25289
Build Time:          0.19852
Graph has 124736033 nodes and 1442970 directed edges for degree: 0
Trial Time:          0.38500
Trial Time:          0.39358
Trial Time:          0.38903
Trial Time:          0.38728
Trial Time:          0.38886
Trial Time:          0.38668
Trial Time:          0.39056
Trial Time:          0.38787
Trial Time:          0.38777
Trial Time:          0.38855
Trial Time:          0.38869
Trial Time:          0.38880
Trial Time:          0.38635
Trial Time:          0.38688
Trial Time:          0.38760
Trial Time:          0.38624
Average Time:        0.38811
