Read Time:           0.09227
Build Time:          0.01847
Graph has 4036179 nodes and 530872 directed edges for degree: 0
Trial Time:          0.00984
Trial Time:          0.00815
Trial Time:          0.00807
Trial Time:          0.00780
Trial Time:          0.00791
Trial Time:          0.00797
Trial Time:          0.00779
Trial Time:          0.00789
Trial Time:          0.00769
Trial Time:          0.00779
Trial Time:          0.00786
Trial Time:          0.00782
Trial Time:          0.00796
Trial Time:          0.00759
Trial Time:          0.00781
Trial Time:          0.00772
Average Time:        0.00798
