Read Time:           1.95091
Build Time:          0.63387
Graph has 2599558 nodes and 8861320 directed edges for degree: 3
Trial Time:          0.08475
Trial Time:          0.08402
Trial Time:          0.08404
Trial Time:          0.08479
Trial Time:          0.08402
Trial Time:          0.08386
Trial Time:          0.08407
Trial Time:          0.08379
Trial Time:          0.08389
Trial Time:          0.08402
Trial Time:          0.08400
Trial Time:          0.08390
Trial Time:          0.08399
Trial Time:          0.08412
Trial Time:          0.08424
Trial Time:          0.08384
Average Time:        0.08408
