Read Time:           0.62533
Build Time:          0.02874
Graph has 916428 nodes and 5105039 directed edges for degree: 5
Trial Time:          0.03493
Trial Time:          0.03210
Trial Time:          0.03215
Trial Time:          0.03198
Trial Time:          0.03197
Trial Time:          0.03207
Trial Time:          0.03221
Trial Time:          0.03206
Trial Time:          0.03193
Trial Time:          0.03181
Trial Time:          0.03742
Trial Time:          0.03164
Trial Time:          0.03158
Trial Time:          0.03164
Trial Time:          0.03188
Trial Time:          0.03187
Average Time:        0.03245
