Read Time:           1.93922
Build Time:          0.49717
Graph has 2599558 nodes and 8861320 directed edges for degree: 3
Trial Time:          0.09981
Trial Time:          0.09903
Trial Time:          0.09899
Trial Time:          0.09907
Trial Time:          0.09985
Trial Time:          0.09936
Trial Time:          0.08284
Trial Time:          0.08189
Trial Time:          0.08211
Trial Time:          0.05845
Trial Time:          0.05500
Trial Time:          0.05488
Trial Time:          0.05479
Trial Time:          0.05497
Trial Time:          0.05476
Trial Time:          0.05482
Average Time:        0.07691
