Read Time:           0.28689
Build Time:          0.01722
Graph has 281904 nodes and 2312497 directed edges for degree: 8
Trial Time:          0.01778
Trial Time:          0.01767
Trial Time:          0.01763
Trial Time:          0.01744
Trial Time:          0.01651
Trial Time:          0.01633
Trial Time:          0.01684
Trial Time:          0.01643
Trial Time:          0.01666
Trial Time:          0.01628
Trial Time:          0.01646
Trial Time:          0.01652
Trial Time:          0.01616
Trial Time:          0.01655
Trial Time:          0.01617
Trial Time:          0.01635
Average Time:        0.01674
