Read Time:           0.22734
Build Time:          0.16026
Graph has 124736033 nodes and 1442970 directed edges for degree: 0
Trial Time:          0.39808
Trial Time:          0.41798
Trial Time:          0.40233
Trial Time:          0.31088
Trial Time:          0.40846
Trial Time:          0.31072
Trial Time:          0.40167
Trial Time:          0.40986
Trial Time:          0.30883
Trial Time:          0.40060
Trial Time:          0.40854
Trial Time:          0.40015
Trial Time:          0.40395
Trial Time:          0.39759
Trial Time:          0.39883
Trial Time:          0.41766
Average Time:        0.38726
