Read Time:           0.90416
Build Time:          0.03633
Graph has 685231 nodes and 7600595 directed edges for degree: 11
Trial Time:          0.03013
Trial Time:          0.03720
Trial Time:          0.02926
Trial Time:          0.02929
Trial Time:          0.02937
Trial Time:          0.02923
Trial Time:          0.02926
Trial Time:          0.02926
Trial Time:          0.02925
Trial Time:          0.02931
Trial Time:          0.02927
Trial Time:          0.02925
Trial Time:          0.02920
Trial Time:          0.02937
Trial Time:          0.02932
Trial Time:          0.02934
Average Time:        0.02983
