Read Time:           0.09077
Build Time:          0.02284
Graph has 4036179 nodes and 530872 directed edges for degree: 0
Trial Time:          0.01254
Trial Time:          0.01124
Trial Time:          0.01134
Trial Time:          0.01134
Trial Time:          0.01109
Trial Time:          0.01118
Trial Time:          0.01122
Trial Time:          0.01115
Trial Time:          0.01118
Trial Time:          0.01107
Trial Time:          0.01112
Trial Time:          0.01111
Trial Time:          0.01133
Trial Time:          0.01114
Trial Time:          0.01092
Trial Time:          0.01110
Average Time:        0.01125
