Read Time:           0.09054
Build Time:          0.01947
Graph has 4036179 nodes and 530872 directed edges for degree: 0
Trial Time:          0.01032
Trial Time:          0.00895
Trial Time:          0.00847
Trial Time:          0.00828
Trial Time:          0.00849
Trial Time:          0.00837
Trial Time:          0.00870
Trial Time:          0.00838
Trial Time:          0.00843
Trial Time:          0.00846
Trial Time:          0.00860
Trial Time:          0.00823
Trial Time:          0.00854
Trial Time:          0.00841
Trial Time:          0.00832
Trial Time:          0.00823
Average Time:        0.00857
