Read Time:           0.29454
Build Time:          0.10316
Graph has 281904 nodes and 2312497 directed edges for degree: 8
Trial Time:          0.17795
Trial Time:          0.17747
Trial Time:          0.17745
Trial Time:          0.17779
Trial Time:          0.17758
Trial Time:          0.17747
Trial Time:          0.17741
Trial Time:          0.17745
Trial Time:          0.17803
Trial Time:          0.17850
Trial Time:          0.17759
Trial Time:          0.17804
Trial Time:          0.17749
Trial Time:          0.17746
Trial Time:          0.17758
Trial Time:          0.17764
Average Time:        0.17768
