Read Time:           0.92046
Build Time:          0.03638
Graph has 685231 nodes and 7600595 directed edges for degree: 11
Trial Time:          0.04161
Trial Time:          0.03386
Trial Time:          0.03385
Trial Time:          0.03393
Trial Time:          0.03381
Trial Time:          0.03369
Trial Time:          0.03389
Trial Time:          0.03389
Trial Time:          0.03376
Trial Time:          0.03385
Trial Time:          0.03400
Trial Time:          0.03376
Trial Time:          0.03380
Trial Time:          0.03386
Trial Time:          0.03377
Trial Time:          0.03388
Average Time:        0.03433
