Read Time:           1.93226
Build Time:          0.12648
Graph has 2599558 nodes and 8861320 directed edges for degree: 3
Trial Time:          0.02845
Trial Time:          0.02425
Trial Time:          0.02770
Trial Time:          0.02697
Trial Time:          0.02787
Trial Time:          0.02717
Trial Time:          0.02752
Trial Time:          0.02453
Trial Time:          0.02485
Trial Time:          0.02505
Trial Time:          0.02420
Trial Time:          0.02691
Trial Time:          0.02499
Trial Time:          0.02737
Trial Time:          0.02725
Trial Time:          0.02824
Average Time:        0.02646
