Read Time:           0.91130
Build Time:          0.04908
Graph has 685231 nodes and 7600595 directed edges for degree: 11
Trial Time:          0.04399
Trial Time:          0.04318
Trial Time:          0.04307
Trial Time:          0.04314
Trial Time:          0.04306
Trial Time:          0.04303
Trial Time:          0.04318
Trial Time:          0.04330
Trial Time:          0.04314
Trial Time:          0.04301
Trial Time:          0.04314
Trial Time:          0.04311
Trial Time:          0.04316
Trial Time:          0.04305
Trial Time:          0.04305
Trial Time:          0.04316
Average Time:        0.04317
