Read Time:           0.09133
Build Time:          0.01892
Graph has 4036179 nodes and 530872 directed edges for degree: 0
Trial Time:          0.00976
Trial Time:          0.00870
Trial Time:          0.00827
Trial Time:          0.00854
Trial Time:          0.00844
Trial Time:          0.00847
Trial Time:          0.00863
Trial Time:          0.00856
Trial Time:          0.00839
Trial Time:          0.00835
Trial Time:          0.00828
Trial Time:          0.00819
Trial Time:          0.00836
Trial Time:          0.00849
Trial Time:          0.00853
Trial Time:          0.00845
Average Time:        0.00853
