Read Time:           1.94760
Build Time:          0.94105
Graph has 2599558 nodes and 8861320 directed edges for degree: 3
Trial Time:          0.09615
Trial Time:          0.07643
Trial Time:          0.06356
Trial Time:          0.06403
Trial Time:          0.06388
Trial Time:          0.06385
Trial Time:          0.06409
Trial Time:          0.06306
Trial Time:          0.06486
Trial Time:          0.06335
Trial Time:          0.06374
Trial Time:          0.06436
Trial Time:          0.06258
Trial Time:          0.06388
Trial Time:          0.06318
Trial Time:          0.06322
Average Time:        0.06651
