Read Time:           0.63998
Build Time:          0.02986
Graph has 916428 nodes and 5105039 directed edges for degree: 5
Trial Time:          0.02961
Trial Time:          0.02781
Trial Time:          0.02795
Trial Time:          0.02782
Trial Time:          0.02805
Trial Time:          0.02769
Trial Time:          0.02805
Trial Time:          0.02791
Trial Time:          0.02801
Trial Time:          0.02808
Trial Time:          0.02838
Trial Time:          0.03744
Trial Time:          0.02785
Trial Time:          0.02781
Trial Time:          0.02787
Trial Time:          0.02807
Average Time:        0.02865
