Read Time:           0.23813
Build Time:          0.31344
Graph has 124736033 nodes and 1442970 directed edges for degree: 0
Trial Time:          0.33001
Trial Time:          0.32881
Trial Time:          0.32880
Trial Time:          0.32953
Trial Time:          0.33142
Trial Time:          0.33040
Trial Time:          0.32982
Trial Time:          0.32845
Trial Time:          0.33177
Trial Time:          0.33073
Trial Time:          0.32851
Trial Time:          0.33005
Trial Time:          0.32917
Trial Time:          0.33132
Trial Time:          0.33138
Trial Time:          0.32921
Average Time:        0.32996
