Read Time:           0.63154
Build Time:          0.04199
Graph has 916428 nodes and 5105039 directed edges for degree: 5
Trial Time:          0.05326
Trial Time:          0.05303
Trial Time:          0.05249
Trial Time:          0.05296
Trial Time:          0.05293
Trial Time:          0.05398
Trial Time:          0.05309
Trial Time:          0.05294
Trial Time:          0.05275
Trial Time:          0.05261
Trial Time:          0.05245
Trial Time:          0.05279
Trial Time:          0.05331
Trial Time:          0.05301
Trial Time:          0.05284
Trial Time:          0.05280
Average Time:        0.05295
