Read Time:           0.91183
Build Time:          0.03577
Graph has 685231 nodes and 7600595 directed edges for degree: 11
Trial Time:          0.03823
Trial Time:          0.03263
Trial Time:          0.03273
Trial Time:          0.03282
Trial Time:          0.03296
Trial Time:          0.03214
Trial Time:          0.03291
Trial Time:          0.03296
Trial Time:          0.03241
Trial Time:          0.03294
Trial Time:          0.03250
Trial Time:          0.03261
Trial Time:          0.03239
Trial Time:          0.03226
Trial Time:          0.03234
Trial Time:          0.03262
Average Time:        0.03297
