Read Time:           0.90096
Build Time:          0.03784
Graph has 685231 nodes and 7600595 directed edges for degree: 11
Trial Time:          0.03784
Trial Time:          0.03676
Trial Time:          0.03765
Trial Time:          0.03711
Trial Time:          0.03733
Trial Time:          0.03756
Trial Time:          0.03674
Trial Time:          0.03742
Trial Time:          0.03721
Trial Time:          0.03754
Trial Time:          0.03717
Trial Time:          0.03647
Trial Time:          0.03722
Trial Time:          0.03985
Trial Time:          0.03669
Trial Time:          0.03679
Average Time:        0.03733
