Read Time:           0.24299
Build Time:          0.19289
Graph has 124736033 nodes and 1442970 directed edges for degree: 0
Trial Time:          0.39207
Trial Time:          0.39866
Trial Time:          0.39982
Trial Time:          0.39848
Trial Time:          0.40192
Trial Time:          0.39835
Trial Time:          0.39609
Trial Time:          0.40062
Trial Time:          0.39911
Trial Time:          0.39760
Trial Time:          0.39602
Trial Time:          0.39709
Trial Time:          0.40133
Trial Time:          0.39505
Trial Time:          0.39103
Trial Time:          0.39575
Average Time:        0.39744
