Read Time:           0.08657
Build Time:          0.11760
Graph has 4036179 nodes and 530872 directed edges for degree: 0
Trial Time:          0.03793
Trial Time:          0.03705
Trial Time:          0.03701
Trial Time:          0.03694
Trial Time:          0.03694
Trial Time:          0.03698
Trial Time:          0.03692
Trial Time:          0.03697
Trial Time:          0.03701
Trial Time:          0.03696
Trial Time:          0.03691
Trial Time:          0.03694
Trial Time:          0.03691
Trial Time:          0.03688
Trial Time:          0.03690
Trial Time:          0.03695
Average Time:        0.03701
