Read Time:           1.93499
Build Time:          0.36888
Graph has 2599558 nodes and 8861320 directed edges for degree: 3
Trial Time:          0.04892
Trial Time:          0.04584
Trial Time:          0.04615
Trial Time:          0.04656
Trial Time:          0.04586
Trial Time:          0.04713
Trial Time:          0.04746
Trial Time:          0.04574
Trial Time:          0.04607
Trial Time:          0.04571
Trial Time:          0.04590
Trial Time:          0.04614
Trial Time:          0.04713
Trial Time:          0.04442
Trial Time:          0.04224
Trial Time:          0.04769
Average Time:        0.04618
