Read Time:           0.18683
Build Time:          0.00627
Graph has 325729 nodes and 1469679 directed edges for degree: 4
Trial Time:          0.01206
Trial Time:          0.01128
Trial Time:          0.01136
Trial Time:          0.01173
Trial Time:          0.01131
Trial Time:          0.01172
Trial Time:          0.01127
Trial Time:          0.01169
Trial Time:          0.01132
Trial Time:          0.01128
Trial Time:          0.01126
Trial Time:          0.01129
Trial Time:          0.01127
Trial Time:          0.01167
Trial Time:          0.01131
Trial Time:          0.01163
Average Time:        0.01147
