Read Time:           1.95515
Build Time:          0.11929
Graph has 2599558 nodes and 8861320 directed edges for degree: 3
Trial Time:          0.01799
Trial Time:          0.01706
Trial Time:          0.01701
Trial Time:          0.01694
Trial Time:          0.01692
Trial Time:          0.01693
Trial Time:          0.01696
Trial Time:          0.01695
Trial Time:          0.01695
Trial Time:          0.01703
Trial Time:          0.01698
Trial Time:          0.01694
Trial Time:          0.01692
Trial Time:          0.01684
Trial Time:          0.01695
Trial Time:          0.01695
Average Time:        0.01702
