Read Time:           0.18386
Build Time:          0.00776
Graph has 325729 nodes and 1469679 directed edges for degree: 4
Trial Time:          0.01190
Trial Time:          0.01129
Trial Time:          0.01130
Trial Time:          0.01125
Trial Time:          0.01123
Trial Time:          0.01128
Trial Time:          0.01171
Trial Time:          0.01165
Trial Time:          0.01163
Trial Time:          0.01134
Trial Time:          0.01124
Trial Time:          0.01163
Trial Time:          0.01123
Trial Time:          0.01164
Trial Time:          0.01124
Trial Time:          0.01120
Average Time:        0.01142
