Read Time:           0.09233
Build Time:          0.02179
Graph has 4036179 nodes and 530872 directed edges for degree: 0
Trial Time:          0.01088
Trial Time:          0.00969
Trial Time:          0.00914
Trial Time:          0.00931
Trial Time:          0.00946
Trial Time:          0.00957
Trial Time:          0.00970
Trial Time:          0.00984
Trial Time:          0.00946
Trial Time:          0.00951
Trial Time:          0.00934
Trial Time:          0.00947
Trial Time:          0.00931
Trial Time:          0.00917
Trial Time:          0.00954
Trial Time:          0.00917
Average Time:        0.00953
