Read Time:           0.63311
Build Time:          0.04543
Graph has 916428 nodes and 5105039 directed edges for degree: 5
Trial Time:          0.04831
Trial Time:          0.04300
Trial Time:          0.04290
Trial Time:          0.04308
Trial Time:          0.04296
Trial Time:          0.04280
Trial Time:          0.04200
Trial Time:          0.04622
Trial Time:          0.04195
Trial Time:          0.04181
Trial Time:          0.04176
Trial Time:          0.04181
Trial Time:          0.04175
Trial Time:          0.04148
Trial Time:          0.04128
Trial Time:          0.04136
Average Time:        0.04278
