Read Time:           0.22246
Build Time:          0.55993
Graph has 124736033 nodes and 1442970 directed edges for degree: 0
Trial Time:          0.50569
Trial Time:          0.52010
Trial Time:          0.44813
Trial Time:          0.46748
Trial Time:          0.50652
Trial Time:          0.51758
Trial Time:          0.46183
Trial Time:          0.49657
Trial Time:          0.50735
Trial Time:          0.49745
Trial Time:          0.47225
Trial Time:          0.44814
Trial Time:          0.49324
Trial Time:          0.50600
Trial Time:          0.48983
Trial Time:          0.50785
Average Time:        0.49038
