Read Time:           0.18457
Build Time:          0.00788
Graph has 325729 nodes and 1469679 directed edges for degree: 4
Trial Time:          0.01162
Trial Time:          0.01116
Trial Time:          0.01119
Trial Time:          0.01160
Trial Time:          0.01123
Trial Time:          0.01118
Trial Time:          0.01118
Trial Time:          0.01124
Trial Time:          0.01118
Trial Time:          0.01124
Trial Time:          0.01120
Trial Time:          0.01119
Trial Time:          0.01118
Trial Time:          0.01122
Trial Time:          0.01116
Trial Time:          0.01163
Average Time:        0.01128
