Read Time:           0.29945
Build Time:          0.01734
Graph has 281904 nodes and 2312497 directed edges for degree: 8
Trial Time:          0.02533
Trial Time:          0.02493
Trial Time:          0.02477
Trial Time:          0.02488
Trial Time:          0.02481
Trial Time:          0.02503
Trial Time:          0.02488
Trial Time:          0.02497
Trial Time:          0.02485
Trial Time:          0.02483
Trial Time:          0.02494
Trial Time:          0.02479
Trial Time:          0.02497
Trial Time:          0.02492
Trial Time:          0.02491
Trial Time:          0.02503
Average Time:        0.02493
