Read Time:           0.09451
Build Time:          0.02480
Graph has 4036179 nodes and 530872 directed edges for degree: 0
Trial Time:          0.01098
Trial Time:          0.00962
Trial Time:          0.00943
Trial Time:          0.00948
Trial Time:          0.00923
Trial Time:          0.00942
Trial Time:          0.00942
Trial Time:          0.00941
Trial Time:          0.00909
Trial Time:          0.00899
Trial Time:          0.01095
Trial Time:          0.00913
Trial Time:          0.00944
Trial Time:          0.00919
Trial Time:          0.00898
Trial Time:          0.00907
Average Time:        0.00949
