Read Time:           1.97051
Build Time:          0.14731
Graph has 2599558 nodes and 8861320 directed edges for degree: 3
Trial Time:          0.02464
Trial Time:          0.02333
Trial Time:          0.02377
Trial Time:          0.02387
Trial Time:          0.02330
Trial Time:          0.02333
Trial Time:          0.02300
Trial Time:          0.02329
Trial Time:          0.02322
Trial Time:          0.02344
Trial Time:          0.02266
Trial Time:          0.02293
Trial Time:          0.02243
Trial Time:          0.02245
Trial Time:          0.02250
Trial Time:          0.02270
Average Time:        0.02318
