Read Time:           0.63010
Build Time:          0.12825
Graph has 916428 nodes and 5105039 directed edges for degree: 5
Trial Time:          0.21459
Trial Time:          0.21258
Trial Time:          0.21261
Trial Time:          0.21267
Trial Time:          0.21295
Trial Time:          0.21288
Trial Time:          0.21264
Trial Time:          0.21222
Trial Time:          0.21222
Trial Time:          0.21229
Trial Time:          0.21301
Trial Time:          0.21201
Trial Time:          0.21201
Trial Time:          0.21205
Trial Time:          0.21266
Trial Time:          0.21356
Average Time:        0.21268
