Read Time:           0.62628
Build Time:          0.26943
Graph has 916428 nodes and 5105039 directed edges for degree: 5
Trial Time:          0.45398
Trial Time:          0.44671
Trial Time:          0.44697
Trial Time:          0.44721
Trial Time:          0.44684
Trial Time:          0.44668
Trial Time:          0.44740
Trial Time:          0.44689
Trial Time:          0.44720
Trial Time:          0.44687
Trial Time:          0.44666
Trial Time:          0.44625
Trial Time:          0.44749
Trial Time:          0.44660
Trial Time:          0.44667
Trial Time:          0.44731
Average Time:        0.44736
