Read Time:           0.90391
Build Time:          0.04028
Graph has 685231 nodes and 7600595 directed edges for degree: 11
Trial Time:          0.04298
Trial Time:          0.03696
Trial Time:          0.03653
Trial Time:          0.03648
Trial Time:          0.03654
Trial Time:          0.03654
Trial Time:          0.03640
Trial Time:          0.03655
Trial Time:          0.03642
Trial Time:          0.03625
Trial Time:          0.03654
Trial Time:          0.03642
Trial Time:          0.03642
Trial Time:          0.03627
Trial Time:          0.03656
Trial Time:          0.03640
Average Time:        0.03689
