Read Time:           0.23035
Build Time:          0.19164
Graph has 124736033 nodes and 1442970 directed edges for degree: 0
Trial Time:          0.39494
Trial Time:          0.39786
Trial Time:          0.40022
Trial Time:          0.39548
Trial Time:          0.40198
Trial Time:          0.39731
Trial Time:          0.39520
Trial Time:          0.40322
Trial Time:          0.39595
Trial Time:          0.39545
Trial Time:          0.39535
Trial Time:          0.39435
Trial Time:          0.39576
Trial Time:          0.39466
Trial Time:          0.39556
Trial Time:          0.39183
Average Time:        0.39657
