Read Time:           0.23172
Build Time:          0.15497
Graph has 124736033 nodes and 1442970 directed edges for degree: 0
Trial Time:          0.38766
Trial Time:          0.39889
Trial Time:          0.39615
Trial Time:          0.39058
Trial Time:          0.39636
Trial Time:          0.38442
Trial Time:          0.38960
Trial Time:          0.38747
Trial Time:          0.38610
Trial Time:          0.39373
Trial Time:          0.38780
Trial Time:          0.38657
Trial Time:          0.39805
Trial Time:          0.38765
Trial Time:          0.39020
Trial Time:          0.38459
Average Time:        0.39036
