Read Time:           1.91616
Build Time:          0.12733
Graph has 2599558 nodes and 8861320 directed edges for degree: 3
Trial Time:          0.02454
Trial Time:          0.02432
Trial Time:          0.02731
Trial Time:          0.02477
Trial Time:          0.02715
Trial Time:          0.02481
Trial Time:          0.02475
Trial Time:          0.02512
Trial Time:          0.02515
Trial Time:          0.02502
Trial Time:          0.02712
Trial Time:          0.02441
Trial Time:          0.02536
Trial Time:          0.02760
Trial Time:          0.02429
Trial Time:          0.02455
Average Time:        0.02539
