Read Time:           0.22715
Build Time:          0.17017
Graph has 124736033 nodes and 1442970 directed edges for degree: 0
Trial Time:          0.39875
Trial Time:          0.42037
Trial Time:          0.41414
Trial Time:          0.41413
Trial Time:          0.40566
Trial Time:          0.39454
Trial Time:          0.39708
Trial Time:          0.39348
Trial Time:          0.39519
Trial Time:          0.39437
Trial Time:          0.39434
Trial Time:          0.39531
Trial Time:          0.39646
Trial Time:          0.39596
Trial Time:          0.39546
Trial Time:          0.39604
Average Time:        0.40008
