Read Time:           0.61758
Build Time:          0.03230
Graph has 916428 nodes and 5105039 directed edges for degree: 5
Trial Time:          0.04476
Trial Time:          0.04008
Trial Time:          0.03950
Trial Time:          0.04055
Trial Time:          0.04002
Trial Time:          0.04029
Trial Time:          0.03888
Trial Time:          0.04044
Trial Time:          0.04006
Trial Time:          0.04036
Trial Time:          0.04011
Trial Time:          0.03931
Trial Time:          0.03979
Trial Time:          0.03908
Trial Time:          0.04009
Trial Time:          0.03979
Average Time:        0.04019
