Read Time:           0.08994
Build Time:          0.02189
Graph has 4036179 nodes and 530872 directed edges for degree: 0
Trial Time:          0.01297
Trial Time:          0.01122
Trial Time:          0.01099
Trial Time:          0.01083
Trial Time:          0.01081
Trial Time:          0.01099
Trial Time:          0.01082
Trial Time:          0.01085
Trial Time:          0.01078
Trial Time:          0.01070
Trial Time:          0.01090
Trial Time:          0.01084
Trial Time:          0.01077
Trial Time:          0.01080
Trial Time:          0.01082
Trial Time:          0.01074
Average Time:        0.01099
