Read Time:           0.63596
Build Time:          0.27354
Graph has 916428 nodes and 5105039 directed edges for degree: 5
Trial Time:          0.45136
Trial Time:          0.44874
Trial Time:          0.44615
Trial Time:          0.44046
Trial Time:          0.43987
Trial Time:          0.44100
Trial Time:          0.43993
Trial Time:          0.44049
Trial Time:          0.43984
Trial Time:          0.43984
Trial Time:          0.43989
Trial Time:          0.44014
Trial Time:          0.44079
Trial Time:          0.44001
Trial Time:          0.44117
Trial Time:          0.44001
Average Time:        0.44186
