Read Time:           0.22438
Build Time:          2.06153
Graph has 124736033 nodes and 1442970 directed edges for degree: 0
Trial Time:          1.11165
Trial Time:          1.10878
Trial Time:          1.10738
Trial Time:          1.10763
Trial Time:          1.10684
Trial Time:          1.10749
Trial Time:          1.10744
Trial Time:          1.10660
Trial Time:          1.10527
Trial Time:          1.10695
Trial Time:          1.10731
Trial Time:          1.10612
Trial Time:          1.10595
Trial Time:          1.10626
Trial Time:          1.10586
Trial Time:          1.10638
Average Time:        1.10712
