Read Time:           1.94767
Build Time:          0.14836
Graph has 2599558 nodes and 8861320 directed edges for degree: 3
Trial Time:          0.02448
Trial Time:          0.02381
Trial Time:          0.02350
Trial Time:          0.02359
Trial Time:          0.02379
Trial Time:          0.02332
Trial Time:          0.02320
Trial Time:          0.02358
Trial Time:          0.02325
Trial Time:          0.02362
Trial Time:          0.02322
Trial Time:          0.02333
Trial Time:          0.02350
Trial Time:          0.02351
Trial Time:          0.02360
Trial Time:          0.02332
Average Time:        0.02354
