Read Time:           1.93624
Build Time:          0.36416
Graph has 2599558 nodes and 8861320 directed edges for degree: 3
Trial Time:          0.05198
Trial Time:          0.05253
Trial Time:          0.05158
Trial Time:          0.05062
Trial Time:          0.04896
Trial Time:          0.04928
Trial Time:          0.04742
Trial Time:          0.04624
Trial Time:          0.04644
Trial Time:          0.04724
Trial Time:          0.04697
Trial Time:          0.04719
Trial Time:          0.04654
Trial Time:          0.04548
Trial Time:          0.04717
Trial Time:          0.04823
Average Time:        0.04837
