Read Time:           0.18862
Build Time:          0.00762
Graph has 325729 nodes and 1469679 directed edges for degree: 4
Trial Time:          0.01187
Trial Time:          0.01125
Trial Time:          0.01123
Trial Time:          0.01127
Trial Time:          0.01122
Trial Time:          0.01162
Trial Time:          0.01159
Trial Time:          0.01122
Trial Time:          0.01143
Trial Time:          0.01110
Trial Time:          0.01109
Trial Time:          0.01120
Trial Time:          0.01143
Trial Time:          0.01115
Trial Time:          0.01149
Trial Time:          0.01117
Average Time:        0.01133
