Read Time:           0.23255
Build Time:          0.19219
Graph has 124736033 nodes and 1442970 directed edges for degree: 0
Trial Time:          0.39245
Trial Time:          0.39980
Trial Time:          0.39926
Trial Time:          0.39838
Trial Time:          0.39967
Trial Time:          0.39877
Trial Time:          0.39430
Trial Time:          0.39839
Trial Time:          0.39613
Trial Time:          0.39463
Trial Time:          0.39914
Trial Time:          0.39615
Trial Time:          0.39325
Trial Time:          0.39638
Trial Time:          0.39216
Trial Time:          0.39669
Average Time:        0.39660
