Read Time:           0.28941
Build Time:          0.01919
Graph has 281904 nodes and 2312497 directed edges for degree: 8
Trial Time:          0.02271
Trial Time:          0.02029
Trial Time:          0.02036
Trial Time:          0.01969
Trial Time:          0.02033
Trial Time:          0.02029
Trial Time:          0.02005
Trial Time:          0.02002
Trial Time:          0.02006
Trial Time:          0.01992
Trial Time:          0.01936
Trial Time:          0.01994
Trial Time:          0.01986
Trial Time:          0.01980
Trial Time:          0.01978
Trial Time:          0.01993
Average Time:        0.02015
