Read Time:           0.09282
Build Time:          0.02197
Graph has 4036179 nodes and 530872 directed edges for degree: 0
Trial Time:          0.01100
Trial Time:          0.00942
Trial Time:          0.00963
Trial Time:          0.00951
Trial Time:          0.00929
Trial Time:          0.00928
Trial Time:          0.00931
Trial Time:          0.00921
Trial Time:          0.00936
Trial Time:          0.00956
Trial Time:          0.00980
Trial Time:          0.00942
Trial Time:          0.00938
Trial Time:          0.00926
Trial Time:          0.00932
Trial Time:          0.00935
Average Time:        0.00951
