Read Time:           0.23928
Build Time:          0.32224
Graph has 124736033 nodes and 1442970 directed edges for degree: 0
Trial Time:          0.33433
Trial Time:          0.33318
Trial Time:          0.33155
Trial Time:          0.33135
Trial Time:          0.33224
Trial Time:          0.33287
Trial Time:          0.33176
Trial Time:          0.33186
Trial Time:          0.33239
Trial Time:          0.32969
Trial Time:          0.33261
Trial Time:          0.33152
Trial Time:          0.33142
Trial Time:          0.33105
Trial Time:          0.33212
Trial Time:          0.33046
Average Time:        0.33190
