Read Time:           0.08890
Build Time:          0.11903
Graph has 4036179 nodes and 530872 directed edges for degree: 0
Trial Time:          0.03811
Trial Time:          0.03725
Trial Time:          0.03718
Trial Time:          0.03715
Trial Time:          0.03709
Trial Time:          0.03737
Trial Time:          0.03714
Trial Time:          0.03704
Trial Time:          0.03705
Trial Time:          0.03708
Trial Time:          0.03706
Trial Time:          0.03708
Trial Time:          0.03741
Trial Time:          0.03705
Trial Time:          0.03702
Trial Time:          0.03709
Average Time:        0.03720
