Read Time:           0.28853
Build Time:          0.10256
Graph has 281904 nodes and 2312497 directed edges for degree: 8
Trial Time:          0.17770
Trial Time:          0.17718
Trial Time:          0.17720
Trial Time:          0.17742
Trial Time:          0.17733
Trial Time:          0.17736
Trial Time:          0.17776
Trial Time:          0.17726
Trial Time:          0.17725
Trial Time:          0.17721
Trial Time:          0.17736
Trial Time:          0.17712
Trial Time:          0.17723
Trial Time:          0.17716
Trial Time:          0.17717
Trial Time:          0.17771
Average Time:        0.17734
