Read Time:           0.29455
Build Time:          0.01774
Graph has 281904 nodes and 2312497 directed edges for degree: 8
Trial Time:          0.02335
Trial Time:          0.02070
Trial Time:          0.02060
Trial Time:          0.02078
Trial Time:          0.02020
Trial Time:          0.02046
Trial Time:          0.02041
Trial Time:          0.02074
Trial Time:          0.02032
Trial Time:          0.02073
Trial Time:          0.02046
Trial Time:          0.02029
Trial Time:          0.02032
Trial Time:          0.02044
Trial Time:          0.02031
Trial Time:          0.02031
Average Time:        0.02065
