Read Time:           0.28949
Build Time:          0.02070
Graph has 281904 nodes and 2312497 directed edges for degree: 8
Trial Time:          0.02522
Trial Time:          0.02016
Trial Time:          0.02007
Trial Time:          0.02005
Trial Time:          0.02006
Trial Time:          0.02010
Trial Time:          0.01948
Trial Time:          0.01995
Trial Time:          0.02012
Trial Time:          0.01984
Trial Time:          0.01979
Trial Time:          0.01927
Trial Time:          0.01922
Trial Time:          0.01992
Trial Time:          0.01978
Trial Time:          0.01941
Average Time:        0.02015
