Read Time:           1.96411
Build Time:          0.64015
Graph has 2599558 nodes and 8861320 directed edges for degree: 3
Trial Time:          0.08496
Trial Time:          0.08416
Trial Time:          0.08411
Trial Time:          0.08466
Trial Time:          0.08409
Trial Time:          0.08410
Trial Time:          0.08415
Trial Time:          0.08455
Trial Time:          0.08407
Trial Time:          0.08408
Trial Time:          0.08421
Trial Time:          0.08408
Trial Time:          0.08400
Trial Time:          0.08409
Trial Time:          0.08419
Trial Time:          0.08397
Average Time:        0.08422
