Read Time:           1.94032
Build Time:          0.36502
Graph has 2599558 nodes and 8861320 directed edges for degree: 3
Trial Time:          0.04779
Trial Time:          0.04791
Trial Time:          0.04737
Trial Time:          0.04849
Trial Time:          0.04733
Trial Time:          0.04661
Trial Time:          0.04550
Trial Time:          0.04595
Trial Time:          0.04675
Trial Time:          0.04473
Trial Time:          0.04336
Trial Time:          0.04366
Trial Time:          0.03848
Trial Time:          0.03649
Trial Time:          0.03596
Trial Time:          0.03580
Average Time:        0.04389
