Read Time:           0.89864
Build Time:          0.03831
Graph has 685231 nodes and 7600595 directed edges for degree: 11
Trial Time:          0.02972
Trial Time:          0.03263
Trial Time:          0.02905
Trial Time:          0.02898
Trial Time:          0.02868
Trial Time:          0.02845
Trial Time:          0.02852
Trial Time:          0.02849
Trial Time:          0.02856
Trial Time:          0.02861
Trial Time:          0.02856
Trial Time:          0.02852
Trial Time:          0.02859
Trial Time:          0.02862
Trial Time:          0.02862
Trial Time:          0.02858
Average Time:        0.02895
