Read Time:           0.09070
Build Time:          0.02061
Graph has 4036179 nodes and 530872 directed edges for degree: 0
Trial Time:          0.01113
Trial Time:          0.00986
Trial Time:          0.00962
Trial Time:          0.00965
Trial Time:          0.00967
Trial Time:          0.00949
Trial Time:          0.00985
Trial Time:          0.00950
Trial Time:          0.00974
Trial Time:          0.00960
Trial Time:          0.00953
Trial Time:          0.00951
Trial Time:          0.00950
Trial Time:          0.00950
Trial Time:          0.00955
Trial Time:          0.00957
Average Time:        0.00970
