Read Time:           0.23871
Build Time:          0.23985
Graph has 124736033 nodes and 1442970 directed edges for degree: 0
Trial Time:          0.39888
Trial Time:          0.40371
Trial Time:          0.40382
Trial Time:          0.40713
Trial Time:          0.40142
Trial Time:          0.40201
Trial Time:          0.41144
Trial Time:          0.40263
Trial Time:          0.40398
Trial Time:          0.40274
Trial Time:          0.40062
Trial Time:          0.40543
Trial Time:          0.40006
Trial Time:          0.39985
Trial Time:          0.40152
Trial Time:          0.40191
Average Time:        0.40295
