Read Time:           1.95679
Build Time:          0.11337
Graph has 2599558 nodes and 8861320 directed edges for degree: 3
Trial Time:          0.01938
Trial Time:          0.01839
Trial Time:          0.01781
Trial Time:          0.01766
Trial Time:          0.01771
Trial Time:          0.01750
Trial Time:          0.01786
Trial Time:          0.01797
Trial Time:          0.01748
Trial Time:          0.01781
Trial Time:          0.01758
Trial Time:          0.01769
Trial Time:          0.01781
Trial Time:          0.01756
Trial Time:          0.01773
Trial Time:          0.01748
Average Time:        0.01784
