Read Time:           0.29349
Build Time:          0.03042
Graph has 281904 nodes and 2312497 directed edges for degree: 8
Trial Time:          0.04043
Trial Time:          0.04063
Trial Time:          0.04124
Trial Time:          0.04060
Trial Time:          0.04081
Trial Time:          0.04050
Trial Time:          0.04066
Trial Time:          0.03968
Trial Time:          0.04107
Trial Time:          0.04141
Trial Time:          0.04042
Trial Time:          0.04098
Trial Time:          0.04070
Trial Time:          0.03936
Trial Time:          0.04099
Trial Time:          0.04079
Average Time:        0.04064
