Read Time:           0.19971
Build Time:          0.00903
Graph has 325729 nodes and 1469679 directed edges for degree: 4
Trial Time:          0.01522
Trial Time:          0.01498
Trial Time:          0.01498
Trial Time:          0.01488
Trial Time:          0.01494
Trial Time:          0.01489
Trial Time:          0.01491
Trial Time:          0.01489
Trial Time:          0.01491
Trial Time:          0.01489
Trial Time:          0.01494
Trial Time:          0.01489
Trial Time:          0.01491
Trial Time:          0.01489
Trial Time:          0.01489
Trial Time:          0.01497
Average Time:        0.01494
