Read Time:           0.18610
Build Time:          0.00823
Graph has 325729 nodes and 1469679 directed edges for degree: 4
Trial Time:          0.01194
Trial Time:          0.01157
Trial Time:          0.01155
Trial Time:          0.01113
Trial Time:          0.01115
Trial Time:          0.01155
Trial Time:          0.01110
Trial Time:          0.01112
Trial Time:          0.01117
Trial Time:          0.01149
Trial Time:          0.01112
Trial Time:          0.01109
Trial Time:          0.01109
Trial Time:          0.01153
Trial Time:          0.01113
Trial Time:          0.01114
Average Time:        0.01130
