Read Time:           0.08844
Build Time:          0.03048
Graph has 4036179 nodes and 530872 directed edges for degree: 0
Trial Time:          0.01576
Trial Time:          0.01490
Trial Time:          0.01491
Trial Time:          0.01510
Trial Time:          0.01507
Trial Time:          0.01491
Trial Time:          0.01524
Trial Time:          0.01502
Trial Time:          0.01512
Trial Time:          0.01487
Trial Time:          0.01488
Trial Time:          0.01490
Trial Time:          0.01501
Trial Time:          0.01504
Trial Time:          0.01506
Trial Time:          0.01509
Average Time:        0.01505
