Read Time:           0.18618
Build Time:          0.00687
Graph has 325729 nodes and 1469679 directed edges for degree: 4
Trial Time:          0.01214
Trial Time:          0.01186
Trial Time:          0.01184
Trial Time:          0.01141
Trial Time:          0.01186
Trial Time:          0.01190
Trial Time:          0.01181
Trial Time:          0.01184
Trial Time:          0.01142
Trial Time:          0.01147
Trial Time:          0.01143
Trial Time:          0.01145
Trial Time:          0.01148
Trial Time:          0.01141
Trial Time:          0.01142
Trial Time:          0.01141
Average Time:        0.01163
