Read Time:           0.29457
Build Time:          0.01841
Graph has 281904 nodes and 2312497 directed edges for degree: 8
Trial Time:          0.02910
Trial Time:          0.02780
Trial Time:          0.02798
Trial Time:          0.02881
Trial Time:          0.02817
Trial Time:          0.02807
Trial Time:          0.02834
Trial Time:          0.02804
Trial Time:          0.02819
Trial Time:          0.02817
Trial Time:          0.02830
Trial Time:          0.02818
Trial Time:          0.02812
Trial Time:          0.02815
Trial Time:          0.02828
Trial Time:          0.02889
Average Time:        0.02829
