Read Time:           1.91967
Build Time:          0.21932
Graph has 2599558 nodes and 8861320 directed edges for degree: 3
Trial Time:          0.04497
Trial Time:          0.04451
Trial Time:          0.04440
Trial Time:          0.04453
Trial Time:          0.04448
Trial Time:          0.04242
Trial Time:          0.04094
Trial Time:          0.03995
Trial Time:          0.04013
Trial Time:          0.04000
Trial Time:          0.04007
Trial Time:          0.04009
Trial Time:          0.04004
Trial Time:          0.03992
Trial Time:          0.04014
Trial Time:          0.04020
Average Time:        0.04167
