Read Time:           0.62469
Build Time:          0.03247
Graph has 916428 nodes and 5105039 directed edges for degree: 5
Trial Time:          0.03475
Trial Time:          0.03257
Trial Time:          0.03277
Trial Time:          0.03279
Trial Time:          0.03251
Trial Time:          0.03045
Trial Time:          0.03036
Trial Time:          0.03046
Trial Time:          0.02934
Trial Time:          0.03039
Trial Time:          0.04118
Trial Time:          0.03294
Trial Time:          0.03171
Trial Time:          0.03270
Trial Time:          0.03160
Trial Time:          0.03249
Average Time:        0.03244
