Read Time:           0.28771
Build Time:          0.07651
Graph has 281904 nodes and 2312497 directed edges for degree: 8
Trial Time:          0.07219
Trial Time:          0.06293
Trial Time:          0.06310
Trial Time:          0.06316
Trial Time:          0.06304
Trial Time:          0.06290
Trial Time:          0.06301
Trial Time:          0.06272
Trial Time:          0.06196
Trial Time:          0.06539
Trial Time:          0.06192
Trial Time:          0.06206
Trial Time:          0.06188
Trial Time:          0.06192
Trial Time:          0.06184
Trial Time:          0.06199
Average Time:        0.06325
