Read Time:           0.62196
Build Time:          0.03827
Graph has 916428 nodes and 5105039 directed edges for degree: 5
Trial Time:          0.03890
Trial Time:          0.03544
Trial Time:          0.03598
Trial Time:          0.03626
Trial Time:          0.03684
Trial Time:          0.03499
Trial Time:          0.03590
Trial Time:          0.03593
Trial Time:          0.03649
Trial Time:          0.04537
Trial Time:          0.03898
Trial Time:          0.03875
Trial Time:          0.04006
Trial Time:          0.03891
Trial Time:          0.03889
Trial Time:          0.03836
Average Time:        0.03788
