Read Time:           0.18684
Build Time:          0.00761
Graph has 325729 nodes and 1469679 directed edges for degree: 4
Trial Time:          0.01240
Trial Time:          0.01169
Trial Time:          0.01129
Trial Time:          0.01130
Trial Time:          0.01130
Trial Time:          0.01129
Trial Time:          0.01171
Trial Time:          0.01114
Trial Time:          0.01152
Trial Time:          0.01113
Trial Time:          0.01114
Trial Time:          0.01115
Trial Time:          0.01117
Trial Time:          0.01113
Trial Time:          0.01111
Trial Time:          0.01113
Average Time:        0.01135
