Read Time:           0.19187
Build Time:          0.00945
Graph has 325729 nodes and 1469679 directed edges for degree: 4
Trial Time:          0.01395
Trial Time:          0.01391
Trial Time:          0.01389
Trial Time:          0.01396
Trial Time:          0.01399
Trial Time:          0.01395
Trial Time:          0.01391
Trial Time:          0.01395
Trial Time:          0.01388
Trial Time:          0.01391
Trial Time:          0.01393
Trial Time:          0.01396
Trial Time:          0.01398
Trial Time:          0.01398
Trial Time:          0.01397
Trial Time:          0.01396
Average Time:        0.01394
