Read Time:           0.61835
Build Time:          0.03314
Graph has 916428 nodes and 5105039 directed edges for degree: 5
Trial Time:          0.04662
Trial Time:          0.04307
Trial Time:          0.04151
Trial Time:          0.04298
Trial Time:          0.04214
Trial Time:          0.04323
Trial Time:          0.04193
Trial Time:          0.04201
Trial Time:          0.04217
Trial Time:          0.04209
Trial Time:          0.04212
Trial Time:          0.04292
Trial Time:          0.04197
Trial Time:          0.04186
Trial Time:          0.04222
Trial Time:          0.04162
Average Time:        0.04253
