Read Time:           0.62868
Build Time:          0.12695
Graph has 916428 nodes and 5105039 directed edges for degree: 5
Trial Time:          0.20932
Trial Time:          0.20779
Trial Time:          0.20749
Trial Time:          0.20773
Trial Time:          0.20715
Trial Time:          0.20729
Trial Time:          0.20732
Trial Time:          0.20722
Trial Time:          0.20740
Trial Time:          0.20734
Trial Time:          0.20843
Trial Time:          0.20747
Trial Time:          0.20723
Trial Time:          0.20740
Trial Time:          0.20720
Trial Time:          0.20778
Average Time:        0.20760
