Read Time:           0.28902
Build Time:          0.01835
Graph has 281904 nodes and 2312497 directed edges for degree: 8
Trial Time:          0.02248
Trial Time:          0.02028
Trial Time:          0.02024
Trial Time:          0.02033
Trial Time:          0.02031
Trial Time:          0.01977
Trial Time:          0.02034
Trial Time:          0.02025
Trial Time:          0.02020
Trial Time:          0.01981
Trial Time:          0.01994
Trial Time:          0.01989
Trial Time:          0.02003
Trial Time:          0.01995
Trial Time:          0.01986
Trial Time:          0.01980
Average Time:        0.02022
