Read Time:           0.18920
Build Time:          0.00699
Graph has 325729 nodes and 1469679 directed edges for degree: 4
Trial Time:          0.01227
Trial Time:          0.01158
Trial Time:          0.01157
Trial Time:          0.01163
Trial Time:          0.01158
Trial Time:          0.01157
Trial Time:          0.01114
Trial Time:          0.01119
Trial Time:          0.01160
Trial Time:          0.01162
Trial Time:          0.01157
Trial Time:          0.01118
Trial Time:          0.01115
Trial Time:          0.01118
Trial Time:          0.01117
Trial Time:          0.01116
Average Time:        0.01145
