Read Time:           0.22366
Build Time:          2.06209
Graph has 124736033 nodes and 1442970 directed edges for degree: 0
Trial Time:          1.11468
Trial Time:          1.11162
Trial Time:          1.10908
Trial Time:          1.11092
Trial Time:          1.11093
Trial Time:          1.10921
Trial Time:          1.10938
Trial Time:          1.11043
Trial Time:          1.10882
Trial Time:          1.10723
Trial Time:          1.10694
Trial Time:          1.10716
Trial Time:          1.10602
Trial Time:          1.10568
Trial Time:          1.10590
Trial Time:          1.10679
Average Time:        1.10880
