Read Time:           0.10233
Build Time:          0.02565
Graph has 4036179 nodes and 530872 directed edges for degree: 0
Trial Time:          0.01067
Trial Time:          0.00832
Trial Time:          0.00823
Trial Time:          0.00833
Trial Time:          0.00834
Trial Time:          0.00820
Trial Time:          0.00814
Trial Time:          0.00820
Trial Time:          0.00825
Trial Time:          0.00818
Trial Time:          0.00803
Trial Time:          0.00842
Trial Time:          0.00809
Trial Time:          0.00831
Trial Time:          0.00847
Trial Time:          0.00797
Average Time:        0.00838
