Read Time:           0.62949
Build Time:          0.04197
Graph has 916428 nodes and 5105039 directed edges for degree: 5
Trial Time:          0.05406
Trial Time:          0.05322
Trial Time:          0.05339
Trial Time:          0.05355
Trial Time:          0.05307
Trial Time:          0.05398
Trial Time:          0.05349
Trial Time:          0.05352
Trial Time:          0.05330
Trial Time:          0.05334
Trial Time:          0.05333
Trial Time:          0.05316
Trial Time:          0.05384
Trial Time:          0.05352
Trial Time:          0.05317
Trial Time:          0.05365
Average Time:        0.05347
