Read Time:           0.18713
Build Time:          0.00748
Graph has 325729 nodes and 1469679 directed edges for degree: 4
Trial Time:          0.01224
Trial Time:          0.01185
Trial Time:          0.01188
Trial Time:          0.01139
Trial Time:          0.01143
Trial Time:          0.01138
Trial Time:          0.01138
Trial Time:          0.01132
Trial Time:          0.01142
Trial Time:          0.01185
Trial Time:          0.01135
Trial Time:          0.01141
Trial Time:          0.01140
Trial Time:          0.01180
Trial Time:          0.01136
Trial Time:          0.01144
Average Time:        0.01156
