Read Time:           0.18465
Build Time:          0.00626
Graph has 325729 nodes and 1469679 directed edges for degree: 4
Trial Time:          0.01065
Trial Time:          0.01054
Trial Time:          0.01054
Trial Time:          0.01055
Trial Time:          0.01051
Trial Time:          0.01053
Trial Time:          0.01055
Trial Time:          0.01048
Trial Time:          0.01042
Trial Time:          0.01041
Trial Time:          0.01041
Trial Time:          0.01041
Trial Time:          0.01041
Trial Time:          0.01040
Trial Time:          0.01040
Trial Time:          0.01040
Average Time:        0.01048
