Read Time:           0.18084
Build Time:          0.04477
Graph has 325729 nodes and 1469679 directed edges for degree: 4
Trial Time:          0.06244
Trial Time:          0.06262
Trial Time:          0.06265
Trial Time:          0.06260
Trial Time:          0.06248
Trial Time:          0.06304
Trial Time:          0.06271
Trial Time:          0.06254
Trial Time:          0.06272
Trial Time:          0.06267
Trial Time:          0.06257
Trial Time:          0.06257
Trial Time:          0.06273
Trial Time:          0.06255
Trial Time:          0.06256
Trial Time:          0.06242
Average Time:        0.06262
