Read Time:           0.91774
Build Time:          0.03892
Graph has 685231 nodes and 7600595 directed edges for degree: 11
Trial Time:          0.03430
Trial Time:          0.03296
Trial Time:          0.03300
Trial Time:          0.03282
Trial Time:          0.03300
Trial Time:          0.03294
Trial Time:          0.03296
Trial Time:          0.03299
Trial Time:          0.03295
Trial Time:          0.03298
Trial Time:          0.03299
Trial Time:          0.03293
Trial Time:          0.03297
Trial Time:          0.03296
Trial Time:          0.03296
Trial Time:          0.03294
Average Time:        0.03304
