Read Time:           0.19815
Build Time:          0.00803
Graph has 325729 nodes and 1469679 directed edges for degree: 4
Trial Time:          0.01489
Trial Time:          0.01487
Trial Time:          0.01478
Trial Time:          0.01463
Trial Time:          0.01464
Trial Time:          0.01465
Trial Time:          0.01461
Trial Time:          0.01470
Trial Time:          0.01468
Trial Time:          0.01470
Trial Time:          0.01469
Trial Time:          0.01470
Trial Time:          0.01474
Trial Time:          0.01462
Trial Time:          0.01468
Trial Time:          0.01471
Average Time:        0.01471
