Read Time:           0.23034
Build Time:          0.19433
Graph has 124736033 nodes and 1442970 directed edges for degree: 0
Trial Time:          0.39274
Trial Time:          0.40059
Trial Time:          0.40131
Trial Time:          0.39937
Trial Time:          0.40244
Trial Time:          0.39944
Trial Time:          0.39933
Trial Time:          0.40341
Trial Time:          0.39816
Trial Time:          0.39827
Trial Time:          0.40022
Trial Time:          0.39537
Trial Time:          0.39937
Trial Time:          0.39749
Trial Time:          0.39659
Trial Time:          0.39543
Average Time:        0.39872
