Read Time:           0.08874
Build Time:          0.03046
Graph has 4036179 nodes and 530872 directed edges for degree: 0
Trial Time:          0.01624
Trial Time:          0.01532
Trial Time:          0.01560
Trial Time:          0.01561
Trial Time:          0.01588
Trial Time:          0.01572
Trial Time:          0.01554
Trial Time:          0.01537
Trial Time:          0.01249
Trial Time:          0.01156
Trial Time:          0.01155
Trial Time:          0.01152
Trial Time:          0.01149
Trial Time:          0.01151
Trial Time:          0.01140
Trial Time:          0.01165
Average Time:        0.01365
