Read Time:           1.96416
Build Time:          1.57801
Graph has 2599558 nodes and 8861320 directed edges for degree: 3
Trial Time:          0.08261
Trial Time:          0.08107
Trial Time:          0.08107
Trial Time:          0.08114
Trial Time:          0.08085
Trial Time:          0.08083
Trial Time:          0.08070
Trial Time:          0.08086
Trial Time:          0.08080
Trial Time:          0.08077
Trial Time:          0.08079
Trial Time:          0.08074
Trial Time:          0.08071
Trial Time:          0.08071
Trial Time:          0.08081
Trial Time:          0.08070
Average Time:        0.08095
