Read Time:           1.93447
Build Time:          0.36534
Graph has 2599558 nodes and 8861320 directed edges for degree: 3
Trial Time:          0.04908
Trial Time:          0.05006
Trial Time:          0.04896
Trial Time:          0.04849
Trial Time:          0.04603
Trial Time:          0.04716
Trial Time:          0.04689
Trial Time:          0.04692
Trial Time:          0.04764
Trial Time:          0.04768
Trial Time:          0.04651
Trial Time:          0.04579
Trial Time:          0.04187
Trial Time:          0.03846
Trial Time:          0.03814
Trial Time:          0.03870
Average Time:        0.04552
