Read Time:           0.91021
Build Time:          0.23524
Graph has 685231 nodes and 7600595 directed edges for degree: 11
Trial Time:          0.30538
Trial Time:          0.30522
Trial Time:          0.30560
Trial Time:          0.30486
Trial Time:          0.30533
Trial Time:          0.30466
Trial Time:          0.30456
Trial Time:          0.30503
Trial Time:          0.30533
Trial Time:          0.30580
Trial Time:          0.30502
Trial Time:          0.30490
Trial Time:          0.30490
Trial Time:          0.30480
Trial Time:          0.30496
Trial Time:          0.30528
Average Time:        0.30510
