Read Time:           0.29240
Build Time:          0.01772
Graph has 281904 nodes and 2312497 directed edges for degree: 8
Trial Time:          0.02331
Trial Time:          0.02053
Trial Time:          0.02059
Trial Time:          0.02066
Trial Time:          0.02045
Trial Time:          0.02070
Trial Time:          0.02050
Trial Time:          0.02053
Trial Time:          0.02059
Trial Time:          0.02044
Trial Time:          0.02051
Trial Time:          0.02064
Trial Time:          0.02006
Trial Time:          0.02045
Trial Time:          0.02055
Trial Time:          0.02063
Average Time:        0.02070
