Read Time:           0.22507
Build Time:          2.06221
Graph has 124736033 nodes and 1442970 directed edges for degree: 0
Trial Time:          1.10981
Trial Time:          1.10573
Trial Time:          1.10559
Trial Time:          1.10513
Trial Time:          1.10452
Trial Time:          1.10531
Trial Time:          1.10517
Trial Time:          1.10359
Trial Time:          1.10459
Trial Time:          1.10432
Trial Time:          1.10499
Trial Time:          1.10317
Trial Time:          1.10365
Trial Time:          1.10388
Trial Time:          1.10347
Trial Time:          1.10420
Average Time:        1.10482
