Read Time:           1.93879
Build Time:          0.18254
Graph has 2599558 nodes and 8861320 directed edges for degree: 3
Trial Time:          0.02916
Trial Time:          0.02936
Trial Time:          0.02905
Trial Time:          0.02920
Trial Time:          0.02881
Trial Time:          0.02830
Trial Time:          0.02846
Trial Time:          0.02831
Trial Time:          0.02786
Trial Time:          0.02433
Trial Time:          0.02065
Trial Time:          0.02059
Trial Time:          0.02023
Trial Time:          0.02078
Trial Time:          0.02051
Trial Time:          0.02048
Average Time:        0.02538
