Read Time:           0.63861
Build Time:          0.03246
Graph has 916428 nodes and 5105039 directed edges for degree: 5
Trial Time:          0.03681
Trial Time:          0.03705
Trial Time:          0.03692
Trial Time:          0.03597
Trial Time:          0.03630
Trial Time:          0.03682
Trial Time:          0.03644
Trial Time:          0.03650
Trial Time:          0.03789
Trial Time:          0.03610
Trial Time:          0.03641
Trial Time:          0.03648
Trial Time:          0.03637
Trial Time:          0.03670
Trial Time:          0.03629
Trial Time:          0.03716
Average Time:        0.03664
