Read Time:           1.91581
Build Time:          0.21923
Graph has 2599558 nodes and 8861320 directed edges for degree: 3
Trial Time:          0.04286
Trial Time:          0.04218
Trial Time:          0.04227
Trial Time:          0.04193
Trial Time:          0.04199
Trial Time:          0.04220
Trial Time:          0.04208
Trial Time:          0.04222
Trial Time:          0.04070
Trial Time:          0.04012
Trial Time:          0.04002
Trial Time:          0.04000
Trial Time:          0.04009
Trial Time:          0.04012
Trial Time:          0.03997
Trial Time:          0.04003
Average Time:        0.04117
