Read Time:           0.08925
Build Time:          0.11836
Graph has 4036179 nodes and 530872 directed edges for degree: 0
Trial Time:          0.04925
Trial Time:          0.03716
Trial Time:          0.03700
Trial Time:          0.03707
Trial Time:          0.03703
Trial Time:          0.03695
Trial Time:          0.03694
Trial Time:          0.03697
Trial Time:          0.03701
Trial Time:          0.03693
Trial Time:          0.03709
Trial Time:          0.03690
Trial Time:          0.03694
Trial Time:          0.03688
Trial Time:          0.03689
Trial Time:          0.03720
Average Time:        0.03776
