Read Time:           0.09742
Build Time:          0.02166
Graph has 4036179 nodes and 530872 directed edges for degree: 0
Trial Time:          0.01491
Trial Time:          0.01454
Trial Time:          0.01450
Trial Time:          0.01449
Trial Time:          0.01449
Trial Time:          0.01450
Trial Time:          0.01465
Trial Time:          0.01444
Trial Time:          0.01440
Trial Time:          0.01444
Trial Time:          0.01443
Trial Time:          0.01446
Trial Time:          0.01444
Trial Time:          0.01441
Trial Time:          0.01445
Trial Time:          0.01442
Average Time:        0.01450
