Read Time:           0.29876
Build Time:          0.01761
Graph has 281904 nodes and 2312497 directed edges for degree: 8
Trial Time:          0.03009
Trial Time:          0.02774
Trial Time:          0.02768
Trial Time:          0.02821
Trial Time:          0.02863
Trial Time:          0.02893
Trial Time:          0.02893
Trial Time:          0.02823
Trial Time:          0.02783
Trial Time:          0.02861
Trial Time:          0.02860
Trial Time:          0.02907
Trial Time:          0.02811
Trial Time:          0.02886
Trial Time:          0.02848
Trial Time:          0.02803
Average Time:        0.02850
