Read Time:           0.22625
Build Time:          0.16109
Graph has 124736033 nodes and 1442970 directed edges for degree: 0
Trial Time:          0.39332
Trial Time:          0.40983
Trial Time:          0.41246
Trial Time:          0.41038
Trial Time:          0.40381
Trial Time:          0.39226
Trial Time:          0.39103
Trial Time:          0.39150
Trial Time:          0.39300
Trial Time:          0.38971
Trial Time:          0.39292
Trial Time:          0.39151
Trial Time:          0.39033
Trial Time:          0.39192
Trial Time:          0.39044
Trial Time:          0.39005
Average Time:        0.39590
