Read Time:           0.18549
Build Time:          0.00811
Graph has 325729 nodes and 1469679 directed edges for degree: 4
Trial Time:          0.01169
Trial Time:          0.01161
Trial Time:          0.01122
Trial Time:          0.01121
Trial Time:          0.01120
Trial Time:          0.01154
Trial Time:          0.01152
Trial Time:          0.01148
Trial Time:          0.01110
Trial Time:          0.01105
Trial Time:          0.01111
Trial Time:          0.01109
Trial Time:          0.01113
Trial Time:          0.01116
Trial Time:          0.01112
Trial Time:          0.01110
Average Time:        0.01127
