Read Time:           0.91661
Build Time:          0.04056
Graph has 685231 nodes and 7600595 directed edges for degree: 11
Trial Time:          0.03466
Trial Time:          0.03294
Trial Time:          0.03293
Trial Time:          0.03300
Trial Time:          0.03302
Trial Time:          0.03297
Trial Time:          0.03297
Trial Time:          0.03300
Trial Time:          0.03305
Trial Time:          0.03293
Trial Time:          0.03295
Trial Time:          0.03301
Trial Time:          0.03299
Trial Time:          0.03305
Trial Time:          0.03295
Trial Time:          0.03291
Average Time:        0.03308
