Read Time:           1.92651
Build Time:          0.12600
Graph has 2599558 nodes and 8861320 directed edges for degree: 3
Trial Time:          0.02693
Trial Time:          0.02634
Trial Time:          0.02367
Trial Time:          0.02668
Trial Time:          0.02649
Trial Time:          0.02370
Trial Time:          0.02406
Trial Time:          0.02646
Trial Time:          0.02666
Trial Time:          0.02696
Trial Time:          0.02643
Trial Time:          0.02659
Trial Time:          0.02737
Trial Time:          0.02639
Trial Time:          0.02416
Trial Time:          0.02705
Average Time:        0.02600
