Read Time:           1.94399
Build Time:          0.94046
Graph has 2599558 nodes and 8861320 directed edges for degree: 3
Trial Time:          0.09892
Trial Time:          0.11896
Trial Time:          0.08587
Trial Time:          0.07060
Trial Time:          0.06761
Trial Time:          0.06423
Trial Time:          0.06418
Trial Time:          0.06451
Trial Time:          0.06518
Trial Time:          0.06395
Trial Time:          0.06257
Trial Time:          0.06412
Trial Time:          0.06398
Trial Time:          0.06382
Trial Time:          0.06358
Trial Time:          0.06322
Average Time:        0.07158
