Read Time:           0.29050
Build Time:          0.02066
Graph has 281904 nodes and 2312497 directed edges for degree: 8
Trial Time:          0.02419
Trial Time:          0.02057
Trial Time:          0.01953
Trial Time:          0.02015
Trial Time:          0.01987
Trial Time:          0.01965
Trial Time:          0.01961
Trial Time:          0.01971
Trial Time:          0.01968
Trial Time:          0.01963
Trial Time:          0.01972
Trial Time:          0.01965
Trial Time:          0.01964
Trial Time:          0.01913
Trial Time:          0.01952
Trial Time:          0.01957
Average Time:        0.01999
