Read Time:           0.22949
Build Time:          2.06071
Graph has 124736033 nodes and 1442970 directed edges for degree: 0
Trial Time:          1.11042
Trial Time:          1.10785
Trial Time:          1.10568
Trial Time:          1.10640
Trial Time:          1.10578
Trial Time:          1.10545
Trial Time:          1.10599
Trial Time:          1.10630
Trial Time:          1.10650
Trial Time:          1.10484
Trial Time:          1.10571
Trial Time:          1.10624
Trial Time:          1.10571
Trial Time:          1.10462
Trial Time:          1.10481
Trial Time:          1.10570
Average Time:        1.10612
