Read Time:           0.88910
Build Time:          0.03592
Graph has 685231 nodes and 7600595 directed edges for degree: 11
Trial Time:          0.02980
Trial Time:          0.03241
Trial Time:          0.02923
Trial Time:          0.02914
Trial Time:          0.02915
Trial Time:          0.02909
Trial Time:          0.02915
Trial Time:          0.02901
Trial Time:          0.02914
Trial Time:          0.02902
Trial Time:          0.02916
Trial Time:          0.02923
Trial Time:          0.02915
Trial Time:          0.02906
Trial Time:          0.02913
Trial Time:          0.02902
Average Time:        0.02937
