Read Time:           0.09263
Build Time:          0.01859
Graph has 4036179 nodes and 530872 directed edges for degree: 0
Trial Time:          0.00976
Trial Time:          0.00780
Trial Time:          0.00787
Trial Time:          0.00767
Trial Time:          0.00765
Trial Time:          0.00784
Trial Time:          0.00786
Trial Time:          0.00775
Trial Time:          0.00779
Trial Time:          0.00758
Trial Time:          0.00779
Trial Time:          0.00783
Trial Time:          0.00773
Trial Time:          0.00780
Trial Time:          0.00780
Trial Time:          0.00782
Average Time:        0.00790
