Read Time:           0.67505
Build Time:          0.04556
Graph has 916428 nodes and 5105039 directed edges for degree: 5
Trial Time:          0.04616
Trial Time:          0.04319
Trial Time:          0.04313
Trial Time:          0.04275
Trial Time:          0.04281
Trial Time:          0.04317
Trial Time:          0.04662
Trial Time:          0.04313
Trial Time:          0.04289
Trial Time:          0.04286
Trial Time:          0.04279
Trial Time:          0.04286
Trial Time:          0.04279
Trial Time:          0.04282
Trial Time:          0.04252
Trial Time:          0.04239
Average Time:        0.04330
