Read Time:           0.90088
Build Time:          0.03822
Graph has 685231 nodes and 7600595 directed edges for degree: 11
Trial Time:          0.03802
Trial Time:          0.03658
Trial Time:          0.03635
Trial Time:          0.03715
Trial Time:          0.03604
Trial Time:          0.03627
Trial Time:          0.03589
Trial Time:          0.03622
Trial Time:          0.03617
Trial Time:          0.03647
Trial Time:          0.03651
Trial Time:          0.03615
Trial Time:          0.03640
Trial Time:          0.03584
Trial Time:          0.04021
Trial Time:          0.03591
Average Time:        0.03664
