Read Time:           0.23068
Build Time:          0.16926
Graph has 124736033 nodes and 1442970 directed edges for degree: 0
Trial Time:          0.38684
Trial Time:          0.39080
Trial Time:          0.39476
Trial Time:          0.39605
Trial Time:          0.39326
Trial Time:          0.39066
Trial Time:          0.38973
Trial Time:          0.39290
Trial Time:          0.39027
Trial Time:          0.38999
Trial Time:          0.38714
Trial Time:          0.38833
Trial Time:          0.39532
Trial Time:          0.39466
Trial Time:          0.38710
Trial Time:          0.38543
Average Time:        0.39083
