Read Time:           0.28816
Build Time:          0.10367
Graph has 281904 nodes and 2312497 directed edges for degree: 8
Trial Time:          0.17818
Trial Time:          0.17774
Trial Time:          0.17770
Trial Time:          0.17761
Trial Time:          0.17756
Trial Time:          0.17772
Trial Time:          0.17759
Trial Time:          0.17766
Trial Time:          0.17770
Trial Time:          0.17756
Trial Time:          0.17769
Trial Time:          0.18014
Trial Time:          0.17780
Trial Time:          0.17780
Trial Time:          0.17782
Trial Time:          0.17825
Average Time:        0.17791
