Read Time:           0.22462
Build Time:          2.06481
Graph has 124736033 nodes and 1442970 directed edges for degree: 0
Trial Time:          1.11018
Trial Time:          1.10672
Trial Time:          1.10527
Trial Time:          1.10712
Trial Time:          1.10525
Trial Time:          1.10609
Trial Time:          1.10615
Trial Time:          1.10549
Trial Time:          1.10424
Trial Time:          1.10542
Trial Time:          1.10599
Trial Time:          1.10437
Trial Time:          1.10534
Trial Time:          1.10440
Trial Time:          1.10592
Trial Time:          1.10425
Average Time:        1.10576
