Read Time:           0.09798
Build Time:          0.02204
Graph has 4036179 nodes and 530872 directed edges for degree: 0
Trial Time:          0.01339
Trial Time:          0.01298
Trial Time:          0.01301
Trial Time:          0.01312
Trial Time:          0.01311
Trial Time:          0.01316
Trial Time:          0.01322
Trial Time:          0.01324
Trial Time:          0.01325
Trial Time:          0.01327
Trial Time:          0.01326
Trial Time:          0.01327
Trial Time:          0.01327
Trial Time:          0.01329
Trial Time:          0.01328
Trial Time:          0.01330
Average Time:        0.01321
