Read Time:           0.64301
Build Time:          0.02911
Graph has 916428 nodes and 5105039 directed edges for degree: 5
Trial Time:          0.02944
Trial Time:          0.02830
Trial Time:          0.02861
Trial Time:          0.02929
Trial Time:          0.02853
Trial Time:          0.02856
Trial Time:          0.02841
Trial Time:          0.02878
Trial Time:          0.02904
Trial Time:          0.02903
Trial Time:          0.03488
Trial Time:          0.02860
Trial Time:          0.02837
Trial Time:          0.02833
Trial Time:          0.02839
Trial Time:          0.02785
Average Time:        0.02903
