Read Time:           0.90382
Build Time:          0.03566
Graph has 685231 nodes and 7600595 directed edges for degree: 11
Trial Time:          0.03858
Trial Time:          0.03690
Trial Time:          0.03672
Trial Time:          0.03630
Trial Time:          0.03683
Trial Time:          0.03690
Trial Time:          0.03710
Trial Time:          0.03687
Trial Time:          0.03729
Trial Time:          0.03753
Trial Time:          0.03681
Trial Time:          0.03710
Trial Time:          0.03747
Trial Time:          0.03709
Trial Time:          0.03973
Trial Time:          0.03718
Average Time:        0.03728
