Read Time:           0.17688
Build Time:          0.01539
Graph has 325729 nodes and 1469679 directed edges for degree: 4
Trial Time:          0.02058
Trial Time:          0.02021
Trial Time:          0.02023
Trial Time:          0.01952
Trial Time:          0.02022
Trial Time:          0.02024
Trial Time:          0.02024
Trial Time:          0.02023
Trial Time:          0.02026
Trial Time:          0.01956
Trial Time:          0.02024
Trial Time:          0.02024
Trial Time:          0.02021
Trial Time:          0.01956
Trial Time:          0.02024
Trial Time:          0.02023
Average Time:        0.02013
