Read Time:           0.08610
Build Time:          0.11720
Graph has 4036179 nodes and 530872 directed edges for degree: 0
Trial Time:          0.06317
Trial Time:          0.06205
Trial Time:          0.06214
Trial Time:          0.06198
Trial Time:          0.06220
Trial Time:          0.06198
Trial Time:          0.06214
Trial Time:          0.06206
Trial Time:          0.06193
Trial Time:          0.06195
Trial Time:          0.06196
Trial Time:          0.06194
Trial Time:          0.06193
Trial Time:          0.06199
Trial Time:          0.06187
Trial Time:          0.06196
Average Time:        0.06208
