Read Time:           0.22294
Build Time:          0.58547
Graph has 124736033 nodes and 1442970 directed edges for degree: 0
Trial Time:          0.63268
Trial Time:          0.56586
Trial Time:          0.54779
Trial Time:          0.56371
Trial Time:          0.57318
Trial Time:          0.62756
Trial Time:          0.63156
Trial Time:          0.58159
Trial Time:          0.58821
Trial Time:          0.53392
Trial Time:          0.55133
Trial Time:          0.52819
Trial Time:          0.55839
Trial Time:          0.54265
Trial Time:          0.53192
Trial Time:          0.53897
Average Time:        0.56859
