Read Time:           0.62587
Build Time:          0.06067
Graph has 916428 nodes and 5105039 directed edges for degree: 5
Trial Time:          0.08144
Trial Time:          0.08100
Trial Time:          0.08079
Trial Time:          0.08127
Trial Time:          0.08005
Trial Time:          0.08047
Trial Time:          0.08102
Trial Time:          0.08076
Trial Time:          0.08044
Trial Time:          0.08060
Trial Time:          0.08159
Trial Time:          0.08084
Trial Time:          0.08106
Trial Time:          0.08138
Trial Time:          0.08075
Trial Time:          0.08038
Average Time:        0.08087
