Read Time:           0.18052
Build Time:          0.00667
Graph has 325729 nodes and 1469679 directed edges for degree: 4
Trial Time:          0.01068
Trial Time:          0.01055
Trial Time:          0.01043
Trial Time:          0.01041
Trial Time:          0.01041
Trial Time:          0.01042
Trial Time:          0.01041
Trial Time:          0.01043
Trial Time:          0.01043
Trial Time:          0.01044
Trial Time:          0.01042
Trial Time:          0.01040
Trial Time:          0.01041
Trial Time:          0.01043
Trial Time:          0.01054
Trial Time:          0.01043
Average Time:        0.01045
