Read Time:           0.18664
Build Time:          0.00853
Graph has 325729 nodes and 1469679 directed edges for degree: 4
Trial Time:          0.01770
Trial Time:          0.01596
Trial Time:          0.01623
Trial Time:          0.01557
Trial Time:          0.01561
Trial Time:          0.01551
Trial Time:          0.01559
Trial Time:          0.01556
Trial Time:          0.01596
Trial Time:          0.01559
Trial Time:          0.01578
Trial Time:          0.01584
Trial Time:          0.01555
Trial Time:          0.01601
Trial Time:          0.01555
Trial Time:          0.01586
Average Time:        0.01587
