Read Time:           0.90540
Build Time:          0.06074
Graph has 685231 nodes and 7600595 directed edges for degree: 11
Trial Time:          0.05453
Trial Time:          0.05408
Trial Time:          0.05399
Trial Time:          0.05409
Trial Time:          0.05456
Trial Time:          0.05407
Trial Time:          0.05405
Trial Time:          0.05394
Trial Time:          0.05410
Trial Time:          0.05401
Trial Time:          0.05409
Trial Time:          0.05428
Trial Time:          0.05415
Trial Time:          0.05424
Trial Time:          0.05415
Trial Time:          0.05412
Average Time:        0.05415
