Read Time:           0.08625
Build Time:          0.11743
Graph has 4036179 nodes and 530872 directed edges for degree: 0
Trial Time:          0.06222
Trial Time:          0.06111
Trial Time:          0.06083
Trial Time:          0.06091
Trial Time:          0.06073
Trial Time:          0.06066
Trial Time:          0.06081
Trial Time:          0.06075
Trial Time:          0.06070
Trial Time:          0.06085
Trial Time:          0.06069
Trial Time:          0.06083
Trial Time:          0.06075
Trial Time:          0.06069
Trial Time:          0.06068
Trial Time:          0.06097
Average Time:        0.06089
