Read Time:           0.92136
Build Time:          0.03995
Graph has 685231 nodes and 7600595 directed edges for degree: 11
Trial Time:          0.04089
Trial Time:          0.03620
Trial Time:          0.03619
Trial Time:          0.03639
Trial Time:          0.03623
Trial Time:          0.03620
Trial Time:          0.03620
Trial Time:          0.03626
Trial Time:          0.03615
Trial Time:          0.03608
Trial Time:          0.03617
Trial Time:          0.03618
Trial Time:          0.03604
Trial Time:          0.03632
Trial Time:          0.03620
Trial Time:          0.03606
Average Time:        0.03648
