Read Time:           0.62427
Build Time:          0.17007
Graph has 916428 nodes and 5105039 directed edges for degree: 5
Trial Time:          0.17544
Trial Time:          0.15754
Trial Time:          0.15252
Trial Time:          0.15283
Trial Time:          0.15249
Trial Time:          0.15127
Trial Time:          0.14738
Trial Time:          0.14614
Trial Time:          0.14600
Trial Time:          0.14630
Trial Time:          0.14601
Trial Time:          0.14637
Trial Time:          0.14611
Trial Time:          0.14610
Trial Time:          0.14748
Trial Time:          0.14612
Average Time:        0.15038
