Read Time:           0.28404
Build Time:          0.10551
Graph has 281904 nodes and 2312497 directed edges for degree: 8
Trial Time:          0.20310
Trial Time:          0.20269
Trial Time:          0.17884
Trial Time:          0.17680
Trial Time:          0.17626
Trial Time:          0.17603
Trial Time:          0.17611
Trial Time:          0.17614
Trial Time:          0.17614
Trial Time:          0.17643
Trial Time:          0.17610
Trial Time:          0.17597
Trial Time:          0.17630
Trial Time:          0.17617
Trial Time:          0.17632
Trial Time:          0.17613
Average Time:        0.17972
