Read Time:           0.93673
Build Time:          0.03889
Graph has 685231 nodes and 7600595 directed edges for degree: 11
Trial Time:          0.03772
Trial Time:          0.03654
Trial Time:          0.03617
Trial Time:          0.03624
Trial Time:          0.03658
Trial Time:          0.03646
Trial Time:          0.04062
Trial Time:          0.03607
Trial Time:          0.03629
Trial Time:          0.03610
Trial Time:          0.03614
Trial Time:          0.03558
Trial Time:          0.03626
Trial Time:          0.03651
Trial Time:          0.03590
Trial Time:          0.03575
Average Time:        0.03656
