Read Time:           0.91707
Build Time:          0.03401
Graph has 685231 nodes and 7600595 directed edges for degree: 11
Trial Time:          0.03586
Trial Time:          0.02945
Trial Time:          0.02952
Trial Time:          0.02946
Trial Time:          0.02944
Trial Time:          0.02935
Trial Time:          0.02939
Trial Time:          0.02941
Trial Time:          0.02937
Trial Time:          0.02939
Trial Time:          0.02951
Trial Time:          0.02934
Trial Time:          0.02938
Trial Time:          0.02898
Trial Time:          0.02890
Trial Time:          0.02891
Average Time:        0.02973
