Read Time:           1.95485
Build Time:          0.12842
Graph has 2599558 nodes and 8861320 directed edges for degree: 3
Trial Time:          0.02539
Trial Time:          0.02526
Trial Time:          0.02779
Trial Time:          0.02755
Trial Time:          0.02801
Trial Time:          0.02753
Trial Time:          0.02823
Trial Time:          0.02746
Trial Time:          0.02741
Trial Time:          0.02713
Trial Time:          0.02812
Trial Time:          0.02817
Trial Time:          0.02752
Trial Time:          0.02816
Trial Time:          0.02710
Trial Time:          0.02753
Average Time:        0.02740
