Read Time:           1.93928
Build Time:          0.14731
Graph has 2599558 nodes and 8861320 directed edges for degree: 3
Trial Time:          0.02454
Trial Time:          0.02415
Trial Time:          0.02404
Trial Time:          0.02428
Trial Time:          0.02434
Trial Time:          0.02415
Trial Time:          0.02413
Trial Time:          0.02398
Trial Time:          0.02396
Trial Time:          0.02389
Trial Time:          0.02369
Trial Time:          0.02437
Trial Time:          0.02401
Trial Time:          0.02405
Trial Time:          0.02447
Trial Time:          0.02391
Average Time:        0.02412
