Read Time:           0.10056
Build Time:          0.02581
Graph has 4036179 nodes and 530872 directed edges for degree: 0
Trial Time:          0.01117
Trial Time:          0.00926
Trial Time:          0.00917
Trial Time:          0.00916
Trial Time:          0.00908
Trial Time:          0.00926
Trial Time:          0.00916
Trial Time:          0.00915
Trial Time:          0.00915
Trial Time:          0.00901
Trial Time:          0.00898
Trial Time:          0.00909
Trial Time:          0.00919
Trial Time:          0.00902
Trial Time:          0.00929
Trial Time:          0.00914
Average Time:        0.00927
