Read Time:           0.90307
Build Time:          0.07246
Graph has 685231 nodes and 7600595 directed edges for degree: 11
Trial Time:          0.09568
Trial Time:          0.09361
Trial Time:          0.09342
Trial Time:          0.09240
Trial Time:          0.09241
Trial Time:          0.09214
Trial Time:          0.08915
Trial Time:          0.08912
Trial Time:          0.08895
Trial Time:          0.08915
Trial Time:          0.08916
Trial Time:          0.08923
Trial Time:          0.08913
Trial Time:          0.08690
Trial Time:          0.08937
Trial Time:          0.08895
Average Time:        0.09055
