Read Time:           0.90410
Build Time:          0.03916
Graph has 685231 nodes and 7600595 directed edges for degree: 11
Trial Time:          0.03845
Trial Time:          0.03477
Trial Time:          0.03476
Trial Time:          0.03488
Trial Time:          0.03473
Trial Time:          0.03452
Trial Time:          0.03457
Trial Time:          0.03494
Trial Time:          0.03451
Trial Time:          0.03488
Trial Time:          0.03433
Trial Time:          0.03408
Trial Time:          0.03363
Trial Time:          0.03384
Trial Time:          0.03413
Trial Time:          0.03383
Average Time:        0.03468
