Read Time:           0.09308
Build Time:          0.01840
Graph has 4036179 nodes and 530872 directed edges for degree: 0
Trial Time:          0.00960
Trial Time:          0.00820
Trial Time:          0.00804
Trial Time:          0.00791
Trial Time:          0.00800
Trial Time:          0.00776
Trial Time:          0.00789
Trial Time:          0.00787
Trial Time:          0.00777
Trial Time:          0.00778
Trial Time:          0.00775
Trial Time:          0.00789
Trial Time:          0.00788
Trial Time:          0.00779
Trial Time:          0.00793
Trial Time:          0.00782
Average Time:        0.00799
