Read Time:           0.28669
Build Time:          0.03533
Graph has 281904 nodes and 2312497 directed edges for degree: 8
Trial Time:          0.03568
Trial Time:          0.03305
Trial Time:          0.03286
Trial Time:          0.03281
Trial Time:          0.03269
Trial Time:          0.03234
Trial Time:          0.03264
Trial Time:          0.03214
Trial Time:          0.03237
Trial Time:          0.03220
Trial Time:          0.03242
Trial Time:          0.03230
Trial Time:          0.03210
Trial Time:          0.03211
Trial Time:          0.03232
Trial Time:          0.03241
Average Time:        0.03265
