Read Time:           0.09022
Build Time:          0.02326
Graph has 4036179 nodes and 530872 directed edges for degree: 0
Trial Time:          0.01226
Trial Time:          0.01134
Trial Time:          0.01136
Trial Time:          0.01143
Trial Time:          0.01133
Trial Time:          0.01136
Trial Time:          0.01111
Trial Time:          0.01144
Trial Time:          0.01131
Trial Time:          0.01113
Trial Time:          0.01117
Trial Time:          0.01132
Trial Time:          0.01122
Trial Time:          0.01119
Trial Time:          0.01116
Trial Time:          0.01116
Average Time:        0.01133
