Read Time:           0.90091
Build Time:          0.03951
Graph has 685231 nodes and 7600595 directed edges for degree: 11
Trial Time:          0.03515
Trial Time:          0.04112
Trial Time:          0.03480
Trial Time:          0.03486
Trial Time:          0.03511
Trial Time:          0.03451
Trial Time:          0.03485
Trial Time:          0.03515
Trial Time:          0.03488
Trial Time:          0.03500
Trial Time:          0.03484
Trial Time:          0.03498
Trial Time:          0.03477
Trial Time:          0.03459
Trial Time:          0.03445
Trial Time:          0.03456
Average Time:        0.03523
