Read Time:           0.29396
Build Time:          0.03067
Graph has 281904 nodes and 2312497 directed edges for degree: 8
Trial Time:          0.04174
Trial Time:          0.04083
Trial Time:          0.04141
Trial Time:          0.04148
Trial Time:          0.04140
Trial Time:          0.04087
Trial Time:          0.04084
Trial Time:          0.04179
Trial Time:          0.04107
Trial Time:          0.04092
Trial Time:          0.04159
Trial Time:          0.04180
Trial Time:          0.04058
Trial Time:          0.04108
Trial Time:          0.04127
Trial Time:          0.04110
Average Time:        0.04124
