Read Time:           0.90716
Build Time:          0.12577
Graph has 685231 nodes and 7600595 directed edges for degree: 11
Trial Time:          0.10677
Trial Time:          0.10952
Trial Time:          0.10963
Trial Time:          0.10973
Trial Time:          0.10977
Trial Time:          0.10942
Trial Time:          0.10949
Trial Time:          0.10962
Trial Time:          0.10933
Trial Time:          0.10949
Trial Time:          0.10947
Trial Time:          0.10938
Trial Time:          0.10939
Trial Time:          0.10668
Trial Time:          0.10627
Trial Time:          0.10927
Average Time:        0.10895
