Read Time:           0.28477
Build Time:          0.02069
Graph has 281904 nodes and 2312497 directed edges for degree: 8
Trial Time:          0.02347
Trial Time:          0.02034
Trial Time:          0.01977
Trial Time:          0.01987
Trial Time:          0.01990
Trial Time:          0.01985
Trial Time:          0.02043
Trial Time:          0.02044
Trial Time:          0.02038
Trial Time:          0.02033
Trial Time:          0.02027
Trial Time:          0.02036
Trial Time:          0.02045
Trial Time:          0.02051
Trial Time:          0.02057
Trial Time:          0.01999
Average Time:        0.02043
