Read Time:           0.91211
Build Time:          0.04039
Graph has 685231 nodes and 7600595 directed edges for degree: 11
Trial Time:          0.04176
Trial Time:          0.03451
Trial Time:          0.03459
Trial Time:          0.03448
Trial Time:          0.03457
Trial Time:          0.03427
Trial Time:          0.03428
Trial Time:          0.03456
Trial Time:          0.03414
Trial Time:          0.03451
Trial Time:          0.03447
Trial Time:          0.03456
Trial Time:          0.03451
Trial Time:          0.03428
Trial Time:          0.03464
Trial Time:          0.03459
Average Time:        0.03492
