Read Time:           0.19021
Build Time:          0.01227
Graph has 325729 nodes and 1469679 directed edges for degree: 4
Trial Time:          0.01704
Trial Time:          0.01694
Trial Time:          0.01692
Trial Time:          0.01690
Trial Time:          0.01684
Trial Time:          0.01689
Trial Time:          0.01683
Trial Time:          0.01682
Trial Time:          0.01681
Trial Time:          0.01681
Trial Time:          0.01690
Trial Time:          0.01690
Trial Time:          0.01685
Trial Time:          0.01687
Trial Time:          0.01691
Trial Time:          0.01693
Average Time:        0.01689
