Read Time:           0.09220
Build Time:          0.02050
Graph has 4036179 nodes and 530872 directed edges for degree: 0
Trial Time:          0.01109
Trial Time:          0.00944
Trial Time:          0.00935
Trial Time:          0.00919
Trial Time:          0.00974
Trial Time:          0.00943
Trial Time:          0.00932
Trial Time:          0.00917
Trial Time:          0.00950
Trial Time:          0.00972
Trial Time:          0.00917
Trial Time:          0.00922
Trial Time:          0.00914
Trial Time:          0.01006
Trial Time:          0.00913
Trial Time:          0.00928
Average Time:        0.00950
