Read Time:           0.62893
Build Time:          0.12933
Graph has 916428 nodes and 5105039 directed edges for degree: 5
Trial Time:          0.21590
Trial Time:          0.21357
Trial Time:          0.21349
Trial Time:          0.21328
Trial Time:          0.21359
Trial Time:          0.21428
Trial Time:          0.21453
Trial Time:          0.21310
Trial Time:          0.21365
Trial Time:          0.21321
Trial Time:          0.21482
Trial Time:          0.21287
Trial Time:          0.21335
Trial Time:          0.21340
Trial Time:          0.21353
Trial Time:          0.21394
Average Time:        0.21378
