Read Time:           0.90304
Build Time:          0.04610
Graph has 685231 nodes and 7600595 directed edges for degree: 11
Trial Time:          0.04240
Trial Time:          0.03799
Trial Time:          0.03796
Trial Time:          0.03823
Trial Time:          0.03815
Trial Time:          0.03774
Trial Time:          0.03774
Trial Time:          0.03782
Trial Time:          0.03783
Trial Time:          0.03736
Trial Time:          0.03728
Trial Time:          0.03726
Trial Time:          0.03730
Trial Time:          0.03740
Trial Time:          0.03722
Trial Time:          0.03739
Average Time:        0.03794
