Read Time:           0.09292
Build Time:          0.01871
Graph has 4036179 nodes and 530872 directed edges for degree: 0
Trial Time:          0.00921
Trial Time:          0.00797
Trial Time:          0.00779
Trial Time:          0.00746
Trial Time:          0.00761
Trial Time:          0.00788
Trial Time:          0.00754
Trial Time:          0.00745
Trial Time:          0.00757
Trial Time:          0.00758
Trial Time:          0.00773
Trial Time:          0.00751
Trial Time:          0.00769
Trial Time:          0.00748
Trial Time:          0.00741
Trial Time:          0.00748
Average Time:        0.00771
