Read Time:           0.19505
Build Time:          0.00653
Graph has 325729 nodes and 1469679 directed edges for degree: 4
Trial Time:          0.01211
Trial Time:          0.01148
Trial Time:          0.01130
Trial Time:          0.01175
Trial Time:          0.01132
Trial Time:          0.01143
Trial Time:          0.01136
Trial Time:          0.01151
Trial Time:          0.01179
Trial Time:          0.01133
Trial Time:          0.01182
Trial Time:          0.01140
Trial Time:          0.01142
Trial Time:          0.01144
Trial Time:          0.01178
Trial Time:          0.01149
Average Time:        0.01155
