Read Time:           1.91777
Build Time:          0.13114
Graph has 2599558 nodes and 8861320 directed edges for degree: 3
Trial Time:          0.02402
Trial Time:          0.02714
Trial Time:          0.02776
Trial Time:          0.02712
Trial Time:          0.02422
Trial Time:          0.02670
Trial Time:          0.02703
Trial Time:          0.02694
Trial Time:          0.02709
Trial Time:          0.02696
Trial Time:          0.02701
Trial Time:          0.02696
Trial Time:          0.02695
Trial Time:          0.02601
Trial Time:          0.02631
Trial Time:          0.02669
Average Time:        0.02656
