Read Time:           1.95118
Build Time:          0.13398
Graph has 2599558 nodes and 8861320 directed edges for degree: 3
Trial Time:          0.02084
Trial Time:          0.02042
Trial Time:          0.02031
Trial Time:          0.02040
Trial Time:          0.02040
Trial Time:          0.02026
Trial Time:          0.02024
Trial Time:          0.02024
Trial Time:          0.02026
Trial Time:          0.02019
Trial Time:          0.02013
Trial Time:          0.02033
Trial Time:          0.02023
Trial Time:          0.02024
Trial Time:          0.02006
Trial Time:          0.02008
Average Time:        0.02029
